[LOG_CAT_ML] You must specify a valid HCA device by setting:
-x HCOLL_MAIN_IB=<dev_name:port> or -x UCX_NET_DEVICES=<dev_name:port>.
If no device was specified for HCOLL (or the calling library), automatic device detection will be run.
In case of unfounded HCA device please contact your system administrator.
[LOG_CAT_ML] You must specify a valid HCA device by setting:
-x HCOLL_MAIN_IB=<dev_name:port> or -x UCX_NET_DEVICES=<dev_name:port>.
If no device was specified for HCOLL (or the calling library), automatic device detection will be run.
In case of unfounded HCA device please contact your system administrator.
[ip-192-168-2-239:40592] Error: ../../../../../ompi/mca/coll/hcoll/coll_hcoll_module.c:310 - mca_coll_hcoll_comm_query() Hcol library init failed
[LOG_CAT_ML] You must specify a valid HCA device by setting:
-x HCOLL_MAIN_IB=<dev_name:port> or -x UCX_NET_DEVICES=<dev_name:port>.
If no device was specified for HCOLL (or the calling library), automatic device detection will be run.
In case of unfounded HCA device please contact your system administrator.
[ip-192-168-2-239:40585] Error: ../../../../../ompi/mca/coll/hcoll/coll_hcoll_module.c:310 - mca_coll_hcoll_comm_query() Hcol library init failed
[LOG_CAT_ML] You must specify a valid HCA device by setting:
-x HCOLL_MAIN_IB=<dev_name:port> or -x UCX_NET_DEVICES=<dev_name:port>.
If no device was specified for HCOLL (or the calling library), automatic device detection will be run.
In case of unfounded HCA device please contact your system administrator.
[ip-192-168-2-239:40589] Error: ../../../../../ompi/mca/coll/hcoll/coll_hcoll_module.c:310 - mca_coll_hcoll_comm_query() Hcol library init failed
[LOG_CAT_ML] You must specify a valid HCA device by setting:
-x HCOLL_MAIN_IB=<dev_name:port> or -x UCX_NET_DEVICES=<dev_name:port>.
If no device was specified for HCOLL (or the calling library), automatic device detection will be run.
In case of unfounded HCA device please contact your system administrator.
[ip-192-168-2-239:40588] Error: ../../../../../ompi/mca/coll/hcoll/coll_hcoll_module.c:310 - mca_coll_hcoll_comm_query() Hcol library init failed
[LOG_CAT_ML] You must specify a valid HCA device by setting:
-x HCOLL_MAIN_IB=<dev_name:port> or -x UCX_NET_DEVICES=<dev_name:port>.
If no device was specified for HCOLL (or the calling library), automatic device detection will be run.
In case of unfounded HCA device please contact your system administrator.
[ip-192-168-2-239:40590] Error: ../../../../../ompi/mca/coll/hcoll/coll_hcoll_module.c:310 - mca_coll_hcoll_comm_query() Hcol library init failed
[LOG_CAT_ML] You must specify a valid HCA device by setting:
-x HCOLL_MAIN_IB=<dev_name:port> or -x UCX_NET_DEVICES=<dev_name:port>.
If no device was specified for HCOLL (or the calling library), automatic device detection will be run.
In case of unfounded HCA device please contact your system administrator.
[ip-192-168-2-239:40586] Error: ../../../../../ompi/mca/coll/hcoll/coll_hcoll_module.c:310 - mca_coll_hcoll_comm_query() Hcol library init failed
[LOG_CAT_ML] You must specify a valid HCA device by setting:
-x HCOLL_MAIN_IB=<dev_name:port> or -x UCX_NET_DEVICES=<dev_name:port>.
If no device was specified for HCOLL (or the calling library), automatic device detection will be run.
In case of unfounded HCA device please contact your system administrator.
[ip-192-168-2-239:40587] Error: ../../../../../ompi/mca/coll/hcoll/coll_hcoll_module.c:310 - mca_coll_hcoll_comm_query() Hcol library init failed
[ip-192-168-2-239:40591] Error: ../../../../../ompi/mca/coll/hcoll/coll_hcoll_module.c:310 - mca_coll_hcoll_comm_query() Hcol library init failed
Warning: ieee_invalid is signaling
Warning: ieee_divide_by_zero is signaling
Warning: ieee_underflow is signaling
Warning: ieee_inexact is signaling
FORTRAN STOP
Warning: ieee_invalid is signaling
Warning: ieee_divide_by_zero is signaling
Warning: ieee_underflow is signaling
Warning: ieee_inexact is signaling
FORTRAN STOP
Warning: ieee_invalid is signaling
Warning: ieee_divide_by_zero is signaling
Warning: ieee_underflow is signaling
Warning: ieee_inexact is signaling
FORTRAN STOP
Warning: ieee_invalid is signaling
Warning: ieee_divide_by_zero is signaling
Warning: ieee_underflow is signaling
Warning: ieee_inexact is signaling
FORTRAN STOP
Warning: ieee_invalid is signaling
Warning: ieee_divide_by_zero is signaling
Warning: ieee_underflow is signaling
Warning: ieee_inexact is signaling
FORTRAN STOP
Warning: ieee_invalid is signaling
Warning: ieee_divide_by_zero is signaling
Warning: ieee_underflow is signaling
Warning: ieee_inexact is signaling
FORTRAN STOP
Warning: ieee_invalid is signaling
Warning: ieee_divide_by_zero is signaling
Warning: ieee_underflow is signaling
Warning: ieee_inexact is signaling
FORTRAN STOP
Warning: ieee_invalid is signaling
Warning: ieee_divide_by_zero is signaling
Warning: ieee_underflow is signaling
Warning: ieee_inexact is signaling
FORTRAN STOP
