nohup: ignoring input
2026/02/13 01:15:36.646, 0, 0, 0, 0, 40960, 54.57, 37
2026/02/13 01:15:36.659, 1, 0, 0, 0, 40960, 53.03, 33
2026/02/13 01:15:36.666, 2, 0, 0, 0, 40960, 52.77, 33
2026/02/13 01:15:36.674, 3, 0, 0, 0, 40960, 52.06, 32
2026/02/13 01:15:36.681, 4, 0, 0, 0, 40960, 52.73, 32
2026/02/13 01:15:36.688, 5, 0, 0, 0, 40960, 52.72, 32
2026/02/13 01:15:36.697, 6, 0, 0, 0, 40960, 55.56, 34
2026/02/13 01:15:36.704, 7, 0, 0, 0, 40960, 52.00, 32
2026/02/13 01:15:37.711, 0, 0, 0, 0, 40960, 54.57, 37
2026/02/13 01:15:37.717, 1, 0, 0, 0, 40960, 53.03, 33
2026/02/13 01:15:37.724, 2, 0, 0, 0, 40960, 52.77, 33
2026/02/13 01:15:37.730, 3, 0, 0, 0, 40960, 52.06, 32
2026/02/13 01:15:37.737, 4, 0, 0, 0, 40960, 52.73, 32
2026/02/13 01:15:37.745, 5, 0, 0, 0, 40960, 52.72, 32
2026/02/13 01:15:37.750, 6, 0, 0, 0, 40960, 55.56, 34
2026/02/13 01:15:37.757, 7, 0, 0, 0, 40960, 52.00, 32
2026/02/13 01:15:38.765, 0, 0, 0, 0, 40960, 54.57, 37
2026/02/13 01:15:38.770, 1, 0, 0, 0, 40960, 53.03, 33
2026/02/13 01:15:38.779, 2, 0, 0, 0, 40960, 52.77, 33
2026/02/13 01:15:38.784, 3, 0, 0, 0, 40960, 52.06, 32
2026/02/13 01:15:38.792, 4, 0, 0, 0, 40960, 52.73, 32
2026/02/13 01:15:38.797, 5, 0, 0, 0, 40960, 52.72, 32
2026/02/13 01:15:38.802, 6, 0, 0, 0, 40960, 55.56, 34
2026/02/13 01:15:38.810, 7, 0, 0, 0, 40960, 52.00, 32
2026/02/13 01:15:39.815, 0, 0, 0, 0, 40960, 54.57, 37
2026/02/13 01:15:39.820, 1, 0, 0, 0, 40960, 53.03, 33
2026/02/13 01:15:39.826, 2, 0, 0, 0, 40960, 52.77, 33
2026/02/13 01:15:39.831, 3, 0, 0, 0, 40960, 52.06, 32
2026/02/13 01:15:39.839, 4, 0, 0, 0, 40960, 52.73, 32
2026/02/13 01:15:39.844, 5, 0, 0, 0, 40960, 52.72, 32
2026/02/13 01:15:39.852, 6, 0, 0, 0, 40960, 55.56, 34
2026/02/13 01:15:39.860, 7, 0, 0, 0, 40960, 52.00, 32
2026/02/13 01:15:40.865, 0, 0, 0, 0, 40960, 54.57, 37
2026/02/13 01:15:40.870, 1, 0, 0, 0, 40960, 53.03, 33
2026/02/13 01:15:40.878, 2, 0, 0, 0, 40960, 52.77, 33
2026/02/13 01:15:40.883, 3, 0, 0, 0, 40960, 52.06, 32
2026/02/13 01:15:40.891, 4, 0, 0, 0, 40960, 52.73, 33
2026/02/13 01:15:40.898, 5, 0, 0, 0, 40960, 52.66, 32
2026/02/13 01:15:40.903, 6, 0, 0, 0, 40960, 55.56, 34
2026/02/13 01:15:40.911, 7, 0, 0, 0, 40960, 52.00, 32
2026/02/13 01:15:41.916, 0, 0, 0, 0, 40960, 54.57, 37
2026/02/13 01:15:41.921, 1, 0, 0, 0, 40960, 53.03, 33
2026/02/13 01:15:41.929, 2, 0, 0, 0, 40960, 52.77, 33
2026/02/13 01:15:41.936, 3, 0, 0, 0, 40960, 52.06, 32
2026/02/13 01:15:41.941, 4, 0, 0, 0, 40960, 52.73, 33
2026/02/13 01:15:41.947, 5, 0, 0, 0, 40960, 52.66, 32
2026/02/13 01:15:41.952, 6, 0, 0, 0, 40960, 55.56, 34
2026/02/13 01:15:41.957, 7, 0, 0, 0, 40960, 52.00, 32
2026/02/13 01:15:42.963, 0, 0, 0, 0, 40960, 54.57, 37
2026/02/13 01:15:42.968, 1, 0, 0, 0, 40960, 53.03, 33
2026/02/13 01:15:42.975, 2, 0, 0, 0, 40960, 52.77, 33
2026/02/13 01:15:42.980, 3, 0, 0, 0, 40960, 52.06, 32
2026/02/13 01:15:42.988, 4, 0, 0, 0, 40960, 52.73, 33
2026/02/13 01:15:42.994, 5, 0, 0, 0, 40960, 52.66, 32
2026/02/13 01:15:42.999, 6, 0, 0, 0, 40960, 55.56, 34
2026/02/13 01:15:43.007, 7, 0, 0, 0, 40960, 52.00, 32
2026/02/13 01:15:44.013, 0, 0, 0, 0, 40960, 54.57, 37
2026/02/13 01:15:44.018, 1, 0, 0, 0, 40960, 53.03, 33
2026/02/13 01:15:44.025, 2, 0, 0, 0, 40960, 52.77, 33
2026/02/13 01:15:44.033, 3, 0, 0, 0, 40960, 52.06, 32
2026/02/13 01:15:44.040, 4, 0, 0, 0, 40960, 52.73, 33
2026/02/13 01:15:44.045, 5, 0, 0, 0, 40960, 52.66, 32
2026/02/13 01:15:44.051, 6, 0, 0, 0, 40960, 55.56, 34
2026/02/13 01:15:44.058, 7, 0, 0, 0, 40960, 52.00, 32
2026/02/13 01:15:45.065, 0, 0, 0, 0, 40960, 54.87, 37
2026/02/13 01:15:45.070, 1, 0, 0, 0, 40960, 53.34, 33
2026/02/13 01:15:45.078, 2, 0, 0, 0, 40960, 52.77, 33
2026/02/13 01:15:45.083, 3, 0, 0, 0, 40960, 52.06, 32
2026/02/13 01:15:45.092, 4, 0, 0, 0, 40960, 52.73, 33
2026/02/13 01:15:45.097, 5, 0, 0, 0, 40960, 52.72, 32
2026/02/13 01:15:45.103, 6, 0, 0, 0, 40960, 55.56, 34
2026/02/13 01:15:45.110, 7, 0, 0, 0, 40960, 52.00, 32
2026/02/13 01:15:46.116, 0, 0, 0, 0, 40960, 54.57, 37
2026/02/13 01:15:46.121, 1, 0, 0, 0, 40960, 53.03, 33
2026/02/13 01:15:46.130, 2, 0, 0, 0, 40960, 52.77, 33
2026/02/13 01:15:46.136, 3, 0, 0, 0, 40960, 52.06, 32
2026/02/13 01:15:46.144, 4, 0, 0, 0, 40960, 52.73, 33
2026/02/13 01:15:46.149, 5, 0, 0, 0, 40960, 52.66, 32
2026/02/13 01:15:46.156, 6, 0, 0, 0, 40960, 55.56, 34
2026/02/13 01:15:46.164, 7, 0, 0, 0, 40960, 52.00, 32
2026/02/13 01:15:47.169, 0, 0, 0, 0, 40960, 54.57, 37
2026/02/13 01:15:47.175, 1, 0, 0, 0, 40960, 53.03, 33
2026/02/13 01:15:47.182, 2, 0, 0, 0, 40960, 52.77, 33
2026/02/13 01:15:47.187, 3, 0, 0, 0, 40960, 52.06, 32
2026/02/13 01:15:47.193, 4, 0, 0, 0, 40960, 52.73, 33
2026/02/13 01:15:47.198, 5, 0, 0, 0, 40960, 52.72, 32
2026/02/13 01:15:47.204, 6, 0, 0, 0, 40960, 55.56, 34
2026/02/13 01:15:47.212, 7, 0, 0, 0, 40960, 52.29, 32
2026/02/13 01:15:48.217, 0, 0, 0, 0, 40960, 54.57, 37
2026/02/13 01:15:48.223, 1, 0, 0, 0, 40960, 53.03, 33
2026/02/13 01:15:48.231, 2, 0, 0, 0, 40960, 52.77, 33
2026/02/13 01:15:48.236, 3, 0, 0, 0, 40960, 52.06, 32
2026/02/13 01:15:48.243, 4, 0, 0, 0, 40960, 52.73, 33
2026/02/13 01:15:48.249, 5, 0, 0, 0, 40960, 52.66, 32
2026/02/13 01:15:48.254, 6, 0, 0, 0, 40960, 55.56, 34
2026/02/13 01:15:48.262, 7, 0, 0, 0, 40960, 52.00, 32
2026/02/13 01:15:49.268, 0, 0, 0, 0, 40960, 54.57, 37
2026/02/13 01:15:49.274, 1, 0, 0, 0, 40960, 53.03, 33
2026/02/13 01:15:49.282, 2, 0, 0, 0, 40960, 52.77, 33
2026/02/13 01:15:49.287, 3, 0, 0, 0, 40960, 52.06, 32
2026/02/13 01:15:49.293, 4, 0, 0, 0, 40960, 52.73, 33
2026/02/13 01:15:49.298, 5, 0, 0, 0, 40960, 52.72, 32
2026/02/13 01:15:49.303, 6, 0, 0, 0, 40960, 55.56, 34
2026/02/13 01:15:49.311, 7, 0, 0, 0, 40960, 52.00, 32
2026/02/13 01:15:50.319, 0, 0, 0, 0, 40960, 54.57, 37
2026/02/13 01:15:50.325, 1, 0, 0, 0, 40960, 53.03, 33
2026/02/13 01:15:50.332, 2, 0, 0, 0, 40960, 52.77, 33
2026/02/13 01:15:50.337, 3, 0, 0, 0, 40960, 52.35, 32
2026/02/13 01:15:50.345, 4, 0, 0, 0, 40960, 52.73, 33
2026/02/13 01:15:50.354, 5, 0, 0, 0, 40960, 52.72, 32
2026/02/13 01:15:50.359, 6, 0, 0, 0, 40960, 55.56, 34
2026/02/13 01:15:50.367, 7, 0, 0, 0, 40960, 52.29, 32
2026/02/13 01:15:51.375, 0, 0, 0, 0, 40960, 54.57, 37
2026/02/13 01:15:51.380, 1, 0, 0, 0, 40960, 53.03, 33
2026/02/13 01:15:51.389, 2, 0, 0, 0, 40960, 52.77, 33
2026/02/13 01:15:51.395, 3, 0, 0, 0, 40960, 52.06, 32
2026/02/13 01:15:51.403, 4, 0, 0, 0, 40960, 52.73, 33
2026/02/13 01:15:51.408, 5, 0, 0, 0, 40960, 52.72, 32
2026/02/13 01:15:51.413, 6, 0, 0, 0, 40960, 55.56, 34
2026/02/13 01:15:51.420, 7, 0, 0, 0, 40960, 52.00, 32
2026/02/13 01:15:52.426, 0, 0, 0, 0, 40960, 54.57, 37
2026/02/13 01:15:52.431, 1, 0, 0, 0, 40960, 53.03, 33
2026/02/13 01:15:52.439, 2, 0, 0, 0, 40960, 52.77, 33
2026/02/13 01:15:52.444, 3, 0, 0, 0, 40960, 52.06, 32
2026/02/13 01:15:52.452, 4, 0, 0, 0, 40960, 52.73, 33
2026/02/13 01:15:52.457, 5, 0, 0, 0, 40960, 52.72, 32
2026/02/13 01:15:52.462, 6, 0, 0, 0, 40960, 55.56, 34
2026/02/13 01:15:52.472, 7, 0, 0, 0, 40960, 52.29, 32
2026/02/13 01:15:53.477, 0, 0, 0, 0, 40960, 54.57, 37
2026/02/13 01:15:53.483, 1, 0, 0, 0, 40960, 53.03, 33
2026/02/13 01:15:53.490, 2, 0, 0, 0, 40960, 52.77, 33
2026/02/13 01:15:53.496, 3, 0, 0, 0, 40960, 52.06, 32
2026/02/13 01:15:53.503, 4, 0, 0, 0, 40960, 52.73, 33
2026/02/13 01:15:53.511, 5, 0, 0, 0, 40960, 52.66, 32
2026/02/13 01:15:53.517, 6, 0, 0, 0, 40960, 55.56, 35
2026/02/13 01:15:53.524, 7, 0, 0, 0, 40960, 52.29, 32
2026/02/13 01:15:54.531, 0, 0, 0, 0, 40960, 54.57, 37
2026/02/13 01:15:54.539, 1, 0, 0, 0, 40960, 53.03, 33
2026/02/13 01:15:54.546, 2, 0, 0, 0, 40960, 52.77, 33
2026/02/13 01:15:54.551, 3, 0, 0, 0, 40960, 52.06, 32
2026/02/13 01:15:54.559, 4, 0, 0, 0, 40960, 52.73, 33
2026/02/13 01:15:54.567, 5, 0, 0, 0, 40960, 52.72, 33
2026/02/13 01:15:54.573, 6, 0, 0, 0, 40960, 55.85, 35
2026/02/13 01:15:54.581, 7, 0, 0, 0, 40960, 52.29, 32
2026/02/13 01:15:55.586, 0, 0, 0, 0, 40960, 54.57, 37
2026/02/13 01:15:55.591, 1, 0, 0, 0, 40960, 53.03, 33
2026/02/13 01:15:55.599, 2, 0, 0, 0, 40960, 52.77, 33
2026/02/13 01:15:55.604, 3, 0, 0, 0, 40960, 52.06, 32
2026/02/13 01:15:55.612, 4, 0, 0, 0, 40960, 52.73, 33
2026/02/13 01:15:55.620, 5, 0, 0, 0, 40960, 52.72, 33
2026/02/13 01:15:55.625, 6, 0, 0, 0, 40960, 55.85, 35
2026/02/13 01:15:55.634, 7, 0, 0, 0, 40960, 52.29, 32
2026/02/13 01:15:56.639, 0, 0, 0, 0, 40960, 54.57, 37
2026/02/13 01:15:56.645, 1, 0, 0, 0, 40960, 53.03, 33
2026/02/13 01:15:56.653, 2, 0, 0, 0, 40960, 52.77, 33
2026/02/13 01:15:56.658, 3, 0, 0, 0, 40960, 52.06, 32
2026/02/13 01:15:56.666, 4, 0, 0, 0, 40960, 52.73, 33
2026/02/13 01:15:56.671, 5, 0, 0, 0, 40960, 52.66, 33
2026/02/13 01:15:56.676, 6, 0, 0, 0, 40960, 55.56, 35
2026/02/13 01:15:56.684, 7, 0, 0, 0, 40960, 52.29, 32
2026/02/13 01:15:57.690, 0, 0, 0, 0, 40960, 54.57, 37
2026/02/13 01:15:57.696, 1, 0, 0, 0, 40960, 53.03, 33
2026/02/13 01:15:57.703, 2, 0, 0, 0, 40960, 53.02, 33
2026/02/13 01:15:57.710, 3, 0, 0, 0, 40960, 52.06, 32
2026/02/13 01:15:57.717, 4, 0, 0, 0, 40960, 52.73, 33
2026/02/13 01:15:57.726, 5, 0, 0, 0, 40960, 52.72, 33
2026/02/13 01:15:57.734, 6, 0, 0, 0, 40960, 55.85, 35
2026/02/13 01:15:57.742, 7, 0, 0, 0, 40960, 52.29, 32
2026/02/13 01:15:58.747, 0, 0, 0, 0, 40960, 54.57, 37
2026/02/13 01:15:58.758, 1, 0, 0, 0, 40960, 53.03, 33
2026/02/13 01:15:58.766, 2, 0, 0, 0, 40960, 53.02, 33
2026/02/13 01:15:58.771, 3, 0, 0, 0, 40960, 52.06, 32
2026/02/13 01:15:58.779, 4, 0, 0, 0, 40960, 52.73, 33
2026/02/13 01:15:58.784, 5, 0, 0, 0, 40960, 52.72, 33
2026/02/13 01:15:58.792, 6, 0, 0, 0, 40960, 55.85, 35
2026/02/13 01:15:58.800, 7, 0, 0, 0, 40960, 52.29, 32
2026/02/13 01:15:59.805, 0, 0, 0, 0, 40960, 54.57, 37
2026/02/13 01:15:59.814, 1, 0, 0, 0, 40960, 53.34, 34
2026/02/13 01:15:59.827, 2, 0, 0, 0, 40960, 53.02, 33
2026/02/13 01:15:59.857, 3, 0, 0, 0, 40960, 52.60, 32
2026/02/13 01:15:59.876, 4, 0, 0, 0, 40960, 53.04, 33
2026/02/13 01:15:59.887, 5, 0, 0, 0, 40960, 52.97, 33
2026/02/13 01:15:59.893, 6, 0, 0, 0, 40960, 55.85, 35
2026/02/13 01:15:59.912, 7, 0, 0, 0, 40960, 52.29, 33
2026/02/13 01:16:00.922, 0, 0, 0, 3, 40960, 54.87, 37
2026/02/13 01:16:00.943, 1, 0, 0, 3, 40960, 53.34, 34
2026/02/13 01:16:00.948, 2, 0, 0, 3, 40960, 53.27, 33
2026/02/13 01:16:00.953, 3, 0, 0, 0, 40960, 52.35, 33
2026/02/13 01:16:00.959, 4, 0, 0, 0, 40960, 53.04, 33
2026/02/13 01:16:00.965, 5, 0, 0, 0, 40960, 52.91, 33
2026/02/13 01:16:00.970, 6, 0, 0, 0, 40960, 55.85, 35
2026/02/13 01:16:00.978, 7, 0, 0, 0, 40960, 52.29, 33
2026/02/13 01:16:01.983, 0, 0, 0, 3, 40960, 54.57, 37
2026/02/13 01:16:01.989, 1, 0, 0, 3, 40960, 53.34, 34
2026/02/13 01:16:02.002, 2, 0, 0, 3, 40960, 53.02, 33
2026/02/13 01:16:02.011, 3, 0, 0, 3, 40960, 52.35, 33
2026/02/13 01:16:02.041, 4, 0, 0, 3, 40960, 53.04, 33
2026/02/13 01:16:02.051, 5, 0, 0, 3, 40960, 52.66, 33
2026/02/13 01:16:02.058, 6, 0, 0, 3, 40960, 55.85, 35
2026/02/13 01:16:02.063, 7, 0, 0, 3, 40960, 52.54, 33
2026/02/13 01:16:03.092, 0, 0, 0, 3, 40960, 54.57, 37
2026/02/13 01:16:03.098, 1, 0, 0, 3, 40960, 53.34, 34
2026/02/13 01:16:03.105, 2, 0, 0, 3, 40960, 53.02, 33
2026/02/13 01:16:03.111, 3, 0, 0, 3, 40960, 52.35, 33
2026/02/13 01:16:03.116, 4, 0, 0, 3, 40960, 53.04, 33
2026/02/13 01:16:03.121, 5, 0, 0, 3, 40960, 52.97, 33
2026/02/13 01:16:03.126, 6, 0, 0, 3, 40960, 55.85, 35
2026/02/13 01:16:03.131, 7, 0, 0, 3, 40960, 52.29, 33
2026/02/13 01:16:04.137, 0, 0, 0, 3, 40960, 54.57, 37
2026/02/13 01:16:04.142, 1, 0, 0, 3, 40960, 53.34, 34
2026/02/13 01:16:04.150, 2, 0, 0, 3, 40960, 53.02, 33
2026/02/13 01:16:04.155, 3, 0, 0, 3, 40960, 52.35, 33
2026/02/13 01:16:04.165, 4, 0, 0, 3, 40960, 53.04, 33
2026/02/13 01:16:04.170, 5, 0, 0, 3, 40960, 52.97, 33
2026/02/13 01:16:04.176, 6, 0, 0, 3, 40960, 55.85, 35
2026/02/13 01:16:04.183, 7, 0, 0, 3, 40960, 52.29, 33
2026/02/13 01:16:05.188, 0, 0, 0, 13, 40960, 54.87, 37
2026/02/13 01:16:05.204, 1, 0, 0, 19, 40960, 58.93, 34
2026/02/13 01:16:05.315, 2, 0, 0, 19, 40960, 58.65, 34
2026/02/13 01:16:05.428, 3, 0, 0, 19, 40960, 58.50, 33
2026/02/13 01:16:05.456, 4, 0, 0, 19, 40960, 58.37, 33
2026/02/13 01:16:05.481, 5, 0, 0, 19, 40960, 58.86, 33
2026/02/13 01:16:05.512, 6, 0, 0, 20, 40960, 61.20, 35
2026/02/13 01:16:05.547, 7, 0, 0, 20, 40960, 57.93, 33
2026/02/13 01:16:06.563, 0, 0, 0, 449, 40960, 59.70, 37
2026/02/13 01:16:06.569, 1, 0, 0, 449, 40960, 58.93, 34
2026/02/13 01:16:06.573, 2, 0, 0, 449, 40960, 58.39, 34
2026/02/13 01:16:06.577, 3, 1, 0, 449, 40960, 58.00, 33
2026/02/13 01:16:06.581, 4, 0, 0, 449, 40960, 58.37, 34
2026/02/13 01:16:06.587, 5, 0, 0, 449, 40960, 58.32, 33
2026/02/13 01:16:06.591, 6, 0, 0, 449, 40960, 60.95, 35
2026/02/13 01:16:06.595, 7, 0, 0, 449, 40960, 57.38, 33
2026/02/13 01:16:07.601, 0, 0, 0, 1613, 40960, 60.00, 38
2026/02/13 01:16:07.615, 1, 0, 0, 1613, 40960, 72.57, 34
2026/02/13 01:16:07.624, 2, 1, 0, 1611, 40960, 58.65, 34
2026/02/13 01:16:07.628, 3, 6, 0, 1611, 40960, 58.19, 33
2026/02/13 01:16:07.633, 4, 0, 0, 1611, 40960, 70.65, 34
2026/02/13 01:16:07.637, 5, 0, 0, 1611, 40960, 66.84, 34
2026/02/13 01:16:07.641, 6, 1, 0, 1611, 40960, 61.44, 36
2026/02/13 01:16:07.645, 7, 2, 0, 1611, 40960, 57.63, 33
2026/02/13 01:16:08.678, 0, 0, 0, 2221, 40960, 60.00, 38
2026/02/13 01:16:08.684, 1, 0, 0, 2221, 40960, 59.18, 34
2026/02/13 01:16:08.688, 2, 0, 0, 2219, 40960, 58.71, 34
2026/02/13 01:16:08.692, 3, 0, 0, 2219, 40960, 58.00, 33
2026/02/13 01:16:08.698, 4, 0, 0, 2219, 40960, 58.67, 34
2026/02/13 01:16:08.702, 5, 0, 0, 2219, 40960, 58.56, 34
2026/02/13 01:16:08.706, 6, 0, 0, 2219, 40960, 61.20, 36
2026/02/13 01:16:08.711, 7, 0, 0, 2219, 40960, 57.63, 33
2026/02/13 01:16:09.717, 0, 0, 0, 2221, 40960, 60.00, 38
2026/02/13 01:16:09.722, 1, 0, 0, 2221, 40960, 59.18, 34
2026/02/13 01:16:09.730, 2, 0, 0, 2219, 40960, 58.65, 34
2026/02/13 01:16:09.734, 3, 0, 0, 2219, 40960, 58.00, 33
2026/02/13 01:16:09.740, 4, 0, 0, 2219, 40960, 58.67, 34
2026/02/13 01:16:09.745, 5, 0, 0, 2219, 40960, 58.56, 34
2026/02/13 01:16:09.751, 6, 0, 0, 2219, 40960, 61.20, 36
2026/02/13 01:16:09.757, 7, 0, 0, 2219, 40960, 57.63, 33
2026/02/13 01:16:10.768, 0, 81, 15, 3007, 40960, 176.19, 44
2026/02/13 01:16:10.772, 1, 43, 12, 2855, 40960, 121.50, 39
2026/02/13 01:16:10.779, 2, 47, 13, 2853, 40960, 159.39, 38
2026/02/13 01:16:10.783, 3, 59, 16, 2853, 40960, 175.05, 38
2026/02/13 01:16:10.788, 4, 42, 12, 2853, 40960, 167.63, 39
2026/02/13 01:16:10.792, 5, 44, 12, 2853, 40960, 217.43, 38
2026/02/13 01:16:10.802, 6, 51, 14, 2853, 40960, 176.09, 41
2026/02/13 01:16:10.807, 7, 58, 16, 2853, 40960, 169.31, 37
2026/02/13 01:16:11.811, 0, 87, 5, 3021, 40960, 94.84, 43
2026/02/13 01:16:11.815, 1, 18, 5, 2869, 40960, 85.17, 38
2026/02/13 01:16:11.821, 2, 24, 4, 2867, 40960, 85.05, 37
2026/02/13 01:16:11.825, 3, 21, 6, 2867, 40960, 104.78, 37
2026/02/13 01:16:11.829, 4, 14, 4, 2867, 40960, 92.75, 37
2026/02/13 01:16:11.834, 5, 14, 4, 2867, 40960, 110.78, 37
2026/02/13 01:16:11.838, 6, 28, 3, 2867, 40960, 107.84, 39
2026/02/13 01:16:11.844, 7, 21, 6, 2867, 40960, 104.24, 36
2026/02/13 01:16:12.850, 0, 82, 6, 3035, 40960, 158.70, 45
2026/02/13 01:16:12.856, 1, 9, 3, 2885, 40960, 97.46, 38
2026/02/13 01:16:12.862, 2, 10, 3, 2881, 40960, 75.31, 37
2026/02/13 01:16:12.866, 3, 9, 3, 2881, 40960, 88.82, 36
2026/02/13 01:16:12.871, 4, 7, 3, 2883, 40960, 118.53, 37
2026/02/13 01:16:12.875, 5, 7, 3, 2881, 40960, 123.59, 36
2026/02/13 01:16:12.881, 6, 7, 3, 2881, 40960, 96.95, 39
2026/02/13 01:16:12.885, 7, 27, 3, 2881, 40960, 82.64, 36
2026/02/13 01:16:13.890, 0, 80, 14, 3035, 40960, 121.89, 45
2026/02/13 01:16:13.896, 1, 47, 13, 2885, 40960, 93.67, 39
2026/02/13 01:16:13.901, 2, 46, 13, 2881, 40960, 91.13, 38
2026/02/13 01:16:13.906, 3, 25, 7, 2881, 40960, 97.13, 38
2026/02/13 01:16:13.910, 4, 46, 13, 2883, 40960, 82.15, 38
2026/02/13 01:16:13.914, 5, 44, 12, 2881, 40960, 91.41, 38
2026/02/13 01:16:13.921, 6, 42, 12, 2881, 40960, 102.21, 40
2026/02/13 01:16:13.927, 7, 24, 7, 2881, 40960, 87.47, 37
2026/02/13 01:16:14.931, 0, 83, 13, 3035, 40960, 168.18, 46
2026/02/13 01:16:14.937, 1, 42, 11, 2885, 40960, 78.38, 39
2026/02/13 01:16:14.945, 2, 41, 11, 2881, 40960, 103.59, 38
2026/02/13 01:16:14.950, 3, 22, 6, 2881, 40960, 80.26, 38
2026/02/13 01:16:14.955, 4, 17, 5, 2883, 40960, 80.26, 37
2026/02/13 01:16:14.959, 5, 16, 5, 2881, 40960, 86.32, 38
2026/02/13 01:16:14.965, 6, 37, 10, 2881, 40960, 86.53, 40
2026/02/13 01:16:14.968, 7, 20, 6, 2881, 40960, 77.65, 37
2026/02/13 01:16:15.972, 0, 82, 5, 3035, 40960, 132.98, 44
2026/02/13 01:16:15.978, 1, 13, 4, 2885, 40960, 80.62, 38
2026/02/13 01:16:15.984, 2, 14, 4, 2881, 40960, 96.14, 37
2026/02/13 01:16:15.989, 3, 16, 5, 2881, 40960, 103.68, 37
2026/02/13 01:16:15.995, 4, 11, 4, 2883, 40960, 82.06, 37
2026/02/13 01:16:15.998, 5, 11, 4, 2881, 40960, 89.02, 38
2026/02/13 01:16:16.003, 6, 14, 4, 2881, 40960, 109.68, 39
2026/02/13 01:16:16.010, 7, 13, 4, 2881, 40960, 92.20, 36
2026/02/13 01:16:17.016, 0, 84, 4, 3035, 40960, 125.95, 44
2026/02/13 01:16:17.021, 1, 15, 4, 2885, 40960, 94.52, 39
2026/02/13 01:16:17.027, 2, 14, 4, 2881, 40960, 90.88, 37
2026/02/13 01:16:17.033, 3, 13, 4, 2881, 40960, 101.96, 37
2026/02/13 01:16:17.038, 4, 14, 4, 2883, 40960, 88.72, 37
2026/02/13 01:16:17.042, 5, 13, 4, 2881, 40960, 81.33, 37
2026/02/13 01:16:17.047, 6, 15, 4, 2881, 40960, 108.21, 40
2026/02/13 01:16:17.051, 7, 12, 4, 2881, 40960, 92.06, 36
2026/02/13 01:16:18.055, 0, 84, 4, 3035, 40960, 89.88, 44
2026/02/13 01:16:18.063, 1, 16, 4, 2885, 40960, 91.52, 39
2026/02/13 01:16:18.068, 2, 18, 4, 2881, 40960, 80.73, 38
2026/02/13 01:16:18.075, 3, 16, 4, 2881, 40960, 101.11, 38
2026/02/13 01:16:18.080, 4, 15, 4, 2883, 40960, 109.06, 38
2026/02/13 01:16:18.085, 5, 16, 4, 2881, 40960, 110.78, 38
2026/02/13 01:16:18.090, 6, 31, 3, 2881, 40960, 103.80, 40
2026/02/13 01:16:18.096, 7, 15, 4, 2881, 40960, 102.10, 37
2026/02/13 01:16:19.102, 0, 77, 3, 3035, 40960, 114.11, 43
2026/02/13 01:16:19.109, 1, 36, 3, 2885, 40960, 101.76, 39
2026/02/13 01:16:19.115, 2, 37, 3, 2881, 40960, 86.11, 38
2026/02/13 01:16:19.121, 3, 54, 1, 2881, 40960, 109.85, 38
2026/02/13 01:16:19.127, 4, 35, 3, 2883, 40960, 101.73, 38
2026/02/13 01:16:19.131, 5, 34, 3, 2881, 40960, 110.65, 38
2026/02/13 01:16:19.135, 6, 42, 2, 2881, 40960, 93.21, 40
2026/02/13 01:16:19.141, 7, 52, 1, 2881, 40960, 81.14, 37
2026/02/13 01:16:20.145, 0, 81, 19, 3035, 40960, 126.86, 46
2026/02/13 01:16:20.149, 1, 72, 20, 2885, 40960, 94.22, 40
2026/02/13 01:16:20.155, 2, 67, 19, 2881, 40960, 97.25, 39
2026/02/13 01:16:20.161, 3, 35, 10, 2881, 40960, 96.59, 39
2026/02/13 01:16:20.167, 4, 71, 20, 2883, 40960, 94.48, 39
2026/02/13 01:16:20.176, 5, 20, 5, 2881, 40960, 89.12, 39
2026/02/13 01:16:20.189, 6, 54, 14, 2881, 40960, 101.67, 41
2026/02/13 01:16:20.195, 7, 32, 9, 2881, 40960, 88.57, 37
2026/02/13 01:16:21.200, 0, 58, 11, 3035, 40960, 157.69, 47
2026/02/13 01:16:21.204, 1, 54, 9, 2885, 40960, 150.65, 43
2026/02/13 01:16:21.209, 2, 56, 11, 2881, 40960, 109.93, 40
2026/02/13 01:16:21.215, 3, 46, 3, 2881, 40960, 171.34, 41
2026/02/13 01:16:21.222, 4, 55, 10, 2883, 40960, 127.72, 41
2026/02/13 01:16:21.226, 5, 54, 9, 2881, 40960, 195.50, 40
2026/02/13 01:16:21.231, 6, 49, 11, 2881, 40960, 179.51, 43
2026/02/13 01:16:21.250, 7, 47, 4, 2881, 40960, 174.80, 39
2026/02/13 01:16:22.255, 0, 50, 9, 3035, 40960, 195.51, 46
2026/02/13 01:16:22.259, 1, 48, 7, 2885, 40960, 261.73, 41
2026/02/13 01:16:22.266, 2, 49, 9, 2881, 40960, 240.82, 40
2026/02/13 01:16:22.273, 3, 40, 1, 2881, 40960, 166.83, 41
2026/02/13 01:16:22.279, 4, 48, 8, 2883, 40960, 295.89, 41
2026/02/13 01:16:22.285, 5, 46, 7, 2881, 40960, 235.99, 41
2026/02/13 01:16:22.289, 6, 50, 11, 2881, 40960, 182.48, 43
2026/02/13 01:16:22.295, 7, 41, 1, 2881, 40960, 173.42, 39
2026/02/13 01:16:23.300, 0, 78, 3, 3035, 40960, 114.61, 45
2026/02/13 01:16:23.305, 1, 33, 3, 2885, 40960, 109.43, 41
2026/02/13 01:16:23.311, 2, 35, 3, 2881, 40960, 109.12, 39
2026/02/13 01:16:23.317, 3, 16, 4, 2881, 40960, 110.65, 39
2026/02/13 01:16:23.323, 4, 33, 3, 2883, 40960, 109.60, 39
2026/02/13 01:16:23.327, 5, 31, 3, 2881, 40960, 111.82, 40
2026/02/13 01:16:23.331, 6, 42, 3, 2881, 40960, 113.84, 42
2026/02/13 01:16:23.336, 7, 56, 1, 2881, 40960, 108.64, 38
2026/02/13 01:16:24.342, 0, 59, 11, 3035, 40960, 152.23, 48
2026/02/13 01:16:24.346, 1, 52, 11, 2885, 40960, 116.54, 42
2026/02/13 01:16:24.351, 2, 49, 11, 2881, 40960, 93.28, 41
2026/02/13 01:16:24.356, 3, 55, 15, 2881, 40960, 122.93, 41
2026/02/13 01:16:24.362, 4, 50, 11, 2883, 40960, 98.07, 41
2026/02/13 01:16:24.367, 5, 53, 11, 2881, 40960, 149.39, 41
2026/02/13 01:16:24.371, 6, 57, 15, 2881, 40960, 118.79, 43
2026/02/13 01:16:24.377, 7, 51, 14, 2881, 40960, 100.21, 40
2026/02/13 01:16:25.384, 0, 47, 7, 3035, 40960, 183.78, 49
2026/02/13 01:16:25.388, 1, 45, 5, 2885, 40960, 179.67, 44
2026/02/13 01:16:25.394, 2, 47, 6, 2881, 40960, 177.29, 44
2026/02/13 01:16:25.397, 3, 61, 17, 2881, 40960, 296.68, 43
2026/02/13 01:16:25.404, 4, 58, 16, 2883, 40960, 175.69, 42
2026/02/13 01:16:25.410, 5, 63, 17, 2881, 40960, 180.85, 41
2026/02/13 01:16:25.420, 6, 51, 10, 2881, 40960, 312.90, 43
2026/02/13 01:16:25.426, 7, 63, 19, 2881, 40960, 332.65, 40
2026/02/13 01:16:26.433, 0, 66, 15, 3035, 40960, 291.34, 47
2026/02/13 01:16:26.437, 1, 54, 13, 2885, 40960, 178.63, 43
2026/02/13 01:16:26.442, 2, 56, 14, 2881, 40960, 175.65, 42
2026/02/13 01:16:26.448, 3, 55, 10, 2881, 40960, 135.36, 43
2026/02/13 01:16:26.454, 4, 56, 14, 2883, 40960, 178.86, 42
2026/02/13 01:16:26.458, 5, 52, 12, 2881, 40960, 180.01, 43
2026/02/13 01:16:26.463, 6, 65, 18, 2881, 40960, 131.49, 44
2026/02/13 01:16:26.471, 7, 56, 11, 2881, 40960, 113.58, 42
2026/02/13 01:16:27.477, 0, 82, 11, 3035, 40960, 163.07, 48
2026/02/13 01:16:27.481, 1, 36, 10, 2885, 40960, 89.12, 42
2026/02/13 01:16:27.486, 2, 37, 10, 2881, 40960, 80.09, 40
2026/02/13 01:16:27.490, 3, 43, 11, 2881, 40960, 99.16, 40
2026/02/13 01:16:27.496, 4, 36, 10, 2883, 40960, 81.60, 40
2026/02/13 01:16:27.503, 5, 35, 10, 2881, 40960, 87.98, 40
2026/02/13 01:16:27.508, 6, 31, 9, 2881, 40960, 101.42, 42
2026/02/13 01:16:27.513, 7, 41, 11, 2881, 40960, 85.88, 39
2026/02/13 01:16:28.518, 0, 83, 15, 3035, 40960, 154.99, 48
2026/02/13 01:16:28.524, 1, 50, 13, 2885, 40960, 141.46, 42
2026/02/13 01:16:28.530, 2, 50, 14, 2881, 40960, 106.42, 40
2026/02/13 01:16:28.534, 3, 71, 20, 2881, 40960, 91.21, 40
2026/02/13 01:16:28.541, 4, 50, 14, 2883, 40960, 112.11, 41
2026/02/13 01:16:28.545, 5, 50, 13, 2881, 40960, 113.84, 40
2026/02/13 01:16:28.548, 6, 48, 13, 2881, 40960, 94.55, 43
2026/02/13 01:16:28.554, 7, 68, 19, 2881, 40960, 90.61, 39
2026/02/13 01:16:29.559, 0, 80, 5, 3035, 40960, 115.96, 46
2026/02/13 01:16:29.568, 1, 18, 6, 2885, 40960, 111.45, 41
2026/02/13 01:16:29.573, 2, 16, 5, 2881, 40960, 109.93, 40
2026/02/13 01:16:29.578, 3, 41, 3, 2881, 40960, 84.39, 40
2026/02/13 01:16:29.586, 4, 16, 5, 2883, 40960, 110.40, 40
2026/02/13 01:16:29.590, 5, 17, 6, 2881, 40960, 110.90, 40
2026/02/13 01:16:29.594, 6, 15, 4, 2881, 40960, 114.68, 43
2026/02/13 01:16:29.600, 7, 42, 2, 2881, 40960, 109.18, 39
2026/02/13 01:16:30.606, 0, 67, 2, 3035, 40960, 158.96, 47
2026/02/13 01:16:30.612, 1, 49, 2, 2885, 40960, 101.65, 43
2026/02/13 01:16:30.617, 2, 50, 1, 2881, 40960, 140.59, 41
2026/02/13 01:16:30.621, 3, 46, 2, 2881, 40960, 172.92, 42
2026/02/13 01:16:30.627, 4, 50, 1, 2883, 40960, 136.10, 43
2026/02/13 01:16:30.631, 5, 54, 10, 2881, 40960, 89.12, 43
2026/02/13 01:16:30.636, 6, 55, 1, 2881, 40960, 175.80, 44
2026/02/13 01:16:30.641, 7, 47, 4, 2881, 40960, 172.13, 42
2026/02/13 01:16:31.646, 0, 40, 1, 3035, 40960, 94.39, 46
2026/02/13 01:16:31.652, 1, 44, 1, 2885, 40960, 111.03, 41
2026/02/13 01:16:31.658, 2, 42, 1, 2881, 40960, 96.80, 40
2026/02/13 01:16:31.662, 3, 58, 1, 2881, 40960, 94.45, 40
2026/02/13 01:16:31.669, 4, 43, 1, 2883, 40960, 148.47, 41
2026/02/13 01:16:31.673, 5, 41, 1, 2881, 40960, 107.16, 40
2026/02/13 01:16:31.678, 6, 42, 3, 2881, 40960, 99.77, 43
2026/02/13 01:16:31.684, 7, 56, 1, 2881, 40960, 92.30, 40
2026/02/13 01:16:32.691, 0, 57, 1, 3035, 40960, 98.71, 47
2026/02/13 01:16:32.695, 1, 57, 1, 2885, 40960, 96.66, 42
2026/02/13 01:16:32.699, 2, 57, 1, 2881, 40960, 95.89, 41
2026/02/13 01:16:32.703, 3, 51, 3, 2881, 40960, 80.90, 41
2026/02/13 01:16:32.708, 4, 58, 1, 2883, 40960, 96.37, 41
2026/02/13 01:16:32.713, 5, 55, 1, 2881, 40960, 90.12, 41
2026/02/13 01:16:32.717, 6, 50, 1, 2881, 40960, 90.52, 43
2026/02/13 01:16:32.723, 7, 50, 3, 2881, 40960, 86.53, 40
2026/02/13 01:16:33.730, 0, 86, 12, 3037, 40960, 142.35, 49
2026/02/13 01:16:33.736, 1, 41, 11, 2885, 40960, 102.69, 42
2026/02/13 01:16:33.741, 2, 37, 10, 2883, 40960, 87.37, 41
2026/02/13 01:16:33.745, 3, 49, 14, 2883, 40960, 96.59, 41
2026/02/13 01:16:33.751, 4, 37, 10, 2883, 40960, 88.97, 41
2026/02/13 01:16:33.755, 5, 41, 11, 2883, 40960, 104.84, 41
2026/02/13 01:16:33.760, 6, 26, 7, 2883, 40960, 100.18, 43
2026/02/13 01:16:33.766, 7, 51, 14, 2883, 40960, 84.54, 40
2026/02/13 01:16:34.771, 0, 88, 14, 3037, 40960, 130.23, 48
2026/02/13 01:16:34.778, 1, 48, 14, 2885, 40960, 98.95, 42
2026/02/13 01:16:34.783, 2, 44, 12, 2883, 40960, 87.62, 41
2026/02/13 01:16:34.791, 3, 20, 6, 2883, 40960, 108.26, 41
2026/02/13 01:16:34.796, 4, 43, 12, 2883, 40960, 86.83, 41
2026/02/13 01:16:34.800, 5, 47, 14, 2883, 40960, 101.23, 41
2026/02/13 01:16:34.806, 6, 34, 9, 2883, 40960, 112.12, 43
2026/02/13 01:16:34.814, 7, 16, 5, 2883, 40960, 89.07, 40
2026/02/13 01:16:35.821, 0, 64, 2, 3037, 40960, 144.18, 48
2026/02/13 01:16:35.827, 1, 50, 1, 2885, 40960, 88.57, 43
2026/02/13 01:16:35.833, 2, 52, 1, 2883, 40960, 116.09, 42
2026/02/13 01:16:35.838, 3, 39, 1, 2883, 40960, 168.96, 42
2026/02/13 01:16:35.844, 4, 52, 1, 2883, 40960, 121.07, 42
2026/02/13 01:16:35.848, 5, 50, 1, 2883, 40960, 88.22, 43
2026/02/13 01:16:35.856, 6, 56, 1, 2883, 40960, 170.74, 44
2026/02/13 01:16:35.862, 7, 41, 3, 2883, 40960, 171.09, 42
2026/02/13 01:16:36.869, 0, 46, 1, 3037, 40960, 305.45, 49
2026/02/13 01:16:36.874, 1, 54, 14, 2885, 40960, 249.61, 44
2026/02/13 01:16:36.880, 2, 55, 15, 2883, 40960, 278.39, 43
2026/02/13 01:16:36.884, 3, 52, 10, 2883, 40960, 128.96, 43
2026/02/13 01:16:36.889, 4, 55, 15, 2883, 40960, 304.64, 44
2026/02/13 01:16:36.893, 5, 52, 14, 2883, 40960, 183.73, 43
2026/02/13 01:16:36.897, 6, 65, 18, 2883, 40960, 131.49, 46
2026/02/13 01:16:36.901, 7, 52, 11, 2883, 40960, 109.31, 43
2026/02/13 01:16:37.906, 0, 84, 16, 3037, 40960, 122.56, 50
2026/02/13 01:16:37.915, 1, 60, 16, 2885, 40960, 150.11, 44
2026/02/13 01:16:37.921, 2, 55, 15, 2883, 40960, 114.23, 42
2026/02/13 01:16:37.927, 3, 63, 17, 2883, 40960, 82.95, 43
2026/02/13 01:16:37.933, 4, 54, 15, 2883, 40960, 109.43, 43
2026/02/13 01:16:37.937, 5, 58, 16, 2883, 40960, 121.62, 42
2026/02/13 01:16:37.942, 6, 51, 12, 2883, 40960, 92.16, 45
2026/02/13 01:16:37.947, 7, 66, 19, 2883, 40960, 88.57, 41
2026/02/13 01:16:38.951, 0, 73, 17, 3037, 40960, 335.00, 52
2026/02/13 01:16:38.956, 1, 59, 15, 2885, 40960, 284.28, 45
2026/02/13 01:16:38.964, 2, 61, 17, 2883, 40960, 268.04, 43
2026/02/13 01:16:38.969, 3, 51, 11, 2883, 40960, 178.27, 43
2026/02/13 01:16:38.975, 4, 60, 17, 2883, 40960, 296.44, 44
2026/02/13 01:16:38.982, 5, 59, 16, 2883, 40960, 245.60, 43
2026/02/13 01:16:38.987, 6, 66, 19, 2883, 40960, 164.48, 46
2026/02/13 01:16:38.993, 7, 48, 11, 2883, 40960, 124.03, 43
2026/02/13 01:16:39.998, 0, 55, 11, 3037, 40960, 192.90, 51
2026/02/13 01:16:40.005, 1, 53, 11, 2885, 40960, 237.08, 48
2026/02/13 01:16:40.012, 2, 51, 11, 2883, 40960, 169.51, 45
2026/02/13 01:16:40.019, 3, 67, 18, 2883, 40960, 178.51, 46
2026/02/13 01:16:40.039, 4, 50, 11, 2883, 40960, 136.01, 44
2026/02/13 01:16:40.042, 5, 51, 11, 2883, 40960, 193.61, 45
2026/02/13 01:16:40.046, 6, 47, 11, 2883, 40960, 93.07, 47
2026/02/13 01:16:40.050, 7, 62, 17, 2883, 40960, 233.64, 43
2026/02/13 01:16:41.062, 0, 42, 3, 3037, 40960, 186.71, 50
2026/02/13 01:16:41.068, 1, 40, 2, 2885, 40960, 183.49, 45
2026/02/13 01:16:41.074, 2, 41, 2, 2883, 40960, 177.79, 45
2026/02/13 01:16:41.079, 3, 53, 14, 2883, 40960, 179.31, 45
2026/02/13 01:16:41.083, 4, 41, 3, 2883, 40960, 177.32, 44
2026/02/13 01:16:41.088, 5, 69, 19, 2883, 40960, 182.15, 45
2026/02/13 01:16:41.092, 6, 45, 6, 2883, 40960, 182.98, 48
2026/02/13 01:16:41.097, 7, 55, 15, 2883, 40960, 190.14, 44
2026/02/13 01:16:42.101, 0, 67, 2, 3037, 40960, 107.77, 49
2026/02/13 01:16:42.105, 1, 48, 3, 2885, 40960, 90.22, 44
2026/02/13 01:16:42.111, 2, 49, 3, 2883, 40960, 93.84, 43
2026/02/13 01:16:42.116, 3, 39, 5, 2883, 40960, 110.40, 43
2026/02/13 01:16:42.121, 4, 48, 2, 2883, 40960, 100.39, 43
2026/02/13 01:16:42.125, 5, 49, 3, 2883, 40960, 112.80, 43
2026/02/13 01:16:42.129, 6, 51, 1, 2883, 40960, 115.72, 45
2026/02/13 01:16:42.134, 7, 38, 4, 2883, 40960, 109.98, 41
2026/02/13 01:16:43.139, 0, 60, 13, 3037, 40960, 186.17, 50
2026/02/13 01:16:43.145, 1, 49, 12, 2885, 40960, 181.06, 46
2026/02/13 01:16:43.152, 2, 50, 12, 2883, 40960, 179.44, 44
2026/02/13 01:16:43.158, 3, 49, 8, 2883, 40960, 272.03, 44
2026/02/13 01:16:43.164, 4, 51, 13, 2883, 40960, 179.10, 46
2026/02/13 01:16:43.169, 5, 50, 12, 2883, 40960, 182.95, 46
2026/02/13 01:16:43.173, 6, 57, 15, 2883, 40960, 284.34, 47
2026/02/13 01:16:43.180, 7, 50, 10, 2883, 40960, 318.09, 45
2026/02/13 01:16:44.184, 0, 44, 6, 3037, 40960, 298.57, 51
2026/02/13 01:16:44.188, 1, 44, 4, 2885, 40960, 179.67, 46
2026/02/13 01:16:44.194, 2, 44, 5, 2883, 40960, 182.22, 44
2026/02/13 01:16:44.201, 3, 44, 1, 2883, 40960, 217.67, 44
2026/02/13 01:16:44.205, 4, 46, 6, 2883, 40960, 294.42, 45
2026/02/13 01:16:44.210, 5, 44, 5, 2883, 40960, 181.35, 44
2026/02/13 01:16:44.215, 6, 48, 8, 2883, 40960, 260.65, 47
2026/02/13 01:16:44.221, 7, 44, 1, 2883, 40960, 127.37, 43
2026/02/13 01:16:45.226, 0, 45, 1, 3037, 40960, 87.92, 50
2026/02/13 01:16:45.230, 1, 49, 1, 2885, 40960, 89.47, 46
2026/02/13 01:16:45.236, 2, 47, 1, 2883, 40960, 291.51, 45
2026/02/13 01:16:45.243, 3, 52, 11, 2883, 40960, 139.18, 45
2026/02/13 01:16:45.248, 4, 44, 1, 2883, 40960, 242.90, 46
2026/02/13 01:16:45.253, 5, 47, 1, 2883, 40960, 285.29, 46
2026/02/13 01:16:45.257, 6, 44, 1, 2883, 40960, 125.87, 48
2026/02/13 01:16:45.262, 7, 48, 11, 2883, 40960, 162.22, 45
2026/02/13 01:16:46.266, 0, 85, 7, 3037, 40960, 139.80, 50
2026/02/13 01:16:46.270, 1, 22, 6, 2885, 40960, 98.81, 44
2026/02/13 01:16:46.276, 2, 21, 6, 2883, 40960, 99.26, 43
2026/02/13 01:16:46.280, 3, 15, 4, 2883, 40960, 93.10, 42
2026/02/13 01:16:46.286, 4, 22, 7, 2883, 40960, 90.61, 43
2026/02/13 01:16:46.290, 5, 21, 6, 2883, 40960, 93.86, 43
2026/02/13 01:16:46.294, 6, 23, 7, 2883, 40960, 87.88, 45
2026/02/13 01:16:46.299, 7, 12, 4, 2883, 40960, 83.29, 41
2026/02/13 01:16:47.306, 0, 85, 9, 3037, 40960, 93.74, 50
2026/02/13 01:16:47.310, 1, 29, 8, 2885, 40960, 82.77, 44
2026/02/13 01:16:47.314, 2, 28, 8, 2883, 40960, 81.54, 43
2026/02/13 01:16:47.321, 3, 31, 4, 2883, 40960, 107.97, 43
2026/02/13 01:16:47.326, 4, 23, 6, 2883, 40960, 89.91, 43
2026/02/13 01:16:47.331, 5, 43, 2, 2883, 40960, 88.08, 43
2026/02/13 01:16:47.335, 6, 18, 5, 2883, 40960, 109.98, 46
2026/02/13 01:16:47.340, 7, 32, 3, 2883, 40960, 108.64, 42
2026/02/13 01:16:48.346, 0, 60, 12, 3037, 40960, 185.67, 51
2026/02/13 01:16:48.351, 1, 50, 11, 2885, 40960, 182.90, 46
2026/02/13 01:16:48.359, 2, 50, 12, 2883, 40960, 180.53, 45
2026/02/13 01:16:48.366, 3, 52, 8, 2883, 40960, 276.51, 45
2026/02/13 01:16:48.372, 4, 54, 13, 2883, 40960, 180.44, 46
2026/02/13 01:16:48.377, 5, 52, 12, 2883, 40960, 180.36, 45
2026/02/13 01:16:48.382, 6, 58, 15, 2883, 40960, 229.12, 48
2026/02/13 01:16:48.390, 7, 54, 9, 2883, 40960, 147.22, 44
2026/02/13 01:16:49.396, 0, 64, 15, 3037, 40960, 218.42, 52
2026/02/13 01:16:49.400, 1, 54, 14, 2885, 40960, 181.81, 48
2026/02/13 01:16:49.404, 2, 54, 14, 2883, 40960, 178.89, 47
2026/02/13 01:16:49.411, 3, 52, 10, 2883, 40960, 336.42, 48
2026/02/13 01:16:49.416, 4, 58, 16, 2883, 40960, 285.42, 48
2026/02/13 01:16:49.422, 5, 56, 15, 2883, 40960, 208.63, 46
2026/02/13 01:16:49.425, 6, 64, 18, 2883, 40960, 313.51, 48
2026/02/13 01:16:49.431, 7, 50, 11, 2883, 40960, 173.42, 44
2026/02/13 01:16:50.436, 0, 66, 15, 3037, 40960, 187.39, 53
2026/02/13 01:16:50.440, 1, 56, 14, 2885, 40960, 181.26, 46
2026/02/13 01:16:50.446, 2, 56, 14, 2883, 40960, 179.44, 46
2026/02/13 01:16:50.451, 3, 55, 10, 2883, 40960, 333.82, 45
2026/02/13 01:16:50.457, 4, 59, 16, 2883, 40960, 285.63, 45
2026/02/13 01:16:50.461, 5, 57, 15, 2883, 40960, 186.03, 45
2026/02/13 01:16:50.466, 6, 64, 17, 2883, 40960, 320.74, 48
2026/02/13 01:16:50.472, 7, 56, 11, 2883, 40960, 181.44, 44
2026/02/13 01:16:51.480, 0, 50, 9, 3037, 40960, 337.14, 53
2026/02/13 01:16:51.485, 1, 51, 9, 2885, 40960, 256.70, 48
2026/02/13 01:16:51.489, 2, 50, 9, 2883, 40960, 265.30, 47
2026/02/13 01:16:51.494, 3, 70, 20, 2883, 40960, 182.98, 47
2026/02/13 01:16:51.499, 4, 52, 10, 2883, 40960, 292.55, 48
2026/02/13 01:16:51.504, 5, 51, 10, 2883, 40960, 318.53, 48
2026/02/13 01:16:51.508, 6, 50, 11, 2883, 40960, 149.77, 50
2026/02/13 01:16:51.514, 7, 69, 19, 2883, 40960, 176.39, 44
2026/02/13 01:16:52.519, 0, 55, 1, 3037, 40960, 182.43, 52
2026/02/13 01:16:52.524, 1, 57, 1, 2885, 40960, 175.65, 48
2026/02/13 01:16:52.529, 2, 57, 1, 2883, 40960, 177.29, 46
2026/02/13 01:16:52.533, 3, 49, 8, 2883, 40960, 297.81, 47
2026/02/13 01:16:52.540, 4, 53, 1, 2883, 40960, 282.90, 47
2026/02/13 01:16:52.545, 5, 54, 1, 2883, 40960, 179.47, 46
2026/02/13 01:16:52.550, 6, 48, 1, 2883, 40960, 300.21, 48
2026/02/13 01:16:52.556, 7, 51, 9, 2883, 40960, 174.80, 44
2026/02/13 01:16:53.563, 0, 80, 20, 3037, 40960, 190.78, 53
2026/02/13 01:16:53.568, 1, 71, 20, 2885, 40960, 187.67, 49
2026/02/13 01:16:53.572, 2, 67, 19, 2883, 40960, 180.04, 47
2026/02/13 01:16:53.576, 3, 50, 12, 2883, 40960, 183.07, 48
2026/02/13 01:16:53.581, 4, 69, 19, 2883, 40960, 180.74, 49
2026/02/13 01:16:53.585, 5, 71, 20, 2883, 40960, 182.69, 47
2026/02/13 01:16:53.593, 6, 62, 17, 2883, 40960, 185.12, 49
2026/02/13 01:16:53.615, 7, 53, 14, 2883, 40960, 178.02, 44
2026/02/13 01:16:54.621, 0, 84, 15, 3037, 40960, 137.79, 52
2026/02/13 01:16:54.627, 1, 46, 13, 2885, 40960, 90.12, 46
2026/02/13 01:16:54.633, 2, 45, 13, 2883, 40960, 96.69, 45
2026/02/13 01:16:54.638, 3, 65, 18, 2883, 40960, 96.48, 45
2026/02/13 01:16:54.644, 4, 47, 13, 2883, 40960, 118.66, 45
2026/02/13 01:16:54.647, 5, 47, 13, 2883, 40960, 107.90, 44
2026/02/13 01:16:54.652, 6, 43, 12, 2883, 40960, 97.24, 47
2026/02/13 01:16:54.657, 7, 58, 16, 2883, 40960, 102.08, 43
2026/02/13 01:16:55.664, 0, 84, 14, 3037, 40960, 134.99, 52
2026/02/13 01:16:55.673, 1, 45, 13, 2885, 40960, 88.87, 45
2026/02/13 01:16:55.678, 2, 45, 13, 2883, 40960, 92.49, 44
2026/02/13 01:16:55.684, 3, 65, 18, 2883, 40960, 86.53, 44
2026/02/13 01:16:55.690, 4, 46, 13, 2883, 40960, 100.21, 45
2026/02/13 01:16:55.694, 5, 46, 13, 2883, 40960, 105.02, 44
2026/02/13 01:16:55.700, 6, 42, 12, 2883, 40960, 91.61, 47
2026/02/13 01:16:55.705, 7, 59, 16, 2883, 40960, 94.45, 43
2026/02/13 01:16:56.711, 0, 80, 9, 3037, 40960, 101.30, 51
2026/02/13 01:16:56.718, 1, 56, 7, 2885, 40960, 100.00, 45
2026/02/13 01:16:56.721, 2, 56, 8, 2883, 40960, 97.25, 44
2026/02/13 01:16:56.725, 3, 52, 1, 2883, 40960, 114.13, 44
2026/02/13 01:16:56.730, 4, 53, 5, 2883, 40960, 90.86, 44
2026/02/13 01:16:56.734, 5, 53, 5, 2883, 40960, 93.31, 44
2026/02/13 01:16:56.740, 6, 50, 3, 2883, 40960, 88.22, 46
2026/02/13 01:16:56.746, 7, 47, 1, 2883, 40960, 79.00, 42
2026/02/13 01:16:57.752, 0, 84, 15, 3037, 40960, 118.91, 51
2026/02/13 01:16:57.758, 1, 51, 13, 2885, 40960, 114.94, 46
2026/02/13 01:16:57.763, 2, 50, 13, 2883, 40960, 113.31, 45
2026/02/13 01:16:57.767, 3, 45, 4, 2883, 40960, 114.38, 45
2026/02/13 01:16:57.773, 4, 45, 13, 2883, 40960, 114.12, 45
2026/02/13 01:16:57.777, 5, 45, 13, 2883, 40960, 114.51, 45
2026/02/13 01:16:57.783, 6, 49, 13, 2883, 40960, 119.45, 48
2026/02/13 01:16:57.789, 7, 45, 3, 2883, 40960, 111.32, 43
2026/02/13 01:16:58.795, 0, 55, 1, 3037, 40960, 118.66, 50
2026/02/13 01:16:58.801, 1, 56, 1, 2885, 40960, 113.84, 45
2026/02/13 01:16:58.805, 2, 58, 1, 2883, 40960, 113.31, 44
2026/02/13 01:16:58.809, 3, 47, 2, 2883, 40960, 114.13, 44
2026/02/13 01:16:58.815, 4, 51, 1, 2883, 40960, 113.58, 44
2026/02/13 01:16:58.823, 5, 51, 1, 2883, 40960, 113.96, 44
2026/02/13 01:16:58.828, 6, 47, 1, 2883, 40960, 118.96, 47
2026/02/13 01:16:58.835, 7, 48, 2, 2883, 40960, 110.77, 42
2026/02/13 01:16:59.840, 0, 85, 10, 3037, 40960, 128.52, 52
2026/02/13 01:16:59.846, 1, 31, 8, 2885, 40960, 99.75, 46
2026/02/13 01:16:59.851, 2, 33, 9, 2883, 40960, 85.76, 45
2026/02/13 01:16:59.855, 3, 45, 13, 2883, 40960, 85.18, 45
2026/02/13 01:16:59.861, 4, 25, 6, 2883, 40960, 92.20, 45
2026/02/13 01:16:59.865, 5, 25, 6, 2883, 40960, 92.26, 45
2026/02/13 01:16:59.870, 6, 21, 6, 2883, 40960, 94.41, 47
2026/02/13 01:16:59.875, 7, 47, 13, 2883, 40960, 100.51, 43
2026/02/13 01:17:00.881, 0, 86, 8, 3037, 40960, 127.53, 52
2026/02/13 01:17:00.886, 1, 20, 6, 2885, 40960, 106.99, 45
2026/02/13 01:17:00.891, 2, 22, 6, 2883, 40960, 85.46, 45
2026/02/13 01:17:00.897, 3, 45, 13, 2883, 40960, 85.43, 44
2026/02/13 01:17:00.904, 4, 14, 5, 2883, 40960, 90.31, 45
2026/02/13 01:17:00.908, 5, 14, 5, 2883, 40960, 91.72, 44
2026/02/13 01:17:00.915, 6, 15, 5, 2883, 40960, 101.67, 47
2026/02/13 01:17:00.919, 7, 41, 12, 2883, 40960, 99.96, 43
2026/02/13 01:17:01.925, 0, 49, 1, 3037, 40960, 85.21, 52
2026/02/13 01:17:01.929, 1, 48, 1, 2885, 40960, 82.77, 48
2026/02/13 01:17:01.935, 2, 52, 1, 2883, 40960, 258.71, 46
2026/02/13 01:17:01.941, 3, 51, 9, 2883, 40960, 90.27, 48
2026/02/13 01:17:01.945, 4, 43, 1, 2883, 40960, 87.68, 49
2026/02/13 01:17:01.949, 5, 43, 1, 2883, 40960, 88.87, 48
2026/02/13 01:17:01.953, 6, 42, 1, 2883, 40960, 111.02, 50
2026/02/13 01:17:01.957, 7, 52, 10, 2883, 40960, 136.01, 46
2026/02/13 01:17:02.961, 0, 74, 5, 3037, 40960, 85.76, 51
2026/02/13 01:17:02.967, 1, 50, 3, 2885, 40960, 83.02, 46
2026/02/13 01:17:02.974, 2, 51, 4, 2883, 40960, 83.95, 45
2026/02/13 01:17:02.980, 3, 43, 1, 2883, 40960, 90.52, 44
2026/02/13 01:17:02.986, 4, 47, 2, 2883, 40960, 87.68, 46
2026/02/13 01:17:02.991, 5, 47, 1, 2883, 40960, 89.12, 45
2026/02/13 01:17:02.995, 6, 48, 1, 2883, 40960, 115.47, 48
2026/02/13 01:17:03.002, 7, 41, 1, 2883, 40960, 132.38, 44
2026/02/13 01:17:04.007, 0, 84, 14, 3037, 40960, 132.28, 53
2026/02/13 01:17:04.013, 1, 46, 13, 2885, 40960, 99.50, 46
2026/02/13 01:17:04.017, 2, 15, 4, 2883, 40960, 94.54, 45
2026/02/13 01:17:04.039, 3, 16, 4, 2883, 40960, 92.55, 45
2026/02/13 01:17:04.045, 4, 16, 4, 2883, 40960, 101.19, 45
2026/02/13 01:17:04.049, 5, 15, 4, 2883, 40960, 102.44, 45
2026/02/13 01:17:04.064, 6, 15, 4, 2883, 40960, 94.01, 48
2026/02/13 01:17:04.070, 7, 16, 5, 2883, 40960, 82.06, 43
2026/02/13 01:17:05.074, 0, 41, 1, 3037, 40960, 113.00, 52
2026/02/13 01:17:05.080, 1, 42, 1, 2885, 40960, 146.38, 47
2026/02/13 01:17:05.086, 2, 42, 1, 2883, 40960, 90.43, 46
2026/02/13 01:17:05.093, 3, 54, 1, 2883, 40960, 170.19, 46
2026/02/13 01:17:05.099, 4, 41, 1, 2883, 40960, 161.31, 47
2026/02/13 01:17:05.104, 5, 40, 1, 2883, 40960, 164.36, 46
2026/02/13 01:17:05.108, 6, 39, 1, 2883, 40960, 179.27, 49
2026/02/13 01:17:05.113, 7, 58, 1, 2883, 40960, 171.44, 45
2026/02/13 01:17:06.118, 0, 69, 3, 3037, 40960, 120.82, 52
2026/02/13 01:17:06.122, 1, 50, 1, 2885, 40960, 104.59, 47
2026/02/13 01:17:06.127, 2, 47, 1, 2883, 40960, 114.61, 46
2026/02/13 01:17:06.132, 3, 58, 9, 2883, 40960, 90.27, 45
2026/02/13 01:17:06.139, 4, 53, 1, 2883, 40960, 91.65, 46
2026/02/13 01:17:06.144, 5, 53, 1, 2883, 40960, 92.26, 45
2026/02/13 01:17:06.148, 6, 57, 1, 2883, 40960, 103.56, 48
2026/02/13 01:17:06.153, 7, 56, 8, 2883, 40960, 95.14, 44
2026/02/13 01:17:07.157, 0, 40, 1, 3037, 40960, 179.44, 54
2026/02/13 01:17:07.163, 1, 41, 2, 2885, 40960, 174.85, 48
2026/02/13 01:17:07.167, 2, 40, 1, 2883, 40960, 179.94, 47
2026/02/13 01:17:07.174, 3, 47, 11, 2883, 40960, 180.94, 47
2026/02/13 01:17:07.179, 4, 41, 3, 2883, 40960, 177.82, 48
2026/02/13 01:17:07.183, 5, 41, 3, 2883, 40960, 181.06, 47
2026/02/13 01:17:07.188, 6, 44, 5, 2883, 40960, 233.09, 50
2026/02/13 01:17:07.194, 7, 50, 13, 2883, 40960, 248.43, 46
2026/02/13 01:17:08.199, 0, 81, 19, 3037, 40960, 120.26, 53
2026/02/13 01:17:08.203, 1, 63, 17, 2885, 40960, 114.39, 47
2026/02/13 01:17:08.207, 2, 70, 19, 2883, 40960, 112.58, 47
2026/02/13 01:17:08.211, 3, 57, 9, 2883, 40960, 115.05, 46
2026/02/13 01:17:08.217, 4, 58, 16, 2883, 40960, 114.92, 47
2026/02/13 01:17:08.221, 5, 56, 15, 2883, 40960, 115.85, 46
2026/02/13 01:17:08.225, 6, 52, 14, 2883, 40960, 120.79, 49
2026/02/13 01:17:08.231, 7, 55, 7, 2883, 40960, 111.87, 45
2026/02/13 01:17:09.236, 0, 61, 13, 3037, 40960, 170.94, 53
2026/02/13 01:17:09.240, 1, 56, 14, 2885, 40960, 103.24, 48
2026/02/13 01:17:09.244, 2, 59, 10, 2883, 40960, 128.88, 47
2026/02/13 01:17:09.249, 3, 51, 13, 2883, 40960, 93.21, 46
2026/02/13 01:17:09.255, 4, 58, 15, 2883, 40960, 91.95, 47
2026/02/13 01:17:09.259, 5, 59, 16, 2883, 40960, 90.62, 47
2026/02/13 01:17:09.264, 6, 63, 17, 2883, 40960, 91.86, 50
2026/02/13 01:17:09.269, 7, 49, 13, 2883, 40960, 84.09, 45
2026/02/13 01:17:10.273, 0, 86, 6, 3053, 40960, 145.76, 54
2026/02/13 01:17:10.278, 1, 10, 3, 2901, 40960, 98.70, 46
2026/02/13 01:17:10.282, 2, 9, 3, 2899, 40960, 84.40, 45
2026/02/13 01:17:10.287, 3, 9, 4, 2899, 40960, 95.14, 45
2026/02/13 01:17:10.292, 4, 10, 3, 2899, 40960, 103.03, 46
2026/02/13 01:17:10.296, 5, 10, 3, 2899, 40960, 100.55, 45
2026/02/13 01:17:10.300, 6, 10, 3, 2899, 40960, 96.44, 48
2026/02/13 01:17:10.306, 7, 9, 3, 2899, 40960, 94.59, 44
2026/02/13 01:17:11.310, 0, 73, 3, 3053, 40960, 121.37, 53
2026/02/13 01:17:11.314, 1, 46, 2, 2903, 40960, 115.19, 47
2026/02/13 01:17:11.318, 2, 40, 2, 2899, 40960, 114.35, 46
2026/02/13 01:17:11.324, 3, 26, 3, 2899, 40960, 115.05, 46
2026/02/13 01:17:11.330, 4, 47, 2, 2901, 40960, 114.12, 47
2026/02/13 01:17:11.334, 5, 48, 2, 2899, 40960, 115.31, 46
2026/02/13 01:17:11.338, 6, 50, 2, 2899, 40960, 120.55, 49
2026/02/13 01:17:11.343, 7, 30, 4, 2899, 40960, 112.42, 44
2026/02/13 01:17:12.349, 0, 63, 13, 3053, 40960, 192.35, 56
2026/02/13 01:17:12.353, 1, 58, 15, 2903, 40960, 242.12, 52
2026/02/13 01:17:12.357, 2, 51, 11, 2899, 40960, 183.73, 49
2026/02/13 01:17:12.363, 3, 52, 7, 2899, 40960, 271.34, 50
2026/02/13 01:17:12.369, 4, 60, 16, 2901, 40960, 239.15, 51
2026/02/13 01:17:12.373, 5, 61, 16, 2899, 40960, 282.40, 49
2026/02/13 01:17:12.377, 6, 62, 17, 2899, 40960, 323.64, 51
2026/02/13 01:17:12.382, 7, 54, 9, 2899, 40960, 266.10, 47
2026/02/13 01:17:13.388, 0, 83, 6, 3053, 40960, 136.84, 54
2026/02/13 01:17:13.392, 1, 18, 6, 2903, 40960, 106.48, 47
2026/02/13 01:17:13.396, 2, 17, 5, 2899, 40960, 90.33, 46
2026/02/13 01:17:13.401, 3, 16, 4, 2899, 40960, 101.00, 45
2026/02/13 01:17:13.407, 4, 14, 4, 2901, 40960, 87.93, 46
2026/02/13 01:17:13.411, 5, 13, 4, 2899, 40960, 87.22, 46
2026/02/13 01:17:13.415, 6, 13, 4, 2899, 40960, 95.21, 49
2026/02/13 01:17:13.420, 7, 15, 4, 2899, 40960, 85.34, 44
2026/02/13 01:17:14.426, 0, 42, 1, 3053, 40960, 192.31, 55
2026/02/13 01:17:14.430, 1, 42, 1, 2903, 40960, 116.12, 50
2026/02/13 01:17:14.437, 2, 47, 1, 2899, 40960, 289.87, 48
2026/02/13 01:17:14.443, 3, 53, 10, 2899, 40960, 112.79, 48
2026/02/13 01:17:14.449, 4, 41, 1, 2901, 40960, 186.03, 49
2026/02/13 01:17:14.454, 5, 40, 1, 2899, 40960, 185.54, 48
2026/02/13 01:17:14.458, 6, 40, 1, 2899, 40960, 187.82, 51
2026/02/13 01:17:14.464, 7, 50, 11, 2899, 40960, 179.02, 47
2026/02/13 01:17:15.472, 0, 71, 3, 3053, 40960, 95.74, 54
2026/02/13 01:17:15.476, 1, 51, 1, 2903, 40960, 149.31, 48
2026/02/13 01:17:15.481, 2, 46, 7, 2899, 40960, 82.59, 48
2026/02/13 01:17:15.486, 3, 41, 1, 2899, 40960, 134.02, 48
2026/02/13 01:17:15.492, 4, 53, 1, 2901, 40960, 164.22, 48
2026/02/13 01:17:15.499, 5, 54, 1, 2899, 40960, 167.46, 48
2026/02/13 01:17:15.503, 6, 55, 1, 2899, 40960, 176.34, 52
2026/02/13 01:17:15.509, 7, 39, 1, 2899, 40960, 159.04, 47
2026/02/13 01:17:16.514, 0, 85, 5, 3055, 40960, 149.91, 55
2026/02/13 01:17:16.521, 1, 12, 4, 2903, 40960, 94.66, 47
2026/02/13 01:17:16.535, 2, 12, 4, 2901, 40960, 100.86, 47
2026/02/13 01:17:16.539, 3, 24, 7, 2901, 40960, 82.49, 46
2026/02/13 01:17:16.545, 4, 11, 4, 2901, 40960, 103.57, 47
2026/02/13 01:17:16.558, 5, 11, 4, 2901, 40960, 101.10, 46
2026/02/13 01:17:16.563, 6, 11, 4, 2901, 40960, 103.38, 49
2026/02/13 01:17:16.571, 7, 24, 7, 2901, 40960, 101.11, 45
2026/02/13 01:17:17.576, 0, 88, 4, 3055, 40960, 115.16, 54
2026/02/13 01:17:17.582, 1, 31, 4, 2903, 40960, 114.94, 48
2026/02/13 01:17:17.586, 2, 21, 4, 2901, 40960, 94.50, 47
2026/02/13 01:17:17.591, 3, 16, 5, 2901, 40960, 113.58, 47
2026/02/13 01:17:17.598, 4, 32, 3, 2901, 40960, 114.67, 47
2026/02/13 01:17:17.604, 5, 32, 3, 2901, 40960, 115.85, 47
2026/02/13 01:17:17.608, 6, 32, 3, 2901, 40960, 120.79, 50
2026/02/13 01:17:17.613, 7, 12, 4, 2901, 40960, 111.57, 45
2026/02/13 01:17:18.619, 0, 82, 18, 3055, 40960, 280.38, 55
2026/02/13 01:17:18.625, 1, 51, 13, 2903, 40960, 107.78, 48
2026/02/13 01:17:18.629, 2, 66, 18, 2901, 40960, 100.20, 48
2026/02/13 01:17:18.633, 3, 53, 9, 2901, 40960, 137.50, 47
2026/02/13 01:17:18.638, 4, 50, 13, 2901, 40960, 140.91, 48
2026/02/13 01:17:18.644, 5, 50, 13, 2901, 40960, 125.76, 48
2026/02/13 01:17:18.648, 6, 50, 13, 2901, 40960, 137.10, 51
2026/02/13 01:17:18.654, 7, 50, 7, 2901, 40960, 137.89, 46
2026/02/13 01:17:19.659, 0, 86, 6, 3071, 40960, 155.19, 55
2026/02/13 01:17:19.665, 1, 9, 3, 2919, 40960, 87.52, 47
2026/02/13 01:17:19.668, 2, 9, 3, 2917, 40960, 82.50, 47
2026/02/13 01:17:19.672, 3, 10, 3, 2917, 40960, 95.79, 46
2026/02/13 01:17:19.678, 4, 9, 3, 2917, 40960, 83.10, 47
2026/02/13 01:17:19.681, 5, 10, 4, 2917, 40960, 81.33, 46
2026/02/13 01:17:19.686, 6, 9, 4, 2917, 40960, 89.82, 49
2026/02/13 01:17:19.691, 7, 10, 3, 2917, 40960, 82.24, 45
2026/02/13 01:17:20.697, 0, 85, 4, 3071, 40960, 122.28, 54
2026/02/13 01:17:20.704, 1, 32, 4, 2919, 40960, 104.34, 48
2026/02/13 01:17:20.708, 2, 51, 1, 2917, 40960, 115.46, 47
2026/02/13 01:17:20.712, 3, 49, 2, 2917, 40960, 115.97, 47
2026/02/13 01:17:20.717, 4, 34, 4, 2917, 40960, 95.39, 47
2026/02/13 01:17:20.722, 5, 34, 3, 2917, 40960, 91.17, 47
2026/02/13 01:17:20.726, 6, 34, 3, 2917, 40960, 101.53, 50
2026/02/13 01:17:20.733, 7, 53, 2, 2917, 40960, 98.72, 45
2026/02/13 01:17:21.739, 0, 75, 19, 3071, 40960, 195.83, 57
2026/02/13 01:17:21.745, 1, 66, 18, 2919, 40960, 184.19, 51
2026/02/13 01:17:21.772, 2, 62, 17, 2917, 40960, 338.26, 49
2026/02/13 01:17:21.776, 3, 51, 11, 2917, 40960, 108.76, 49
2026/02/13 01:17:21.780, 4, 61, 17, 2917, 40960, 182.11, 50
2026/02/13 01:17:21.792, 5, 61, 16, 2917, 40960, 112.79, 49
2026/02/13 01:17:21.796, 6, 62, 17, 2917, 40960, 95.71, 52
2026/02/13 01:17:21.802, 7, 48, 11, 2917, 40960, 88.03, 47
2026/02/13 01:17:22.806, 0, 54, 9, 3071, 40960, 185.75, 56
2026/02/13 01:17:22.814, 1, 53, 11, 2919, 40960, 186.41, 51
2026/02/13 01:17:22.819, 2, 51, 8, 2917, 40960, 262.43, 50
2026/02/13 01:17:22.823, 3, 45, 1, 2917, 40960, 107.84, 50
2026/02/13 01:17:22.830, 4, 50, 11, 2917, 40960, 183.69, 50
2026/02/13 01:17:22.837, 5, 50, 11, 2917, 40960, 186.12, 50
2026/02/13 01:17:22.842, 6, 53, 11, 2917, 40960, 188.91, 54
2026/02/13 01:17:22.848, 7, 45, 1, 2917, 40960, 179.27, 48
2026/02/13 01:17:23.854, 0, 82, 5, 3071, 40960, 132.83, 55
2026/02/13 01:17:23.861, 1, 14, 4, 2919, 40960, 89.67, 48
2026/02/13 01:17:23.866, 2, 16, 5, 2917, 40960, 98.04, 48
2026/02/13 01:17:23.870, 3, 16, 4, 2917, 40960, 99.52, 47
2026/02/13 01:17:23.874, 4, 14, 4, 2917, 40960, 97.96, 48
2026/02/13 01:17:23.879, 5, 15, 4, 2917, 40960, 99.20, 47
2026/02/13 01:17:23.883, 6, 14, 4, 2917, 40960, 93.75, 50
2026/02/13 01:17:23.888, 7, 15, 4, 2917, 40960, 84.88, 45
2026/02/13 01:17:24.894, 0, 0, 0, 3071, 40960, 84.25, 52
2026/02/13 01:17:24.899, 1, 0, 0, 2919, 40960, 79.02, 46
2026/02/13 01:17:24.904, 2, 0, 0, 2917, 40960, 79.07, 46
2026/02/13 01:17:24.910, 3, 0, 0, 2917, 40960, 78.84, 45
2026/02/13 01:17:24.914, 4, 0, 0, 2917, 40960, 78.91, 46
2026/02/13 01:17:24.918, 5, 0, 0, 2917, 40960, 78.13, 45
2026/02/13 01:17:24.923, 6, 0, 0, 2917, 40960, 86.32, 49
2026/02/13 01:17:24.929, 7, 0, 0, 2917, 40960, 76.61, 44
2026/02/13 01:17:25.934, 0, 0, 0, 3071, 40960, 83.70, 52
2026/02/13 01:17:25.943, 1, 0, 0, 2919, 40960, 62.44, 45
2026/02/13 01:17:25.948, 2, 0, 0, 2917, 40960, 78.91, 46
2026/02/13 01:17:25.954, 3, 0, 0, 2917, 40960, 62.47, 44
2026/02/13 01:17:25.958, 4, 0, 0, 2917, 40960, 62.40, 45
2026/02/13 01:17:25.963, 5, 0, 0, 2917, 40960, 61.51, 44
2026/02/13 01:17:25.970, 6, 0, 0, 2917, 40960, 67.09, 48
2026/02/13 01:17:25.975, 7, 0, 0, 2917, 40960, 62.23, 44
2026/02/13 01:17:26.979, 0, 0, 0, 3071, 40960, 64.57, 50
2026/02/13 01:17:26.983, 1, 0, 0, 2919, 40960, 62.44, 45
2026/02/13 01:17:27.005, 2, 0, 0, 2917, 40960, 61.86, 45
2026/02/13 01:17:27.011, 3, 0, 0, 2917, 40960, 61.44, 44
2026/02/13 01:17:27.015, 4, 0, 0, 2917, 40960, 62.15, 45
2026/02/13 01:17:27.019, 5, 0, 0, 2917, 40960, 61.26, 44
2026/02/13 01:17:27.023, 6, 0, 0, 2917, 40960, 67.09, 47
2026/02/13 01:17:27.043, 7, 0, 0, 2917, 40960, 60.88, 43
2026/02/13 01:17:28.047, 0, 0, 0, 3071, 40960, 64.57, 50
2026/02/13 01:17:28.052, 1, 0, 0, 2919, 40960, 62.44, 45
2026/02/13 01:17:28.058, 2, 0, 0, 2917, 40960, 61.86, 45
2026/02/13 01:17:28.065, 3, 0, 0, 2917, 40960, 61.20, 44
2026/02/13 01:17:28.071, 4, 0, 0, 2917, 40960, 62.15, 45
2026/02/13 01:17:28.075, 5, 0, 0, 2917, 40960, 61.26, 44
2026/02/13 01:17:28.081, 6, 0, 0, 2917, 40960, 66.84, 47
2026/02/13 01:17:28.086, 7, 0, 0, 2917, 40960, 60.58, 43
2026/02/13 01:17:29.090, 0, 0, 0, 3071, 40960, 64.32, 50
2026/02/13 01:17:29.096, 1, 0, 0, 2919, 40960, 62.14, 45
2026/02/13 01:17:29.103, 2, 0, 0, 2917, 40960, 61.93, 45
2026/02/13 01:17:29.108, 3, 0, 0, 2917, 40960, 61.20, 43
2026/02/13 01:17:29.114, 4, 0, 0, 2917, 40960, 62.15, 45
2026/02/13 01:17:29.118, 5, 0, 0, 2917, 40960, 61.26, 44
2026/02/13 01:17:29.124, 6, 0, 0, 2917, 40960, 66.84, 47
2026/02/13 01:17:29.130, 7, 0, 0, 2917, 40960, 60.58, 43
2026/02/13 01:17:30.134, 0, 0, 0, 3071, 40960, 64.32, 50
2026/02/13 01:17:30.140, 1, 0, 0, 2919, 40960, 62.14, 45
2026/02/13 01:17:30.145, 2, 0, 0, 2917, 40960, 61.86, 45
2026/02/13 01:17:30.149, 3, 0, 0, 2917, 40960, 61.20, 43
2026/02/13 01:17:30.155, 4, 0, 0, 2917, 40960, 62.15, 45
2026/02/13 01:17:30.159, 5, 0, 0, 2917, 40960, 61.26, 44
2026/02/13 01:17:30.164, 6, 0, 0, 2917, 40960, 66.84, 47
2026/02/13 01:17:30.168, 7, 0, 0, 2917, 40960, 60.58, 43
2026/02/13 01:17:31.172, 0, 0, 0, 3071, 40960, 64.32, 50
2026/02/13 01:17:31.176, 1, 0, 0, 2919, 40960, 62.14, 44
2026/02/13 01:17:31.182, 2, 0, 0, 2917, 40960, 61.86, 45
2026/02/13 01:17:31.187, 3, 0, 0, 2917, 40960, 61.20, 43
2026/02/13 01:17:31.195, 4, 0, 0, 2917, 40960, 62.15, 45
2026/02/13 01:17:31.199, 5, 0, 0, 2917, 40960, 61.26, 43
2026/02/13 01:17:31.204, 6, 0, 0, 2917, 40960, 66.84, 47
2026/02/13 01:17:31.211, 7, 0, 0, 2917, 40960, 60.58, 43
2026/02/13 01:17:32.215, 0, 0, 0, 3071, 40960, 64.32, 50
2026/02/13 01:17:32.220, 1, 0, 0, 2919, 40960, 62.14, 44
2026/02/13 01:17:32.225, 2, 0, 0, 2917, 40960, 61.93, 45
2026/02/13 01:17:32.231, 3, 0, 0, 2917, 40960, 61.20, 43
2026/02/13 01:17:32.234, 4, 0, 0, 2917, 40960, 62.15, 45
2026/02/13 01:17:32.238, 5, 0, 0, 2917, 40960, 61.26, 43
2026/02/13 01:17:32.242, 6, 0, 0, 2917, 40960, 66.84, 47
2026/02/13 01:17:32.248, 7, 0, 0, 2917, 40960, 60.58, 43
2026/02/13 01:17:33.252, 0, 0, 0, 3071, 40960, 64.32, 50
2026/02/13 01:17:33.256, 1, 0, 0, 2919, 40960, 62.14, 44
2026/02/13 01:17:33.262, 2, 0, 0, 2917, 40960, 61.86, 45
2026/02/13 01:17:33.267, 3, 0, 0, 2917, 40960, 61.13, 43
2026/02/13 01:17:33.272, 4, 0, 0, 2917, 40960, 62.15, 45
2026/02/13 01:17:33.276, 5, 0, 0, 2917, 40960, 61.26, 43
2026/02/13 01:17:33.282, 6, 0, 0, 2917, 40960, 66.84, 47
2026/02/13 01:17:33.287, 7, 0, 0, 2917, 40960, 60.58, 43
2026/02/13 01:17:34.292, 0, 0, 0, 3071, 40960, 64.32, 50
2026/02/13 01:17:34.296, 1, 0, 0, 2919, 40960, 62.14, 44
2026/02/13 01:17:34.302, 2, 0, 0, 2917, 40960, 61.86, 45
2026/02/13 01:17:34.307, 3, 0, 0, 2917, 40960, 61.20, 43
2026/02/13 01:17:34.313, 4, 0, 0, 2917, 40960, 62.15, 45
2026/02/13 01:17:34.317, 5, 0, 0, 2917, 40960, 61.02, 43
2026/02/13 01:17:34.321, 6, 0, 0, 2917, 40960, 66.84, 47
2026/02/13 01:17:34.327, 7, 0, 0, 2917, 40960, 60.58, 43
2026/02/13 01:17:35.333, 0, 1, 0, 3067, 40960, 64.32, 49
2026/02/13 01:17:35.337, 1, 1, 0, 2915, 40960, 62.44, 44
2026/02/13 01:17:35.343, 2, 1, 0, 2913, 40960, 61.86, 45
2026/02/13 01:17:35.349, 3, 0, 0, 2913, 40960, 61.20, 43
2026/02/13 01:17:35.356, 4, 1, 0, 2913, 40960, 62.15, 45
2026/02/13 01:17:35.387, 5, 1, 0, 2913, 40960, 61.02, 43
2026/02/13 01:17:35.439, 6, 0, 0, 2911, 40960, 67.09, 47
2026/02/13 01:17:35.522, 7, 1, 0, 2911, 40960, 61.13, 43
2026/02/13 01:17:36.570, 0, 0, 0, 0, 40960, 65.31, 49
2026/02/13 01:17:36.638, 1, 0, 0, 0, 40960, 68.04, 44
2026/02/13 01:17:36.643, 2, 0, 0, 0, 40960, 61.86, 45
2026/02/13 01:17:36.648, 3, 0, 0, 0, 40960, 63.03, 43
2026/02/13 01:17:36.652, 4, 5, 0, 0, 40960, 62.65, 45
2026/02/13 01:17:36.657, 5, 4, 0, 0, 40960, 65.56, 43
2026/02/13 01:17:36.661, 6, 4, 0, 0, 40960, 73.83, 47
2026/02/13 01:17:36.665, 7, 6, 0, 0, 40960, 64.62, 43
2026/02/13 01:17:37.669, 0, 0, 0, 0, 40960, 59.44, 49
2026/02/13 01:17:37.675, 1, 0, 0, 0, 40960, 67.79, 44
2026/02/13 01:17:37.680, 2, 0, 0, 0, 40960, 61.61, 44
2026/02/13 01:17:37.688, 3, 0, 0, 0, 40960, 74.80, 44
2026/02/13 01:17:37.693, 4, 0, 0, 0, 40960, 56.78, 44
2026/02/13 01:17:37.704, 5, 0, 0, 0, 40960, 65.31, 43
2026/02/13 01:17:37.707, 6, 0, 0, 0, 40960, 74.08, 47
2026/02/13 01:17:37.711, 7, 0, 0, 0, 40960, 64.62, 43
2026/02/13 01:17:38.717, 0, 0, 0, 0, 40960, 58.90, 49
2026/02/13 01:17:38.722, 1, 0, 0, 0, 40960, 56.29, 44
2026/02/13 01:17:38.727, 2, 0, 0, 0, 40960, 56.79, 44
2026/02/13 01:17:38.732, 3, 0, 0, 0, 40960, 55.56, 43
2026/02/13 01:17:38.737, 4, 0, 0, 0, 40960, 56.52, 44
2026/02/13 01:17:38.743, 5, 0, 0, 0, 40960, 55.36, 43
2026/02/13 01:17:38.753, 6, 0, 0, 0, 40960, 60.95, 47
2026/02/13 01:17:38.758, 7, 0, 0, 0, 40960, 54.94, 42
2026/02/13 01:17:39.764, 0, 0, 0, 0, 40960, 58.65, 49
2026/02/13 01:17:39.769, 1, 0, 0, 0, 40960, 56.29, 44
2026/02/13 01:17:39.774, 2, 0, 0, 0, 40960, 56.29, 44
2026/02/13 01:17:39.780, 3, 0, 0, 0, 40960, 55.30, 43
2026/02/13 01:17:39.787, 4, 0, 0, 0, 40960, 56.22, 44
2026/02/13 01:17:39.795, 5, 0, 0, 0, 40960, 55.36, 43
2026/02/13 01:17:39.800, 6, 0, 0, 0, 40960, 60.95, 46
2026/02/13 01:17:39.808, 7, 0, 0, 0, 40960, 54.94, 42
2026/02/13 01:17:40.813, 0, 0, 0, 0, 40960, 58.65, 49
2026/02/13 01:17:40.818, 1, 0, 0, 0, 40960, 56.29, 44
2026/02/13 01:17:40.824, 2, 0, 0, 0, 40960, 56.29, 44
2026/02/13 01:17:40.829, 3, 0, 0, 0, 40960, 55.30, 43
2026/02/13 01:17:40.837, 4, 0, 0, 0, 40960, 56.22, 44
2026/02/13 01:17:40.844, 5, 0, 0, 0, 40960, 55.68, 43
2026/02/13 01:17:40.849, 6, 0, 0, 0, 40960, 60.65, 46
2026/02/13 01:17:40.857, 7, 0, 0, 0, 40960, 54.94, 42
2026/02/13 01:17:41.862, 0, 0, 0, 0, 40960, 58.65, 49
2026/02/13 01:17:41.867, 1, 0, 0, 0, 40960, 56.29, 44
2026/02/13 01:17:41.875, 2, 0, 0, 0, 40960, 56.29, 44
2026/02/13 01:17:41.880, 3, 0, 0, 0, 40960, 55.30, 42
2026/02/13 01:17:41.885, 4, 0, 0, 0, 40960, 56.22, 44
2026/02/13 01:17:41.890, 5, 0, 0, 0, 40960, 55.68, 43
2026/02/13 01:17:41.895, 6, 0, 0, 0, 40960, 60.65, 46
2026/02/13 01:17:41.900, 7, 0, 0, 0, 40960, 54.94, 42
2026/02/13 01:17:42.907, 0, 0, 0, 0, 40960, 58.65, 49
2026/02/13 01:17:42.912, 1, 0, 0, 0, 40960, 56.29, 44
2026/02/13 01:17:42.920, 2, 0, 0, 0, 40960, 56.29, 44
2026/02/13 01:17:42.929, 3, 0, 0, 0, 40960, 55.30, 42
2026/02/13 01:17:42.936, 4, 0, 0, 0, 40960, 56.22, 44
2026/02/13 01:17:42.943, 5, 0, 0, 0, 40960, 55.68, 43
2026/02/13 01:17:42.949, 6, 0, 0, 0, 40960, 60.65, 46
2026/02/13 01:17:42.956, 7, 0, 0, 0, 40960, 54.94, 42
2026/02/13 01:17:43.961, 0, 0, 0, 0, 40960, 58.39, 49
2026/02/13 01:17:43.967, 1, 0, 0, 0, 40960, 56.04, 44
2026/02/13 01:17:43.974, 2, 0, 0, 0, 40960, 56.29, 44
2026/02/13 01:17:43.980, 3, 0, 0, 0, 40960, 55.30, 42
2026/02/13 01:17:43.987, 4, 0, 0, 0, 40960, 56.22, 44
2026/02/13 01:17:43.995, 5, 0, 0, 0, 40960, 55.68, 42
2026/02/13 01:17:44.000, 6, 0, 0, 0, 40960, 60.65, 46
2026/02/13 01:17:44.008, 7, 0, 0, 0, 40960, 54.94, 42
2026/02/13 01:17:45.013, 0, 0, 0, 0, 40960, 58.39, 49
2026/02/13 01:17:45.019, 1, 0, 0, 0, 40960, 56.04, 43
2026/02/13 01:17:45.027, 2, 0, 0, 0, 40960, 56.29, 44
2026/02/13 01:17:45.032, 3, 0, 0, 0, 40960, 55.30, 42
2026/02/13 01:17:45.040, 4, 0, 0, 0, 40960, 56.22, 44
2026/02/13 01:17:45.045, 5, 0, 0, 0, 40960, 55.68, 42
2026/02/13 01:17:45.050, 6, 0, 0, 0, 40960, 60.65, 46
2026/02/13 01:17:45.058, 7, 0, 0, 0, 40960, 54.94, 42
2026/02/13 01:17:46.064, 0, 0, 0, 0, 40960, 58.39, 49
2026/02/13 01:17:46.070, 1, 0, 0, 0, 40960, 56.04, 43
2026/02/13 01:17:46.077, 2, 0, 0, 0, 40960, 56.29, 44
2026/02/13 01:17:46.085, 3, 0, 0, 0, 40960, 55.00, 42
2026/02/13 01:17:46.093, 4, 0, 0, 0, 40960, 56.22, 44
2026/02/13 01:17:46.099, 5, 0, 0, 0, 40960, 55.42, 42
2026/02/13 01:17:46.106, 6, 0, 0, 0, 40960, 60.65, 46
2026/02/13 01:17:46.113, 7, 0, 0, 0, 40960, 54.69, 42
2026/02/13 01:17:47.119, 0, 0, 0, 0, 40960, 58.39, 48
2026/02/13 01:17:47.124, 1, 0, 0, 0, 40960, 56.04, 43
2026/02/13 01:17:47.132, 2, 0, 0, 0, 40960, 56.29, 44
2026/02/13 01:17:47.137, 3, 0, 0, 0, 40960, 55.00, 42
2026/02/13 01:17:47.142, 4, 0, 0, 0, 40960, 56.22, 44
2026/02/13 01:17:47.149, 5, 0, 0, 0, 40960, 55.68, 42
2026/02/13 01:17:47.156, 6, 0, 0, 0, 40960, 60.65, 46
2026/02/13 01:17:47.161, 7, 0, 0, 0, 40960, 54.69, 42
2026/02/13 01:17:48.166, 0, 0, 0, 0, 40960, 58.39, 48
2026/02/13 01:17:48.172, 1, 0, 0, 0, 40960, 56.04, 43
2026/02/13 01:17:48.179, 2, 0, 0, 0, 40960, 56.29, 44
2026/02/13 01:17:48.184, 3, 0, 0, 0, 40960, 55.00, 42
2026/02/13 01:17:48.193, 4, 0, 0, 0, 40960, 56.22, 44
2026/02/13 01:17:48.198, 5, 0, 0, 0, 40960, 55.36, 42
2026/02/13 01:17:48.203, 6, 0, 0, 0, 40960, 60.65, 46
2026/02/13 01:17:48.211, 7, 0, 0, 0, 40960, 54.75, 42
