nohup: ignoring input
2026/02/19 03:41:21.866, 0, 0, 0, 0, 40960, 52.24, 33
2026/02/19 03:41:21.879, 1, 0, 0, 0, 40960, 51.61, 31
2026/02/19 03:41:21.886, 2, 0, 0, 0, 40960, 53.96, 33
2026/02/19 03:41:21.893, 3, 0, 0, 0, 40960, 52.60, 31
2026/02/19 03:41:21.901, 4, 0, 0, 0, 40960, 51.20, 32
2026/02/19 03:41:21.908, 5, 0, 0, 0, 40960, 51.75, 32
2026/02/19 03:41:21.915, 6, 0, 0, 0, 40960, 54.02, 33
2026/02/19 03:41:21.925, 7, 0, 0, 0, 40960, 52.00, 32
2026/02/19 03:41:22.932, 0, 0, 0, 0, 40960, 51.94, 33
2026/02/19 03:41:22.940, 1, 0, 0, 0, 40960, 51.61, 31
2026/02/19 03:41:22.946, 2, 0, 0, 0, 40960, 53.96, 33
2026/02/19 03:41:22.954, 3, 0, 0, 0, 40960, 52.35, 31
2026/02/19 03:41:22.961, 4, 0, 0, 0, 40960, 51.20, 32
2026/02/19 03:41:22.967, 5, 0, 0, 0, 40960, 51.75, 32
2026/02/19 03:41:22.974, 6, 0, 0, 0, 40960, 54.02, 33
2026/02/19 03:41:22.981, 7, 0, 0, 0, 40960, 52.00, 32
2026/02/19 03:41:23.989, 0, 0, 0, 0, 40960, 51.94, 33
2026/02/19 03:41:23.997, 1, 0, 0, 0, 40960, 51.55, 31
2026/02/19 03:41:24.002, 2, 0, 0, 0, 40960, 53.96, 33
2026/02/19 03:41:24.010, 3, 0, 0, 0, 40960, 52.35, 32
2026/02/19 03:41:24.018, 4, 0, 0, 0, 40960, 51.20, 32
2026/02/19 03:41:24.023, 5, 0, 0, 0, 40960, 51.75, 32
2026/02/19 03:41:24.031, 6, 0, 0, 0, 40960, 54.02, 33
2026/02/19 03:41:24.039, 7, 0, 0, 0, 40960, 52.00, 32
2026/02/19 03:41:25.046, 0, 0, 0, 0, 40960, 51.94, 33
2026/02/19 03:41:25.054, 1, 0, 0, 0, 40960, 51.61, 31
2026/02/19 03:41:25.060, 2, 0, 0, 0, 40960, 53.96, 33
2026/02/19 03:41:25.067, 3, 0, 0, 0, 40960, 52.60, 32
2026/02/19 03:41:25.072, 4, 0, 0, 0, 40960, 50.95, 32
2026/02/19 03:41:25.078, 5, 0, 0, 0, 40960, 51.75, 32
2026/02/19 03:41:25.086, 6, 0, 0, 0, 40960, 54.02, 33
2026/02/19 03:41:25.094, 7, 0, 0, 0, 40960, 52.00, 32
2026/02/19 03:41:26.101, 0, 0, 0, 0, 40960, 51.94, 33
2026/02/19 03:41:26.109, 1, 0, 0, 0, 40960, 51.61, 31
2026/02/19 03:41:26.114, 2, 0, 0, 0, 40960, 53.96, 33
2026/02/19 03:41:26.122, 3, 0, 0, 0, 40960, 52.35, 32
2026/02/19 03:41:26.130, 4, 0, 0, 0, 40960, 50.95, 32
2026/02/19 03:41:26.135, 5, 0, 0, 0, 40960, 51.75, 32
2026/02/19 03:41:26.144, 6, 0, 0, 0, 40960, 54.32, 33
2026/02/19 03:41:26.151, 7, 0, 0, 0, 40960, 52.00, 32
2026/02/19 03:41:27.159, 0, 0, 0, 0, 40960, 51.94, 33
2026/02/19 03:41:27.168, 1, 0, 0, 0, 40960, 51.61, 31
2026/02/19 03:41:27.173, 2, 0, 0, 0, 40960, 53.96, 33
2026/02/19 03:41:27.181, 3, 0, 0, 0, 40960, 52.60, 32
2026/02/19 03:41:27.188, 4, 0, 0, 0, 40960, 50.95, 32
2026/02/19 03:41:27.195, 5, 0, 0, 0, 40960, 51.75, 32
2026/02/19 03:41:27.203, 6, 0, 0, 0, 40960, 54.32, 33
2026/02/19 03:41:27.211, 7, 0, 0, 0, 40960, 52.00, 32
2026/02/19 03:41:28.218, 0, 0, 0, 0, 40960, 51.94, 33
2026/02/19 03:41:28.226, 1, 0, 0, 0, 40960, 51.61, 31
2026/02/19 03:41:28.231, 2, 0, 0, 0, 40960, 53.96, 33
2026/02/19 03:41:28.239, 3, 0, 0, 0, 40960, 52.60, 32
2026/02/19 03:41:28.247, 4, 0, 0, 0, 40960, 50.95, 32
2026/02/19 03:41:28.252, 5, 0, 0, 0, 40960, 52.00, 32
2026/02/19 03:41:28.262, 6, 0, 0, 0, 40960, 54.32, 33
2026/02/19 03:41:28.270, 7, 0, 0, 0, 40960, 52.00, 32
2026/02/19 03:41:29.275, 0, 0, 0, 0, 40960, 51.94, 33
2026/02/19 03:41:29.283, 1, 0, 0, 0, 40960, 51.61, 31
2026/02/19 03:41:29.288, 2, 0, 0, 0, 40960, 53.96, 33
2026/02/19 03:41:29.296, 3, 0, 0, 0, 40960, 52.60, 32
2026/02/19 03:41:29.304, 4, 0, 0, 0, 40960, 50.95, 32
2026/02/19 03:41:29.312, 5, 0, 0, 0, 40960, 51.75, 32
2026/02/19 03:41:29.319, 6, 0, 0, 0, 40960, 54.32, 33
2026/02/19 03:41:29.327, 7, 0, 0, 0, 40960, 52.29, 32
2026/02/19 03:41:30.335, 0, 0, 0, 3, 40960, 51.94, 33
2026/02/19 03:41:30.345, 1, 0, 0, 3, 40960, 51.55, 31
2026/02/19 03:41:30.351, 2, 0, 0, 3, 40960, 53.96, 33
2026/02/19 03:41:30.382, 3, 0, 0, 3, 40960, 52.60, 32
2026/02/19 03:41:30.391, 4, 0, 0, 3, 40960, 51.49, 32
2026/02/19 03:41:30.421, 5, 0, 0, 0, 40960, 51.75, 32
2026/02/19 03:41:30.430, 6, 0, 0, 0, 40960, 54.32, 33
2026/02/19 03:41:30.462, 7, 0, 0, 0, 40960, 52.29, 32
2026/02/19 03:41:31.470, 0, 0, 0, 20, 40960, 60.26, 34
2026/02/19 03:41:31.475, 1, 0, 0, 3, 40960, 51.55, 32
2026/02/19 03:41:31.483, 2, 0, 0, 3, 40960, 54.26, 33
2026/02/19 03:41:31.488, 3, 0, 0, 3, 40960, 52.60, 32
2026/02/19 03:41:31.493, 4, 0, 0, 3, 40960, 50.95, 32
2026/02/19 03:41:31.499, 5, 0, 0, 3, 40960, 51.75, 33
2026/02/19 03:41:31.505, 6, 0, 0, 3, 40960, 54.32, 33
2026/02/19 03:41:31.511, 7, 0, 0, 3, 40960, 52.54, 32
2026/02/19 03:41:32.532, 0, 0, 0, 539, 40960, 57.32, 34
2026/02/19 03:41:32.551, 1, 0, 0, 3, 40960, 51.55, 32
2026/02/19 03:41:32.560, 2, 0, 0, 3, 40960, 54.26, 33
2026/02/19 03:41:32.568, 3, 0, 0, 3, 40960, 52.60, 32
2026/02/19 03:41:32.577, 4, 0, 0, 3, 40960, 50.95, 32
2026/02/19 03:41:32.585, 5, 0, 0, 3, 40960, 52.00, 33
2026/02/19 03:41:32.594, 6, 0, 0, 3, 40960, 54.32, 33
2026/02/19 03:41:32.602, 7, 0, 0, 3, 40960, 52.00, 33
2026/02/19 03:41:33.610, 0, 0, 0, 1455, 40960, 57.32, 34
2026/02/19 03:41:33.616, 1, 0, 0, 3, 40960, 51.55, 32
2026/02/19 03:41:33.624, 2, 0, 0, 3, 40960, 54.26, 33
2026/02/19 03:41:33.631, 3, 0, 0, 3, 40960, 52.85, 32
2026/02/19 03:41:33.639, 4, 0, 0, 3, 40960, 50.95, 32
2026/02/19 03:41:33.647, 5, 0, 0, 3, 40960, 51.75, 33
2026/02/19 03:41:33.654, 6, 0, 0, 3, 40960, 54.32, 33
2026/02/19 03:41:33.662, 7, 0, 0, 3, 40960, 52.00, 33
2026/02/19 03:41:34.672, 0, 0, 0, 5649, 40960, 57.32, 34
2026/02/19 03:41:34.678, 1, 0, 0, 3, 40960, 51.55, 32
2026/02/19 03:41:34.683, 2, 0, 0, 3, 40960, 54.26, 33
2026/02/19 03:41:34.691, 3, 0, 0, 3, 40960, 52.60, 32
2026/02/19 03:41:34.699, 4, 0, 0, 3, 40960, 50.95, 32
2026/02/19 03:41:34.706, 5, 0, 0, 3, 40960, 51.75, 33
2026/02/19 03:41:34.714, 6, 0, 0, 3, 40960, 54.32, 33
2026/02/19 03:41:34.721, 7, 0, 0, 3, 40960, 52.00, 33
2026/02/19 03:41:35.729, 0, 0, 0, 5649, 40960, 57.32, 34
2026/02/19 03:41:35.734, 1, 0, 0, 3, 40960, 51.55, 32
2026/02/19 03:41:35.740, 2, 0, 0, 3, 40960, 54.26, 33
2026/02/19 03:41:35.747, 3, 0, 0, 3, 40960, 52.60, 32
2026/02/19 03:41:35.756, 4, 0, 0, 3, 40960, 50.95, 32
2026/02/19 03:41:35.764, 5, 0, 0, 3, 40960, 51.75, 33
2026/02/19 03:41:35.771, 6, 0, 0, 3, 40960, 54.32, 33
2026/02/19 03:41:35.779, 7, 0, 0, 3, 40960, 52.00, 33
2026/02/19 03:41:36.787, 0, 0, 0, 5709, 40960, 57.57, 34
2026/02/19 03:41:36.793, 1, 0, 0, 3, 40960, 51.55, 32
2026/02/19 03:41:36.799, 2, 0, 0, 3, 40960, 54.26, 33
2026/02/19 03:41:36.805, 3, 0, 0, 3, 40960, 52.60, 32
2026/02/19 03:41:36.810, 4, 0, 0, 3, 40960, 50.95, 32
2026/02/19 03:41:36.817, 5, 0, 0, 3, 40960, 52.00, 33
2026/02/19 03:41:36.826, 6, 0, 0, 3, 40960, 54.32, 33
2026/02/19 03:41:36.831, 7, 0, 0, 3, 40960, 52.00, 33
2026/02/19 03:41:37.839, 0, 0, 0, 5709, 40960, 57.57, 34
2026/02/19 03:41:37.845, 1, 0, 0, 3, 40960, 51.55, 32
2026/02/19 03:41:37.853, 2, 0, 0, 3, 40960, 54.26, 33
2026/02/19 03:41:37.860, 3, 0, 0, 3, 40960, 52.85, 32
2026/02/19 03:41:37.867, 4, 0, 0, 3, 40960, 50.95, 32
2026/02/19 03:41:37.875, 5, 0, 0, 3, 40960, 51.75, 33
2026/02/19 03:41:37.883, 6, 0, 0, 3, 40960, 54.32, 33
2026/02/19 03:41:37.891, 7, 0, 0, 3, 40960, 52.00, 33
2026/02/19 03:41:38.899, 0, 0, 0, 5709, 40960, 57.57, 34
2026/02/19 03:41:38.904, 1, 0, 0, 3, 40960, 51.55, 32
2026/02/19 03:41:38.910, 2, 0, 0, 3, 40960, 54.26, 33
2026/02/19 03:41:38.917, 3, 0, 0, 3, 40960, 52.60, 32
2026/02/19 03:41:38.925, 4, 0, 0, 3, 40960, 50.95, 32
2026/02/19 03:41:38.932, 5, 0, 0, 3, 40960, 52.00, 33
2026/02/19 03:41:38.942, 6, 0, 0, 3, 40960, 54.32, 34
2026/02/19 03:41:38.949, 7, 0, 0, 3, 40960, 52.00, 33
2026/02/19 03:41:39.957, 0, 0, 0, 5709, 40960, 57.57, 34
2026/02/19 03:41:39.963, 1, 0, 0, 3, 40960, 51.55, 32
2026/02/19 03:41:39.970, 2, 0, 0, 3, 40960, 54.26, 33
2026/02/19 03:41:39.977, 3, 0, 0, 3, 40960, 52.60, 32
2026/02/19 03:41:39.985, 4, 0, 0, 3, 40960, 50.95, 32
2026/02/19 03:41:39.993, 5, 0, 0, 3, 40960, 52.00, 33
2026/02/19 03:41:40.000, 6, 0, 0, 3, 40960, 54.32, 34
2026/02/19 03:41:40.008, 7, 0, 0, 3, 40960, 52.00, 33
2026/02/19 03:41:41.017, 0, 0, 0, 5709, 40960, 58.12, 34
2026/02/19 03:41:41.023, 1, 0, 0, 3, 40960, 51.55, 32
2026/02/19 03:41:41.029, 2, 0, 0, 3, 40960, 54.26, 33
2026/02/19 03:41:41.036, 3, 0, 0, 3, 40960, 52.60, 32
2026/02/19 03:41:41.044, 4, 0, 0, 3, 40960, 50.95, 32
2026/02/19 03:41:41.052, 5, 0, 0, 3, 40960, 52.00, 33
2026/02/19 03:41:41.059, 6, 0, 0, 3, 40960, 54.32, 34
2026/02/19 03:41:41.067, 7, 0, 0, 3, 40960, 52.00, 33
2026/02/19 03:41:42.075, 0, 0, 0, 5709, 40960, 57.57, 34
2026/02/19 03:41:42.080, 1, 0, 0, 3, 40960, 51.55, 32
2026/02/19 03:41:42.089, 2, 0, 0, 3, 40960, 54.26, 33
2026/02/19 03:41:42.097, 3, 0, 0, 3, 40960, 52.60, 32
2026/02/19 03:41:42.104, 4, 0, 0, 3, 40960, 51.20, 32
2026/02/19 03:41:42.109, 5, 0, 0, 3, 40960, 52.00, 33
2026/02/19 03:41:42.117, 6, 0, 0, 3, 40960, 54.32, 34
2026/02/19 03:41:42.124, 7, 0, 0, 3, 40960, 52.00, 33
2026/02/19 03:41:43.142, 0, 0, 0, 5709, 40960, 57.57, 34
2026/02/19 03:41:43.147, 1, 0, 0, 3, 40960, 51.55, 32
2026/02/19 03:41:43.153, 2, 0, 0, 3, 40960, 54.26, 33
2026/02/19 03:41:43.160, 3, 0, 0, 3, 40960, 52.60, 32
2026/02/19 03:41:43.168, 4, 0, 0, 3, 40960, 51.20, 32
2026/02/19 03:41:43.174, 5, 0, 0, 3, 40960, 52.00, 33
2026/02/19 03:41:43.181, 6, 0, 0, 3, 40960, 54.32, 34
2026/02/19 03:41:43.189, 7, 0, 0, 3, 40960, 52.29, 33
2026/02/19 03:41:44.198, 0, 0, 0, 5709, 40960, 57.57, 34
2026/02/19 03:41:44.203, 1, 0, 0, 3, 40960, 51.55, 32
2026/02/19 03:41:44.208, 2, 0, 0, 3, 40960, 54.26, 33
2026/02/19 03:41:44.215, 3, 0, 0, 3, 40960, 52.60, 32
2026/02/19 03:41:44.223, 4, 0, 0, 3, 40960, 51.20, 32
2026/02/19 03:41:44.228, 5, 0, 0, 3, 40960, 52.00, 33
2026/02/19 03:41:44.235, 6, 0, 0, 3, 40960, 54.32, 34
2026/02/19 03:41:44.243, 7, 0, 0, 3, 40960, 52.00, 33
2026/02/19 03:41:45.251, 0, 0, 0, 5709, 40960, 57.57, 34
2026/02/19 03:41:45.257, 1, 0, 0, 3, 40960, 51.55, 32
2026/02/19 03:41:45.262, 2, 0, 0, 3, 40960, 54.26, 33
2026/02/19 03:41:45.270, 3, 0, 0, 3, 40960, 52.60, 32
2026/02/19 03:41:45.277, 4, 0, 0, 3, 40960, 50.95, 32
2026/02/19 03:41:45.283, 5, 0, 0, 3, 40960, 52.00, 33
2026/02/19 03:41:45.291, 6, 0, 0, 3, 40960, 54.32, 34
2026/02/19 03:41:45.298, 7, 0, 0, 3, 40960, 52.00, 33
2026/02/19 03:41:46.306, 0, 0, 0, 5709, 40960, 57.57, 34
2026/02/19 03:41:46.310, 1, 0, 0, 3, 40960, 51.55, 32
2026/02/19 03:41:46.315, 2, 0, 0, 3, 40960, 54.26, 34
2026/02/19 03:41:46.320, 3, 0, 0, 3, 40960, 52.60, 32
2026/02/19 03:41:46.325, 4, 0, 0, 3, 40960, 51.20, 33
2026/02/19 03:41:46.334, 5, 0, 0, 3, 40960, 52.00, 33
2026/02/19 03:41:46.339, 6, 0, 0, 3, 40960, 54.32, 34
2026/02/19 03:41:46.344, 7, 0, 0, 3, 40960, 52.00, 33
2026/02/19 03:41:47.352, 0, 0, 0, 5709, 40960, 57.57, 34
2026/02/19 03:41:47.357, 1, 0, 0, 3, 40960, 51.81, 32
2026/02/19 03:41:47.363, 2, 0, 0, 3, 40960, 54.26, 34
2026/02/19 03:41:47.370, 3, 0, 0, 3, 40960, 52.60, 32
2026/02/19 03:41:47.379, 4, 0, 0, 3, 40960, 51.20, 33
2026/02/19 03:41:47.386, 5, 0, 0, 3, 40960, 52.00, 33
2026/02/19 03:41:47.394, 6, 0, 0, 3, 40960, 54.32, 34
2026/02/19 03:41:47.402, 7, 0, 0, 3, 40960, 52.00, 33
2026/02/19 03:41:48.411, 0, 0, 0, 5709, 40960, 57.57, 34
2026/02/19 03:41:48.416, 1, 0, 0, 3, 40960, 51.81, 32
2026/02/19 03:41:48.422, 2, 0, 0, 3, 40960, 54.26, 34
2026/02/19 03:41:48.431, 3, 0, 0, 3, 40960, 52.85, 32
2026/02/19 03:41:48.439, 4, 0, 0, 3, 40960, 51.20, 33
2026/02/19 03:41:48.446, 5, 0, 0, 3, 40960, 52.00, 33
2026/02/19 03:41:48.456, 6, 0, 0, 3, 40960, 54.57, 34
2026/02/19 03:41:48.463, 7, 0, 0, 3, 40960, 52.00, 33
2026/02/19 03:41:49.470, 0, 0, 0, 5709, 40960, 57.57, 34
2026/02/19 03:41:49.476, 1, 0, 0, 3, 40960, 51.81, 32
2026/02/19 03:41:49.481, 2, 0, 0, 3, 40960, 54.26, 34
2026/02/19 03:41:49.489, 3, 0, 0, 3, 40960, 52.60, 32
2026/02/19 03:41:49.496, 4, 0, 0, 3, 40960, 51.20, 33
2026/02/19 03:41:49.501, 5, 0, 0, 3, 40960, 52.00, 33
2026/02/19 03:41:49.509, 6, 0, 0, 3, 40960, 54.32, 34
2026/02/19 03:41:49.516, 7, 0, 0, 3, 40960, 52.00, 33
2026/02/19 03:41:50.526, 0, 0, 0, 5709, 40960, 57.57, 35
2026/02/19 03:41:50.531, 1, 0, 0, 3, 40960, 51.81, 32
2026/02/19 03:41:50.539, 2, 0, 0, 3, 40960, 54.51, 34
2026/02/19 03:41:50.549, 3, 0, 0, 3, 40960, 52.85, 33
2026/02/19 03:41:50.556, 4, 0, 0, 3, 40960, 51.20, 33
2026/02/19 03:41:50.566, 5, 0, 0, 3, 40960, 52.00, 33
2026/02/19 03:41:50.574, 6, 0, 0, 3, 40960, 54.32, 34
2026/02/19 03:41:50.581, 7, 0, 0, 3, 40960, 52.00, 33
2026/02/19 03:41:51.589, 0, 0, 0, 5709, 40960, 57.57, 35
2026/02/19 03:41:51.594, 1, 0, 0, 3, 40960, 51.81, 32
2026/02/19 03:41:51.600, 2, 0, 0, 3, 40960, 54.51, 34
2026/02/19 03:41:51.605, 3, 0, 0, 3, 40960, 52.85, 33
2026/02/19 03:41:51.610, 4, 0, 0, 3, 40960, 51.20, 33
2026/02/19 03:41:51.616, 5, 0, 0, 3, 40960, 52.00, 33
2026/02/19 03:41:51.621, 6, 0, 0, 3, 40960, 54.32, 34
2026/02/19 03:41:51.626, 7, 0, 0, 3, 40960, 52.00, 33
2026/02/19 03:41:52.634, 0, 0, 0, 5709, 40960, 57.57, 35
2026/02/19 03:41:52.639, 1, 0, 0, 3, 40960, 51.81, 32
2026/02/19 03:41:52.645, 2, 0, 0, 3, 40960, 54.51, 34
2026/02/19 03:41:52.653, 3, 0, 0, 3, 40960, 52.85, 33
2026/02/19 03:41:52.660, 4, 0, 0, 3, 40960, 51.20, 33
2026/02/19 03:41:52.665, 5, 0, 0, 3, 40960, 52.00, 33
2026/02/19 03:41:52.673, 6, 0, 0, 3, 40960, 54.57, 34
2026/02/19 03:41:52.681, 7, 0, 0, 3, 40960, 52.00, 33
2026/02/19 03:41:53.689, 0, 0, 0, 5709, 40960, 57.57, 35
2026/02/19 03:41:53.695, 1, 0, 0, 3, 40960, 51.81, 32
2026/02/19 03:41:53.701, 2, 0, 0, 3, 40960, 54.44, 34
2026/02/19 03:41:53.708, 3, 0, 0, 3, 40960, 52.85, 33
2026/02/19 03:41:53.716, 4, 0, 0, 3, 40960, 51.20, 33
2026/02/19 03:41:53.721, 5, 0, 0, 3, 40960, 52.00, 33
2026/02/19 03:41:53.728, 6, 0, 0, 3, 40960, 54.32, 34
2026/02/19 03:41:53.736, 7, 0, 0, 3, 40960, 52.00, 33
2026/02/19 03:41:54.743, 0, 0, 0, 5709, 40960, 57.57, 35
2026/02/19 03:41:54.749, 1, 0, 0, 3, 40960, 51.81, 32
2026/02/19 03:41:54.754, 2, 0, 0, 3, 40960, 54.51, 34
2026/02/19 03:41:54.762, 3, 0, 0, 3, 40960, 52.85, 33
2026/02/19 03:41:54.771, 4, 0, 0, 3, 40960, 51.20, 33
2026/02/19 03:41:54.780, 5, 0, 0, 3, 40960, 52.00, 33
2026/02/19 03:41:54.788, 6, 0, 0, 3, 40960, 54.57, 34
2026/02/19 03:41:54.797, 7, 0, 0, 3, 40960, 52.29, 33
2026/02/19 03:41:55.805, 0, 0, 0, 5709, 40960, 57.57, 35
2026/02/19 03:41:55.812, 1, 0, 0, 3, 40960, 51.81, 32
2026/02/19 03:41:55.818, 2, 0, 0, 3, 40960, 54.51, 34
2026/02/19 03:41:55.825, 3, 0, 0, 3, 40960, 52.85, 33
2026/02/19 03:41:55.833, 4, 0, 0, 3, 40960, 51.49, 33
2026/02/19 03:41:55.841, 5, 0, 0, 3, 40960, 52.00, 33
2026/02/19 03:41:55.849, 6, 0, 0, 3, 40960, 54.57, 34
2026/02/19 03:41:55.857, 7, 0, 0, 3, 40960, 52.29, 33
2026/02/19 03:41:56.864, 0, 1, 0, 5725, 40960, 57.57, 35
2026/02/19 03:41:56.870, 1, 0, 0, 3, 40960, 51.81, 32
2026/02/19 03:41:56.876, 2, 0, 0, 3, 40960, 54.51, 34
2026/02/19 03:41:56.883, 3, 0, 0, 3, 40960, 52.85, 33
2026/02/19 03:41:56.888, 4, 0, 0, 3, 40960, 51.20, 33
2026/02/19 03:41:56.897, 5, 0, 0, 3, 40960, 52.00, 33
2026/02/19 03:41:56.905, 6, 0, 0, 3, 40960, 54.57, 34
2026/02/19 03:41:56.910, 7, 0, 0, 3, 40960, 52.29, 33
2026/02/19 03:41:57.918, 0, 0, 0, 9231, 40960, 72.32, 38
2026/02/19 03:41:57.929, 1, 0, 0, 3, 40960, 51.81, 32
2026/02/19 03:41:57.934, 2, 0, 0, 3, 40960, 54.44, 34
2026/02/19 03:41:57.943, 3, 0, 0, 3, 40960, 52.85, 33
2026/02/19 03:41:57.949, 4, 0, 0, 3, 40960, 51.20, 33
2026/02/19 03:41:57.954, 5, 0, 0, 3, 40960, 52.29, 33
2026/02/19 03:41:57.961, 6, 0, 0, 3, 40960, 54.57, 34
2026/02/19 03:41:57.969, 7, 0, 0, 3, 40960, 52.29, 33
2026/02/19 03:41:58.974, 0, 0, 0, 9231, 40960, 78.75, 36
2026/02/19 03:41:58.979, 1, 0, 0, 3, 40960, 51.81, 32
2026/02/19 03:41:58.984, 2, 0, 0, 3, 40960, 54.51, 34
2026/02/19 03:41:58.992, 3, 0, 0, 3, 40960, 52.85, 33
2026/02/19 03:41:59.001, 4, 0, 0, 3, 40960, 51.20, 33
2026/02/19 03:41:59.006, 5, 0, 0, 3, 40960, 52.00, 33
2026/02/19 03:41:59.011, 6, 0, 0, 3, 40960, 54.57, 34
2026/02/19 03:41:59.019, 7, 0, 0, 3, 40960, 52.29, 33
2026/02/19 03:42:00.026, 0, 0, 0, 9233, 40960, 57.87, 36
2026/02/19 03:42:00.031, 1, 0, 0, 3, 40960, 51.81, 32
2026/02/19 03:42:00.036, 2, 0, 0, 3, 40960, 54.51, 34
2026/02/19 03:42:00.043, 3, 0, 0, 3, 40960, 52.85, 33
2026/02/19 03:42:00.051, 4, 0, 0, 3, 40960, 51.20, 33
2026/02/19 03:42:00.056, 5, 0, 0, 3, 40960, 52.00, 34
2026/02/19 03:42:00.064, 6, 0, 0, 3, 40960, 54.57, 34
2026/02/19 03:42:00.072, 7, 0, 0, 3, 40960, 52.29, 34
2026/02/19 03:42:01.079, 0, 0, 0, 9233, 40960, 57.87, 35
2026/02/19 03:42:01.086, 1, 0, 0, 3, 40960, 51.81, 32
2026/02/19 03:42:01.092, 2, 0, 0, 3, 40960, 54.51, 34
2026/02/19 03:42:01.099, 3, 0, 0, 3, 40960, 52.60, 33
2026/02/19 03:42:01.107, 4, 0, 0, 3, 40960, 51.20, 33
2026/02/19 03:42:01.112, 5, 0, 0, 3, 40960, 52.00, 34
2026/02/19 03:42:01.120, 6, 0, 0, 3, 40960, 54.57, 34
2026/02/19 03:42:01.128, 7, 0, 0, 3, 40960, 52.29, 34
2026/02/19 03:42:02.136, 0, 0, 0, 9233, 40960, 59.17, 35
2026/02/19 03:42:02.140, 1, 0, 0, 3, 40960, 51.81, 32
2026/02/19 03:42:02.146, 2, 0, 0, 3, 40960, 54.51, 34
2026/02/19 03:42:02.154, 3, 0, 0, 3, 40960, 52.60, 33
2026/02/19 03:42:02.162, 4, 0, 0, 3, 40960, 51.20, 33
2026/02/19 03:42:02.167, 5, 0, 0, 3, 40960, 52.00, 34
2026/02/19 03:42:02.175, 6, 0, 0, 3, 40960, 54.57, 34
2026/02/19 03:42:02.182, 7, 0, 0, 3, 40960, 52.29, 34
2026/02/19 03:42:03.190, 0, 0, 0, 9233, 40960, 72.32, 37
2026/02/19 03:42:03.193, 1, 0, 0, 3, 40960, 51.81, 33
2026/02/19 03:42:03.199, 2, 0, 0, 3, 40960, 54.44, 34
2026/02/19 03:42:03.207, 3, 0, 0, 3, 40960, 52.60, 33
2026/02/19 03:42:03.215, 4, 0, 0, 3, 40960, 51.49, 33
2026/02/19 03:42:03.220, 5, 0, 0, 3, 40960, 52.00, 34
2026/02/19 03:42:03.228, 6, 0, 0, 3, 40960, 54.57, 34
2026/02/19 03:42:03.235, 7, 0, 0, 3, 40960, 52.29, 34
2026/02/19 03:42:04.243, 0, 97, 55, 12985, 40960, 290.96, 46
2026/02/19 03:42:04.251, 1, 0, 0, 3, 40960, 51.69, 33
2026/02/19 03:42:04.256, 2, 0, 0, 3, 40960, 54.32, 34
2026/02/19 03:42:04.264, 3, 0, 0, 3, 40960, 52.42, 33
2026/02/19 03:42:04.271, 4, 0, 0, 3, 40960, 51.20, 33
2026/02/19 03:42:04.277, 5, 0, 0, 3, 40960, 51.94, 34
2026/02/19 03:42:04.285, 6, 0, 0, 3, 40960, 54.57, 34
2026/02/19 03:42:04.293, 7, 0, 0, 3, 40960, 52.24, 34
2026/02/19 03:42:05.300, 0, 99, 48, 13149, 40960, 313.03, 50
2026/02/19 03:42:05.316, 1, 0, 0, 3, 40960, 51.88, 33
2026/02/19 03:42:05.321, 2, 0, 0, 3, 40960, 54.51, 34
2026/02/19 03:42:05.328, 3, 0, 0, 3, 40960, 52.73, 33
2026/02/19 03:42:05.336, 4, 0, 0, 3, 40960, 51.44, 33
2026/02/19 03:42:05.343, 5, 0, 0, 3, 40960, 51.94, 34
2026/02/19 03:42:05.351, 6, 0, 0, 3, 40960, 54.57, 34
2026/02/19 03:42:05.359, 7, 0, 0, 3, 40960, 52.24, 34
2026/02/19 03:42:06.366, 0, 100, 20, 13149, 40960, 257.07, 51
2026/02/19 03:42:06.371, 1, 0, 0, 3, 40960, 51.82, 33
2026/02/19 03:42:06.376, 2, 0, 0, 3, 40960, 54.51, 34
2026/02/19 03:42:06.381, 3, 0, 0, 3, 40960, 52.48, 33
2026/02/19 03:42:06.386, 4, 0, 0, 3, 40960, 51.44, 33
2026/02/19 03:42:06.392, 5, 0, 0, 3, 40960, 52.00, 34
2026/02/19 03:42:06.399, 6, 0, 0, 3, 40960, 54.51, 34
2026/02/19 03:42:06.404, 7, 0, 0, 3, 40960, 52.24, 34
2026/02/19 03:42:07.412, 0, 98, 41, 13149, 40960, 282.97, 51
2026/02/19 03:42:07.420, 1, 0, 0, 3, 40960, 51.82, 33
2026/02/19 03:42:07.425, 2, 0, 0, 3, 40960, 54.32, 34
2026/02/19 03:42:07.434, 3, 0, 0, 3, 40960, 52.67, 33
2026/02/19 03:42:07.442, 4, 0, 0, 3, 40960, 51.14, 33
2026/02/19 03:42:07.450, 5, 0, 0, 3, 40960, 51.94, 34
2026/02/19 03:42:07.458, 6, 0, 0, 3, 40960, 54.57, 35
2026/02/19 03:42:07.466, 7, 0, 0, 3, 40960, 52.24, 34
2026/02/19 03:42:08.473, 0, 82, 50, 13151, 40960, 272.55, 47
2026/02/19 03:42:08.481, 1, 0, 0, 3, 40960, 51.94, 33
2026/02/19 03:42:08.486, 2, 0, 0, 3, 40960, 54.57, 34
2026/02/19 03:42:08.493, 3, 0, 0, 3, 40960, 52.67, 33
2026/02/19 03:42:08.501, 4, 0, 0, 3, 40960, 51.20, 33
2026/02/19 03:42:08.507, 5, 0, 0, 3, 40960, 51.94, 34
2026/02/19 03:42:08.515, 6, 0, 0, 3, 40960, 54.57, 35
2026/02/19 03:42:08.523, 7, 0, 0, 3, 40960, 52.24, 34
2026/02/19 03:42:09.531, 0, 94, 70, 13151, 40960, 415.17, 54
2026/02/19 03:42:09.535, 1, 0, 0, 3, 40960, 51.63, 33
2026/02/19 03:42:09.543, 2, 0, 0, 3, 40960, 54.44, 34
2026/02/19 03:42:09.551, 3, 0, 0, 3, 40960, 52.67, 33
2026/02/19 03:42:09.558, 4, 0, 0, 3, 40960, 51.14, 33
2026/02/19 03:42:09.563, 5, 0, 0, 3, 40960, 51.94, 34
2026/02/19 03:42:09.572, 6, 0, 0, 3, 40960, 54.81, 35
2026/02/19 03:42:09.579, 7, 0, 0, 3, 40960, 52.24, 34
2026/02/19 03:42:10.587, 0, 99, 98, 13151, 40960, 278.71, 52
2026/02/19 03:42:10.595, 1, 0, 0, 3, 40960, 51.88, 33
2026/02/19 03:42:10.600, 2, 0, 0, 3, 40960, 54.57, 34
2026/02/19 03:42:10.607, 3, 0, 0, 3, 40960, 52.67, 33
2026/02/19 03:42:10.615, 4, 0, 0, 3, 40960, 51.20, 33
2026/02/19 03:42:10.620, 5, 0, 0, 3, 40960, 52.00, 34
2026/02/19 03:42:10.627, 6, 0, 0, 3, 40960, 54.57, 35
2026/02/19 03:42:10.635, 7, 0, 0, 3, 40960, 52.24, 34
2026/02/19 03:42:11.642, 0, 98, 77, 13151, 40960, 128.15, 53
2026/02/19 03:42:11.651, 1, 0, 0, 3, 40960, 51.82, 33
2026/02/19 03:42:11.656, 2, 0, 0, 3, 40960, 54.44, 34
2026/02/19 03:42:11.661, 3, 0, 0, 3, 40960, 52.67, 33
2026/02/19 03:42:11.667, 4, 0, 0, 3, 40960, 51.49, 33
2026/02/19 03:42:11.673, 5, 0, 0, 3, 40960, 51.94, 34
2026/02/19 03:42:11.681, 6, 0, 0, 3, 40960, 54.81, 35
2026/02/19 03:42:11.687, 7, 0, 0, 3, 40960, 52.48, 34
2026/02/19 03:42:12.695, 0, 0, 0, 13151, 40960, 76.31, 44
2026/02/19 03:42:12.700, 1, 0, 0, 3, 40960, 51.81, 33
2026/02/19 03:42:12.705, 2, 0, 0, 3, 40960, 54.44, 34
2026/02/19 03:42:12.714, 3, 0, 0, 3, 40960, 52.60, 33
2026/02/19 03:42:12.722, 4, 0, 0, 3, 40960, 51.49, 33
2026/02/19 03:42:12.727, 5, 0, 0, 3, 40960, 51.94, 34
2026/02/19 03:42:12.735, 6, 0, 0, 3, 40960, 54.57, 35
2026/02/19 03:42:12.742, 7, 0, 0, 3, 40960, 52.29, 34
2026/02/19 03:42:13.750, 0, 24, 6, 13327, 40960, 74.09, 43
2026/02/19 03:42:13.755, 1, 0, 0, 3, 40960, 51.81, 33
2026/02/19 03:42:13.762, 2, 0, 0, 3, 40960, 54.44, 34
2026/02/19 03:42:13.770, 3, 0, 0, 3, 40960, 52.60, 33
2026/02/19 03:42:13.777, 4, 0, 0, 3, 40960, 51.20, 33
2026/02/19 03:42:13.782, 5, 0, 0, 3, 40960, 52.00, 34
2026/02/19 03:42:13.790, 6, 0, 0, 3, 40960, 54.57, 35
2026/02/19 03:42:13.797, 7, 0, 0, 3, 40960, 52.24, 34
2026/02/19 03:42:14.805, 0, 99, 23, 13327, 40960, 189.01, 54
2026/02/19 03:42:14.809, 1, 0, 0, 3, 40960, 51.82, 32
2026/02/19 03:42:14.814, 2, 0, 0, 3, 40960, 54.32, 34
2026/02/19 03:42:14.822, 3, 0, 0, 3, 40960, 52.55, 33
2026/02/19 03:42:14.830, 4, 0, 0, 3, 40960, 51.14, 33
2026/02/19 03:42:14.835, 5, 0, 0, 3, 40960, 51.94, 34
2026/02/19 03:42:14.843, 6, 0, 0, 3, 40960, 54.81, 35
2026/02/19 03:42:14.852, 7, 0, 0, 3, 40960, 52.24, 34
2026/02/19 03:42:15.859, 0, 38, 1, 13327, 40960, 77.07, 46
2026/02/19 03:42:15.866, 1, 0, 0, 3, 40960, 51.81, 32
2026/02/19 03:42:15.872, 2, 0, 0, 3, 40960, 54.32, 34
2026/02/19 03:42:15.880, 3, 0, 0, 3, 40960, 52.60, 33
2026/02/19 03:42:15.888, 4, 0, 0, 3, 40960, 51.44, 33
2026/02/19 03:42:15.893, 5, 0, 0, 3, 40960, 51.75, 33
2026/02/19 03:42:15.900, 6, 0, 0, 3, 40960, 54.51, 35
2026/02/19 03:42:15.908, 7, 0, 0, 3, 40960, 52.24, 33
2026/02/19 03:42:16.917, 0, 96, 21, 13327, 40960, 290.96, 53
2026/02/19 03:42:16.924, 1, 0, 0, 3, 40960, 51.63, 32
2026/02/19 03:42:16.929, 2, 0, 0, 3, 40960, 54.26, 34
2026/02/19 03:42:16.936, 3, 0, 0, 3, 40960, 52.42, 32
2026/02/19 03:42:16.942, 4, 0, 0, 3, 40960, 51.14, 33
2026/02/19 03:42:16.948, 5, 0, 0, 3, 40960, 51.69, 33
2026/02/19 03:42:16.955, 6, 0, 0, 3, 40960, 54.57, 35
2026/02/19 03:42:16.963, 7, 0, 0, 3, 40960, 51.94, 33
2026/02/19 03:42:17.970, 0, 0, 0, 13327, 40960, 74.71, 44
2026/02/19 03:42:17.974, 1, 0, 0, 3, 40960, 51.81, 32
2026/02/19 03:42:17.979, 2, 0, 0, 3, 40960, 54.44, 34
2026/02/19 03:42:17.987, 3, 0, 0, 3, 40960, 52.60, 32
2026/02/19 03:42:17.996, 4, 0, 0, 3, 40960, 51.20, 33
2026/02/19 03:42:18.002, 5, 0, 0, 3, 40960, 51.75, 33
2026/02/19 03:42:18.011, 6, 0, 0, 3, 40960, 54.57, 34
2026/02/19 03:42:18.019, 7, 0, 0, 3, 40960, 52.00, 33
2026/02/19 03:42:19.026, 0, 0, 0, 13327, 40960, 197.01, 45
2026/02/19 03:42:19.031, 1, 0, 0, 3, 40960, 51.69, 32
2026/02/19 03:42:19.036, 2, 0, 0, 3, 40960, 54.38, 34
2026/02/19 03:42:19.044, 3, 0, 0, 3, 40960, 52.54, 32
2026/02/19 03:42:19.051, 4, 0, 0, 3, 40960, 51.44, 33
2026/02/19 03:42:19.057, 5, 0, 0, 3, 40960, 51.69, 33
2026/02/19 03:42:19.064, 6, 0, 0, 3, 40960, 54.57, 34
2026/02/19 03:42:19.071, 7, 0, 0, 3, 40960, 51.94, 33
2026/02/19 03:42:20.080, 0, 28, 0, 13327, 40960, 75.43, 42
2026/02/19 03:42:20.088, 1, 0, 0, 3, 40960, 51.55, 32
2026/02/19 03:42:20.094, 2, 0, 0, 3, 40960, 54.38, 34
2026/02/19 03:42:20.101, 3, 0, 0, 3, 40960, 52.35, 32
2026/02/19 03:42:20.109, 4, 0, 0, 3, 40960, 51.14, 33
2026/02/19 03:42:20.114, 5, 0, 0, 3, 40960, 51.75, 33
2026/02/19 03:42:20.121, 6, 0, 0, 3, 40960, 54.57, 34
2026/02/19 03:42:20.129, 7, 0, 0, 3, 40960, 52.00, 33
2026/02/19 03:42:21.137, 0, 39, 1, 13327, 40960, 239.51, 44
2026/02/19 03:42:21.144, 1, 0, 0, 3, 40960, 51.63, 31
2026/02/19 03:42:21.149, 2, 0, 0, 3, 40960, 54.32, 34
2026/02/19 03:42:21.157, 3, 0, 0, 3, 40960, 52.42, 32
2026/02/19 03:42:21.165, 4, 0, 0, 3, 40960, 51.14, 33
2026/02/19 03:42:21.170, 5, 0, 0, 3, 40960, 51.69, 32
2026/02/19 03:42:21.178, 6, 0, 0, 3, 40960, 54.51, 34
2026/02/19 03:42:21.185, 7, 0, 0, 3, 40960, 51.94, 32
2026/02/19 03:42:22.195, 0, 95, 20, 13327, 40960, 289.84, 51
2026/02/19 03:42:22.203, 1, 0, 0, 3, 40960, 51.63, 31
2026/02/19 03:42:22.208, 2, 0, 0, 3, 40960, 54.32, 34
2026/02/19 03:42:22.215, 3, 0, 0, 3, 40960, 52.18, 32
2026/02/19 03:42:22.222, 4, 0, 0, 3, 40960, 51.14, 33
2026/02/19 03:42:22.228, 5, 0, 0, 3, 40960, 51.44, 32
2026/02/19 03:42:22.235, 6, 0, 0, 3, 40960, 54.51, 34
2026/02/19 03:42:22.243, 7, 0, 0, 3, 40960, 51.94, 32
2026/02/19 03:42:23.250, 0, 96, 43, 13327, 40960, 162.77, 52
2026/02/19 03:42:23.255, 1, 0, 0, 3, 40960, 51.38, 31
2026/02/19 03:42:23.260, 2, 0, 0, 3, 40960, 54.32, 33
2026/02/19 03:42:23.268, 3, 0, 0, 3, 40960, 52.48, 31
2026/02/19 03:42:23.276, 4, 0, 0, 3, 40960, 51.20, 33
2026/02/19 03:42:23.282, 5, 0, 0, 3, 40960, 51.44, 32
2026/02/19 03:42:23.289, 6, 0, 0, 3, 40960, 54.57, 34
2026/02/19 03:42:23.297, 7, 0, 0, 3, 40960, 51.94, 32
2026/02/19 03:42:24.304, 0, 98, 60, 13327, 40960, 353.62, 54
2026/02/19 03:42:24.311, 1, 0, 0, 3, 40960, 51.57, 31
2026/02/19 03:42:24.316, 2, 0, 0, 3, 40960, 54.38, 33
2026/02/19 03:42:24.324, 3, 0, 0, 3, 40960, 52.06, 31
2026/02/19 03:42:24.331, 4, 0, 0, 3, 40960, 51.14, 32
2026/02/19 03:42:24.339, 5, 0, 0, 3, 40960, 51.44, 32
2026/02/19 03:42:24.346, 6, 0, 0, 3, 40960, 54.51, 34
2026/02/19 03:42:24.354, 7, 0, 0, 3, 40960, 51.94, 32
2026/02/19 03:42:25.362, 0, 99, 58, 13327, 40960, 181.26, 55
2026/02/19 03:42:25.366, 1, 0, 0, 3, 40960, 51.52, 31
2026/02/19 03:42:25.371, 2, 0, 0, 3, 40960, 54.32, 33
2026/02/19 03:42:25.378, 3, 0, 0, 3, 40960, 52.06, 31
2026/02/19 03:42:25.388, 4, 0, 0, 3, 40960, 51.14, 32
2026/02/19 03:42:25.393, 5, 0, 0, 3, 40960, 51.44, 32
2026/02/19 03:42:25.400, 6, 0, 0, 3, 40960, 54.57, 34
2026/02/19 03:42:25.408, 7, 0, 0, 3, 40960, 51.69, 32
2026/02/19 03:42:26.415, 0, 2, 2, 13327, 40960, 179.43, 47
2026/02/19 03:42:26.427, 1, 0, 0, 3, 40960, 51.49, 31
2026/02/19 03:42:26.432, 2, 0, 0, 3, 40960, 54.38, 33
2026/02/19 03:42:26.437, 3, 0, 0, 3, 40960, 52.24, 31
2026/02/19 03:42:26.442, 4, 0, 0, 3, 40960, 51.14, 32
2026/02/19 03:42:26.450, 5, 0, 0, 3, 40960, 51.44, 32
2026/02/19 03:42:26.457, 6, 0, 0, 3, 40960, 54.57, 34
2026/02/19 03:42:26.463, 7, 0, 0, 3, 40960, 51.69, 32
2026/02/19 03:42:27.473, 0, 31, 27, 13327, 40960, 132.03, 44
2026/02/19 03:42:27.480, 1, 0, 0, 3, 40960, 51.55, 31
2026/02/19 03:42:27.486, 2, 0, 0, 3, 40960, 54.20, 33
2026/02/19 03:42:27.493, 3, 0, 0, 3, 40960, 52.06, 31
2026/02/19 03:42:27.500, 4, 0, 0, 3, 40960, 51.20, 32
2026/02/19 03:42:27.506, 5, 0, 0, 3, 40960, 51.44, 32
2026/02/19 03:42:27.513, 6, 0, 0, 3, 40960, 54.32, 34
2026/02/19 03:42:27.520, 7, 0, 0, 3, 40960, 51.69, 32
2026/02/19 03:42:28.528, 0, 99, 100, 13327, 40960, 276.03, 47
2026/02/19 03:42:28.535, 1, 0, 0, 3, 40960, 51.38, 31
2026/02/19 03:42:28.544, 2, 0, 0, 3, 40960, 54.26, 33
2026/02/19 03:42:28.552, 3, 0, 0, 3, 40960, 51.88, 31
2026/02/19 03:42:28.560, 4, 0, 0, 3, 40960, 51.14, 32
2026/02/19 03:42:28.565, 5, 0, 0, 3, 40960, 51.44, 32
2026/02/19 03:42:28.574, 6, 0, 0, 3, 40960, 54.51, 34
2026/02/19 03:42:28.581, 7, 0, 0, 3, 40960, 51.69, 31
2026/02/19 03:42:29.589, 0, 98, 71, 13327, 40960, 283.22, 54
2026/02/19 03:42:29.596, 1, 0, 0, 3, 40960, 51.32, 31
2026/02/19 03:42:29.601, 2, 0, 0, 3, 40960, 54.14, 33
2026/02/19 03:42:29.609, 3, 0, 0, 3, 40960, 52.06, 31
2026/02/19 03:42:29.618, 4, 0, 0, 3, 40960, 51.14, 32
2026/02/19 03:42:29.623, 5, 0, 0, 3, 40960, 51.44, 31
2026/02/19 03:42:29.633, 6, 0, 0, 3, 40960, 54.26, 34
2026/02/19 03:42:29.640, 7, 0, 0, 3, 40960, 51.69, 31
2026/02/19 03:42:30.648, 0, 50, 6, 13327, 40960, 271.51, 47
2026/02/19 03:42:30.659, 1, 0, 0, 3, 40960, 51.38, 30
2026/02/19 03:42:30.664, 2, 0, 0, 3, 40960, 54.07, 33
2026/02/19 03:42:30.671, 3, 0, 0, 3, 40960, 51.88, 31
2026/02/19 03:42:30.679, 4, 0, 0, 3, 40960, 51.14, 32
2026/02/19 03:42:30.684, 5, 0, 0, 3, 40960, 51.44, 31
2026/02/19 03:42:30.692, 6, 0, 0, 3, 40960, 54.32, 33
2026/02/19 03:42:30.699, 7, 0, 0, 3, 40960, 51.69, 31
2026/02/19 03:42:31.707, 0, 94, 30, 13327, 40960, 372.28, 55
2026/02/19 03:42:31.713, 1, 0, 0, 3, 40960, 51.38, 30
2026/02/19 03:42:31.718, 2, 0, 0, 3, 40960, 53.95, 33
2026/02/19 03:42:31.723, 3, 0, 0, 3, 40960, 51.88, 31
2026/02/19 03:42:31.728, 4, 0, 0, 3, 40960, 50.89, 32
2026/02/19 03:42:31.733, 5, 0, 0, 3, 40960, 51.44, 31
2026/02/19 03:42:31.741, 6, 0, 0, 3, 40960, 54.26, 33
2026/02/19 03:42:31.746, 7, 0, 0, 3, 40960, 51.69, 31
2026/02/19 03:42:32.754, 0, 44, 2, 13327, 40960, 74.63, 44
2026/02/19 03:42:32.760, 1, 0, 0, 3, 40960, 51.25, 30
2026/02/19 03:42:32.765, 2, 0, 0, 3, 40960, 53.89, 33
2026/02/19 03:42:32.773, 3, 0, 0, 3, 40960, 52.06, 30
2026/02/19 03:42:32.781, 4, 0, 0, 3, 40960, 50.95, 32
2026/02/19 03:42:32.786, 5, 0, 0, 3, 40960, 51.20, 31
2026/02/19 03:42:32.793, 6, 0, 0, 3, 40960, 54.32, 33
2026/02/19 03:42:32.801, 7, 0, 0, 3, 40960, 51.69, 31
2026/02/19 03:42:33.808, 0, 29, 3, 13327, 40960, 85.34, 43
2026/02/19 03:42:33.813, 1, 0, 0, 3, 40960, 51.25, 30
2026/02/19 03:42:33.819, 2, 0, 0, 3, 40960, 54.20, 33
2026/02/19 03:42:33.825, 3, 0, 0, 3, 40960, 52.06, 30
2026/02/19 03:42:33.833, 4, 0, 0, 3, 40960, 50.95, 32
2026/02/19 03:42:33.838, 5, 0, 0, 3, 40960, 51.20, 31
2026/02/19 03:42:33.845, 6, 0, 0, 3, 40960, 54.32, 33
2026/02/19 03:42:33.853, 7, 0, 0, 3, 40960, 51.69, 31
2026/02/19 03:42:34.860, 0, 99, 96, 13327, 40960, 277.37, 53
2026/02/19 03:42:34.865, 1, 0, 0, 3, 40960, 51.02, 30
2026/02/19 03:42:34.870, 2, 0, 0, 3, 40960, 54.07, 33
2026/02/19 03:42:34.878, 3, 0, 0, 3, 40960, 51.76, 30
2026/02/19 03:42:34.885, 4, 0, 0, 3, 40960, 50.89, 32
2026/02/19 03:42:34.891, 5, 0, 0, 3, 40960, 51.14, 31
2026/02/19 03:42:34.898, 6, 0, 0, 3, 40960, 54.26, 33
2026/02/19 03:42:34.906, 7, 0, 0, 3, 40960, 51.69, 31
2026/02/19 03:42:35.914, 0, 90, 11, 13327, 40960, 75.18, 45
2026/02/19 03:42:35.918, 1, 0, 0, 3, 40960, 51.25, 30
2026/02/19 03:42:35.925, 2, 0, 0, 3, 40960, 53.89, 33
2026/02/19 03:42:35.933, 3, 0, 0, 3, 40960, 52.06, 30
2026/02/19 03:42:35.940, 4, 0, 0, 3, 40960, 51.20, 32
2026/02/19 03:42:35.945, 5, 0, 0, 3, 40960, 51.20, 31
2026/02/19 03:42:35.953, 6, 0, 0, 3, 40960, 54.32, 33
2026/02/19 03:42:35.961, 7, 0, 0, 3, 40960, 51.69, 31
2026/02/19 03:42:36.968, 0, 93, 36, 13327, 40960, 278.41, 51
2026/02/19 03:42:36.976, 1, 0, 0, 3, 40960, 51.08, 30
2026/02/19 03:42:36.981, 2, 0, 0, 3, 40960, 54.07, 32
2026/02/19 03:42:36.988, 3, 0, 0, 3, 40960, 51.88, 30
2026/02/19 03:42:36.994, 4, 0, 0, 3, 40960, 51.14, 32
2026/02/19 03:42:36.999, 5, 0, 0, 3, 40960, 51.14, 31
2026/02/19 03:42:37.006, 6, 0, 0, 3, 40960, 54.32, 33
2026/02/19 03:42:37.014, 7, 0, 0, 3, 40960, 51.69, 31
2026/02/19 03:42:38.021, 0, 94, 24, 13327, 40960, 148.60, 50
2026/02/19 03:42:38.026, 1, 0, 0, 3, 40960, 51.14, 30
2026/02/19 03:42:38.031, 2, 0, 0, 3, 40960, 53.83, 32
2026/02/19 03:42:38.039, 3, 0, 0, 3, 40960, 51.94, 30
2026/02/19 03:42:38.047, 4, 0, 0, 3, 40960, 50.89, 32
2026/02/19 03:42:38.054, 5, 0, 0, 3, 40960, 51.20, 31
2026/02/19 03:42:38.061, 6, 0, 0, 3, 40960, 54.26, 33
2026/02/19 03:42:38.069, 7, 0, 0, 3, 40960, 51.69, 31
2026/02/19 03:42:39.078, 0, 24, 0, 13327, 40960, 182.90, 45
2026/02/19 03:42:39.086, 1, 0, 0, 3, 40960, 51.14, 30
2026/02/19 03:42:39.092, 2, 0, 0, 3, 40960, 53.89, 32
2026/02/19 03:42:39.099, 3, 0, 0, 3, 40960, 51.69, 30
2026/02/19 03:42:39.107, 4, 0, 0, 3, 40960, 50.95, 31
2026/02/19 03:42:39.114, 5, 0, 0, 3, 40960, 51.14, 31
2026/02/19 03:42:39.121, 6, 0, 0, 3, 40960, 54.32, 33
2026/02/19 03:42:39.129, 7, 0, 0, 3, 40960, 51.44, 31
2026/02/19 03:42:40.136, 0, 89, 59, 13327, 40960, 272.80, 47
2026/02/19 03:42:40.142, 1, 0, 0, 3, 40960, 51.08, 30
2026/02/19 03:42:40.147, 2, 0, 0, 3, 40960, 53.77, 32
2026/02/19 03:42:40.155, 3, 0, 0, 3, 40960, 51.88, 30
2026/02/19 03:42:40.163, 4, 0, 0, 3, 40960, 50.89, 31
2026/02/19 03:42:40.168, 5, 0, 0, 3, 40960, 51.14, 31
2026/02/19 03:42:40.176, 6, 0, 0, 3, 40960, 54.26, 33
2026/02/19 03:42:40.183, 7, 0, 0, 3, 40960, 51.69, 31
2026/02/19 03:42:41.193, 0, 93, 72, 13327, 40960, 158.49, 53
2026/02/19 03:42:41.199, 1, 0, 0, 3, 40960, 51.08, 30
2026/02/19 03:42:41.204, 2, 0, 0, 3, 40960, 53.95, 32
2026/02/19 03:42:41.209, 3, 0, 0, 3, 40960, 51.94, 30
2026/02/19 03:42:41.214, 4, 0, 0, 3, 40960, 50.89, 31
2026/02/19 03:42:41.219, 5, 0, 0, 3, 40960, 51.14, 31
2026/02/19 03:42:41.225, 6, 0, 0, 3, 40960, 54.02, 33
2026/02/19 03:42:41.230, 7, 0, 0, 3, 40960, 51.44, 30
2026/02/19 03:42:42.236, 0, 99, 100, 13327, 40960, 275.23, 48
2026/02/19 03:42:42.243, 1, 0, 0, 3, 40960, 51.08, 30
2026/02/19 03:42:42.248, 2, 0, 0, 3, 40960, 53.77, 32
2026/02/19 03:42:42.255, 3, 0, 0, 3, 40960, 51.63, 30
2026/02/19 03:42:42.263, 4, 0, 0, 3, 40960, 50.89, 31
2026/02/19 03:42:42.268, 5, 0, 0, 3, 40960, 51.14, 31
2026/02/19 03:42:42.276, 6, 0, 0, 3, 40960, 53.96, 33
2026/02/19 03:42:42.283, 7, 0, 0, 3, 40960, 51.44, 30
2026/02/19 03:42:43.291, 0, 98, 80, 13327, 40960, 409.84, 55
2026/02/19 03:42:43.295, 1, 0, 0, 3, 40960, 51.08, 30
2026/02/19 03:42:43.300, 2, 0, 0, 3, 40960, 53.65, 32
2026/02/19 03:42:43.308, 3, 0, 0, 3, 40960, 52.00, 30
2026/02/19 03:42:43.315, 4, 0, 0, 3, 40960, 50.89, 31
2026/02/19 03:42:43.323, 5, 0, 0, 3, 40960, 51.14, 31
2026/02/19 03:42:43.331, 6, 0, 0, 3, 40960, 54.02, 33
2026/02/19 03:42:43.338, 7, 0, 0, 3, 40960, 51.69, 30
2026/02/19 03:42:44.346, 0, 41, 2, 13327, 40960, 210.38, 46
2026/02/19 03:42:44.351, 1, 0, 0, 3, 40960, 51.14, 30
2026/02/19 03:42:44.357, 2, 0, 0, 3, 40960, 53.77, 32
2026/02/19 03:42:44.367, 3, 0, 0, 3, 40960, 51.69, 30
2026/02/19 03:42:44.374, 4, 0, 0, 3, 40960, 50.89, 31
2026/02/19 03:42:44.381, 5, 0, 0, 3, 40960, 51.20, 30
2026/02/19 03:42:44.389, 6, 0, 0, 3, 40960, 54.02, 33
2026/02/19 03:42:44.397, 7, 0, 0, 3, 40960, 51.44, 30
2026/02/19 03:42:45.405, 0, 24, 6, 13327, 40960, 73.92, 42
2026/02/19 03:42:45.410, 1, 0, 0, 3, 40960, 51.01, 30
2026/02/19 03:42:45.416, 2, 0, 0, 3, 40960, 53.89, 32
2026/02/19 03:42:45.423, 3, 0, 0, 3, 40960, 51.81, 30
2026/02/19 03:42:45.431, 4, 0, 0, 3, 40960, 50.95, 31
2026/02/19 03:42:45.436, 5, 0, 0, 3, 40960, 51.20, 30
2026/02/19 03:42:45.444, 6, 0, 0, 3, 40960, 54.02, 33
2026/02/19 03:42:45.452, 7, 0, 0, 3, 40960, 51.49, 30
2026/02/19 03:42:46.459, 0, 98, 91, 13327, 40960, 246.16, 55
2026/02/19 03:42:46.464, 1, 0, 0, 3, 40960, 51.02, 30
2026/02/19 03:42:46.469, 2, 0, 0, 3, 40960, 53.71, 32
2026/02/19 03:42:46.474, 3, 0, 0, 3, 40960, 51.63, 30
2026/02/19 03:42:46.479, 4, 0, 0, 3, 40960, 50.95, 31
2026/02/19 03:42:46.487, 5, 0, 0, 3, 40960, 51.14, 30
2026/02/19 03:42:46.492, 6, 0, 0, 3, 40960, 54.02, 33
2026/02/19 03:42:46.497, 7, 0, 0, 3, 40960, 51.44, 30
2026/02/19 03:42:47.505, 0, 38, 1, 13327, 40960, 75.43, 46
2026/02/19 03:42:47.509, 1, 0, 0, 3, 40960, 51.25, 30
2026/02/19 03:42:47.514, 2, 0, 0, 3, 40960, 53.89, 32
2026/02/19 03:42:47.522, 3, 0, 0, 3, 40960, 51.81, 30
2026/02/19 03:42:47.529, 4, 0, 0, 3, 40960, 50.65, 31
2026/02/19 03:42:47.537, 5, 0, 0, 3, 40960, 51.20, 30
2026/02/19 03:42:47.544, 6, 0, 0, 3, 40960, 54.02, 33
2026/02/19 03:42:47.552, 7, 0, 0, 3, 40960, 51.44, 30
2026/02/19 03:42:48.559, 0, 99, 100, 13327, 40960, 401.87, 54
2026/02/19 03:42:48.565, 1, 0, 0, 3, 40960, 51.02, 29
2026/02/19 03:42:48.571, 2, 0, 0, 3, 40960, 53.77, 32
2026/02/19 03:42:48.579, 3, 0, 0, 3, 40960, 51.57, 30
2026/02/19 03:42:48.586, 4, 0, 0, 3, 40960, 50.89, 31
2026/02/19 03:42:48.596, 5, 0, 0, 3, 40960, 51.14, 30
2026/02/19 03:42:48.603, 6, 0, 0, 3, 40960, 54.02, 33
2026/02/19 03:42:48.611, 7, 0, 0, 3, 40960, 51.44, 30
2026/02/19 03:42:49.619, 0, 96, 55, 13327, 40960, 163.02, 51
2026/02/19 03:42:49.624, 1, 0, 0, 3, 40960, 50.89, 29
2026/02/19 03:42:49.629, 2, 0, 0, 3, 40960, 53.83, 32
2026/02/19 03:42:49.636, 3, 0, 0, 3, 40960, 51.75, 30
2026/02/19 03:42:49.644, 4, 0, 0, 3, 40960, 50.59, 31
2026/02/19 03:42:49.651, 5, 0, 0, 3, 40960, 51.14, 30
2026/02/19 03:42:49.657, 6, 0, 0, 3, 40960, 54.02, 32
2026/02/19 03:42:49.664, 7, 0, 0, 3, 40960, 51.44, 30
2026/02/19 03:42:50.672, 0, 40, 35, 13327, 40960, 76.53, 43
2026/02/19 03:42:50.680, 1, 0, 0, 3, 40960, 50.95, 29
2026/02/19 03:42:50.685, 2, 0, 0, 3, 40960, 53.89, 32
2026/02/19 03:42:50.695, 3, 0, 0, 3, 40960, 51.81, 30
2026/02/19 03:42:50.702, 4, 0, 0, 3, 40960, 50.65, 31
2026/02/19 03:42:50.711, 5, 0, 0, 3, 40960, 50.95, 30
2026/02/19 03:42:50.719, 6, 0, 0, 3, 40960, 54.02, 32
2026/02/19 03:42:50.727, 7, 0, 0, 3, 40960, 51.49, 30
2026/02/19 03:42:51.734, 0, 94, 97, 13327, 40960, 278.16, 47
2026/02/19 03:42:51.744, 1, 0, 0, 3, 40960, 51.08, 29
2026/02/19 03:42:51.749, 2, 0, 0, 3, 40960, 53.77, 32
2026/02/19 03:42:51.754, 3, 0, 0, 3, 40960, 51.63, 30
2026/02/19 03:42:51.760, 4, 0, 0, 3, 40960, 50.65, 31
2026/02/19 03:42:51.767, 5, 0, 0, 3, 40960, 51.14, 30
2026/02/19 03:42:51.775, 6, 0, 0, 3, 40960, 54.02, 32
2026/02/19 03:42:51.780, 7, 0, 0, 3, 40960, 51.44, 30
2026/02/19 03:42:52.788, 0, 99, 95, 13327, 40960, 280.05, 55
2026/02/19 03:42:52.792, 1, 0, 0, 3, 40960, 51.08, 29
2026/02/19 03:42:52.797, 2, 0, 0, 3, 40960, 53.65, 32
2026/02/19 03:42:52.805, 3, 0, 0, 3, 40960, 51.63, 30
2026/02/19 03:42:52.812, 4, 0, 0, 3, 40960, 50.59, 31
2026/02/19 03:42:52.818, 5, 0, 0, 3, 40960, 51.14, 30
2026/02/19 03:42:52.825, 6, 0, 0, 3, 40960, 54.02, 32
2026/02/19 03:42:52.833, 7, 0, 0, 3, 40960, 51.44, 30
2026/02/19 03:42:53.841, 0, 0, 0, 13327, 40960, 76.22, 43
2026/02/19 03:42:53.846, 1, 0, 0, 3, 40960, 51.01, 29
2026/02/19 03:42:53.851, 2, 0, 0, 3, 40960, 53.89, 32
2026/02/19 03:42:53.859, 3, 0, 0, 3, 40960, 51.81, 30
2026/02/19 03:42:53.866, 4, 0, 0, 3, 40960, 50.65, 31
2026/02/19 03:42:53.874, 5, 0, 0, 3, 40960, 50.95, 30
2026/02/19 03:42:53.882, 6, 0, 0, 3, 40960, 54.02, 32
2026/02/19 03:42:53.889, 7, 0, 0, 3, 40960, 51.49, 30
2026/02/19 03:42:54.897, 0, 99, 42, 13327, 40960, 372.77, 54
2026/02/19 03:42:54.907, 1, 0, 0, 3, 40960, 51.02, 29
2026/02/19 03:42:54.913, 2, 0, 0, 3, 40960, 53.65, 32
2026/02/19 03:42:54.920, 3, 0, 0, 3, 40960, 51.63, 30
2026/02/19 03:42:54.928, 4, 0, 0, 3, 40960, 50.65, 31
2026/02/19 03:42:54.933, 5, 0, 0, 3, 40960, 50.89, 30
2026/02/19 03:42:54.942, 6, 0, 0, 3, 40960, 54.02, 32
2026/02/19 03:42:54.949, 7, 0, 0, 3, 40960, 51.44, 30
2026/02/19 03:42:55.957, 0, 93, 29, 13327, 40960, 80.26, 47
2026/02/19 03:42:55.970, 1, 0, 0, 3, 40960, 51.01, 29
2026/02/19 03:42:55.977, 2, 0, 0, 3, 40960, 53.65, 32
2026/02/19 03:42:55.985, 3, 0, 0, 3, 40960, 51.81, 29
2026/02/19 03:42:55.992, 4, 0, 0, 3, 40960, 50.65, 31
2026/02/19 03:42:55.997, 5, 0, 0, 3, 40960, 50.95, 30
2026/02/19 03:42:56.005, 6, 0, 0, 3, 40960, 54.02, 32
2026/02/19 03:42:56.012, 7, 0, 0, 3, 40960, 51.44, 30
2026/02/19 03:42:57.020, 0, 84, 47, 13327, 40960, 213.30, 45
2026/02/19 03:42:57.026, 1, 0, 0, 3, 40960, 50.89, 29
2026/02/19 03:42:57.031, 2, 0, 0, 3, 40960, 53.83, 32
2026/02/19 03:42:57.039, 3, 0, 0, 3, 40960, 51.75, 29
2026/02/19 03:42:57.044, 4, 0, 0, 3, 40960, 50.95, 31
2026/02/19 03:42:57.049, 5, 0, 0, 3, 40960, 50.95, 30
2026/02/19 03:42:57.057, 6, 0, 0, 3, 40960, 54.02, 32
2026/02/19 03:42:57.064, 7, 0, 0, 3, 40960, 51.44, 30
2026/02/19 03:42:58.073, 0, 99, 100, 13327, 40960, 320.71, 53
2026/02/19 03:42:58.077, 1, 0, 0, 3, 40960, 51.08, 29
2026/02/19 03:42:58.082, 2, 0, 0, 3, 40960, 53.71, 32
2026/02/19 03:42:58.091, 3, 0, 0, 3, 40960, 51.52, 29
2026/02/19 03:42:58.098, 4, 0, 0, 3, 40960, 50.59, 31
2026/02/19 03:42:58.104, 5, 0, 0, 3, 40960, 50.89, 30
2026/02/19 03:42:58.111, 6, 0, 0, 3, 40960, 53.96, 32
2026/02/19 03:42:58.119, 7, 0, 0, 3, 40960, 51.44, 30
2026/02/19 03:42:59.127, 0, 98, 88, 13327, 40960, 388.76, 54
2026/02/19 03:42:59.133, 1, 0, 0, 3, 40960, 51.02, 29
2026/02/19 03:42:59.139, 2, 0, 0, 3, 40960, 53.65, 32
2026/02/19 03:42:59.147, 3, 0, 0, 3, 40960, 51.75, 29
2026/02/19 03:42:59.154, 4, 0, 0, 3, 40960, 50.89, 31
2026/02/19 03:42:59.160, 5, 0, 0, 3, 40960, 50.89, 30
2026/02/19 03:42:59.168, 6, 0, 0, 3, 40960, 54.02, 32
2026/02/19 03:42:59.175, 7, 0, 0, 3, 40960, 51.44, 30
2026/02/19 03:43:00.183, 0, 5, 3, 13327, 40960, 123.87, 45
2026/02/19 03:43:00.191, 1, 0, 0, 3, 40960, 50.95, 29
2026/02/19 03:43:00.196, 2, 0, 0, 3, 40960, 53.59, 32
2026/02/19 03:43:00.203, 3, 0, 0, 3, 40960, 51.81, 29
2026/02/19 03:43:00.211, 4, 0, 0, 3, 40960, 50.59, 31
2026/02/19 03:43:00.216, 5, 0, 0, 3, 40960, 50.95, 30
2026/02/19 03:43:00.224, 6, 0, 0, 3, 40960, 53.96, 32
2026/02/19 03:43:00.232, 7, 0, 0, 3, 40960, 51.44, 30
2026/02/19 03:43:01.238, 0, 92, 33, 13327, 40960, 282.18, 53
2026/02/19 03:43:01.252, 1, 0, 0, 3, 40960, 51.08, 29
2026/02/19 03:43:01.257, 2, 0, 0, 3, 40960, 53.71, 32
2026/02/19 03:43:01.262, 3, 0, 0, 3, 40960, 51.63, 29
2026/02/19 03:43:01.267, 4, 0, 0, 3, 40960, 50.89, 31
2026/02/19 03:43:01.274, 5, 0, 0, 3, 40960, 50.89, 30
2026/02/19 03:43:01.279, 6, 0, 0, 3, 40960, 54.02, 32
2026/02/19 03:43:01.285, 7, 0, 0, 3, 40960, 51.44, 30
2026/02/19 03:43:02.293, 0, 93, 25, 13327, 40960, 80.81, 48
2026/02/19 03:43:02.297, 1, 0, 0, 3, 40960, 51.01, 29
2026/02/19 03:43:02.302, 2, 0, 0, 3, 40960, 53.65, 32
2026/02/19 03:43:02.310, 3, 0, 0, 3, 40960, 51.75, 29
2026/02/19 03:43:02.317, 4, 0, 0, 3, 40960, 50.95, 31
2026/02/19 03:43:02.325, 5, 0, 0, 3, 40960, 50.95, 30
2026/02/19 03:43:02.333, 6, 0, 0, 3, 40960, 53.77, 32
2026/02/19 03:43:02.340, 7, 0, 0, 3, 40960, 51.49, 30
2026/02/19 03:43:03.348, 0, 48, 8, 13327, 40960, 212.01, 47
2026/02/19 03:43:03.352, 1, 0, 0, 3, 40960, 50.89, 29
2026/02/19 03:43:03.357, 2, 0, 0, 3, 40960, 53.59, 32
2026/02/19 03:43:03.365, 3, 0, 0, 3, 40960, 51.69, 29
2026/02/19 03:43:03.372, 4, 0, 0, 3, 40960, 50.65, 31
2026/02/19 03:43:03.380, 5, 0, 0, 3, 40960, 50.95, 30
2026/02/19 03:43:03.387, 6, 0, 0, 3, 40960, 54.02, 32
2026/02/19 03:43:03.395, 7, 0, 0, 3, 40960, 51.44, 30
2026/02/19 03:43:04.403, 0, 80, 39, 13327, 40960, 277.37, 49
2026/02/19 03:43:04.410, 1, 0, 0, 3, 40960, 51.08, 29
2026/02/19 03:43:04.415, 2, 0, 0, 3, 40960, 53.71, 32
2026/02/19 03:43:04.423, 3, 0, 0, 3, 40960, 51.63, 29
2026/02/19 03:43:04.430, 4, 0, 0, 3, 40960, 50.59, 31
2026/02/19 03:43:04.436, 5, 0, 0, 3, 40960, 50.89, 30
2026/02/19 03:43:04.443, 6, 0, 0, 3, 40960, 53.96, 32
2026/02/19 03:43:04.451, 7, 0, 0, 3, 40960, 51.69, 30
2026/02/19 03:43:05.459, 0, 98, 70, 13327, 40960, 333.25, 57
2026/02/19 03:43:05.466, 1, 0, 0, 3, 40960, 51.08, 29
2026/02/19 03:43:05.471, 2, 0, 0, 3, 40960, 53.71, 32
2026/02/19 03:43:05.479, 3, 0, 0, 3, 40960, 51.57, 29
2026/02/19 03:43:05.486, 4, 0, 0, 3, 40960, 50.59, 31
2026/02/19 03:43:05.494, 5, 0, 0, 3, 40960, 50.95, 30
2026/02/19 03:43:05.503, 6, 0, 0, 3, 40960, 53.71, 32
2026/02/19 03:43:05.510, 7, 0, 0, 3, 40960, 51.44, 30
2026/02/19 03:43:06.518, 0, 67, 24, 13327, 40960, 279.75, 48
2026/02/19 03:43:06.528, 1, 0, 0, 3, 40960, 51.08, 29
2026/02/19 03:43:06.536, 2, 0, 0, 3, 40960, 53.77, 32
2026/02/19 03:43:06.541, 3, 0, 0, 3, 40960, 51.63, 29
2026/02/19 03:43:06.546, 4, 0, 0, 3, 40960, 50.59, 31
2026/02/19 03:43:06.555, 5, 0, 0, 3, 40960, 50.89, 30
2026/02/19 03:43:06.560, 6, 0, 0, 3, 40960, 54.02, 32
2026/02/19 03:43:06.565, 7, 0, 0, 3, 40960, 51.69, 30
2026/02/19 03:43:07.574, 0, 93, 40, 13327, 40960, 285.35, 53
2026/02/19 03:43:07.581, 1, 0, 0, 3, 40960, 51.08, 29
2026/02/19 03:43:07.589, 2, 0, 0, 3, 40960, 53.77, 32
2026/02/19 03:43:07.597, 3, 0, 0, 3, 40960, 51.63, 29
2026/02/19 03:43:07.605, 4, 0, 0, 3, 40960, 50.65, 31
2026/02/19 03:43:07.612, 5, 0, 0, 3, 40960, 50.89, 30
2026/02/19 03:43:07.620, 6, 0, 0, 3, 40960, 54.02, 32
2026/02/19 03:43:07.628, 7, 0, 0, 3, 40960, 51.44, 30
2026/02/19 03:43:08.635, 0, 72, 5, 13327, 40960, 75.73, 46
2026/02/19 03:43:08.639, 1, 0, 0, 3, 40960, 51.01, 29
2026/02/19 03:43:08.644, 2, 0, 0, 3, 40960, 53.65, 32
2026/02/19 03:43:08.652, 3, 0, 0, 3, 40960, 51.81, 29
2026/02/19 03:43:08.660, 4, 0, 0, 3, 40960, 50.65, 31
2026/02/19 03:43:08.667, 5, 0, 0, 3, 40960, 50.95, 30
2026/02/19 03:43:08.675, 6, 0, 0, 3, 40960, 54.02, 32
2026/02/19 03:43:08.683, 7, 0, 0, 3, 40960, 51.49, 30
2026/02/19 03:43:09.690, 0, 24, 1, 13327, 40960, 74.93, 45
2026/02/19 03:43:09.696, 1, 0, 0, 3, 40960, 51.01, 29
2026/02/19 03:43:09.701, 2, 0, 0, 3, 40960, 53.65, 32
2026/02/19 03:43:09.709, 3, 0, 0, 3, 40960, 51.75, 29
2026/02/19 03:43:09.716, 4, 0, 0, 3, 40960, 50.65, 31
2026/02/19 03:43:09.724, 5, 0, 0, 3, 40960, 50.95, 30
2026/02/19 03:43:09.731, 6, 0, 0, 3, 40960, 54.02, 32
2026/02/19 03:43:09.739, 7, 0, 0, 3, 40960, 51.44, 30
2026/02/19 03:43:10.747, 0, 94, 47, 13327, 40960, 290.72, 51
2026/02/19 03:43:10.754, 1, 0, 0, 3, 40960, 51.08, 29
2026/02/19 03:43:10.759, 2, 0, 0, 3, 40960, 53.77, 32
2026/02/19 03:43:10.767, 3, 0, 0, 3, 40960, 51.63, 29
2026/02/19 03:43:10.775, 4, 0, 0, 3, 40960, 50.59, 31
2026/02/19 03:43:10.782, 5, 0, 0, 3, 40960, 50.89, 30
2026/02/19 03:43:10.789, 6, 0, 0, 3, 40960, 54.02, 32
2026/02/19 03:43:10.797, 7, 0, 0, 3, 40960, 51.69, 30
2026/02/19 03:43:11.805, 0, 95, 36, 13327, 40960, 132.58, 50
2026/02/19 03:43:11.809, 1, 0, 0, 3, 40960, 50.95, 29
2026/02/19 03:43:11.814, 2, 0, 0, 3, 40960, 53.59, 32
2026/02/19 03:43:11.820, 3, 0, 0, 3, 40960, 51.81, 29
2026/02/19 03:43:11.825, 4, 0, 0, 3, 40960, 50.65, 31
2026/02/19 03:43:11.833, 5, 0, 0, 3, 40960, 50.89, 30
2026/02/19 03:43:11.840, 6, 0, 0, 3, 40960, 54.02, 32
2026/02/19 03:43:11.845, 7, 0, 0, 3, 40960, 51.49, 30
2026/02/19 03:43:12.853, 0, 99, 51, 13327, 40960, 311.40, 53
2026/02/19 03:43:12.860, 1, 0, 0, 3, 40960, 51.08, 29
2026/02/19 03:43:12.867, 2, 0, 0, 3, 40960, 53.53, 32
2026/02/19 03:43:12.874, 3, 0, 0, 3, 40960, 51.63, 29
2026/02/19 03:43:12.882, 4, 0, 0, 3, 40960, 50.89, 31
2026/02/19 03:43:12.889, 5, 0, 0, 3, 40960, 50.89, 30
2026/02/19 03:43:12.897, 6, 0, 0, 3, 40960, 54.02, 32
2026/02/19 03:43:12.905, 7, 0, 0, 3, 40960, 51.44, 30
2026/02/19 03:43:13.912, 0, 97, 30, 13327, 40960, 160.38, 52
2026/02/19 03:43:13.926, 1, 0, 0, 3, 40960, 50.95, 29
2026/02/19 03:43:13.931, 2, 0, 0, 3, 40960, 53.59, 32
2026/02/19 03:43:13.938, 3, 0, 0, 3, 40960, 51.69, 29
2026/02/19 03:43:13.946, 4, 0, 0, 3, 40960, 50.59, 31
2026/02/19 03:43:13.953, 5, 0, 0, 3, 40960, 50.95, 30
2026/02/19 03:43:13.961, 6, 0, 0, 3, 40960, 54.02, 32
2026/02/19 03:43:13.968, 7, 0, 0, 3, 40960, 51.44, 30
2026/02/19 03:43:14.977, 0, 6, 5, 13327, 40960, 75.18, 45
2026/02/19 03:43:14.981, 1, 0, 0, 3, 40960, 51.01, 29
2026/02/19 03:43:14.987, 2, 0, 0, 3, 40960, 53.65, 32
2026/02/19 03:43:14.996, 3, 0, 0, 3, 40960, 51.81, 29
2026/02/19 03:43:15.005, 4, 0, 0, 3, 40960, 50.65, 31
2026/02/19 03:43:15.010, 5, 0, 0, 3, 40960, 50.95, 30
2026/02/19 03:43:15.018, 6, 0, 0, 3, 40960, 54.02, 32
2026/02/19 03:43:15.026, 7, 0, 0, 3, 40960, 51.75, 30
2026/02/19 03:43:16.034, 0, 0, 0, 13327, 40960, 74.47, 43
2026/02/19 03:43:16.039, 1, 0, 0, 3, 40960, 51.01, 29
2026/02/19 03:43:16.044, 2, 0, 0, 3, 40960, 53.65, 32
2026/02/19 03:43:16.051, 3, 0, 0, 3, 40960, 51.81, 29
2026/02/19 03:43:16.059, 4, 0, 0, 3, 40960, 50.65, 31
2026/02/19 03:43:16.064, 5, 0, 0, 3, 40960, 51.20, 30
2026/02/19 03:43:16.073, 6, 0, 0, 3, 40960, 54.02, 32
2026/02/19 03:43:16.081, 7, 0, 0, 3, 40960, 51.49, 30
2026/02/19 03:43:17.089, 0, 0, 0, 13327, 40960, 60.01, 42
2026/02/19 03:43:17.093, 1, 0, 0, 3, 40960, 51.01, 29
2026/02/19 03:43:17.098, 2, 0, 0, 3, 40960, 53.65, 32
2026/02/19 03:43:17.105, 3, 0, 0, 3, 40960, 51.81, 29
2026/02/19 03:43:17.114, 4, 0, 0, 3, 40960, 50.65, 31
2026/02/19 03:43:17.120, 5, 0, 0, 3, 40960, 50.95, 30
2026/02/19 03:43:17.127, 6, 0, 0, 3, 40960, 54.02, 32
2026/02/19 03:43:17.135, 7, 0, 0, 3, 40960, 51.49, 30
2026/02/19 03:43:18.143, 0, 0, 0, 13327, 40960, 59.47, 41
2026/02/19 03:43:18.152, 1, 0, 0, 3, 40960, 51.01, 29
2026/02/19 03:43:18.157, 2, 0, 0, 3, 40960, 53.71, 32
2026/02/19 03:43:18.165, 3, 0, 0, 3, 40960, 51.81, 29
2026/02/19 03:43:18.173, 4, 0, 0, 3, 40960, 50.65, 31
2026/02/19 03:43:18.178, 5, 0, 0, 3, 40960, 50.95, 30
2026/02/19 03:43:18.187, 6, 0, 0, 3, 40960, 54.02, 32
2026/02/19 03:43:18.195, 7, 0, 0, 3, 40960, 51.49, 30
2026/02/19 03:43:19.203, 0, 0, 0, 13327, 40960, 59.47, 40
2026/02/19 03:43:19.208, 1, 0, 0, 3, 40960, 51.01, 29
2026/02/19 03:43:19.213, 2, 0, 0, 3, 40960, 53.71, 32
2026/02/19 03:43:19.221, 3, 0, 0, 3, 40960, 51.81, 30
2026/02/19 03:43:19.230, 4, 0, 0, 3, 40960, 50.65, 31
2026/02/19 03:43:19.235, 5, 0, 0, 3, 40960, 50.95, 30
2026/02/19 03:43:19.242, 6, 0, 0, 3, 40960, 54.02, 32
2026/02/19 03:43:19.250, 7, 0, 0, 3, 40960, 51.49, 30
2026/02/19 03:43:20.258, 0, 0, 0, 13327, 40960, 59.17, 40
2026/02/19 03:43:20.263, 1, 0, 0, 3, 40960, 51.01, 29
2026/02/19 03:43:20.270, 2, 0, 0, 3, 40960, 53.71, 32
2026/02/19 03:43:20.278, 3, 0, 0, 3, 40960, 51.81, 30
2026/02/19 03:43:20.285, 4, 0, 0, 3, 40960, 50.95, 31
2026/02/19 03:43:20.290, 5, 0, 0, 3, 40960, 50.95, 30
2026/02/19 03:43:20.299, 6, 0, 0, 3, 40960, 54.02, 32
2026/02/19 03:43:20.306, 7, 0, 0, 3, 40960, 51.49, 30
2026/02/19 03:43:21.314, 0, 0, 0, 13327, 40960, 59.17, 40
2026/02/19 03:43:21.318, 1, 0, 0, 3, 40960, 51.01, 29
2026/02/19 03:43:21.323, 2, 0, 0, 3, 40960, 53.96, 32
2026/02/19 03:43:21.328, 3, 0, 0, 3, 40960, 51.81, 30
2026/02/19 03:43:21.333, 4, 0, 0, 3, 40960, 50.65, 31
2026/02/19 03:43:21.338, 5, 0, 0, 3, 40960, 50.95, 30
2026/02/19 03:43:21.344, 6, 0, 0, 3, 40960, 54.02, 32
2026/02/19 03:43:21.349, 7, 0, 0, 3, 40960, 51.49, 30
2026/02/19 03:43:22.356, 0, 0, 0, 13327, 40960, 59.17, 39
2026/02/19 03:43:22.362, 1, 0, 0, 3, 40960, 51.01, 29
2026/02/19 03:43:22.368, 2, 0, 0, 3, 40960, 53.71, 32
2026/02/19 03:43:22.375, 3, 0, 0, 3, 40960, 51.81, 30
2026/02/19 03:43:22.383, 4, 0, 0, 3, 40960, 50.65, 31
2026/02/19 03:43:22.392, 5, 0, 0, 3, 40960, 50.95, 30
2026/02/19 03:43:22.400, 6, 0, 0, 3, 40960, 54.02, 32
2026/02/19 03:43:22.407, 7, 0, 0, 3, 40960, 51.49, 30
2026/02/19 03:43:23.418, 0, 0, 0, 13327, 40960, 59.17, 39
2026/02/19 03:43:23.423, 1, 0, 0, 3, 40960, 51.01, 29
2026/02/19 03:43:23.429, 2, 0, 0, 3, 40960, 53.71, 32
2026/02/19 03:43:23.439, 3, 0, 0, 3, 40960, 51.81, 30
2026/02/19 03:43:23.446, 4, 0, 0, 3, 40960, 50.65, 31
2026/02/19 03:43:23.454, 5, 0, 0, 3, 40960, 51.20, 30
2026/02/19 03:43:23.461, 6, 0, 0, 3, 40960, 54.02, 32
2026/02/19 03:43:23.469, 7, 0, 0, 3, 40960, 51.49, 30
2026/02/19 03:43:24.476, 0, 0, 0, 13327, 40960, 58.91, 39
2026/02/19 03:43:24.483, 1, 0, 0, 3, 40960, 51.01, 29
2026/02/19 03:43:24.488, 2, 0, 0, 3, 40960, 53.71, 32
2026/02/19 03:43:24.496, 3, 0, 0, 3, 40960, 51.81, 30
2026/02/19 03:43:24.503, 4, 0, 0, 3, 40960, 50.65, 31
2026/02/19 03:43:24.511, 5, 0, 0, 3, 40960, 51.20, 30
2026/02/19 03:43:24.518, 6, 0, 0, 3, 40960, 54.02, 32
2026/02/19 03:43:24.526, 7, 0, 0, 3, 40960, 51.49, 30
2026/02/19 03:43:25.534, 0, 0, 0, 13327, 40960, 59.17, 39
2026/02/19 03:43:25.540, 1, 0, 0, 3, 40960, 51.01, 29
2026/02/19 03:43:25.548, 2, 0, 0, 3, 40960, 53.71, 32
2026/02/19 03:43:25.555, 3, 0, 0, 3, 40960, 51.81, 30
2026/02/19 03:43:25.563, 4, 0, 0, 3, 40960, 50.65, 31
2026/02/19 03:43:25.570, 5, 0, 0, 3, 40960, 50.95, 30
2026/02/19 03:43:25.578, 6, 0, 0, 3, 40960, 54.02, 32
2026/02/19 03:43:25.585, 7, 0, 0, 3, 40960, 51.49, 30
2026/02/19 03:43:26.593, 0, 0, 0, 13327, 40960, 58.91, 39
2026/02/19 03:43:26.598, 1, 0, 0, 3, 40960, 51.01, 29
2026/02/19 03:43:26.604, 2, 0, 0, 3, 40960, 53.71, 32
2026/02/19 03:43:26.609, 3, 0, 0, 3, 40960, 51.81, 30
2026/02/19 03:43:26.614, 4, 0, 0, 3, 40960, 50.65, 31
2026/02/19 03:43:26.622, 5, 0, 0, 3, 40960, 51.20, 30
2026/02/19 03:43:26.627, 6, 0, 0, 3, 40960, 54.02, 32
2026/02/19 03:43:26.632, 7, 0, 0, 3, 40960, 51.49, 30
2026/02/19 03:43:27.639, 0, 0, 0, 13327, 40960, 58.91, 39
2026/02/19 03:43:27.645, 1, 0, 0, 3, 40960, 51.01, 29
2026/02/19 03:43:27.650, 2, 0, 0, 3, 40960, 53.71, 32
2026/02/19 03:43:27.658, 3, 0, 0, 3, 40960, 51.81, 30
2026/02/19 03:43:27.665, 4, 0, 0, 3, 40960, 50.65, 31
2026/02/19 03:43:27.673, 5, 0, 0, 3, 40960, 50.95, 30
2026/02/19 03:43:27.681, 6, 0, 0, 3, 40960, 54.02, 32
2026/02/19 03:43:27.688, 7, 0, 0, 3, 40960, 51.49, 30
2026/02/19 03:43:28.697, 0, 0, 0, 13327, 40960, 58.91, 38
2026/02/19 03:43:28.702, 1, 0, 0, 3, 40960, 51.01, 29
2026/02/19 03:43:28.707, 2, 0, 0, 3, 40960, 53.71, 32
2026/02/19 03:43:28.715, 3, 0, 0, 3, 40960, 51.81, 30
2026/02/19 03:43:28.722, 4, 0, 0, 3, 40960, 50.65, 31
2026/02/19 03:43:28.730, 5, 0, 0, 3, 40960, 50.95, 30
2026/02/19 03:43:28.738, 6, 0, 0, 3, 40960, 54.02, 32
2026/02/19 03:43:28.745, 7, 0, 0, 3, 40960, 51.49, 30
2026/02/19 03:43:29.753, 0, 0, 0, 13327, 40960, 58.91, 38
2026/02/19 03:43:29.758, 1, 0, 0, 3, 40960, 51.01, 30
2026/02/19 03:43:29.765, 2, 0, 0, 3, 40960, 53.71, 32
2026/02/19 03:43:29.773, 3, 0, 0, 3, 40960, 51.81, 30
2026/02/19 03:43:29.781, 4, 0, 0, 3, 40960, 50.65, 31
2026/02/19 03:43:29.788, 5, 0, 0, 3, 40960, 50.95, 30
2026/02/19 03:43:29.796, 6, 0, 0, 3, 40960, 54.02, 32
2026/02/19 03:43:29.804, 7, 0, 0, 3, 40960, 51.49, 30
2026/02/19 03:43:30.812, 0, 0, 0, 13327, 40960, 58.67, 38
2026/02/19 03:43:30.818, 1, 0, 0, 3, 40960, 51.25, 30
2026/02/19 03:43:30.823, 2, 0, 0, 3, 40960, 53.96, 32
2026/02/19 03:43:30.832, 3, 0, 0, 3, 40960, 51.81, 30
2026/02/19 03:43:30.840, 4, 0, 0, 3, 40960, 50.65, 31
2026/02/19 03:43:30.845, 5, 0, 0, 3, 40960, 51.20, 30
2026/02/19 03:43:30.853, 6, 0, 0, 3, 40960, 54.02, 32
2026/02/19 03:43:30.861, 7, 0, 0, 3, 40960, 51.49, 30
2026/02/19 03:43:31.868, 0, 0, 0, 13327, 40960, 58.67, 38
2026/02/19 03:43:31.874, 1, 0, 0, 3, 40960, 51.01, 30
2026/02/19 03:43:31.879, 2, 0, 0, 3, 40960, 53.71, 32
2026/02/19 03:43:31.886, 3, 0, 0, 3, 40960, 51.81, 30
2026/02/19 03:43:31.892, 4, 0, 0, 3, 40960, 50.65, 31
2026/02/19 03:43:31.898, 5, 0, 0, 3, 40960, 51.20, 30
2026/02/19 03:43:31.906, 6, 0, 0, 3, 40960, 54.02, 32
2026/02/19 03:43:31.911, 7, 0, 0, 3, 40960, 51.49, 30
2026/02/19 03:43:32.919, 0, 0, 0, 13327, 40960, 58.67, 38
2026/02/19 03:43:32.924, 1, 0, 0, 3, 40960, 51.25, 30
2026/02/19 03:43:32.929, 2, 0, 0, 3, 40960, 53.71, 32
2026/02/19 03:43:32.937, 3, 0, 0, 3, 40960, 52.06, 30
2026/02/19 03:43:32.946, 4, 0, 0, 3, 40960, 50.65, 31
2026/02/19 03:43:32.954, 5, 0, 0, 3, 40960, 51.20, 30
2026/02/19 03:43:32.962, 6, 0, 0, 3, 40960, 54.02, 32
2026/02/19 03:43:32.970, 7, 0, 0, 3, 40960, 51.49, 30
2026/02/19 03:43:33.977, 0, 0, 0, 13327, 40960, 58.91, 38
2026/02/19 03:43:33.983, 1, 0, 0, 3, 40960, 51.25, 30
2026/02/19 03:43:33.988, 2, 0, 0, 3, 40960, 53.96, 32
2026/02/19 03:43:33.996, 3, 0, 0, 3, 40960, 51.81, 30
2026/02/19 03:43:34.003, 4, 0, 0, 3, 40960, 50.65, 31
2026/02/19 03:43:34.011, 5, 0, 0, 3, 40960, 51.20, 30
2026/02/19 03:43:34.018, 6, 0, 0, 3, 40960, 54.02, 32
2026/02/19 03:43:34.026, 7, 0, 0, 3, 40960, 51.49, 30
2026/02/19 03:43:35.033, 0, 0, 0, 13327, 40960, 58.67, 38
2026/02/19 03:43:35.040, 1, 0, 0, 3, 40960, 51.25, 30
2026/02/19 03:43:35.045, 2, 0, 0, 3, 40960, 53.71, 32
2026/02/19 03:43:35.052, 3, 0, 0, 3, 40960, 52.06, 30
2026/02/19 03:43:35.061, 4, 0, 0, 3, 40960, 50.65, 31
2026/02/19 03:43:35.069, 5, 0, 0, 3, 40960, 51.20, 30
2026/02/19 03:43:35.077, 6, 0, 0, 3, 40960, 54.02, 32
2026/02/19 03:43:35.086, 7, 0, 0, 3, 40960, 51.49, 30
2026/02/19 03:43:36.093, 0, 3, 0, 13323, 40960, 58.67, 37
2026/02/19 03:43:36.098, 1, 0, 0, 3, 40960, 51.01, 30
2026/02/19 03:43:36.103, 2, 0, 0, 3, 40960, 53.89, 32
2026/02/19 03:43:36.112, 3, 0, 0, 3, 40960, 51.81, 30
2026/02/19 03:43:36.119, 4, 0, 0, 3, 40960, 50.95, 31
2026/02/19 03:43:36.125, 5, 0, 0, 3, 40960, 51.20, 30
2026/02/19 03:43:36.132, 6, 0, 0, 3, 40960, 54.02, 32
2026/02/19 03:43:36.140, 7, 0, 0, 3, 40960, 51.49, 30
2026/02/19 03:43:37.147, 0, 0, 0, 13319, 40960, 58.67, 37
2026/02/19 03:43:37.153, 1, 0, 0, 3, 40960, 51.25, 30
2026/02/19 03:43:37.158, 2, 0, 0, 3, 40960, 53.96, 32
2026/02/19 03:43:37.166, 3, 0, 0, 3, 40960, 52.06, 30
2026/02/19 03:43:37.176, 4, 0, 0, 3, 40960, 50.65, 31
2026/02/19 03:43:37.181, 5, 0, 0, 3, 40960, 51.20, 30
2026/02/19 03:43:37.188, 6, 0, 0, 3, 40960, 54.02, 32
2026/02/19 03:43:37.196, 7, 0, 0, 3, 40960, 51.49, 30
2026/02/19 03:43:38.204, 0, 0, 0, 13319, 40960, 58.67, 37
2026/02/19 03:43:38.210, 1, 0, 0, 3, 40960, 51.25, 30
2026/02/19 03:43:38.216, 2, 0, 0, 3, 40960, 53.96, 32
2026/02/19 03:43:38.224, 3, 0, 0, 3, 40960, 51.81, 30
2026/02/19 03:43:38.231, 4, 0, 0, 3, 40960, 50.65, 31
2026/02/19 03:43:38.236, 5, 0, 0, 3, 40960, 51.20, 30
2026/02/19 03:43:38.244, 6, 0, 0, 3, 40960, 54.02, 32
2026/02/19 03:43:38.252, 7, 0, 0, 3, 40960, 51.49, 30
2026/02/19 03:43:39.259, 0, 0, 0, 13319, 40960, 58.37, 37
2026/02/19 03:43:39.265, 1, 0, 0, 3, 40960, 51.25, 30
2026/02/19 03:43:39.270, 2, 0, 0, 3, 40960, 53.71, 32
2026/02/19 03:43:39.278, 3, 0, 0, 3, 40960, 51.81, 30
2026/02/19 03:43:39.285, 4, 0, 0, 3, 40960, 50.65, 31
2026/02/19 03:43:39.291, 5, 0, 0, 3, 40960, 51.20, 30
2026/02/19 03:43:39.298, 6, 0, 0, 3, 40960, 54.02, 32
2026/02/19 03:43:39.306, 7, 0, 0, 3, 40960, 51.49, 30
2026/02/19 03:43:40.313, 0, 0, 0, 13319, 40960, 58.37, 37
2026/02/19 03:43:40.319, 1, 0, 0, 3, 40960, 51.01, 30
2026/02/19 03:43:40.324, 2, 0, 0, 3, 40960, 53.96, 32
2026/02/19 03:43:40.331, 3, 0, 0, 3, 40960, 51.81, 30
2026/02/19 03:43:40.339, 4, 0, 0, 3, 40960, 50.65, 31
2026/02/19 03:43:40.347, 5, 0, 0, 3, 40960, 51.20, 30
2026/02/19 03:43:40.357, 6, 0, 0, 3, 40960, 54.02, 32
2026/02/19 03:43:40.365, 7, 0, 0, 3, 40960, 51.49, 30
2026/02/19 03:43:41.372, 0, 0, 0, 13319, 40960, 58.37, 37
2026/02/19 03:43:41.376, 1, 0, 0, 3, 40960, 51.01, 30
2026/02/19 03:43:41.383, 2, 0, 0, 3, 40960, 53.96, 32
2026/02/19 03:43:41.389, 3, 0, 0, 3, 40960, 51.81, 30
2026/02/19 03:43:41.394, 4, 0, 0, 3, 40960, 50.65, 31
2026/02/19 03:43:41.401, 5, 0, 0, 3, 40960, 51.20, 30
2026/02/19 03:43:41.406, 6, 0, 0, 3, 40960, 54.02, 32
2026/02/19 03:43:41.412, 7, 0, 0, 3, 40960, 51.49, 30
2026/02/19 03:43:42.419, 0, 0, 0, 13319, 40960, 58.37, 37
2026/02/19 03:43:42.425, 1, 0, 0, 3, 40960, 51.25, 30
2026/02/19 03:43:42.432, 2, 0, 0, 3, 40960, 53.71, 32
2026/02/19 03:43:42.440, 3, 0, 0, 3, 40960, 51.81, 30
2026/02/19 03:43:42.447, 4, 0, 0, 3, 40960, 50.65, 31
2026/02/19 03:43:42.455, 5, 0, 0, 3, 40960, 51.20, 31
2026/02/19 03:43:42.462, 6, 0, 0, 3, 40960, 54.02, 32
2026/02/19 03:43:42.470, 7, 0, 0, 3, 40960, 51.49, 30
2026/02/19 03:43:43.478, 0, 0, 0, 13319, 40960, 58.37, 37
2026/02/19 03:43:43.484, 1, 0, 0, 3, 40960, 51.01, 30
2026/02/19 03:43:43.490, 2, 0, 0, 3, 40960, 53.71, 32
2026/02/19 03:43:43.498, 3, 0, 0, 3, 40960, 51.81, 30
2026/02/19 03:43:43.505, 4, 0, 0, 3, 40960, 50.65, 31
2026/02/19 03:43:43.510, 5, 0, 0, 3, 40960, 51.20, 31
2026/02/19 03:43:43.520, 6, 0, 0, 3, 40960, 54.02, 32
2026/02/19 03:43:43.528, 7, 0, 0, 3, 40960, 51.49, 31
2026/02/19 03:43:44.535, 0, 0, 0, 13319, 40960, 58.37, 37
2026/02/19 03:43:44.541, 1, 0, 0, 3, 40960, 51.25, 30
2026/02/19 03:43:44.549, 2, 0, 0, 3, 40960, 53.96, 32
2026/02/19 03:43:44.557, 3, 0, 0, 3, 40960, 51.81, 30
2026/02/19 03:43:44.566, 4, 0, 0, 3, 40960, 50.65, 31
2026/02/19 03:43:44.573, 5, 0, 0, 3, 40960, 51.20, 31
2026/02/19 03:43:44.584, 6, 0, 0, 3, 40960, 54.02, 32
2026/02/19 03:43:44.594, 7, 0, 0, 3, 40960, 51.49, 31
2026/02/19 03:43:45.602, 0, 99, 3, 0, 40960, 72.03, 37
2026/02/19 03:43:45.607, 1, 0, 0, 0, 40960, 51.25, 30
2026/02/19 03:43:45.613, 2, 0, 0, 0, 40960, 53.89, 32
2026/02/19 03:43:45.618, 3, 0, 0, 0, 40960, 51.81, 30
2026/02/19 03:43:45.625, 4, 0, 0, 0, 40960, 50.65, 31
2026/02/19 03:43:45.633, 5, 0, 0, 0, 40960, 51.20, 31
2026/02/19 03:43:45.638, 6, 0, 0, 0, 40960, 54.02, 32
2026/02/19 03:43:45.644, 7, 0, 0, 0, 40960, 51.49, 31
2026/02/19 03:43:46.652, 0, 0, 0, 0, 40960, 72.03, 38
2026/02/19 03:43:46.658, 1, 0, 0, 0, 40960, 51.25, 30
2026/02/19 03:43:46.663, 2, 0, 0, 0, 40960, 53.96, 32
2026/02/19 03:43:46.670, 3, 0, 0, 0, 40960, 51.81, 30
2026/02/19 03:43:46.675, 4, 0, 0, 0, 40960, 50.65, 31
2026/02/19 03:43:46.683, 5, 0, 0, 0, 40960, 51.20, 31
2026/02/19 03:43:46.690, 6, 0, 0, 0, 40960, 54.02, 32
2026/02/19 03:43:46.695, 7, 0, 0, 0, 40960, 51.49, 31
2026/02/19 03:43:47.703, 0, 0, 0, 0, 40960, 53.04, 37
2026/02/19 03:43:47.708, 1, 0, 0, 0, 40960, 51.25, 30
2026/02/19 03:43:47.714, 2, 0, 0, 0, 40960, 53.96, 32
2026/02/19 03:43:47.722, 3, 0, 0, 0, 40960, 51.81, 30
2026/02/19 03:43:47.730, 4, 0, 0, 0, 40960, 50.65, 31
2026/02/19 03:43:47.737, 5, 0, 0, 0, 40960, 51.20, 31
2026/02/19 03:43:47.745, 6, 0, 0, 0, 40960, 54.02, 32
2026/02/19 03:43:47.753, 7, 0, 0, 0, 40960, 51.49, 31
2026/02/19 03:43:48.761, 0, 0, 0, 0, 40960, 53.04, 37
2026/02/19 03:43:48.770, 1, 0, 0, 0, 40960, 51.25, 30
2026/02/19 03:43:48.775, 2, 0, 0, 0, 40960, 53.96, 32
2026/02/19 03:43:48.784, 3, 0, 0, 0, 40960, 51.81, 30
2026/02/19 03:43:48.791, 4, 0, 0, 0, 40960, 50.65, 31
2026/02/19 03:43:48.801, 5, 0, 0, 0, 40960, 51.20, 31
2026/02/19 03:43:48.808, 6, 0, 0, 0, 40960, 54.02, 32
2026/02/19 03:43:48.816, 7, 0, 0, 0, 40960, 51.49, 31
2026/02/19 03:43:49.823, 0, 0, 0, 0, 40960, 52.73, 36
2026/02/19 03:43:49.831, 1, 0, 0, 0, 40960, 51.25, 30
2026/02/19 03:43:49.837, 2, 0, 0, 0, 40960, 53.96, 32
2026/02/19 03:43:49.845, 3, 0, 0, 0, 40960, 51.81, 30
2026/02/19 03:43:49.853, 4, 0, 0, 0, 40960, 50.65, 31
2026/02/19 03:43:49.858, 5, 0, 0, 0, 40960, 51.20, 31
2026/02/19 03:43:49.865, 6, 0, 0, 0, 40960, 54.02, 32
2026/02/19 03:43:49.874, 7, 0, 0, 0, 40960, 51.49, 31
2026/02/19 03:43:50.882, 0, 0, 0, 0, 40960, 52.73, 36
2026/02/19 03:43:50.890, 1, 0, 0, 0, 40960, 51.25, 30
2026/02/19 03:43:50.895, 2, 0, 0, 0, 40960, 53.96, 32
2026/02/19 03:43:50.903, 3, 0, 0, 0, 40960, 51.81, 30
2026/02/19 03:43:50.911, 4, 0, 0, 0, 40960, 50.95, 31
2026/02/19 03:43:50.917, 5, 0, 0, 0, 40960, 51.20, 31
2026/02/19 03:43:50.924, 6, 0, 0, 0, 40960, 54.02, 33
2026/02/19 03:43:50.932, 7, 0, 0, 0, 40960, 51.49, 31
2026/02/19 03:43:51.941, 0, 0, 0, 0, 40960, 53.04, 36
2026/02/19 03:43:51.949, 1, 0, 0, 0, 40960, 51.25, 30
2026/02/19 03:43:51.954, 2, 0, 0, 0, 40960, 53.96, 32
2026/02/19 03:43:51.962, 3, 0, 0, 0, 40960, 51.81, 30
2026/02/19 03:43:51.967, 4, 0, 0, 0, 40960, 50.65, 31
2026/02/19 03:43:51.975, 5, 0, 0, 0, 40960, 51.20, 31
2026/02/19 03:43:51.984, 6, 0, 0, 0, 40960, 54.02, 33
2026/02/19 03:43:51.992, 7, 0, 0, 0, 40960, 51.49, 31
2026/02/19 03:43:53.000, 0, 0, 0, 0, 40960, 52.73, 36
2026/02/19 03:43:53.008, 1, 0, 0, 0, 40960, 51.31, 30
2026/02/19 03:43:53.013, 2, 0, 0, 0, 40960, 53.96, 32
2026/02/19 03:43:53.021, 3, 0, 0, 0, 40960, 51.81, 30
2026/02/19 03:43:53.028, 4, 0, 0, 0, 40960, 50.65, 31
2026/02/19 03:43:53.034, 5, 0, 0, 0, 40960, 51.20, 31
2026/02/19 03:43:53.041, 6, 0, 0, 0, 40960, 54.02, 33
2026/02/19 03:43:53.049, 7, 0, 0, 0, 40960, 51.49, 31
2026/02/19 03:43:54.057, 0, 0, 0, 0, 40960, 52.73, 36
2026/02/19 03:43:54.065, 1, 0, 0, 0, 40960, 51.25, 30
2026/02/19 03:43:54.070, 2, 0, 0, 0, 40960, 53.96, 32
2026/02/19 03:43:54.078, 3, 0, 0, 0, 40960, 51.81, 30
2026/02/19 03:43:54.083, 4, 0, 0, 0, 40960, 50.95, 31
2026/02/19 03:43:54.088, 5, 0, 0, 0, 40960, 51.20, 31
2026/02/19 03:43:54.096, 6, 0, 0, 0, 40960, 54.02, 33
2026/02/19 03:43:54.104, 7, 0, 0, 0, 40960, 51.49, 31
2026/02/19 03:43:55.112, 0, 0, 0, 0, 40960, 52.73, 36
2026/02/19 03:43:55.120, 1, 0, 0, 0, 40960, 51.25, 30
2026/02/19 03:43:55.125, 2, 0, 0, 0, 40960, 53.96, 32
2026/02/19 03:43:55.133, 3, 0, 0, 0, 40960, 51.81, 30
2026/02/19 03:43:55.140, 4, 0, 0, 0, 40960, 50.95, 31
2026/02/19 03:43:55.146, 5, 0, 0, 0, 40960, 51.20, 31
2026/02/19 03:43:55.154, 6, 0, 0, 0, 40960, 54.02, 33
2026/02/19 03:43:55.161, 7, 0, 0, 0, 40960, 51.49, 31
2026/02/19 03:43:56.171, 0, 0, 0, 0, 40960, 52.73, 36
2026/02/19 03:43:56.179, 1, 0, 0, 0, 40960, 51.25, 30
2026/02/19 03:43:56.187, 2, 0, 0, 0, 40960, 53.96, 32
2026/02/19 03:43:56.193, 3, 0, 0, 0, 40960, 52.06, 30
2026/02/19 03:43:56.201, 4, 0, 0, 0, 40960, 50.95, 31
2026/02/19 03:43:56.206, 5, 0, 0, 0, 40960, 51.20, 31
2026/02/19 03:43:56.215, 6, 0, 0, 0, 40960, 54.02, 33
2026/02/19 03:43:56.223, 7, 0, 0, 0, 40960, 51.75, 31
2026/02/19 03:43:57.231, 0, 0, 0, 0, 40960, 52.73, 36
2026/02/19 03:43:57.238, 1, 0, 0, 0, 40960, 51.31, 30
2026/02/19 03:43:57.244, 2, 0, 0, 0, 40960, 53.96, 32
2026/02/19 03:43:57.251, 3, 0, 0, 0, 40960, 51.81, 30
2026/02/19 03:43:57.259, 4, 0, 0, 0, 40960, 50.95, 31
2026/02/19 03:43:57.264, 5, 0, 0, 0, 40960, 51.20, 31
2026/02/19 03:43:57.272, 6, 0, 0, 0, 40960, 54.02, 33
2026/02/19 03:43:57.279, 7, 0, 0, 0, 40960, 51.49, 31
2026/02/19 03:43:58.288, 0, 0, 0, 0, 40960, 52.73, 36
2026/02/19 03:43:58.295, 1, 0, 0, 0, 40960, 51.25, 30
2026/02/19 03:43:58.304, 2, 0, 0, 0, 40960, 53.96, 32
2026/02/19 03:43:58.312, 3, 0, 0, 0, 40960, 51.81, 30
2026/02/19 03:43:58.320, 4, 0, 0, 0, 40960, 50.95, 31
2026/02/19 03:43:58.329, 5, 0, 0, 0, 40960, 51.20, 31
2026/02/19 03:43:58.336, 6, 0, 0, 0, 40960, 54.02, 33
2026/02/19 03:43:58.344, 7, 0, 0, 0, 40960, 51.75, 31
2026/02/19 03:43:59.353, 0, 0, 0, 0, 40960, 52.73, 36
2026/02/19 03:43:59.360, 1, 0, 0, 0, 40960, 51.25, 30
2026/02/19 03:43:59.366, 2, 0, 0, 0, 40960, 53.96, 32
2026/02/19 03:43:59.373, 3, 0, 0, 0, 40960, 52.06, 30
2026/02/19 03:43:59.380, 4, 0, 0, 0, 40960, 50.95, 31
2026/02/19 03:43:59.386, 5, 0, 0, 0, 40960, 51.49, 31
2026/02/19 03:43:59.394, 6, 0, 0, 0, 40960, 54.02, 33
2026/02/19 03:43:59.402, 7, 0, 0, 0, 40960, 51.75, 31
2026/02/19 03:44:00.410, 0, 0, 0, 0, 40960, 52.73, 36
2026/02/19 03:44:00.418, 1, 0, 0, 0, 40960, 51.31, 30
2026/02/19 03:44:00.423, 2, 0, 0, 0, 40960, 53.96, 32
2026/02/19 03:44:00.431, 3, 0, 0, 0, 40960, 52.06, 30
2026/02/19 03:44:00.438, 4, 0, 0, 0, 40960, 50.95, 31
2026/02/19 03:44:00.447, 5, 0, 0, 0, 40960, 51.20, 31
2026/02/19 03:44:00.454, 6, 0, 0, 0, 40960, 54.02, 33
2026/02/19 03:44:00.462, 7, 0, 0, 0, 40960, 51.75, 31
2026/02/19 03:44:01.470, 0, 0, 0, 0, 40960, 52.73, 36
2026/02/19 03:44:01.477, 1, 0, 0, 0, 40960, 51.31, 30
2026/02/19 03:44:01.482, 2, 0, 0, 0, 40960, 53.96, 32
2026/02/19 03:44:01.488, 3, 0, 0, 0, 40960, 52.06, 30
2026/02/19 03:44:01.493, 4, 0, 0, 0, 40960, 50.95, 31
2026/02/19 03:44:01.498, 5, 0, 0, 0, 40960, 51.20, 31
2026/02/19 03:44:01.503, 6, 0, 0, 0, 40960, 54.02, 33
2026/02/19 03:44:01.508, 7, 0, 0, 0, 40960, 51.75, 31
2026/02/19 03:44:02.516, 0, 0, 0, 0, 40960, 52.73, 36
2026/02/19 03:44:02.524, 1, 0, 0, 0, 40960, 51.25, 30
2026/02/19 03:44:02.529, 2, 0, 0, 0, 40960, 53.96, 32
2026/02/19 03:44:02.536, 3, 0, 0, 0, 40960, 52.06, 31
2026/02/19 03:44:02.544, 4, 0, 0, 0, 40960, 50.95, 31
2026/02/19 03:44:02.549, 5, 0, 0, 0, 40960, 51.20, 31
2026/02/19 03:44:02.556, 6, 0, 0, 0, 40960, 54.02, 33
2026/02/19 03:44:02.565, 7, 0, 0, 0, 40960, 51.75, 31
