nohup: ignoring input
2026/02/12 19:18:23.988, 0, 0, 0, 0, 40960, 50.59, 32
2026/02/12 19:18:23.997, 1, 0, 0, 0, 40960, 55.36, 28
2026/02/12 19:18:24.005, 2, 0, 0, 0, 40960, 49.41, 28
2026/02/12 19:18:24.013, 3, 0, 0, 0, 40960, 51.49, 28
2026/02/12 19:18:24.020, 4, 0, 0, 0, 40960, 50.59, 29
2026/02/12 19:18:24.027, 5, 0, 0, 0, 40960, 51.01, 27
2026/02/12 19:18:24.034, 6, 0, 0, 0, 40960, 51.63, 29
2026/02/12 19:18:24.041, 7, 0, 0, 0, 40960, 50.83, 27
2026/02/12 19:18:25.049, 0, 0, 0, 0, 40960, 50.34, 32
2026/02/12 19:18:25.054, 1, 0, 0, 0, 40960, 55.06, 28
2026/02/12 19:18:25.062, 2, 0, 0, 0, 40960, 49.10, 28
2026/02/12 19:18:25.070, 3, 0, 0, 0, 40960, 51.49, 28
2026/02/12 19:18:25.078, 4, 0, 0, 0, 40960, 50.34, 29
2026/02/12 19:18:25.085, 5, 0, 0, 0, 40960, 51.01, 27
2026/02/12 19:18:25.093, 6, 0, 0, 0, 40960, 51.63, 29
2026/02/12 19:18:25.098, 7, 0, 0, 0, 40960, 50.83, 27
2026/02/12 19:18:26.106, 0, 0, 0, 0, 40960, 50.59, 32
2026/02/12 19:18:26.111, 1, 0, 0, 0, 40960, 55.30, 28
2026/02/12 19:18:26.119, 2, 0, 0, 0, 40960, 49.10, 28
2026/02/12 19:18:26.124, 3, 0, 0, 0, 40960, 51.49, 28
2026/02/12 19:18:26.132, 4, 0, 0, 0, 40960, 50.34, 29
2026/02/12 19:18:26.140, 5, 0, 0, 0, 40960, 51.01, 27
2026/02/12 19:18:26.148, 6, 0, 0, 0, 40960, 51.63, 29
2026/02/12 19:18:26.153, 7, 0, 0, 0, 40960, 50.83, 27
2026/02/12 19:18:27.161, 0, 0, 0, 0, 40960, 50.34, 32
2026/02/12 19:18:27.166, 1, 0, 0, 0, 40960, 55.36, 28
2026/02/12 19:18:27.174, 2, 0, 0, 0, 40960, 49.10, 28
2026/02/12 19:18:27.181, 3, 0, 0, 0, 40960, 51.49, 28
2026/02/12 19:18:27.189, 4, 0, 0, 0, 40960, 50.59, 29
2026/02/12 19:18:27.194, 5, 0, 0, 0, 40960, 51.01, 27
2026/02/12 19:18:27.201, 6, 0, 0, 0, 40960, 51.63, 29
2026/02/12 19:18:27.206, 7, 0, 0, 0, 40960, 50.83, 27
2026/02/12 19:18:28.212, 0, 0, 0, 0, 40960, 50.59, 32
2026/02/12 19:18:28.218, 1, 0, 0, 0, 40960, 55.36, 29
2026/02/12 19:18:28.226, 2, 0, 0, 0, 40960, 49.10, 28
2026/02/12 19:18:28.234, 3, 0, 0, 0, 40960, 51.49, 28
2026/02/12 19:18:28.242, 4, 0, 0, 0, 40960, 50.59, 29
2026/02/12 19:18:28.249, 5, 0, 0, 0, 40960, 51.25, 27
2026/02/12 19:18:28.257, 6, 0, 0, 0, 40960, 51.63, 29
2026/02/12 19:18:28.263, 7, 0, 0, 0, 40960, 50.83, 27
2026/02/12 19:18:29.271, 0, 0, 0, 0, 40960, 50.59, 32
2026/02/12 19:18:29.276, 1, 0, 0, 0, 40960, 55.30, 29
2026/02/12 19:18:29.284, 2, 0, 0, 0, 40960, 49.10, 28
2026/02/12 19:18:29.291, 3, 0, 0, 0, 40960, 51.49, 28
2026/02/12 19:18:29.299, 4, 0, 0, 0, 40960, 50.59, 29
2026/02/12 19:18:29.307, 5, 0, 0, 0, 40960, 51.01, 27
2026/02/12 19:18:29.314, 6, 0, 0, 0, 40960, 51.63, 29
2026/02/12 19:18:29.319, 7, 0, 0, 0, 40960, 51.08, 27
2026/02/12 19:18:30.327, 0, 0, 0, 0, 40960, 50.59, 32
2026/02/12 19:18:30.333, 1, 0, 0, 0, 40960, 55.36, 29
2026/02/12 19:18:30.340, 2, 0, 0, 0, 40960, 49.10, 28
2026/02/12 19:18:30.349, 3, 0, 0, 0, 40960, 51.49, 28
2026/02/12 19:18:30.359, 4, 0, 0, 0, 40960, 50.59, 29
2026/02/12 19:18:30.369, 5, 0, 0, 0, 40960, 51.25, 27
2026/02/12 19:18:30.376, 6, 0, 0, 0, 40960, 51.63, 29
2026/02/12 19:18:30.381, 7, 0, 0, 0, 40960, 51.08, 28
2026/02/12 19:18:31.389, 0, 0, 0, 0, 40960, 50.59, 32
2026/02/12 19:18:31.394, 1, 0, 0, 0, 40960, 55.36, 29
2026/02/12 19:18:31.402, 2, 0, 0, 0, 40960, 49.10, 28
2026/02/12 19:18:31.409, 3, 0, 0, 0, 40960, 51.49, 28
2026/02/12 19:18:31.419, 4, 0, 0, 0, 40960, 50.59, 29
2026/02/12 19:18:31.427, 5, 0, 0, 0, 40960, 51.25, 27
2026/02/12 19:18:31.434, 6, 0, 0, 0, 40960, 51.63, 29
2026/02/12 19:18:31.439, 7, 0, 0, 0, 40960, 51.08, 28
2026/02/12 19:18:32.447, 0, 0, 0, 3, 40960, 50.59, 32
2026/02/12 19:18:32.455, 1, 0, 0, 3, 40960, 55.30, 29
2026/02/12 19:18:32.461, 2, 0, 0, 3, 40960, 49.41, 28
2026/02/12 19:18:32.468, 3, 0, 0, 3, 40960, 52.00, 28
2026/02/12 19:18:32.473, 4, 0, 0, 3, 40960, 50.89, 29
2026/02/12 19:18:32.478, 5, 0, 0, 0, 40960, 51.25, 27
2026/02/12 19:18:32.488, 6, 0, 0, 0, 40960, 51.63, 29
2026/02/12 19:18:32.503, 7, 0, 0, 0, 40960, 51.08, 28
2026/02/12 19:18:33.510, 0, 0, 0, 23, 40960, 58.67, 33
2026/02/12 19:18:33.515, 1, 0, 0, 3, 40960, 55.30, 29
2026/02/12 19:18:33.522, 2, 0, 0, 3, 40960, 49.05, 28
2026/02/12 19:18:33.528, 3, 0, 0, 3, 40960, 51.49, 28
2026/02/12 19:18:33.534, 4, 0, 0, 3, 40960, 50.59, 29
2026/02/12 19:18:33.540, 5, 0, 0, 3, 40960, 51.25, 28
2026/02/12 19:18:33.545, 6, 0, 0, 3, 40960, 51.63, 29
2026/02/12 19:18:33.550, 7, 0, 0, 3, 40960, 51.08, 28
2026/02/12 19:18:34.558, 0, 0, 0, 1439, 40960, 55.73, 33
2026/02/12 19:18:34.563, 1, 0, 0, 3, 40960, 55.36, 29
2026/02/12 19:18:34.570, 2, 0, 0, 3, 40960, 49.05, 28
2026/02/12 19:18:34.578, 3, 0, 0, 3, 40960, 51.49, 28
2026/02/12 19:18:34.586, 4, 0, 0, 3, 40960, 50.59, 29
2026/02/12 19:18:34.593, 5, 0, 0, 3, 40960, 51.25, 28
2026/02/12 19:18:34.601, 6, 0, 0, 3, 40960, 51.88, 29
2026/02/12 19:18:34.607, 7, 0, 0, 3, 40960, 51.08, 28
2026/02/12 19:18:35.615, 0, 0, 0, 1439, 40960, 55.43, 33
2026/02/12 19:18:35.620, 1, 0, 0, 3, 40960, 55.30, 29
2026/02/12 19:18:35.629, 2, 0, 0, 3, 40960, 49.05, 28
2026/02/12 19:18:35.637, 3, 0, 0, 3, 40960, 51.49, 28
2026/02/12 19:18:35.644, 4, 0, 0, 3, 40960, 50.59, 29
2026/02/12 19:18:35.650, 5, 0, 0, 3, 40960, 51.25, 28
2026/02/12 19:18:35.658, 6, 0, 0, 3, 40960, 51.88, 29
2026/02/12 19:18:35.664, 7, 0, 0, 3, 40960, 51.08, 28
2026/02/12 19:18:36.671, 0, 0, 0, 5633, 40960, 56.22, 33
2026/02/12 19:18:36.679, 1, 0, 0, 3, 40960, 55.30, 29
2026/02/12 19:18:36.687, 2, 0, 0, 3, 40960, 49.10, 29
2026/02/12 19:18:36.694, 3, 0, 0, 3, 40960, 51.49, 28
2026/02/12 19:18:36.702, 4, 0, 0, 3, 40960, 50.59, 29
2026/02/12 19:18:36.709, 5, 0, 0, 3, 40960, 51.25, 28
2026/02/12 19:18:36.717, 6, 0, 0, 3, 40960, 51.88, 29
2026/02/12 19:18:36.723, 7, 0, 0, 3, 40960, 51.08, 28
2026/02/12 19:18:37.731, 0, 0, 0, 5633, 40960, 55.43, 33
2026/02/12 19:18:37.736, 1, 0, 0, 3, 40960, 55.30, 29
2026/02/12 19:18:37.745, 2, 0, 0, 3, 40960, 49.10, 29
2026/02/12 19:18:37.753, 3, 0, 0, 3, 40960, 51.49, 28
2026/02/12 19:18:37.761, 4, 0, 0, 3, 40960, 50.59, 29
2026/02/12 19:18:37.768, 5, 0, 0, 3, 40960, 51.25, 28
2026/02/12 19:18:37.776, 6, 0, 0, 3, 40960, 51.88, 29
2026/02/12 19:18:37.781, 7, 0, 0, 3, 40960, 51.08, 28
2026/02/12 19:18:38.789, 0, 0, 0, 5633, 40960, 55.43, 33
2026/02/12 19:18:38.794, 1, 0, 0, 3, 40960, 55.56, 29
2026/02/12 19:18:38.801, 2, 0, 0, 3, 40960, 49.10, 29
2026/02/12 19:18:38.809, 3, 0, 0, 3, 40960, 51.49, 28
2026/02/12 19:18:38.817, 4, 0, 0, 3, 40960, 50.59, 29
2026/02/12 19:18:38.824, 5, 0, 0, 3, 40960, 51.25, 28
2026/02/12 19:18:38.832, 6, 0, 0, 3, 40960, 51.88, 29
2026/02/12 19:18:38.841, 7, 0, 0, 3, 40960, 51.08, 28
2026/02/12 19:18:39.848, 0, 0, 0, 5633, 40960, 55.17, 33
2026/02/12 19:18:39.854, 1, 0, 0, 3, 40960, 55.30, 29
2026/02/12 19:18:39.862, 2, 0, 0, 3, 40960, 49.10, 29
2026/02/12 19:18:39.870, 3, 0, 0, 3, 40960, 51.49, 28
2026/02/12 19:18:39.877, 4, 0, 0, 3, 40960, 50.59, 29
2026/02/12 19:18:39.885, 5, 0, 0, 3, 40960, 51.25, 28
2026/02/12 19:18:39.892, 6, 0, 0, 3, 40960, 51.88, 29
2026/02/12 19:18:39.897, 7, 0, 0, 3, 40960, 51.08, 28
2026/02/12 19:18:40.905, 0, 93, 100, 8879, 40960, 70.18, 35
2026/02/12 19:18:40.909, 1, 0, 0, 3, 40960, 55.49, 29
2026/02/12 19:18:40.917, 2, 0, 0, 3, 40960, 49.35, 29
2026/02/12 19:18:40.922, 3, 0, 0, 3, 40960, 51.49, 28
2026/02/12 19:18:40.928, 4, 0, 0, 3, 40960, 50.89, 29
2026/02/12 19:18:40.933, 5, 0, 0, 3, 40960, 51.25, 28
2026/02/12 19:18:40.940, 6, 0, 0, 3, 40960, 51.88, 29
2026/02/12 19:18:40.945, 7, 0, 0, 3, 40960, 51.08, 28
2026/02/12 19:18:41.951, 0, 93, 68, 12697, 40960, 269.88, 42
2026/02/12 19:18:41.958, 1, 0, 0, 3, 40960, 55.43, 29
2026/02/12 19:18:41.966, 2, 0, 0, 3, 40960, 49.24, 29
2026/02/12 19:18:41.971, 3, 0, 0, 3, 40960, 51.63, 28
2026/02/12 19:18:41.976, 4, 0, 0, 3, 40960, 50.59, 29
2026/02/12 19:18:41.981, 5, 0, 0, 3, 40960, 51.25, 28
2026/02/12 19:18:41.989, 6, 0, 0, 3, 40960, 51.82, 29
2026/02/12 19:18:41.994, 7, 0, 0, 3, 40960, 51.08, 28
2026/02/12 19:18:42.999, 0, 90, 20, 12859, 40960, 261.39, 44
2026/02/12 19:18:43.007, 1, 0, 0, 3, 40960, 55.43, 29
2026/02/12 19:18:43.015, 2, 0, 0, 3, 40960, 49.24, 29
2026/02/12 19:18:43.022, 3, 0, 0, 3, 40960, 51.63, 28
2026/02/12 19:18:43.030, 4, 0, 0, 3, 40960, 50.59, 29
2026/02/12 19:18:43.038, 5, 0, 0, 3, 40960, 51.25, 28
2026/02/12 19:18:43.045, 6, 0, 0, 3, 40960, 51.82, 29
2026/02/12 19:18:43.052, 7, 0, 0, 3, 40960, 51.08, 28
2026/02/12 19:18:44.060, 0, 91, 67, 12859, 40960, 267.00, 45
2026/02/12 19:18:44.068, 1, 0, 0, 3, 40960, 55.43, 29
2026/02/12 19:18:44.075, 2, 0, 0, 3, 40960, 49.24, 29
2026/02/12 19:18:44.083, 3, 0, 0, 3, 40960, 51.63, 29
2026/02/12 19:18:44.091, 4, 0, 0, 3, 40960, 50.89, 29
2026/02/12 19:18:44.099, 5, 0, 0, 3, 40960, 51.25, 28
2026/02/12 19:18:44.106, 6, 0, 0, 3, 40960, 51.82, 29
2026/02/12 19:18:44.112, 7, 0, 0, 3, 40960, 51.38, 28
2026/02/12 19:18:45.122, 0, 95, 50, 12859, 40960, 430.79, 46
2026/02/12 19:18:45.130, 1, 0, 0, 3, 40960, 55.85, 29
2026/02/12 19:18:45.138, 2, 0, 0, 3, 40960, 49.30, 29
2026/02/12 19:18:45.146, 3, 0, 0, 3, 40960, 51.63, 29
2026/02/12 19:18:45.153, 4, 0, 0, 3, 40960, 50.59, 29
2026/02/12 19:18:45.161, 5, 0, 0, 3, 40960, 51.25, 28
2026/02/12 19:18:45.168, 6, 0, 0, 3, 40960, 51.82, 29
2026/02/12 19:18:45.175, 7, 0, 0, 3, 40960, 51.08, 28
2026/02/12 19:18:46.182, 0, 98, 100, 12979, 40960, 379.34, 47
2026/02/12 19:18:46.186, 1, 0, 0, 3, 40960, 55.30, 29
2026/02/12 19:18:46.194, 2, 0, 0, 3, 40960, 49.19, 29
2026/02/12 19:18:46.201, 3, 0, 0, 3, 40960, 51.52, 29
2026/02/12 19:18:46.209, 4, 0, 0, 3, 40960, 50.59, 29
2026/02/12 19:18:46.217, 5, 0, 0, 3, 40960, 51.25, 28
2026/02/12 19:18:46.225, 6, 0, 0, 3, 40960, 51.82, 29
2026/02/12 19:18:46.230, 7, 0, 0, 3, 40960, 51.38, 28
2026/02/12 19:18:47.238, 0, 98, 95, 12979, 40960, 373.50, 50
2026/02/12 19:18:47.242, 1, 0, 0, 3, 40960, 55.37, 29
2026/02/12 19:18:47.250, 2, 0, 0, 3, 40960, 49.19, 29
2026/02/12 19:18:47.257, 3, 0, 0, 3, 40960, 51.63, 29
2026/02/12 19:18:47.262, 4, 0, 0, 3, 40960, 50.59, 30
2026/02/12 19:18:47.268, 5, 0, 0, 3, 40960, 51.25, 28
2026/02/12 19:18:47.275, 6, 0, 0, 3, 40960, 51.88, 29
2026/02/12 19:18:47.281, 7, 0, 0, 3, 40960, 51.08, 28
2026/02/12 19:18:48.286, 0, 43, 25, 12979, 40960, 268.04, 43
2026/02/12 19:18:48.293, 1, 0, 0, 3, 40960, 55.43, 29
2026/02/12 19:18:48.303, 2, 0, 0, 3, 40960, 49.24, 29
2026/02/12 19:18:48.312, 3, 0, 0, 3, 40960, 51.63, 28
2026/02/12 19:18:48.319, 4, 0, 0, 3, 40960, 50.59, 29
2026/02/12 19:18:48.327, 5, 0, 0, 3, 40960, 51.25, 28
2026/02/12 19:18:48.334, 6, 0, 0, 3, 40960, 51.82, 29
2026/02/12 19:18:48.342, 7, 0, 0, 3, 40960, 51.08, 28
2026/02/12 19:18:49.351, 0, 89, 70, 12979, 40960, 272.62, 46
2026/02/12 19:18:49.359, 1, 0, 0, 3, 40960, 55.73, 29
2026/02/12 19:18:49.367, 2, 0, 0, 3, 40960, 49.24, 29
2026/02/12 19:18:49.374, 3, 0, 0, 3, 40960, 51.57, 28
2026/02/12 19:18:49.382, 4, 0, 0, 3, 40960, 50.59, 29
2026/02/12 19:18:49.389, 5, 0, 0, 3, 40960, 51.25, 28
2026/02/12 19:18:49.397, 6, 0, 0, 3, 40960, 51.82, 29
2026/02/12 19:18:49.403, 7, 0, 0, 3, 40960, 51.08, 28
2026/02/12 19:18:50.410, 0, 95, 52, 12979, 40960, 422.29, 50
2026/02/12 19:18:50.415, 1, 0, 0, 3, 40960, 55.17, 29
2026/02/12 19:18:50.422, 2, 0, 0, 3, 40960, 49.13, 29
2026/02/12 19:18:50.430, 3, 0, 0, 3, 40960, 51.44, 28
2026/02/12 19:18:50.439, 4, 0, 0, 3, 40960, 50.59, 29
2026/02/12 19:18:50.446, 5, 0, 0, 3, 40960, 51.25, 28
2026/02/12 19:18:50.454, 6, 0, 0, 3, 40960, 51.82, 29
2026/02/12 19:18:50.459, 7, 0, 0, 3, 40960, 51.38, 28
2026/02/12 19:18:51.470, 0, 62, 51, 12979, 40960, 276.27, 44
2026/02/12 19:18:51.478, 1, 0, 0, 3, 40960, 55.43, 29
2026/02/12 19:18:51.486, 2, 0, 0, 3, 40960, 49.24, 29
2026/02/12 19:18:51.494, 3, 0, 0, 3, 40960, 51.57, 28
2026/02/12 19:18:51.501, 4, 0, 0, 3, 40960, 50.59, 29
2026/02/12 19:18:51.509, 5, 0, 0, 3, 40960, 51.25, 28
2026/02/12 19:18:51.517, 6, 0, 0, 3, 40960, 51.82, 29
2026/02/12 19:18:51.522, 7, 0, 0, 3, 40960, 51.08, 28
2026/02/12 19:18:52.529, 0, 93, 63, 12979, 40960, 163.57, 48
2026/02/12 19:18:52.533, 1, 0, 0, 3, 40960, 55.30, 29
2026/02/12 19:18:52.541, 2, 0, 0, 3, 40960, 49.30, 29
2026/02/12 19:18:52.548, 3, 0, 0, 3, 40960, 51.57, 28
2026/02/12 19:18:52.556, 4, 0, 0, 3, 40960, 50.59, 29
2026/02/12 19:18:52.562, 5, 0, 0, 3, 40960, 51.25, 28
2026/02/12 19:18:52.569, 6, 0, 0, 3, 40960, 51.82, 29
2026/02/12 19:18:52.576, 7, 0, 0, 3, 40960, 51.38, 28
2026/02/12 19:18:53.586, 0, 37, 20, 12979, 40960, 75.81, 41
2026/02/12 19:18:53.591, 1, 0, 0, 3, 40960, 55.30, 29
2026/02/12 19:18:53.600, 2, 0, 0, 3, 40960, 49.05, 29
2026/02/12 19:18:53.608, 3, 0, 0, 3, 40960, 51.49, 28
2026/02/12 19:18:53.616, 4, 0, 0, 3, 40960, 50.59, 29
2026/02/12 19:18:53.623, 5, 0, 0, 3, 40960, 51.25, 28
2026/02/12 19:18:53.631, 6, 0, 0, 3, 40960, 51.82, 29
2026/02/12 19:18:53.636, 7, 0, 0, 3, 40960, 51.08, 28
2026/02/12 19:18:54.644, 0, 99, 25, 12979, 40960, 282.67, 51
2026/02/12 19:18:54.653, 1, 0, 0, 3, 40960, 55.30, 29
2026/02/12 19:18:54.661, 2, 0, 0, 3, 40960, 49.24, 29
2026/02/12 19:18:54.668, 3, 0, 0, 3, 40960, 51.52, 28
2026/02/12 19:18:54.676, 4, 0, 0, 3, 40960, 50.59, 29
2026/02/12 19:18:54.683, 5, 0, 0, 3, 40960, 51.25, 28
2026/02/12 19:18:54.691, 6, 0, 0, 3, 40960, 51.82, 29
2026/02/12 19:18:54.696, 7, 0, 0, 3, 40960, 51.08, 28
2026/02/12 19:18:55.704, 0, 37, 19, 12979, 40960, 146.76, 44
2026/02/12 19:18:55.711, 1, 0, 0, 3, 40960, 55.43, 29
2026/02/12 19:18:55.721, 2, 0, 0, 3, 40960, 49.05, 29
2026/02/12 19:18:55.728, 3, 0, 0, 3, 40960, 51.32, 28
2026/02/12 19:18:55.736, 4, 0, 0, 3, 40960, 50.59, 29
2026/02/12 19:18:55.744, 5, 0, 0, 3, 40960, 51.25, 28
2026/02/12 19:18:55.751, 6, 0, 0, 3, 40960, 51.82, 29
2026/02/12 19:18:55.756, 7, 0, 0, 3, 40960, 51.08, 28
2026/02/12 19:18:56.764, 0, 99, 21, 12979, 40960, 167.30, 47
2026/02/12 19:18:56.769, 1, 0, 0, 3, 40960, 55.24, 29
2026/02/12 19:18:56.776, 2, 0, 0, 3, 40960, 49.30, 29
2026/02/12 19:18:56.784, 3, 0, 0, 3, 40960, 51.63, 28
2026/02/12 19:18:56.791, 4, 0, 0, 3, 40960, 50.59, 29
2026/02/12 19:18:56.799, 5, 0, 0, 3, 40960, 51.25, 28
2026/02/12 19:18:56.806, 6, 0, 0, 3, 40960, 51.82, 29
2026/02/12 19:18:56.811, 7, 0, 0, 3, 40960, 51.08, 28
2026/02/12 19:18:57.820, 0, 74, 68, 12979, 40960, 275.25, 45
2026/02/12 19:18:57.827, 1, 0, 0, 3, 40960, 55.43, 29
2026/02/12 19:18:57.835, 2, 0, 0, 3, 40960, 49.24, 29
2026/02/12 19:18:57.843, 3, 0, 0, 3, 40960, 51.63, 28
2026/02/12 19:18:57.850, 4, 0, 0, 3, 40960, 50.59, 29
2026/02/12 19:18:57.859, 5, 0, 0, 3, 40960, 51.25, 28
2026/02/12 19:18:57.866, 6, 0, 0, 3, 40960, 51.82, 29
2026/02/12 19:18:57.872, 7, 0, 0, 3, 40960, 51.08, 28
2026/02/12 19:18:58.879, 0, 91, 33, 12979, 40960, 155.80, 46
2026/02/12 19:18:58.884, 1, 0, 0, 3, 40960, 55.30, 29
2026/02/12 19:18:58.892, 2, 0, 0, 3, 40960, 48.99, 29
2026/02/12 19:18:58.899, 3, 0, 0, 3, 40960, 51.38, 28
2026/02/12 19:18:58.907, 4, 0, 0, 3, 40960, 50.59, 29
2026/02/12 19:18:58.914, 5, 0, 0, 3, 40960, 51.25, 28
2026/02/12 19:18:58.922, 6, 0, 0, 3, 40960, 51.88, 29
2026/02/12 19:18:58.927, 7, 0, 0, 3, 40960, 51.08, 28
2026/02/12 19:18:59.935, 0, 62, 50, 12979, 40960, 273.66, 45
2026/02/12 19:18:59.943, 1, 0, 0, 3, 40960, 55.17, 29
2026/02/12 19:18:59.950, 2, 0, 0, 3, 40960, 49.24, 29
2026/02/12 19:18:59.958, 3, 0, 0, 3, 40960, 51.32, 28
2026/02/12 19:18:59.966, 4, 0, 0, 3, 40960, 50.59, 29
2026/02/12 19:18:59.974, 5, 0, 0, 3, 40960, 51.25, 28
2026/02/12 19:18:59.981, 6, 0, 0, 3, 40960, 51.82, 29
2026/02/12 19:18:59.987, 7, 0, 0, 3, 40960, 51.08, 28
2026/02/12 19:19:00.994, 0, 94, 34, 12979, 40960, 161.43, 45
2026/02/12 19:19:01.001, 1, 0, 0, 3, 40960, 55.24, 29
2026/02/12 19:19:01.008, 2, 0, 0, 3, 40960, 49.30, 29
2026/02/12 19:19:01.017, 3, 0, 0, 3, 40960, 51.38, 28
2026/02/12 19:19:01.025, 4, 0, 0, 3, 40960, 50.59, 29
2026/02/12 19:19:01.032, 5, 0, 0, 3, 40960, 51.25, 28
2026/02/12 19:19:01.040, 6, 0, 0, 3, 40960, 51.82, 29
2026/02/12 19:19:01.047, 7, 0, 0, 3, 40960, 51.08, 28
2026/02/12 19:19:02.055, 0, 98, 100, 12979, 40960, 273.89, 48
2026/02/12 19:19:02.065, 1, 0, 0, 3, 40960, 55.30, 29
2026/02/12 19:19:02.072, 2, 0, 0, 3, 40960, 49.13, 29
2026/02/12 19:19:02.078, 3, 0, 0, 3, 40960, 51.57, 28
2026/02/12 19:19:02.083, 4, 0, 0, 3, 40960, 50.59, 29
2026/02/12 19:19:02.088, 5, 0, 0, 3, 40960, 51.01, 28
2026/02/12 19:19:02.096, 6, 0, 0, 3, 40960, 51.82, 29
2026/02/12 19:19:02.101, 7, 0, 0, 3, 40960, 51.08, 28
2026/02/12 19:19:03.106, 0, 98, 8, 12979, 40960, 77.65, 44
2026/02/12 19:19:03.113, 1, 0, 0, 3, 40960, 55.30, 29
2026/02/12 19:19:03.121, 2, 0, 0, 3, 40960, 49.05, 29
2026/02/12 19:19:03.128, 3, 0, 0, 3, 40960, 51.49, 28
2026/02/12 19:19:03.136, 4, 0, 0, 3, 40960, 50.59, 29
2026/02/12 19:19:03.143, 5, 0, 0, 3, 40960, 51.25, 27
2026/02/12 19:19:03.151, 6, 0, 0, 3, 40960, 51.82, 29
2026/02/12 19:19:03.156, 7, 0, 0, 3, 40960, 51.08, 28
2026/02/12 19:19:04.165, 0, 93, 67, 12979, 40960, 270.42, 48
2026/02/12 19:19:04.173, 1, 0, 0, 3, 40960, 55.17, 29
2026/02/12 19:19:04.180, 2, 0, 0, 3, 40960, 49.24, 29
2026/02/12 19:19:04.188, 3, 0, 0, 3, 40960, 51.32, 28
2026/02/12 19:19:04.196, 4, 0, 0, 3, 40960, 50.59, 29
2026/02/12 19:19:04.203, 5, 0, 0, 3, 40960, 51.25, 27
2026/02/12 19:19:04.211, 6, 0, 0, 3, 40960, 51.82, 29
2026/02/12 19:19:04.216, 7, 0, 0, 3, 40960, 50.83, 28
2026/02/12 19:19:05.224, 0, 42, 23, 12979, 40960, 111.57, 44
2026/02/12 19:19:05.231, 1, 0, 0, 3, 40960, 55.30, 29
2026/02/12 19:19:05.238, 2, 0, 0, 3, 40960, 49.30, 29
2026/02/12 19:19:05.246, 3, 0, 0, 3, 40960, 51.63, 28
2026/02/12 19:19:05.255, 4, 0, 0, 3, 40960, 50.59, 29
2026/02/12 19:19:05.263, 5, 0, 0, 3, 40960, 51.25, 27
2026/02/12 19:19:05.271, 6, 0, 0, 3, 40960, 51.82, 29
2026/02/12 19:19:05.276, 7, 0, 0, 3, 40960, 51.08, 28
2026/02/12 19:19:06.284, 0, 95, 26, 12979, 40960, 157.70, 49
2026/02/12 19:19:06.289, 1, 0, 0, 3, 40960, 55.24, 29
2026/02/12 19:19:06.297, 2, 0, 0, 3, 40960, 49.35, 29
2026/02/12 19:19:06.306, 3, 0, 0, 3, 40960, 51.38, 28
2026/02/12 19:19:06.313, 4, 0, 0, 3, 40960, 50.59, 29
2026/02/12 19:19:06.321, 5, 0, 0, 3, 40960, 51.01, 27
2026/02/12 19:19:06.329, 6, 0, 0, 3, 40960, 51.82, 29
2026/02/12 19:19:06.334, 7, 0, 0, 3, 40960, 51.08, 28
2026/02/12 19:19:07.341, 0, 92, 37, 12979, 40960, 402.08, 49
2026/02/12 19:19:07.350, 1, 0, 0, 3, 40960, 55.17, 29
2026/02/12 19:19:07.358, 2, 0, 0, 3, 40960, 49.24, 29
2026/02/12 19:19:07.366, 3, 0, 0, 3, 40960, 51.38, 28
2026/02/12 19:19:07.373, 4, 0, 0, 3, 40960, 50.59, 29
2026/02/12 19:19:07.380, 5, 0, 0, 3, 40960, 51.25, 27
2026/02/12 19:19:07.387, 6, 0, 0, 3, 40960, 51.82, 29
2026/02/12 19:19:07.393, 7, 0, 0, 3, 40960, 51.08, 28
2026/02/12 19:19:08.398, 0, 91, 28, 12979, 40960, 109.18, 44
2026/02/12 19:19:08.402, 1, 0, 0, 3, 40960, 55.30, 29
2026/02/12 19:19:08.411, 2, 0, 0, 3, 40960, 48.99, 29
2026/02/12 19:19:08.418, 3, 0, 0, 3, 40960, 51.44, 28
2026/02/12 19:19:08.427, 4, 0, 0, 3, 40960, 50.59, 29
2026/02/12 19:19:08.434, 5, 0, 0, 3, 40960, 51.25, 27
2026/02/12 19:19:08.442, 6, 0, 0, 3, 40960, 51.82, 29
2026/02/12 19:19:08.447, 7, 0, 0, 3, 40960, 51.08, 27
2026/02/12 19:19:09.454, 0, 95, 43, 12979, 40960, 277.61, 49
2026/02/12 19:19:09.467, 1, 0, 0, 3, 40960, 55.17, 29
2026/02/12 19:19:09.476, 2, 0, 0, 3, 40960, 49.24, 29
2026/02/12 19:19:09.484, 3, 0, 0, 3, 40960, 51.32, 28
2026/02/12 19:19:09.492, 4, 0, 0, 3, 40960, 50.59, 29
2026/02/12 19:19:09.500, 5, 0, 0, 3, 40960, 51.25, 27
2026/02/12 19:19:09.509, 6, 0, 0, 3, 40960, 51.82, 29
2026/02/12 19:19:09.514, 7, 0, 0, 3, 40960, 51.08, 27
2026/02/12 19:19:10.519, 0, 31, 11, 12979, 40960, 272.31, 46
2026/02/12 19:19:10.526, 1, 0, 0, 3, 40960, 55.17, 29
2026/02/12 19:19:10.534, 2, 0, 0, 3, 40960, 49.24, 29
2026/02/12 19:19:10.541, 3, 0, 0, 3, 40960, 51.32, 28
2026/02/12 19:19:10.549, 4, 0, 0, 3, 40960, 50.59, 29
2026/02/12 19:19:10.556, 5, 0, 0, 3, 40960, 51.25, 27
2026/02/12 19:19:10.564, 6, 0, 0, 3, 40960, 51.88, 29
2026/02/12 19:19:10.569, 7, 0, 0, 3, 40960, 50.83, 27
2026/02/12 19:19:11.578, 0, 96, 16, 12979, 40960, 79.80, 45
2026/02/12 19:19:11.590, 1, 0, 0, 3, 40960, 55.30, 29
2026/02/12 19:19:11.598, 2, 0, 0, 3, 40960, 49.05, 29
2026/02/12 19:19:11.605, 3, 0, 0, 3, 40960, 51.44, 28
2026/02/12 19:19:11.613, 4, 0, 0, 3, 40960, 50.59, 29
2026/02/12 19:19:11.621, 5, 0, 0, 3, 40960, 51.25, 27
2026/02/12 19:19:11.628, 6, 0, 0, 3, 40960, 51.82, 29
2026/02/12 19:19:11.633, 7, 0, 0, 3, 40960, 50.83, 27
2026/02/12 19:19:12.641, 0, 93, 65, 12979, 40960, 279.52, 49
2026/02/12 19:19:12.648, 1, 0, 0, 3, 40960, 55.17, 28
2026/02/12 19:19:12.655, 2, 0, 0, 3, 40960, 49.24, 29
2026/02/12 19:19:12.663, 3, 0, 0, 3, 40960, 51.32, 28
2026/02/12 19:19:12.671, 4, 0, 0, 3, 40960, 50.59, 29
2026/02/12 19:19:12.678, 5, 0, 0, 3, 40960, 51.25, 27
2026/02/12 19:19:12.686, 6, 0, 0, 3, 40960, 51.57, 29
2026/02/12 19:19:12.692, 7, 0, 0, 3, 40960, 50.83, 27
2026/02/12 19:19:13.700, 0, 96, 12, 12979, 40960, 173.21, 45
2026/02/12 19:19:13.708, 1, 0, 0, 3, 40960, 55.24, 28
2026/02/12 19:19:13.716, 2, 0, 0, 3, 40960, 49.30, 29
2026/02/12 19:19:13.723, 3, 0, 0, 3, 40960, 51.38, 28
2026/02/12 19:19:13.731, 4, 0, 0, 3, 40960, 50.59, 29
2026/02/12 19:19:13.738, 5, 0, 0, 3, 40960, 51.25, 27
2026/02/12 19:19:13.746, 6, 0, 0, 3, 40960, 51.57, 29
2026/02/12 19:19:13.751, 7, 0, 0, 3, 40960, 51.08, 27
2026/02/12 19:19:14.758, 0, 93, 67, 12979, 40960, 432.92, 51
2026/02/12 19:19:14.763, 1, 0, 0, 3, 40960, 55.05, 28
2026/02/12 19:19:14.770, 2, 0, 0, 3, 40960, 49.24, 28
2026/02/12 19:19:14.778, 3, 0, 0, 3, 40960, 51.26, 28
2026/02/12 19:19:14.785, 4, 0, 0, 3, 40960, 50.59, 29
2026/02/12 19:19:14.793, 5, 0, 0, 3, 40960, 51.25, 27
2026/02/12 19:19:14.801, 6, 0, 0, 3, 40960, 51.82, 29
2026/02/12 19:19:14.809, 7, 0, 0, 3, 40960, 51.08, 27
2026/02/12 19:19:15.816, 0, 83, 38, 12979, 40960, 201.26, 45
2026/02/12 19:19:15.823, 1, 0, 0, 3, 40960, 55.24, 28
2026/02/12 19:19:15.830, 2, 0, 0, 3, 40960, 48.99, 28
2026/02/12 19:19:15.838, 3, 0, 0, 3, 40960, 51.44, 28
2026/02/12 19:19:15.846, 4, 0, 0, 3, 40960, 50.59, 29
2026/02/12 19:19:15.853, 5, 0, 0, 3, 40960, 51.01, 27
2026/02/12 19:19:15.861, 6, 0, 0, 3, 40960, 51.88, 29
2026/02/12 19:19:15.866, 7, 0, 0, 3, 40960, 50.83, 27
2026/02/12 19:19:16.874, 0, 99, 95, 12979, 40960, 408.72, 53
2026/02/12 19:19:16.879, 1, 0, 0, 3, 40960, 55.11, 28
2026/02/12 19:19:16.884, 2, 0, 0, 3, 40960, 49.13, 28
2026/02/12 19:19:16.890, 3, 0, 0, 3, 40960, 51.32, 28
2026/02/12 19:19:16.895, 4, 0, 0, 3, 40960, 50.59, 29
2026/02/12 19:19:16.900, 5, 0, 0, 3, 40960, 51.01, 27
2026/02/12 19:19:16.908, 6, 0, 0, 3, 40960, 51.82, 29
2026/02/12 19:19:16.913, 7, 0, 0, 3, 40960, 51.08, 27
2026/02/12 19:19:17.918, 0, 99, 99, 12979, 40960, 337.77, 53
2026/02/12 19:19:17.925, 1, 0, 0, 3, 40960, 55.11, 28
2026/02/12 19:19:17.934, 2, 0, 0, 3, 40960, 49.19, 28
2026/02/12 19:19:17.941, 3, 0, 0, 3, 40960, 51.44, 28
2026/02/12 19:19:17.949, 4, 0, 0, 3, 40960, 50.59, 29
2026/02/12 19:19:17.957, 5, 0, 0, 3, 40960, 51.01, 27
2026/02/12 19:19:17.965, 6, 0, 0, 3, 40960, 51.82, 29
2026/02/12 19:19:17.970, 7, 0, 0, 3, 40960, 50.83, 27
2026/02/12 19:19:18.978, 0, 66, 49, 12979, 40960, 101.96, 44
2026/02/12 19:19:18.982, 1, 0, 0, 3, 40960, 55.30, 28
2026/02/12 19:19:18.990, 2, 0, 0, 3, 40960, 49.05, 28
2026/02/12 19:19:18.997, 3, 0, 0, 3, 40960, 51.49, 28
2026/02/12 19:19:19.006, 4, 0, 0, 3, 40960, 50.59, 29
2026/02/12 19:19:19.013, 5, 0, 0, 3, 40960, 51.01, 27
2026/02/12 19:19:19.022, 6, 0, 0, 3, 40960, 51.82, 29
2026/02/12 19:19:19.029, 7, 0, 0, 3, 40960, 50.83, 27
2026/02/12 19:19:20.037, 0, 99, 12, 12979, 40960, 85.43, 47
2026/02/12 19:19:20.048, 1, 0, 0, 3, 40960, 55.30, 28
2026/02/12 19:19:20.055, 2, 0, 0, 3, 40960, 49.05, 28
2026/02/12 19:19:20.063, 3, 0, 0, 3, 40960, 51.49, 28
2026/02/12 19:19:20.071, 4, 0, 0, 3, 40960, 50.59, 29
2026/02/12 19:19:20.078, 5, 0, 0, 3, 40960, 51.01, 27
2026/02/12 19:19:20.086, 6, 0, 0, 3, 40960, 51.88, 29
2026/02/12 19:19:20.093, 7, 0, 0, 3, 40960, 50.83, 27
2026/02/12 19:19:21.100, 0, 93, 56, 12979, 40960, 281.88, 49
2026/02/12 19:19:21.110, 1, 0, 0, 3, 40960, 55.17, 28
2026/02/12 19:19:21.117, 2, 0, 0, 3, 40960, 49.24, 28
2026/02/12 19:19:21.125, 3, 0, 0, 3, 40960, 51.32, 28
2026/02/12 19:19:21.133, 4, 0, 0, 3, 40960, 50.59, 29
2026/02/12 19:19:21.140, 5, 0, 0, 3, 40960, 51.25, 27
2026/02/12 19:19:21.148, 6, 0, 0, 3, 40960, 51.57, 29
2026/02/12 19:19:21.153, 7, 0, 0, 3, 40960, 50.83, 27
2026/02/12 19:19:22.161, 0, 52, 35, 12979, 40960, 277.39, 47
2026/02/12 19:19:22.168, 1, 0, 0, 3, 40960, 55.17, 28
2026/02/12 19:19:22.176, 2, 0, 0, 3, 40960, 48.94, 28
2026/02/12 19:19:22.183, 3, 0, 0, 3, 40960, 51.32, 28
2026/02/12 19:19:22.189, 4, 0, 0, 3, 40960, 50.59, 29
2026/02/12 19:19:22.194, 5, 0, 0, 3, 40960, 51.25, 27
2026/02/12 19:19:22.201, 6, 0, 0, 3, 40960, 51.57, 29
2026/02/12 19:19:22.206, 7, 0, 0, 3, 40960, 50.83, 27
2026/02/12 19:19:23.212, 0, 94, 30, 12979, 40960, 182.02, 47
2026/02/12 19:19:23.216, 1, 0, 0, 3, 40960, 55.24, 28
2026/02/12 19:19:23.224, 2, 0, 0, 3, 40960, 48.99, 28
2026/02/12 19:19:23.233, 3, 0, 0, 3, 40960, 51.44, 28
2026/02/12 19:19:23.241, 4, 0, 0, 3, 40960, 50.59, 29
2026/02/12 19:19:23.250, 5, 0, 0, 3, 40960, 51.01, 27
2026/02/12 19:19:23.258, 6, 0, 0, 3, 40960, 51.57, 29
2026/02/12 19:19:23.264, 7, 0, 0, 3, 40960, 50.83, 27
2026/02/12 19:19:24.272, 0, 94, 42, 12979, 40960, 331.13, 49
2026/02/12 19:19:24.291, 1, 0, 0, 3, 40960, 55.11, 28
2026/02/12 19:19:24.298, 2, 0, 0, 3, 40960, 49.19, 28
2026/02/12 19:19:24.306, 3, 0, 0, 3, 40960, 51.26, 28
2026/02/12 19:19:24.313, 4, 0, 0, 3, 40960, 50.59, 29
2026/02/12 19:19:24.321, 5, 0, 0, 3, 40960, 51.01, 27
2026/02/12 19:19:24.329, 6, 0, 0, 3, 40960, 51.57, 29
2026/02/12 19:19:24.334, 7, 0, 0, 3, 40960, 50.83, 27
2026/02/12 19:19:25.342, 0, 89, 21, 12979, 40960, 195.65, 46
2026/02/12 19:19:25.348, 1, 0, 0, 3, 40960, 55.24, 28
2026/02/12 19:19:25.356, 2, 0, 0, 3, 40960, 48.99, 28
2026/02/12 19:19:25.363, 3, 0, 0, 3, 40960, 51.38, 27
2026/02/12 19:19:25.371, 4, 0, 0, 3, 40960, 50.59, 29
2026/02/12 19:19:25.378, 5, 0, 0, 3, 40960, 51.01, 27
2026/02/12 19:19:25.386, 6, 0, 0, 3, 40960, 51.57, 29
2026/02/12 19:19:25.391, 7, 0, 0, 3, 40960, 50.83, 27
2026/02/12 19:19:26.398, 0, 98, 100, 12979, 40960, 305.35, 52
2026/02/12 19:19:26.404, 1, 0, 0, 3, 40960, 55.05, 28
2026/02/12 19:19:26.411, 2, 0, 0, 3, 40960, 49.13, 28
2026/02/12 19:19:26.419, 3, 0, 0, 3, 40960, 51.26, 27
2026/02/12 19:19:26.427, 4, 0, 0, 3, 40960, 50.59, 29
2026/02/12 19:19:26.435, 5, 0, 0, 3, 40960, 51.01, 27
2026/02/12 19:19:26.443, 6, 0, 0, 3, 40960, 51.82, 29
2026/02/12 19:19:26.448, 7, 0, 0, 3, 40960, 50.78, 27
2026/02/12 19:19:27.456, 0, 49, 34, 12979, 40960, 105.40, 44
2026/02/12 19:19:27.463, 1, 0, 0, 3, 40960, 54.94, 28
2026/02/12 19:19:27.471, 2, 0, 0, 3, 40960, 48.94, 28
2026/02/12 19:19:27.479, 3, 0, 0, 3, 40960, 51.44, 27
2026/02/12 19:19:27.487, 4, 0, 0, 3, 40960, 50.59, 29
2026/02/12 19:19:27.492, 5, 0, 0, 3, 40960, 51.01, 27
2026/02/12 19:19:27.499, 6, 0, 0, 3, 40960, 51.57, 29
2026/02/12 19:19:27.504, 7, 0, 0, 3, 40960, 50.83, 27
2026/02/12 19:19:28.510, 0, 95, 57, 12979, 40960, 274.14, 50
2026/02/12 19:19:28.514, 1, 0, 0, 3, 40960, 55.17, 28
2026/02/12 19:19:28.521, 2, 0, 0, 3, 40960, 49.24, 28
2026/02/12 19:19:28.529, 3, 0, 0, 3, 40960, 51.26, 27
2026/02/12 19:19:28.537, 4, 0, 0, 3, 40960, 50.59, 29
2026/02/12 19:19:28.544, 5, 0, 0, 3, 40960, 51.01, 27
2026/02/12 19:19:28.551, 6, 0, 0, 3, 40960, 51.57, 29
2026/02/12 19:19:28.557, 7, 0, 0, 3, 40960, 50.83, 27
2026/02/12 19:19:29.564, 0, 64, 49, 12979, 40960, 122.53, 43
2026/02/12 19:19:29.569, 1, 0, 0, 3, 40960, 55.00, 28
2026/02/12 19:19:29.577, 2, 0, 0, 3, 40960, 49.05, 28
2026/02/12 19:19:29.584, 3, 0, 0, 3, 40960, 51.49, 27
2026/02/12 19:19:29.592, 4, 0, 0, 3, 40960, 50.59, 29
2026/02/12 19:19:29.600, 5, 0, 0, 3, 40960, 51.01, 27
2026/02/12 19:19:29.607, 6, 0, 0, 3, 40960, 51.57, 29
2026/02/12 19:19:29.612, 7, 0, 0, 3, 40960, 50.83, 27
2026/02/12 19:19:30.620, 0, 98, 67, 12979, 40960, 204.76, 52
2026/02/12 19:19:30.626, 1, 0, 0, 3, 40960, 54.75, 28
2026/02/12 19:19:30.635, 2, 0, 0, 3, 40960, 48.83, 28
2026/02/12 19:19:30.642, 3, 0, 0, 3, 40960, 51.38, 27
2026/02/12 19:19:30.650, 4, 0, 0, 3, 40960, 50.59, 29
2026/02/12 19:19:30.658, 5, 0, 0, 3, 40960, 51.01, 27
2026/02/12 19:19:30.665, 6, 0, 0, 3, 40960, 51.82, 29
2026/02/12 19:19:30.672, 7, 0, 0, 3, 40960, 50.83, 27
2026/02/12 19:19:31.680, 0, 27, 5, 12979, 40960, 263.77, 46
2026/02/12 19:19:31.690, 1, 0, 0, 3, 40960, 54.88, 28
2026/02/12 19:19:31.698, 2, 0, 0, 3, 40960, 48.94, 28
2026/02/12 19:19:31.705, 3, 0, 0, 3, 40960, 51.38, 27
2026/02/12 19:19:31.713, 4, 0, 0, 3, 40960, 50.59, 29
2026/02/12 19:19:31.720, 5, 0, 0, 3, 40960, 51.01, 27
2026/02/12 19:19:31.728, 6, 0, 0, 3, 40960, 51.82, 29
2026/02/12 19:19:31.734, 7, 0, 0, 3, 40960, 50.83, 27
2026/02/12 19:19:32.742, 0, 98, 25, 12979, 40960, 180.67, 47
2026/02/12 19:19:32.779, 1, 0, 0, 3, 40960, 54.94, 28
2026/02/12 19:19:32.789, 2, 0, 0, 3, 40960, 48.99, 28
2026/02/12 19:19:32.796, 3, 0, 0, 3, 40960, 51.44, 27
2026/02/12 19:19:32.804, 4, 0, 0, 3, 40960, 50.34, 29
2026/02/12 19:19:32.812, 5, 0, 0, 3, 40960, 51.01, 27
2026/02/12 19:19:32.819, 6, 0, 0, 3, 40960, 51.57, 29
2026/02/12 19:19:32.824, 7, 0, 0, 3, 40960, 50.83, 27
2026/02/12 19:19:33.832, 0, 98, 66, 12979, 40960, 332.46, 49
2026/02/12 19:19:33.840, 1, 0, 0, 3, 40960, 54.75, 28
2026/02/12 19:19:33.847, 2, 0, 0, 3, 40960, 48.94, 28
2026/02/12 19:19:33.855, 3, 0, 0, 3, 40960, 51.32, 27
2026/02/12 19:19:33.862, 4, 0, 0, 3, 40960, 50.59, 29
2026/02/12 19:19:33.870, 5, 0, 0, 3, 40960, 51.01, 27
2026/02/12 19:19:33.878, 6, 0, 0, 3, 40960, 51.57, 29
2026/02/12 19:19:33.883, 7, 0, 0, 3, 40960, 50.83, 27
2026/02/12 19:19:34.890, 0, 62, 48, 12979, 40960, 80.10, 43
2026/02/12 19:19:34.894, 1, 0, 0, 3, 40960, 55.00, 28
2026/02/12 19:19:34.899, 2, 0, 0, 3, 40960, 49.05, 28
2026/02/12 19:19:34.907, 3, 0, 0, 3, 40960, 51.20, 27
2026/02/12 19:19:34.914, 4, 0, 0, 3, 40960, 50.34, 29
2026/02/12 19:19:34.922, 5, 0, 0, 3, 40960, 51.01, 27
2026/02/12 19:19:34.929, 6, 0, 0, 3, 40960, 51.57, 29
2026/02/12 19:19:34.935, 7, 0, 0, 3, 40960, 50.83, 27
2026/02/12 19:19:35.943, 0, 98, 62, 12979, 40960, 160.38, 53
2026/02/12 19:19:35.948, 1, 0, 0, 3, 40960, 54.81, 28
2026/02/12 19:19:35.956, 2, 0, 0, 3, 40960, 48.83, 28
2026/02/12 19:19:35.965, 3, 0, 0, 3, 40960, 51.44, 27
2026/02/12 19:19:35.973, 4, 0, 0, 3, 40960, 50.34, 29
2026/02/12 19:19:35.981, 5, 0, 0, 3, 40960, 51.01, 27
2026/02/12 19:19:35.988, 6, 0, 0, 3, 40960, 51.57, 29
2026/02/12 19:19:35.993, 7, 0, 0, 3, 40960, 50.83, 27
2026/02/12 19:19:37.001, 0, 98, 84, 12979, 40960, 427.33, 50
2026/02/12 19:19:37.022, 1, 0, 0, 3, 40960, 54.81, 28
2026/02/12 19:19:37.030, 2, 0, 0, 3, 40960, 48.94, 28
2026/02/12 19:19:37.035, 3, 0, 0, 3, 40960, 51.32, 27
2026/02/12 19:19:37.040, 4, 0, 0, 3, 40960, 50.59, 29
2026/02/12 19:19:37.045, 5, 0, 0, 3, 40960, 51.01, 27
2026/02/12 19:19:37.052, 6, 0, 0, 3, 40960, 51.57, 29
2026/02/12 19:19:37.060, 7, 0, 0, 3, 40960, 50.83, 27
2026/02/12 19:19:38.065, 0, 78, 50, 12979, 40960, 203.95, 44
2026/02/12 19:19:38.069, 1, 0, 0, 3, 40960, 54.94, 28
2026/02/12 19:19:38.077, 2, 0, 0, 3, 40960, 49.05, 28
2026/02/12 19:19:38.084, 3, 0, 0, 3, 40960, 51.20, 27
2026/02/12 19:19:38.092, 4, 0, 0, 3, 40960, 50.34, 29
2026/02/12 19:19:38.100, 5, 0, 0, 3, 40960, 51.01, 27
2026/02/12 19:19:38.107, 6, 0, 0, 3, 40960, 51.57, 28
2026/02/12 19:19:38.112, 7, 0, 0, 3, 40960, 50.83, 27
2026/02/12 19:19:39.120, 0, 98, 78, 12979, 40960, 399.66, 51
2026/02/12 19:19:39.124, 1, 0, 0, 3, 40960, 54.94, 28
2026/02/12 19:19:39.131, 2, 0, 0, 3, 40960, 48.99, 28
2026/02/12 19:19:39.139, 3, 0, 0, 3, 40960, 51.26, 27
2026/02/12 19:19:39.147, 4, 0, 0, 3, 40960, 50.34, 29
2026/02/12 19:19:39.154, 5, 0, 0, 3, 40960, 51.01, 27
2026/02/12 19:19:39.162, 6, 0, 0, 3, 40960, 51.57, 28
2026/02/12 19:19:39.167, 7, 0, 0, 3, 40960, 50.83, 27
2026/02/12 19:19:40.177, 0, 85, 30, 12979, 40960, 112.12, 43
2026/02/12 19:19:40.180, 1, 0, 0, 3, 40960, 55.00, 28
2026/02/12 19:19:40.188, 2, 0, 0, 3, 40960, 49.05, 28
2026/02/12 19:19:40.196, 3, 0, 0, 3, 40960, 51.49, 27
2026/02/12 19:19:40.203, 4, 0, 0, 3, 40960, 50.34, 28
2026/02/12 19:19:40.211, 5, 0, 0, 3, 40960, 51.01, 27
2026/02/12 19:19:40.218, 6, 0, 0, 3, 40960, 51.57, 28
2026/02/12 19:19:40.223, 7, 0, 0, 3, 40960, 50.83, 27
2026/02/12 19:19:41.232, 0, 99, 99, 12979, 40960, 161.18, 50
2026/02/12 19:19:41.242, 1, 0, 0, 3, 40960, 54.94, 28
2026/02/12 19:19:41.250, 2, 0, 0, 3, 40960, 48.94, 28
2026/02/12 19:19:41.257, 3, 0, 0, 3, 40960, 51.38, 27
2026/02/12 19:19:41.266, 4, 0, 0, 3, 40960, 50.34, 28
2026/02/12 19:19:41.274, 5, 0, 0, 3, 40960, 51.01, 27
2026/02/12 19:19:41.281, 6, 0, 0, 3, 40960, 51.57, 28
2026/02/12 19:19:41.286, 7, 0, 0, 3, 40960, 50.83, 27
2026/02/12 19:19:42.294, 0, 98, 100, 12979, 40960, 267.25, 46
2026/02/12 19:19:42.298, 1, 0, 0, 3, 40960, 54.88, 28
2026/02/12 19:19:42.306, 2, 0, 0, 3, 40960, 48.94, 28
2026/02/12 19:19:42.314, 3, 0, 0, 3, 40960, 51.20, 27
2026/02/12 19:19:42.320, 4, 0, 0, 3, 40960, 50.59, 28
2026/02/12 19:19:42.325, 5, 0, 0, 3, 40960, 51.01, 27
2026/02/12 19:19:42.333, 6, 0, 0, 3, 40960, 51.57, 28
2026/02/12 19:19:42.338, 7, 0, 0, 3, 40960, 50.83, 27
2026/02/12 19:19:43.344, 0, 93, 22, 12979, 40960, 78.21, 45
2026/02/12 19:19:43.348, 1, 0, 0, 3, 40960, 55.00, 27
2026/02/12 19:19:43.356, 2, 0, 0, 3, 40960, 49.05, 28
2026/02/12 19:19:43.363, 3, 0, 0, 3, 40960, 51.20, 27
2026/02/12 19:19:43.371, 4, 0, 0, 3, 40960, 50.34, 28
2026/02/12 19:19:43.378, 5, 0, 0, 3, 40960, 51.01, 27
2026/02/12 19:19:43.385, 6, 0, 0, 3, 40960, 51.57, 28
2026/02/12 19:19:43.391, 7, 0, 0, 3, 40960, 50.83, 27
2026/02/12 19:19:44.398, 0, 92, 38, 12979, 40960, 280.05, 48
2026/02/12 19:19:44.405, 1, 0, 0, 3, 40960, 54.88, 27
2026/02/12 19:19:44.413, 2, 0, 0, 3, 40960, 48.94, 28
2026/02/12 19:19:44.421, 3, 0, 0, 3, 40960, 51.32, 27
2026/02/12 19:19:44.429, 4, 0, 0, 3, 40960, 50.34, 28
2026/02/12 19:19:44.437, 5, 0, 0, 3, 40960, 51.01, 27
2026/02/12 19:19:44.444, 6, 0, 0, 3, 40960, 51.57, 28
2026/02/12 19:19:44.450, 7, 0, 0, 3, 40960, 50.83, 27
2026/02/12 19:19:45.459, 0, 73, 50, 12979, 40960, 119.59, 43
2026/02/12 19:19:45.464, 1, 0, 0, 3, 40960, 55.00, 27
2026/02/12 19:19:45.472, 2, 0, 0, 3, 40960, 49.05, 28
2026/02/12 19:19:45.480, 3, 0, 0, 3, 40960, 51.49, 27
2026/02/12 19:19:45.487, 4, 0, 0, 3, 40960, 50.34, 28
2026/02/12 19:19:45.495, 5, 0, 0, 3, 40960, 51.01, 27
2026/02/12 19:19:45.502, 6, 0, 0, 3, 40960, 51.57, 28
2026/02/12 19:19:45.507, 7, 0, 0, 3, 40960, 50.83, 26
2026/02/12 19:19:46.515, 0, 100, 14, 12979, 40960, 92.86, 47
2026/02/12 19:19:46.519, 1, 0, 0, 3, 40960, 55.00, 27
2026/02/12 19:19:46.528, 2, 0, 0, 3, 40960, 49.05, 28
2026/02/12 19:19:46.535, 3, 0, 0, 3, 40960, 51.32, 27
2026/02/12 19:19:46.545, 4, 0, 0, 3, 40960, 50.34, 28
2026/02/12 19:19:46.554, 5, 0, 0, 3, 40960, 51.01, 27
2026/02/12 19:19:46.561, 6, 0, 0, 3, 40960, 51.57, 28
2026/02/12 19:19:46.567, 7, 0, 0, 3, 40960, 50.83, 26
2026/02/12 19:19:47.575, 0, 93, 51, 12979, 40960, 284.01, 49
2026/02/12 19:19:47.582, 1, 0, 0, 3, 40960, 54.88, 27
2026/02/12 19:19:47.590, 2, 0, 0, 3, 40960, 48.94, 28
2026/02/12 19:19:47.597, 3, 0, 0, 3, 40960, 51.38, 27
2026/02/12 19:19:47.605, 4, 0, 0, 3, 40960, 50.59, 28
2026/02/12 19:19:47.610, 5, 0, 0, 3, 40960, 51.01, 27
2026/02/12 19:19:47.617, 6, 0, 0, 3, 40960, 51.57, 28
2026/02/12 19:19:47.622, 7, 0, 0, 3, 40960, 50.83, 26
2026/02/12 19:19:48.630, 0, 51, 34, 12979, 40960, 270.42, 47
2026/02/12 19:19:48.641, 1, 0, 0, 3, 40960, 54.88, 27
2026/02/12 19:19:48.649, 2, 0, 0, 3, 40960, 48.94, 28
2026/02/12 19:19:48.656, 3, 0, 0, 3, 40960, 51.32, 27
2026/02/12 19:19:48.664, 4, 0, 0, 3, 40960, 50.34, 28
2026/02/12 19:19:48.672, 5, 0, 0, 3, 40960, 51.01, 27
2026/02/12 19:19:48.679, 6, 0, 0, 3, 40960, 51.57, 28
2026/02/12 19:19:48.685, 7, 0, 0, 3, 40960, 50.83, 26
2026/02/12 19:19:49.694, 0, 98, 18, 12979, 40960, 78.12, 46
2026/02/12 19:19:49.699, 1, 0, 0, 3, 40960, 54.94, 27
2026/02/12 19:19:49.707, 2, 0, 0, 3, 40960, 48.99, 28
2026/02/12 19:19:49.714, 3, 0, 0, 3, 40960, 51.08, 27
2026/02/12 19:19:49.721, 4, 0, 0, 3, 40960, 50.34, 28
2026/02/12 19:19:49.729, 5, 0, 0, 3, 40960, 51.01, 27
2026/02/12 19:19:49.736, 6, 0, 0, 3, 40960, 51.57, 28
2026/02/12 19:19:49.742, 7, 0, 0, 3, 40960, 50.83, 26
2026/02/12 19:19:50.749, 0, 98, 99, 12979, 40960, 295.47, 50
2026/02/12 19:19:50.754, 1, 0, 0, 3, 40960, 54.88, 27
2026/02/12 19:19:50.762, 2, 0, 0, 3, 40960, 48.94, 28
2026/02/12 19:19:50.769, 3, 0, 0, 3, 40960, 51.32, 27
2026/02/12 19:19:50.777, 4, 0, 0, 3, 40960, 50.34, 28
2026/02/12 19:19:50.785, 5, 0, 0, 3, 40960, 51.01, 27
2026/02/12 19:19:50.793, 6, 0, 0, 3, 40960, 51.57, 28
2026/02/12 19:19:50.799, 7, 0, 0, 3, 40960, 50.83, 26
2026/02/12 19:19:51.807, 0, 70, 64, 12979, 40960, 279.75, 47
2026/02/12 19:19:51.815, 1, 0, 0, 3, 40960, 54.88, 27
2026/02/12 19:19:51.822, 2, 0, 0, 3, 40960, 48.94, 28
2026/02/12 19:19:51.830, 3, 0, 0, 3, 40960, 51.32, 27
2026/02/12 19:19:51.837, 4, 0, 0, 3, 40960, 50.34, 28
2026/02/12 19:19:51.845, 5, 0, 0, 3, 40960, 51.01, 27
2026/02/12 19:19:51.852, 6, 0, 0, 3, 40960, 51.57, 28
2026/02/12 19:19:51.857, 7, 0, 0, 3, 40960, 50.83, 26
2026/02/12 19:19:52.865, 0, 93, 11, 12979, 40960, 201.58, 46
2026/02/12 19:19:52.870, 1, 0, 0, 3, 40960, 54.94, 27
2026/02/12 19:19:52.878, 2, 0, 0, 3, 40960, 48.99, 28
2026/02/12 19:19:52.886, 3, 0, 0, 3, 40960, 51.44, 27
2026/02/12 19:19:52.894, 4, 0, 0, 3, 40960, 50.34, 28
2026/02/12 19:19:52.901, 5, 0, 0, 3, 40960, 51.01, 27
2026/02/12 19:19:52.907, 6, 0, 0, 3, 40960, 51.57, 28
2026/02/12 19:19:52.913, 7, 0, 0, 3, 40960, 50.83, 26
2026/02/12 19:19:53.923, 0, 98, 100, 12979, 40960, 447.32, 52
2026/02/12 19:19:53.927, 1, 0, 0, 3, 40960, 54.81, 27
2026/02/12 19:19:53.934, 2, 0, 0, 3, 40960, 48.88, 28
2026/02/12 19:19:53.942, 3, 0, 0, 3, 40960, 51.32, 27
2026/02/12 19:19:53.949, 4, 0, 0, 3, 40960, 50.34, 28
2026/02/12 19:19:53.957, 5, 0, 0, 3, 40960, 51.01, 27
2026/02/12 19:19:53.965, 6, 0, 0, 3, 40960, 51.57, 28
2026/02/12 19:19:53.971, 7, 0, 0, 3, 40960, 50.83, 26
2026/02/12 19:19:54.978, 0, 96, 15, 12979, 40960, 84.79, 45
2026/02/12 19:19:54.983, 1, 0, 0, 3, 40960, 54.94, 27
2026/02/12 19:19:54.991, 2, 0, 0, 3, 40960, 49.05, 28
2026/02/12 19:19:54.999, 3, 0, 0, 3, 40960, 51.20, 27
2026/02/12 19:19:55.007, 4, 0, 0, 3, 40960, 50.34, 28
2026/02/12 19:19:55.015, 5, 0, 0, 3, 40960, 51.01, 27
2026/02/12 19:19:55.023, 6, 0, 0, 3, 40960, 51.63, 28
2026/02/12 19:19:55.031, 7, 0, 0, 3, 40960, 50.83, 26
2026/02/12 19:19:56.041, 0, 93, 55, 12979, 40960, 272.55, 49
2026/02/12 19:19:56.048, 1, 0, 0, 3, 40960, 54.88, 27
2026/02/12 19:19:56.056, 2, 0, 0, 3, 40960, 48.94, 28
2026/02/12 19:19:56.065, 3, 0, 0, 3, 40960, 51.02, 27
2026/02/12 19:19:56.073, 4, 0, 0, 3, 40960, 50.34, 28
2026/02/12 19:19:56.081, 5, 0, 0, 3, 40960, 51.01, 27
2026/02/12 19:19:56.089, 6, 0, 0, 3, 40960, 51.57, 28
2026/02/12 19:19:56.094, 7, 0, 0, 3, 40960, 50.83, 26
2026/02/12 19:19:57.101, 0, 82, 39, 12979, 40960, 79.46, 44
2026/02/12 19:19:57.105, 1, 0, 0, 3, 40960, 54.75, 27
2026/02/12 19:19:57.113, 2, 0, 0, 3, 40960, 49.05, 28
2026/02/12 19:19:57.120, 3, 0, 0, 3, 40960, 51.20, 27
2026/02/12 19:19:57.126, 4, 0, 0, 3, 40960, 50.34, 28
2026/02/12 19:19:57.131, 5, 0, 0, 3, 40960, 51.01, 27
2026/02/12 19:19:57.139, 6, 0, 0, 3, 40960, 51.57, 28
2026/02/12 19:19:57.145, 7, 0, 0, 3, 40960, 50.83, 26
2026/02/12 19:19:58.150, 0, 99, 96, 12979, 40960, 419.61, 53
2026/02/12 19:19:58.158, 1, 0, 0, 3, 40960, 54.88, 27
2026/02/12 19:19:58.165, 2, 0, 0, 3, 40960, 48.99, 28
2026/02/12 19:19:58.173, 3, 0, 0, 3, 40960, 51.26, 27
2026/02/12 19:19:58.180, 4, 0, 0, 3, 40960, 50.34, 28
2026/02/12 19:19:58.188, 5, 0, 0, 3, 40960, 51.01, 27
2026/02/12 19:19:58.195, 6, 0, 0, 3, 40960, 51.63, 28
2026/02/12 19:19:58.201, 7, 0, 0, 3, 40960, 50.83, 26
2026/02/12 19:19:59.208, 0, 42, 22, 12979, 40960, 272.55, 47
2026/02/12 19:19:59.216, 1, 0, 0, 3, 40960, 54.88, 27
2026/02/12 19:19:59.223, 2, 0, 0, 3, 40960, 48.94, 28
2026/02/12 19:19:59.231, 3, 0, 0, 3, 40960, 51.26, 27
2026/02/12 19:19:59.239, 4, 0, 0, 3, 40960, 50.34, 28
2026/02/12 19:19:59.247, 5, 0, 0, 3, 40960, 51.01, 27
2026/02/12 19:19:59.254, 6, 0, 0, 3, 40960, 51.57, 28
2026/02/12 19:19:59.261, 7, 0, 0, 3, 40960, 50.83, 26
2026/02/12 19:20:00.270, 0, 79, 48, 12979, 40960, 204.51, 45
2026/02/12 19:20:00.275, 1, 0, 0, 3, 40960, 55.00, 27
2026/02/12 19:20:00.282, 2, 0, 0, 3, 40960, 49.05, 28
2026/02/12 19:20:00.290, 3, 0, 0, 3, 40960, 51.14, 27
2026/02/12 19:20:00.297, 4, 0, 0, 3, 40960, 50.34, 28
2026/02/12 19:20:00.304, 5, 0, 0, 3, 40960, 51.01, 27
2026/02/12 19:20:00.312, 6, 0, 0, 3, 40960, 51.57, 28
2026/02/12 19:20:00.317, 7, 0, 0, 3, 40960, 50.83, 26
2026/02/12 19:20:01.325, 0, 98, 83, 12979, 40960, 415.65, 55
2026/02/12 19:20:01.330, 1, 0, 0, 3, 40960, 54.81, 27
2026/02/12 19:20:01.338, 2, 0, 0, 3, 40960, 48.88, 28
2026/02/12 19:20:01.345, 3, 0, 0, 3, 40960, 51.08, 27
2026/02/12 19:20:01.354, 4, 0, 0, 3, 40960, 50.34, 28
2026/02/12 19:20:01.361, 5, 0, 0, 3, 40960, 51.01, 27
2026/02/12 19:20:01.369, 6, 0, 0, 3, 40960, 51.57, 28
2026/02/12 19:20:01.376, 7, 0, 0, 3, 40960, 50.83, 26
2026/02/12 19:20:02.386, 0, 99, 94, 12979, 40960, 393.57, 49
2026/02/12 19:20:02.390, 1, 0, 0, 3, 40960, 54.88, 27
2026/02/12 19:20:02.398, 2, 0, 0, 3, 40960, 48.88, 28
2026/02/12 19:20:02.405, 3, 0, 0, 3, 40960, 51.08, 27
2026/02/12 19:20:02.412, 4, 0, 0, 3, 40960, 50.34, 28
2026/02/12 19:20:02.418, 5, 0, 0, 3, 40960, 51.01, 27
2026/02/12 19:20:02.425, 6, 0, 0, 3, 40960, 51.57, 28
2026/02/12 19:20:02.430, 7, 0, 0, 3, 40960, 50.83, 26
2026/02/12 19:20:03.436, 0, 95, 17, 12979, 40960, 203.96, 46
2026/02/12 19:20:03.442, 1, 0, 0, 3, 40960, 54.94, 27
2026/02/12 19:20:03.451, 2, 0, 0, 3, 40960, 48.99, 28
2026/02/12 19:20:03.459, 3, 0, 0, 3, 40960, 51.08, 27
2026/02/12 19:20:03.467, 4, 0, 0, 3, 40960, 50.34, 28
2026/02/12 19:20:03.474, 5, 0, 0, 3, 40960, 51.01, 27
2026/02/12 19:20:03.483, 6, 0, 0, 3, 40960, 51.57, 28
2026/02/12 19:20:03.488, 7, 0, 0, 3, 40960, 50.83, 26
2026/02/12 19:20:04.495, 0, 99, 97, 12979, 40960, 449.41, 52
2026/02/12 19:20:04.508, 1, 0, 0, 3, 40960, 54.88, 27
2026/02/12 19:20:04.516, 2, 0, 0, 3, 40960, 48.94, 28
2026/02/12 19:20:04.525, 3, 0, 0, 3, 40960, 51.26, 27
2026/02/12 19:20:04.534, 4, 0, 0, 3, 40960, 50.34, 28
2026/02/12 19:20:04.541, 5, 0, 0, 3, 40960, 51.01, 27
2026/02/12 19:20:04.551, 6, 0, 0, 3, 40960, 51.57, 28
2026/02/12 19:20:04.556, 7, 0, 0, 3, 40960, 50.83, 26
2026/02/12 19:20:05.563, 0, 57, 42, 12979, 40960, 272.80, 47
2026/02/12 19:20:05.571, 1, 0, 0, 3, 40960, 54.88, 27
2026/02/12 19:20:05.579, 2, 0, 0, 3, 40960, 48.94, 28
2026/02/12 19:20:05.586, 3, 0, 0, 3, 40960, 51.38, 27
2026/02/12 19:20:05.594, 4, 0, 0, 3, 40960, 50.34, 28
2026/02/12 19:20:05.603, 5, 0, 0, 3, 40960, 51.01, 27
2026/02/12 19:20:05.611, 6, 0, 0, 3, 40960, 51.57, 28
2026/02/12 19:20:05.616, 7, 0, 0, 3, 40960, 50.83, 26
2026/02/12 19:20:06.624, 0, 98, 17, 12979, 40960, 78.12, 47
2026/02/12 19:20:06.631, 1, 0, 0, 3, 40960, 54.94, 27
2026/02/12 19:20:06.639, 2, 0, 0, 3, 40960, 48.99, 28
2026/02/12 19:20:06.646, 3, 0, 0, 3, 40960, 51.14, 27
2026/02/12 19:20:06.654, 4, 0, 0, 3, 40960, 50.34, 28
2026/02/12 19:20:06.661, 5, 0, 0, 3, 40960, 51.01, 27
2026/02/12 19:20:06.669, 6, 0, 0, 3, 40960, 51.57, 28
2026/02/12 19:20:06.675, 7, 0, 0, 3, 40960, 50.83, 26
2026/02/12 19:20:07.682, 0, 93, 55, 12979, 40960, 444.16, 52
2026/02/12 19:20:07.688, 1, 0, 0, 3, 40960, 54.88, 28
2026/02/12 19:20:07.696, 2, 0, 0, 3, 40960, 48.94, 28
2026/02/12 19:20:07.705, 3, 0, 0, 3, 40960, 51.20, 27
2026/02/12 19:20:07.712, 4, 0, 0, 3, 40960, 50.34, 28
2026/02/12 19:20:07.720, 5, 0, 0, 3, 40960, 51.01, 27
2026/02/12 19:20:07.728, 6, 0, 0, 3, 40960, 51.57, 28
2026/02/12 19:20:07.733, 7, 0, 0, 3, 40960, 50.83, 26
2026/02/12 19:20:08.741, 0, 98, 99, 12979, 40960, 330.87, 52
2026/02/12 19:20:08.750, 1, 0, 0, 3, 40960, 54.75, 28
2026/02/12 19:20:08.757, 2, 0, 0, 3, 40960, 48.83, 28
2026/02/12 19:20:08.765, 3, 0, 0, 3, 40960, 51.32, 27
2026/02/12 19:20:08.772, 4, 0, 0, 3, 40960, 50.34, 28
2026/02/12 19:20:08.780, 5, 0, 0, 3, 40960, 51.01, 27
2026/02/12 19:20:08.787, 6, 0, 0, 3, 40960, 51.57, 28
2026/02/12 19:20:08.792, 7, 0, 0, 3, 40960, 50.83, 26
2026/02/12 19:20:09.803, 0, 96, 35, 12979, 40960, 225.62, 50
2026/02/12 19:20:09.808, 1, 0, 0, 3, 40960, 55.00, 28
2026/02/12 19:20:09.817, 2, 0, 0, 3, 40960, 48.99, 28
2026/02/12 19:20:09.824, 3, 0, 0, 3, 40960, 51.08, 27
2026/02/12 19:20:09.832, 4, 0, 0, 3, 40960, 50.34, 28
2026/02/12 19:20:09.840, 5, 0, 0, 3, 40960, 51.01, 27
2026/02/12 19:20:09.847, 6, 0, 0, 3, 40960, 51.57, 28
2026/02/12 19:20:09.854, 7, 0, 0, 3, 40960, 50.83, 27
2026/02/12 19:20:10.861, 0, 41, 20, 12979, 40960, 124.17, 46
2026/02/12 19:20:10.870, 1, 0, 0, 3, 40960, 54.94, 28
2026/02/12 19:20:10.878, 2, 0, 0, 3, 40960, 48.94, 28
2026/02/12 19:20:10.888, 3, 0, 0, 3, 40960, 51.14, 27
2026/02/12 19:20:10.895, 4, 0, 0, 3, 40960, 50.34, 28
2026/02/12 19:20:10.903, 5, 0, 0, 3, 40960, 51.01, 27
2026/02/12 19:20:10.910, 6, 0, 0, 3, 40960, 51.57, 28
2026/02/12 19:20:10.915, 7, 0, 0, 3, 40960, 50.83, 27
2026/02/12 19:20:11.923, 0, 99, 26, 12979, 40960, 316.02, 50
2026/02/12 19:20:11.927, 1, 0, 0, 3, 40960, 54.81, 28
2026/02/12 19:20:11.935, 2, 0, 0, 3, 40960, 48.88, 28
2026/02/12 19:20:11.940, 3, 0, 0, 3, 40960, 51.38, 27
2026/02/12 19:20:11.945, 4, 0, 0, 3, 40960, 50.34, 28
2026/02/12 19:20:11.951, 5, 0, 0, 3, 40960, 51.01, 27
2026/02/12 19:20:11.958, 6, 0, 0, 3, 40960, 51.57, 28
2026/02/12 19:20:11.963, 7, 0, 0, 3, 40960, 50.83, 26
2026/02/12 19:20:12.969, 0, 98, 82, 12979, 40960, 296.27, 52
2026/02/12 19:20:12.989, 1, 0, 0, 3, 40960, 54.88, 28
2026/02/12 19:20:12.997, 2, 0, 0, 3, 40960, 48.94, 28
2026/02/12 19:20:13.005, 3, 0, 0, 3, 40960, 51.20, 27
2026/02/12 19:20:13.012, 4, 0, 0, 3, 40960, 50.34, 28
2026/02/12 19:20:13.020, 5, 0, 0, 3, 40960, 51.01, 27
2026/02/12 19:20:13.027, 6, 0, 0, 3, 40960, 51.57, 28
2026/02/12 19:20:13.035, 7, 0, 0, 3, 40960, 50.83, 26
2026/02/12 19:20:14.042, 0, 97, 10, 12979, 40960, 78.66, 46
2026/02/12 19:20:14.049, 1, 0, 0, 3, 40960, 55.00, 28
2026/02/12 19:20:14.056, 2, 0, 0, 3, 40960, 48.99, 28
2026/02/12 19:20:14.064, 3, 0, 0, 3, 40960, 51.14, 27
2026/02/12 19:20:14.071, 4, 0, 0, 3, 40960, 50.34, 28
2026/02/12 19:20:14.079, 5, 0, 0, 3, 40960, 51.01, 27
2026/02/12 19:20:14.087, 6, 0, 0, 3, 40960, 51.57, 28
2026/02/12 19:20:14.092, 7, 0, 0, 3, 40960, 50.83, 27
2026/02/12 19:20:15.099, 0, 93, 73, 12979, 40960, 284.31, 50
2026/02/12 19:20:15.104, 1, 0, 0, 3, 40960, 54.88, 28
2026/02/12 19:20:15.111, 2, 0, 0, 3, 40960, 48.94, 28
2026/02/12 19:20:15.116, 3, 0, 0, 3, 40960, 51.32, 27
2026/02/12 19:20:15.124, 4, 0, 0, 3, 40960, 50.34, 28
2026/02/12 19:20:15.132, 5, 0, 0, 3, 40960, 51.01, 27
2026/02/12 19:20:15.139, 6, 0, 0, 3, 40960, 51.57, 28
2026/02/12 19:20:15.145, 7, 0, 0, 3, 40960, 50.83, 27
2026/02/12 19:20:16.153, 0, 47, 30, 12979, 40960, 122.03, 46
2026/02/12 19:20:16.162, 1, 0, 0, 3, 40960, 54.94, 28
2026/02/12 19:20:16.169, 2, 0, 0, 3, 40960, 49.24, 28
2026/02/12 19:20:16.178, 3, 0, 0, 3, 40960, 51.38, 27
2026/02/12 19:20:16.186, 4, 0, 0, 3, 40960, 50.34, 28
2026/02/12 19:20:16.193, 5, 0, 0, 3, 40960, 51.01, 27
2026/02/12 19:20:16.201, 6, 0, 0, 3, 40960, 51.57, 28
2026/02/12 19:20:16.206, 7, 0, 0, 3, 40960, 50.83, 27
2026/02/12 19:20:17.214, 0, 94, 32, 12979, 40960, 180.97, 50
2026/02/12 19:20:17.218, 1, 0, 0, 3, 40960, 54.88, 28
2026/02/12 19:20:17.225, 2, 0, 0, 3, 40960, 48.99, 28
2026/02/12 19:20:17.233, 3, 0, 0, 3, 40960, 51.14, 27
2026/02/12 19:20:17.238, 4, 0, 0, 3, 40960, 50.34, 28
2026/02/12 19:20:17.246, 5, 0, 0, 3, 40960, 51.01, 27
2026/02/12 19:20:17.254, 6, 0, 0, 3, 40960, 51.57, 28
2026/02/12 19:20:17.259, 7, 0, 0, 3, 40960, 50.83, 27
2026/02/12 19:20:18.266, 0, 56, 41, 12979, 40960, 272.00, 47
2026/02/12 19:20:18.273, 1, 0, 0, 3, 40960, 54.88, 28
2026/02/12 19:20:18.281, 2, 0, 0, 3, 40960, 48.94, 28
2026/02/12 19:20:18.289, 3, 0, 0, 3, 40960, 51.38, 27
2026/02/12 19:20:18.297, 4, 0, 0, 3, 40960, 50.34, 28
2026/02/12 19:20:18.304, 5, 0, 0, 3, 40960, 51.01, 27
2026/02/12 19:20:18.312, 6, 0, 0, 3, 40960, 51.57, 28
2026/02/12 19:20:18.317, 7, 0, 0, 3, 40960, 50.83, 27
2026/02/12 19:20:19.325, 0, 99, 5, 12979, 40960, 205.29, 47
2026/02/12 19:20:19.330, 1, 0, 0, 3, 40960, 54.94, 28
2026/02/12 19:20:19.338, 2, 0, 0, 3, 40960, 48.99, 28
2026/02/12 19:20:19.345, 3, 0, 0, 3, 40960, 51.14, 27
2026/02/12 19:20:19.353, 4, 0, 0, 3, 40960, 50.34, 28
2026/02/12 19:20:19.362, 5, 0, 0, 3, 40960, 51.01, 27
2026/02/12 19:20:19.370, 6, 0, 0, 3, 40960, 51.57, 28
2026/02/12 19:20:19.375, 7, 0, 0, 3, 40960, 50.83, 27
2026/02/12 19:20:20.383, 0, 93, 71, 12979, 40960, 276.82, 52
2026/02/12 19:20:20.388, 1, 0, 0, 3, 40960, 54.88, 28
2026/02/12 19:20:20.397, 2, 0, 0, 3, 40960, 48.94, 28
2026/02/12 19:20:20.404, 3, 0, 0, 3, 40960, 51.20, 27
2026/02/12 19:20:20.414, 4, 0, 0, 3, 40960, 50.34, 28
2026/02/12 19:20:20.421, 5, 0, 0, 3, 40960, 51.01, 27
2026/02/12 19:20:20.429, 6, 0, 0, 3, 40960, 51.57, 28
2026/02/12 19:20:20.434, 7, 0, 0, 3, 40960, 50.83, 27
2026/02/12 19:20:21.442, 0, 66, 59, 12979, 40960, 446.78, 52
2026/02/12 19:20:21.448, 1, 0, 0, 3, 40960, 54.75, 28
2026/02/12 19:20:21.456, 2, 0, 0, 3, 40960, 48.83, 28
2026/02/12 19:20:21.463, 3, 0, 0, 3, 40960, 51.32, 27
2026/02/12 19:20:21.471, 4, 0, 0, 3, 40960, 50.34, 28
2026/02/12 19:20:21.479, 5, 0, 0, 3, 40960, 51.01, 27
2026/02/12 19:20:21.487, 6, 0, 0, 3, 40960, 51.57, 28
2026/02/12 19:20:21.492, 7, 0, 0, 3, 40960, 50.78, 27
2026/02/12 19:20:22.501, 0, 90, 29, 12979, 40960, 135.67, 47
2026/02/12 19:20:22.511, 1, 0, 0, 3, 40960, 54.94, 27
2026/02/12 19:20:22.518, 2, 0, 0, 3, 40960, 49.05, 28
2026/02/12 19:20:22.526, 3, 0, 0, 3, 40960, 51.14, 27
2026/02/12 19:20:22.534, 4, 0, 0, 3, 40960, 50.34, 28
2026/02/12 19:20:22.539, 5, 0, 0, 3, 40960, 51.01, 27
2026/02/12 19:20:22.546, 6, 0, 0, 3, 40960, 51.57, 28
2026/02/12 19:20:22.551, 7, 0, 0, 3, 40960, 50.83, 27
2026/02/12 19:20:23.559, 0, 97, 100, 12979, 40960, 451.32, 51
2026/02/12 19:20:23.563, 1, 0, 0, 3, 40960, 54.81, 27
2026/02/12 19:20:23.571, 2, 0, 0, 3, 40960, 48.88, 28
2026/02/12 19:20:23.580, 3, 0, 0, 3, 40960, 51.32, 27
2026/02/12 19:20:23.588, 4, 0, 0, 3, 40960, 50.34, 28
2026/02/12 19:20:23.596, 5, 0, 0, 3, 40960, 51.01, 27
2026/02/12 19:20:23.604, 6, 0, 0, 3, 40960, 51.57, 28
2026/02/12 19:20:23.609, 7, 0, 0, 3, 40960, 50.83, 26
2026/02/12 19:20:24.618, 0, 83, 37, 12979, 40960, 80.01, 45
2026/02/12 19:20:24.625, 1, 0, 0, 3, 40960, 54.94, 27
2026/02/12 19:20:24.632, 2, 0, 0, 3, 40960, 49.05, 28
2026/02/12 19:20:24.640, 3, 0, 0, 3, 40960, 51.20, 27
2026/02/12 19:20:24.648, 4, 0, 0, 3, 40960, 50.34, 28
2026/02/12 19:20:24.653, 5, 0, 0, 3, 40960, 51.01, 27
2026/02/12 19:20:24.661, 6, 0, 0, 3, 40960, 51.57, 28
2026/02/12 19:20:24.666, 7, 0, 0, 3, 40960, 50.83, 26
2026/02/12 19:20:25.674, 0, 99, 96, 12979, 40960, 426.35, 52
2026/02/12 19:20:25.679, 1, 0, 0, 3, 40960, 54.94, 27
2026/02/12 19:20:25.687, 2, 0, 0, 3, 40960, 48.99, 28
2026/02/12 19:20:25.696, 3, 0, 0, 3, 40960, 51.26, 27
2026/02/12 19:20:25.703, 4, 0, 0, 3, 40960, 50.34, 28
2026/02/12 19:20:25.711, 5, 0, 0, 3, 40960, 51.01, 26
2026/02/12 19:20:25.719, 6, 0, 0, 3, 40960, 51.57, 28
2026/02/12 19:20:25.724, 7, 0, 0, 3, 40960, 50.54, 26
2026/02/12 19:20:26.734, 0, 77, 72, 12979, 40960, 272.80, 47
2026/02/12 19:20:26.745, 1, 0, 0, 3, 40960, 54.88, 27
2026/02/12 19:20:26.753, 2, 0, 0, 3, 40960, 48.94, 28
2026/02/12 19:20:26.761, 3, 0, 0, 3, 40960, 51.02, 27
2026/02/12 19:20:26.768, 4, 0, 0, 3, 40960, 50.34, 28
2026/02/12 19:20:26.776, 5, 0, 0, 3, 40960, 51.01, 26
2026/02/12 19:20:26.784, 6, 0, 0, 3, 40960, 51.57, 28
2026/02/12 19:20:26.789, 7, 0, 0, 3, 40960, 50.54, 26
2026/02/12 19:20:27.797, 0, 98, 12, 12979, 40960, 202.06, 46
2026/02/12 19:20:27.803, 1, 0, 0, 3, 40960, 54.75, 27
2026/02/12 19:20:27.811, 2, 0, 0, 3, 40960, 48.99, 28
2026/02/12 19:20:27.818, 3, 0, 0, 3, 40960, 51.14, 27
2026/02/12 19:20:27.827, 4, 0, 0, 3, 40960, 50.34, 28
2026/02/12 19:20:27.834, 5, 0, 0, 3, 40960, 51.25, 26
2026/02/12 19:20:27.842, 6, 0, 0, 3, 40960, 51.57, 28
2026/02/12 19:20:27.848, 7, 0, 0, 3, 40960, 50.54, 26
2026/02/12 19:20:28.857, 0, 93, 78, 12979, 40960, 276.03, 52
2026/02/12 19:20:28.861, 1, 0, 0, 3, 40960, 54.75, 27
2026/02/12 19:20:28.869, 2, 0, 0, 3, 40960, 48.83, 28
2026/02/12 19:20:28.878, 3, 0, 0, 3, 40960, 51.26, 27
2026/02/12 19:20:28.885, 4, 0, 0, 3, 40960, 50.34, 28
2026/02/12 19:20:28.893, 5, 0, 0, 3, 40960, 51.01, 26
2026/02/12 19:20:28.901, 6, 0, 0, 3, 40960, 51.57, 28
2026/02/12 19:20:28.907, 7, 0, 0, 3, 40960, 50.54, 26
2026/02/12 19:20:29.914, 0, 36, 16, 12979, 40960, 155.31, 46
2026/02/12 19:20:29.921, 1, 0, 0, 3, 40960, 54.63, 27
2026/02/12 19:20:29.929, 2, 0, 0, 3, 40960, 48.94, 28
2026/02/12 19:20:29.937, 3, 0, 0, 3, 40960, 51.02, 27
2026/02/12 19:20:29.945, 4, 0, 0, 3, 40960, 50.34, 28
2026/02/12 19:20:29.952, 5, 0, 0, 3, 40960, 51.01, 26
2026/02/12 19:20:29.960, 6, 0, 0, 3, 40960, 51.57, 28
2026/02/12 19:20:29.965, 7, 0, 0, 3, 40960, 50.54, 26
2026/02/12 19:20:30.973, 0, 91, 32, 12979, 40960, 138.36, 47
2026/02/12 19:20:30.977, 1, 0, 0, 3, 40960, 54.63, 27
2026/02/12 19:20:30.985, 2, 0, 0, 3, 40960, 48.94, 27
2026/02/12 19:20:30.993, 3, 0, 0, 3, 40960, 51.14, 27
2026/02/12 19:20:31.001, 4, 0, 0, 3, 40960, 50.34, 28
2026/02/12 19:20:31.008, 5, 0, 0, 3, 40960, 51.01, 26
2026/02/12 19:20:31.017, 6, 0, 0, 3, 40960, 51.57, 28
2026/02/12 19:20:31.025, 7, 0, 0, 3, 40960, 50.54, 26
2026/02/12 19:20:32.033, 0, 92, 36, 12979, 40960, 277.07, 50
2026/02/12 19:20:32.041, 1, 0, 0, 3, 40960, 54.57, 27
2026/02/12 19:20:32.049, 2, 0, 0, 3, 40960, 48.88, 27
2026/02/12 19:20:32.054, 3, 0, 0, 3, 40960, 51.02, 27
2026/02/12 19:20:32.059, 4, 0, 0, 3, 40960, 50.34, 28
2026/02/12 19:20:32.064, 5, 0, 0, 3, 40960, 51.01, 26
2026/02/12 19:20:32.073, 6, 0, 0, 3, 40960, 51.57, 28
2026/02/12 19:20:32.078, 7, 0, 0, 3, 40960, 50.54, 26
2026/02/12 19:20:33.084, 0, 97, 7, 12979, 40960, 203.71, 45
2026/02/12 19:20:33.089, 1, 0, 0, 3, 40960, 54.94, 27
2026/02/12 19:20:33.097, 2, 0, 0, 3, 40960, 48.99, 27
2026/02/12 19:20:33.105, 3, 0, 0, 3, 40960, 51.08, 27
2026/02/12 19:20:33.112, 4, 0, 0, 3, 40960, 50.34, 28
2026/02/12 19:20:33.120, 5, 0, 0, 3, 40960, 51.01, 26
2026/02/12 19:20:33.128, 6, 0, 0, 3, 40960, 51.57, 28
2026/02/12 19:20:33.135, 7, 0, 0, 3, 40960, 50.54, 26
2026/02/12 19:20:34.142, 0, 98, 94, 12979, 40960, 428.12, 52
2026/02/12 19:20:34.147, 1, 0, 0, 3, 40960, 54.63, 27
2026/02/12 19:20:34.154, 2, 0, 0, 3, 40960, 48.94, 27
2026/02/12 19:20:34.162, 3, 0, 0, 3, 40960, 50.91, 27
2026/02/12 19:20:34.169, 4, 0, 0, 3, 40960, 50.34, 28
2026/02/12 19:20:34.177, 5, 0, 0, 3, 40960, 51.01, 26
2026/02/12 19:20:34.184, 6, 0, 0, 3, 40960, 51.57, 28
2026/02/12 19:20:34.190, 7, 0, 0, 3, 40960, 50.54, 26
2026/02/12 19:20:35.200, 0, 75, 50, 12979, 40960, 202.06, 44
2026/02/12 19:20:35.206, 1, 0, 0, 3, 40960, 54.75, 27
2026/02/12 19:20:35.214, 2, 0, 0, 3, 40960, 48.80, 27
2026/02/12 19:20:35.224, 3, 0, 0, 3, 40960, 51.14, 27
2026/02/12 19:20:35.232, 4, 0, 0, 3, 40960, 50.34, 28
2026/02/12 19:20:35.239, 5, 0, 0, 3, 40960, 51.01, 26
2026/02/12 19:20:35.249, 6, 0, 0, 3, 40960, 51.57, 28
2026/02/12 19:20:35.254, 7, 0, 0, 3, 40960, 50.54, 26
2026/02/12 19:20:36.262, 0, 98, 74, 12979, 40960, 336.18, 54
2026/02/12 19:20:36.266, 1, 0, 0, 3, 40960, 54.75, 27
2026/02/12 19:20:36.274, 2, 0, 0, 3, 40960, 48.83, 27
2026/02/12 19:20:36.282, 3, 0, 0, 3, 40960, 51.02, 27
2026/02/12 19:20:36.289, 4, 0, 0, 3, 40960, 50.34, 28
2026/02/12 19:20:36.297, 5, 0, 0, 3, 40960, 51.01, 26
2026/02/12 19:20:36.304, 6, 0, 0, 3, 40960, 51.32, 28
2026/02/12 19:20:36.309, 7, 0, 0, 3, 40960, 50.48, 26
2026/02/12 19:20:37.317, 0, 61, 49, 12979, 40960, 268.54, 46
2026/02/12 19:20:37.326, 1, 0, 0, 3, 40960, 54.63, 27
2026/02/12 19:20:37.334, 2, 0, 0, 3, 40960, 48.94, 27
2026/02/12 19:20:37.342, 3, 0, 0, 3, 40960, 51.02, 27
2026/02/12 19:20:37.347, 4, 0, 0, 3, 40960, 50.34, 28
2026/02/12 19:20:37.352, 5, 0, 0, 3, 40960, 50.71, 26
2026/02/12 19:20:37.359, 6, 0, 0, 3, 40960, 51.57, 28
2026/02/12 19:20:37.367, 7, 0, 0, 3, 40960, 50.54, 26
2026/02/12 19:20:38.373, 0, 93, 30, 12979, 40960, 136.47, 45
2026/02/12 19:20:38.378, 1, 0, 0, 3, 40960, 54.69, 27
2026/02/12 19:20:38.386, 2, 0, 0, 3, 40960, 48.99, 27
2026/02/12 19:20:38.393, 3, 0, 0, 3, 40960, 51.14, 26
2026/02/12 19:20:38.401, 4, 0, 0, 3, 40960, 50.34, 28
2026/02/12 19:20:38.408, 5, 0, 0, 3, 40960, 51.01, 26
2026/02/12 19:20:38.416, 6, 0, 0, 3, 40960, 51.57, 28
2026/02/12 19:20:38.422, 7, 0, 0, 3, 40960, 50.54, 26
2026/02/12 19:20:39.431, 0, 98, 77, 12979, 40960, 326.07, 50
2026/02/12 19:20:39.452, 1, 0, 0, 3, 40960, 54.57, 27
2026/02/12 19:20:39.460, 2, 0, 0, 3, 40960, 48.88, 27
2026/02/12 19:20:39.467, 3, 0, 0, 3, 40960, 51.02, 26
2026/02/12 19:20:39.475, 4, 0, 0, 3, 40960, 50.34, 28
2026/02/12 19:20:39.483, 5, 0, 0, 3, 40960, 51.01, 26
2026/02/12 19:20:39.490, 6, 0, 0, 3, 40960, 51.57, 28
2026/02/12 19:20:39.495, 7, 0, 0, 3, 40960, 50.54, 26
2026/02/12 19:20:40.503, 0, 49, 34, 12979, 40960, 75.81, 42
2026/02/12 19:20:40.508, 1, 0, 0, 3, 40960, 54.75, 27
2026/02/12 19:20:40.515, 2, 0, 0, 3, 40960, 49.05, 27
2026/02/12 19:20:40.523, 3, 0, 0, 3, 40960, 51.14, 26
2026/02/12 19:20:40.531, 4, 0, 0, 3, 40960, 50.34, 28
2026/02/12 19:20:40.539, 5, 0, 0, 3, 40960, 50.71, 26
2026/02/12 19:20:40.546, 6, 0, 0, 3, 40960, 51.57, 28
2026/02/12 19:20:40.551, 7, 0, 0, 3, 40960, 50.54, 26
2026/02/12 19:20:41.559, 0, 99, 37, 12979, 40960, 395.85, 51
2026/02/12 19:20:41.563, 1, 0, 0, 3, 40960, 54.63, 27
2026/02/12 19:20:41.572, 2, 0, 0, 3, 40960, 48.94, 27
2026/02/12 19:20:41.579, 3, 0, 0, 3, 40960, 51.26, 26
2026/02/12 19:20:41.588, 4, 0, 0, 3, 40960, 50.34, 28
2026/02/12 19:20:41.596, 5, 0, 0, 3, 40960, 51.01, 26
2026/02/12 19:20:41.604, 6, 0, 0, 3, 40960, 51.57, 28
2026/02/12 19:20:41.609, 7, 0, 0, 3, 40960, 50.54, 26
2026/02/12 19:20:42.617, 0, 46, 29, 12979, 40960, 109.43, 43
2026/02/12 19:20:42.625, 1, 0, 0, 3, 40960, 54.75, 27
2026/02/12 19:20:42.633, 2, 0, 0, 3, 40960, 48.80, 27
2026/02/12 19:20:42.640, 3, 0, 0, 3, 40960, 51.02, 26
2026/02/12 19:20:42.648, 4, 0, 0, 3, 40960, 50.34, 28
2026/02/12 19:20:42.653, 5, 0, 0, 3, 40960, 50.71, 26
2026/02/12 19:20:42.661, 6, 0, 0, 3, 40960, 51.57, 28
2026/02/12 19:20:42.666, 7, 0, 0, 3, 40960, 50.54, 26
2026/02/12 19:20:43.673, 0, 96, 22, 12979, 40960, 110.53, 47
2026/02/12 19:20:43.678, 1, 0, 0, 3, 40960, 54.75, 27
2026/02/12 19:20:43.685, 2, 0, 0, 3, 40960, 48.80, 27
2026/02/12 19:20:43.692, 3, 0, 0, 3, 40960, 51.14, 26
2026/02/12 19:20:43.700, 4, 0, 0, 3, 40960, 50.34, 28
2026/02/12 19:20:43.707, 5, 0, 0, 3, 40960, 51.01, 26
2026/02/12 19:20:43.715, 6, 0, 0, 3, 40960, 51.57, 28
2026/02/12 19:20:43.721, 7, 0, 0, 3, 40960, 50.54, 26
2026/02/12 19:20:44.729, 0, 93, 42, 12979, 40960, 272.80, 48
2026/02/12 19:20:44.737, 1, 0, 0, 3, 40960, 54.63, 27
2026/02/12 19:20:44.745, 2, 0, 0, 3, 40960, 48.94, 27
2026/02/12 19:20:44.753, 3, 0, 0, 3, 40960, 51.02, 26
2026/02/12 19:20:44.761, 4, 0, 0, 3, 40960, 50.34, 28
2026/02/12 19:20:44.768, 5, 0, 0, 3, 40960, 51.01, 26
2026/02/12 19:20:44.776, 6, 0, 0, 3, 40960, 51.32, 28
2026/02/12 19:20:44.781, 7, 0, 0, 3, 40960, 50.54, 26
2026/02/12 19:20:45.789, 0, 97, 7, 12979, 40960, 200.24, 44
2026/02/12 19:20:45.794, 1, 0, 0, 3, 40960, 54.69, 27
2026/02/12 19:20:45.803, 2, 0, 0, 3, 40960, 48.99, 27
2026/02/12 19:20:45.811, 3, 0, 0, 3, 40960, 51.08, 26
2026/02/12 19:20:45.819, 4, 0, 0, 3, 40960, 50.34, 28
2026/02/12 19:20:45.827, 5, 0, 0, 3, 40960, 51.01, 26
2026/02/12 19:20:45.835, 6, 0, 0, 3, 40960, 51.32, 28
2026/02/12 19:20:45.840, 7, 0, 0, 3, 40960, 50.54, 26
2026/02/12 19:20:46.848, 0, 99, 95, 12979, 40960, 443.85, 50
2026/02/12 19:20:46.852, 1, 0, 0, 3, 40960, 54.51, 27
2026/02/12 19:20:46.860, 2, 0, 0, 3, 40960, 48.83, 27
2026/02/12 19:20:46.869, 3, 0, 0, 3, 40960, 51.02, 26
2026/02/12 19:20:46.876, 4, 0, 0, 3, 40960, 50.34, 28
2026/02/12 19:20:46.881, 5, 0, 0, 3, 40960, 51.01, 26
2026/02/12 19:20:46.887, 6, 0, 0, 3, 40960, 51.57, 28
2026/02/12 19:20:46.892, 7, 0, 0, 3, 40960, 50.54, 26
2026/02/12 19:20:47.898, 0, 83, 80, 12979, 40960, 327.40, 49
2026/02/12 19:20:47.922, 1, 0, 0, 3, 40960, 54.57, 27
2026/02/12 19:20:47.929, 2, 0, 0, 3, 40960, 48.94, 27
2026/02/12 19:20:47.937, 3, 0, 0, 3, 40960, 51.02, 26
2026/02/12 19:20:47.945, 4, 0, 0, 3, 40960, 50.34, 28
2026/02/12 19:20:47.953, 5, 0, 0, 3, 40960, 50.71, 26
2026/02/12 19:20:47.960, 6, 0, 0, 3, 40960, 51.32, 28
2026/02/12 19:20:47.965, 7, 0, 0, 3, 40960, 50.54, 26
2026/02/12 19:20:48.973, 0, 69, 49, 12979, 40960, 118.54, 43
2026/02/12 19:20:48.977, 1, 0, 0, 3, 40960, 54.75, 27
2026/02/12 19:20:48.985, 2, 0, 0, 3, 40960, 48.99, 27
2026/02/12 19:20:48.992, 3, 0, 0, 3, 40960, 51.20, 26
2026/02/12 19:20:49.000, 4, 0, 0, 3, 40960, 50.34, 28
2026/02/12 19:20:49.008, 5, 0, 0, 3, 40960, 51.01, 26
2026/02/12 19:20:49.016, 6, 0, 0, 3, 40960, 51.32, 28
2026/02/12 19:20:49.024, 7, 0, 0, 3, 40960, 50.54, 26
2026/02/12 19:20:50.033, 0, 98, 68, 12979, 40960, 143.77, 51
2026/02/12 19:20:50.037, 1, 0, 0, 3, 40960, 54.69, 27
2026/02/12 19:20:50.045, 2, 0, 0, 3, 40960, 48.99, 27
2026/02/12 19:20:50.053, 3, 0, 0, 3, 40960, 51.02, 26
2026/02/12 19:20:50.060, 4, 0, 0, 3, 40960, 50.34, 28
2026/02/12 19:20:50.068, 5, 0, 0, 3, 40960, 51.01, 26
2026/02/12 19:20:50.076, 6, 0, 0, 3, 40960, 51.57, 28
2026/02/12 19:20:50.081, 7, 0, 0, 3, 40960, 50.54, 26
2026/02/12 19:20:51.089, 0, 98, 74, 12979, 40960, 323.39, 49
2026/02/12 19:20:51.096, 1, 0, 0, 3, 40960, 54.69, 27
2026/02/12 19:20:51.104, 2, 0, 0, 3, 40960, 48.99, 27
2026/02/12 19:20:51.111, 3, 0, 0, 3, 40960, 51.08, 26
2026/02/12 19:20:51.119, 4, 0, 0, 3, 40960, 50.34, 28
2026/02/12 19:20:51.127, 5, 0, 0, 3, 40960, 50.71, 26
2026/02/12 19:20:51.135, 6, 0, 0, 3, 40960, 51.32, 28
2026/02/12 19:20:51.141, 7, 0, 0, 3, 40960, 50.54, 26
2026/02/12 19:20:52.149, 0, 48, 33, 12979, 40960, 264.27, 44
2026/02/12 19:20:52.157, 1, 0, 0, 3, 40960, 54.63, 27
2026/02/12 19:20:52.164, 2, 0, 0, 3, 40960, 48.69, 27
2026/02/12 19:20:52.172, 3, 0, 0, 3, 40960, 51.08, 26
2026/02/12 19:20:52.177, 4, 0, 0, 3, 40960, 50.34, 28
2026/02/12 19:20:52.182, 5, 0, 0, 3, 40960, 50.71, 26
2026/02/12 19:20:52.190, 6, 0, 0, 3, 40960, 51.32, 28
2026/02/12 19:20:52.195, 7, 0, 0, 3, 40960, 50.54, 26
2026/02/12 19:20:53.200, 0, 94, 29, 12979, 40960, 147.00, 47
2026/02/12 19:20:53.208, 1, 0, 0, 3, 40960, 54.69, 27
2026/02/12 19:20:53.216, 2, 0, 0, 3, 40960, 48.80, 27
2026/02/12 19:20:53.223, 3, 0, 0, 3, 40960, 51.14, 26
2026/02/12 19:20:53.231, 4, 0, 0, 3, 40960, 50.34, 28
2026/02/12 19:20:53.239, 5, 0, 0, 3, 40960, 51.01, 26
2026/02/12 19:20:53.246, 6, 0, 0, 3, 40960, 51.63, 28
2026/02/12 19:20:53.252, 7, 0, 0, 3, 40960, 50.54, 26
2026/02/12 19:20:54.259, 0, 57, 43, 12979, 40960, 266.70, 45
2026/02/12 19:20:54.266, 1, 0, 0, 3, 40960, 54.63, 27
2026/02/12 19:20:54.274, 2, 0, 0, 3, 40960, 48.94, 27
2026/02/12 19:20:54.282, 3, 0, 0, 3, 40960, 51.08, 26
2026/02/12 19:20:54.290, 4, 0, 0, 3, 40960, 50.34, 28
2026/02/12 19:20:54.297, 5, 0, 0, 3, 40960, 51.01, 26
2026/02/12 19:20:54.305, 6, 0, 0, 3, 40960, 51.57, 28
2026/02/12 19:20:54.310, 7, 0, 0, 3, 40960, 50.54, 26
2026/02/12 19:20:55.318, 0, 98, 17, 12979, 40960, 110.53, 45
2026/02/12 19:20:55.325, 1, 0, 0, 3, 40960, 54.75, 27
2026/02/12 19:20:55.334, 2, 0, 0, 3, 40960, 48.80, 27
2026/02/12 19:20:55.342, 3, 0, 0, 3, 40960, 51.08, 26
2026/02/12 19:20:55.350, 4, 0, 0, 3, 40960, 50.34, 28
2026/02/12 19:20:55.358, 5, 0, 0, 3, 40960, 51.01, 26
2026/02/12 19:20:55.366, 6, 0, 0, 3, 40960, 51.32, 28
2026/02/12 19:20:55.372, 7, 0, 0, 3, 40960, 50.54, 26
2026/02/12 19:20:56.382, 0, 93, 54, 12979, 40960, 276.27, 50
2026/02/12 19:20:56.387, 1, 0, 0, 3, 40960, 54.57, 27
2026/02/12 19:20:56.394, 2, 0, 0, 3, 40960, 48.69, 27
2026/02/12 19:20:56.402, 3, 0, 0, 3, 40960, 51.02, 26
2026/02/12 19:20:56.409, 4, 0, 0, 3, 40960, 50.34, 28
2026/02/12 19:20:56.417, 5, 0, 0, 3, 40960, 51.01, 26
2026/02/12 19:20:56.424, 6, 0, 0, 3, 40960, 51.32, 28
2026/02/12 19:20:56.429, 7, 0, 0, 3, 40960, 50.54, 26
2026/02/12 19:20:57.437, 0, 87, 27, 12979, 40960, 201.83, 44
2026/02/12 19:20:57.442, 1, 0, 0, 3, 40960, 54.69, 27
2026/02/12 19:20:57.450, 2, 0, 0, 3, 40960, 48.75, 27
2026/02/12 19:20:57.458, 3, 0, 0, 3, 40960, 51.08, 26
2026/02/12 19:20:57.466, 4, 0, 0, 3, 40960, 50.34, 28
2026/02/12 19:20:57.471, 5, 0, 0, 3, 40960, 50.71, 26
2026/02/12 19:20:57.478, 6, 0, 0, 3, 40960, 51.57, 28
2026/02/12 19:20:57.484, 7, 0, 0, 3, 40960, 50.54, 26
2026/02/12 19:20:58.489, 0, 98, 100, 12979, 40960, 280.05, 50
2026/02/12 19:20:58.495, 1, 0, 0, 3, 40960, 54.63, 27
2026/02/12 19:20:58.503, 2, 0, 0, 3, 40960, 48.88, 27
2026/02/12 19:20:58.510, 3, 0, 0, 3, 40960, 50.97, 26
2026/02/12 19:20:58.518, 4, 0, 0, 3, 40960, 50.34, 28
2026/02/12 19:20:58.526, 5, 0, 0, 3, 40960, 50.71, 26
2026/02/12 19:20:58.534, 6, 0, 0, 3, 40960, 51.32, 28
2026/02/12 19:20:58.539, 7, 0, 0, 3, 40960, 50.54, 26
2026/02/12 19:20:59.547, 0, 98, 100, 12979, 40960, 290.41, 50
2026/02/12 19:20:59.552, 1, 0, 0, 3, 40960, 54.51, 27
2026/02/12 19:20:59.559, 2, 0, 0, 3, 40960, 48.83, 27
2026/02/12 19:20:59.567, 3, 0, 0, 3, 40960, 51.02, 26
2026/02/12 19:20:59.574, 4, 0, 0, 3, 40960, 50.34, 28
2026/02/12 19:20:59.582, 5, 0, 0, 3, 40960, 51.01, 26
2026/02/12 19:20:59.590, 6, 0, 0, 3, 40960, 51.32, 28
2026/02/12 19:20:59.595, 7, 0, 0, 3, 40960, 50.54, 26
2026/02/12 19:21:00.603, 0, 81, 43, 12979, 40960, 75.97, 43
2026/02/12 19:21:00.609, 1, 0, 0, 3, 40960, 54.50, 27
2026/02/12 19:21:00.616, 2, 0, 0, 3, 40960, 48.80, 27
2026/02/12 19:21:00.625, 3, 0, 0, 3, 40960, 51.20, 26
2026/02/12 19:21:00.633, 4, 0, 0, 3, 40960, 50.34, 28
2026/02/12 19:21:00.640, 5, 0, 0, 3, 40960, 50.71, 26
2026/02/12 19:21:00.648, 6, 0, 0, 3, 40960, 51.32, 28
2026/02/12 19:21:00.654, 7, 0, 0, 3, 40960, 50.54, 26
2026/02/12 19:21:01.663, 0, 100, 22, 12979, 40960, 406.59, 53
2026/02/12 19:21:01.671, 1, 0, 0, 3, 40960, 54.69, 27
2026/02/12 19:21:01.678, 2, 0, 0, 3, 40960, 48.75, 27
2026/02/12 19:21:01.686, 3, 0, 0, 3, 40960, 51.02, 26
2026/02/12 19:21:01.693, 4, 0, 0, 3, 40960, 50.34, 28
2026/02/12 19:21:01.700, 5, 0, 0, 3, 40960, 50.71, 26
2026/02/12 19:21:01.708, 6, 0, 0, 3, 40960, 51.32, 28
2026/02/12 19:21:01.713, 7, 0, 0, 3, 40960, 50.54, 26
2026/02/12 19:21:02.721, 0, 98, 67, 12979, 40960, 345.49, 50
2026/02/12 19:21:02.729, 1, 0, 0, 3, 40960, 54.69, 27
2026/02/12 19:21:02.736, 2, 0, 0, 3, 40960, 48.75, 27
2026/02/12 19:21:02.744, 3, 0, 0, 3, 40960, 50.97, 26
2026/02/12 19:21:02.752, 4, 0, 0, 3, 40960, 50.34, 28
2026/02/12 19:21:02.759, 5, 0, 0, 3, 40960, 50.71, 26
2026/02/12 19:21:02.767, 6, 0, 0, 3, 40960, 51.32, 28
2026/02/12 19:21:02.772, 7, 0, 0, 3, 40960, 50.54, 26
2026/02/12 19:21:03.780, 0, 91, 17, 12979, 40960, 204.76, 45
2026/02/12 19:21:03.784, 1, 0, 0, 3, 40960, 54.69, 27
2026/02/12 19:21:03.791, 2, 0, 0, 3, 40960, 48.75, 27
2026/02/12 19:21:03.799, 3, 0, 0, 3, 40960, 51.14, 26
2026/02/12 19:21:03.806, 4, 0, 0, 3, 40960, 50.34, 28
2026/02/12 19:21:03.814, 5, 0, 0, 3, 40960, 50.71, 26
2026/02/12 19:21:03.822, 6, 0, 0, 3, 40960, 51.38, 28
2026/02/12 19:21:03.827, 7, 0, 0, 3, 40960, 50.54, 26
2026/02/12 19:21:04.834, 0, 98, 100, 12979, 40960, 322.35, 53
2026/02/12 19:21:04.844, 1, 0, 0, 3, 40960, 54.51, 27
2026/02/12 19:21:04.852, 2, 0, 0, 3, 40960, 48.88, 27
2026/02/12 19:21:04.859, 3, 0, 0, 3, 40960, 51.02, 26
2026/02/12 19:21:04.867, 4, 0, 0, 3, 40960, 50.34, 28
2026/02/12 19:21:04.874, 5, 0, 0, 3, 40960, 50.71, 26
2026/02/12 19:21:04.882, 6, 0, 0, 3, 40960, 51.57, 28
2026/02/12 19:21:04.889, 7, 0, 0, 3, 40960, 50.54, 26
2026/02/12 19:21:05.897, 0, 98, 82, 12979, 40960, 318.58, 51
2026/02/12 19:21:05.923, 1, 0, 0, 3, 40960, 54.57, 27
2026/02/12 19:21:05.932, 2, 0, 0, 3, 40960, 48.88, 27
2026/02/12 19:21:05.940, 3, 0, 0, 3, 40960, 51.02, 26
2026/02/12 19:21:05.948, 4, 0, 0, 3, 40960, 50.34, 28
2026/02/12 19:21:05.955, 5, 0, 0, 3, 40960, 50.71, 26
2026/02/12 19:21:05.963, 6, 0, 0, 3, 40960, 51.32, 28
2026/02/12 19:21:05.968, 7, 0, 0, 3, 40960, 50.54, 26
2026/02/12 19:21:06.975, 0, 52, 38, 12979, 40960, 75.51, 43
2026/02/12 19:21:06.981, 1, 0, 0, 3, 40960, 54.75, 27
2026/02/12 19:21:06.989, 2, 0, 0, 3, 40960, 48.80, 27
2026/02/12 19:21:06.994, 3, 0, 0, 3, 40960, 51.20, 26
2026/02/12 19:21:06.999, 4, 0, 0, 3, 40960, 50.34, 28
2026/02/12 19:21:07.005, 5, 0, 0, 3, 40960, 50.71, 26
2026/02/12 19:21:07.012, 6, 0, 0, 3, 40960, 51.32, 28
2026/02/12 19:21:07.019, 7, 0, 0, 3, 40960, 50.54, 26
2026/02/12 19:21:08.025, 0, 99, 46, 12979, 40960, 427.63, 53
2026/02/12 19:21:08.030, 1, 0, 0, 3, 40960, 54.69, 27
2026/02/12 19:21:08.037, 2, 0, 0, 3, 40960, 48.69, 27
2026/02/12 19:21:08.045, 3, 0, 0, 3, 40960, 50.97, 26
2026/02/12 19:21:08.053, 4, 0, 0, 3, 40960, 50.09, 28
2026/02/12 19:21:08.061, 5, 0, 0, 3, 40960, 51.01, 26
2026/02/12 19:21:08.068, 6, 0, 0, 3, 40960, 51.32, 28
2026/02/12 19:21:08.076, 7, 0, 0, 3, 40960, 50.54, 26
2026/02/12 19:21:09.084, 0, 86, 85, 12979, 40960, 362.05, 51
2026/02/12 19:21:09.092, 1, 0, 0, 3, 40960, 54.51, 27
2026/02/12 19:21:09.100, 2, 0, 0, 3, 40960, 48.83, 27
2026/02/12 19:21:09.108, 3, 0, 0, 3, 40960, 50.97, 26
2026/02/12 19:21:09.116, 4, 0, 0, 3, 40960, 50.34, 28
2026/02/12 19:21:09.124, 5, 0, 0, 3, 40960, 51.01, 26
2026/02/12 19:21:09.133, 6, 0, 0, 3, 40960, 51.32, 28
2026/02/12 19:21:09.138, 7, 0, 0, 3, 40960, 50.54, 26
2026/02/12 19:21:10.145, 0, 91, 25, 12979, 40960, 160.63, 45
2026/02/12 19:21:10.167, 1, 0, 0, 3, 40960, 54.75, 27
2026/02/12 19:21:10.175, 2, 0, 0, 3, 40960, 48.80, 27
2026/02/12 19:21:10.182, 3, 0, 0, 3, 40960, 51.14, 26
2026/02/12 19:21:10.190, 4, 0, 0, 3, 40960, 50.34, 28
2026/02/12 19:21:10.198, 5, 0, 0, 3, 40960, 50.71, 26
2026/02/12 19:21:10.205, 6, 0, 0, 3, 40960, 51.57, 28
2026/02/12 19:21:10.211, 7, 0, 0, 3, 40960, 50.54, 26
2026/02/12 19:21:11.219, 0, 98, 82, 12979, 40960, 323.14, 50
2026/02/12 19:21:11.224, 1, 0, 0, 3, 40960, 54.57, 27
2026/02/12 19:21:11.232, 2, 0, 0, 3, 40960, 48.88, 27
2026/02/12 19:21:11.241, 3, 0, 0, 3, 40960, 51.14, 27
2026/02/12 19:21:11.249, 4, 0, 0, 3, 40960, 50.34, 28
2026/02/12 19:21:11.256, 5, 0, 0, 3, 40960, 50.71, 26
2026/02/12 19:21:11.264, 6, 0, 0, 3, 40960, 51.32, 28
2026/02/12 19:21:11.269, 7, 0, 0, 3, 40960, 50.54, 26
2026/02/12 19:21:12.276, 0, 52, 37, 12979, 40960, 75.73, 43
2026/02/12 19:21:12.281, 1, 0, 0, 3, 40960, 54.75, 27
2026/02/12 19:21:12.288, 2, 0, 0, 3, 40960, 48.80, 27
2026/02/12 19:21:12.296, 3, 0, 0, 3, 40960, 51.20, 27
2026/02/12 19:21:12.301, 4, 0, 0, 3, 40960, 50.34, 28
2026/02/12 19:21:12.306, 5, 0, 0, 3, 40960, 50.71, 26
2026/02/12 19:21:12.313, 6, 0, 0, 3, 40960, 51.38, 28
2026/02/12 19:21:12.319, 7, 0, 0, 3, 40960, 50.54, 26
2026/02/12 19:21:13.324, 0, 99, 46, 12979, 40960, 436.15, 51
2026/02/12 19:21:13.328, 1, 0, 0, 3, 40960, 54.57, 27
2026/02/12 19:21:13.336, 2, 0, 0, 3, 40960, 48.83, 27
2026/02/12 19:21:13.343, 3, 0, 0, 3, 40960, 50.97, 27
2026/02/12 19:21:13.351, 4, 0, 0, 3, 40960, 50.34, 28
2026/02/12 19:21:13.359, 5, 0, 0, 3, 40960, 50.71, 26
2026/02/12 19:21:13.367, 6, 0, 0, 3, 40960, 51.57, 28
2026/02/12 19:21:13.374, 7, 0, 0, 3, 40960, 50.54, 26
2026/02/12 19:21:14.382, 0, 93, 43, 12979, 40960, 276.82, 49
2026/02/12 19:21:14.389, 1, 0, 0, 3, 40960, 54.63, 27
2026/02/12 19:21:14.397, 2, 0, 0, 3, 40960, 48.69, 27
2026/02/12 19:21:14.405, 3, 0, 0, 3, 40960, 51.02, 27
2026/02/12 19:21:14.413, 4, 0, 0, 3, 40960, 50.34, 28
2026/02/12 19:21:14.421, 5, 0, 0, 3, 40960, 51.01, 26
2026/02/12 19:21:14.428, 6, 0, 0, 3, 40960, 51.32, 28
2026/02/12 19:21:14.433, 7, 0, 0, 3, 40960, 50.54, 26
2026/02/12 19:21:15.441, 0, 91, 25, 12979, 40960, 152.07, 47
2026/02/12 19:21:15.445, 1, 0, 0, 3, 40960, 54.75, 27
2026/02/12 19:21:15.453, 2, 0, 0, 3, 40960, 48.75, 27
2026/02/12 19:21:15.460, 3, 0, 0, 3, 40960, 51.14, 27
2026/02/12 19:21:15.468, 4, 0, 0, 3, 40960, 50.34, 28
2026/02/12 19:21:15.476, 5, 0, 0, 3, 40960, 50.71, 26
2026/02/12 19:21:15.484, 6, 0, 0, 3, 40960, 51.57, 28
2026/02/12 19:21:15.489, 7, 0, 0, 3, 40960, 50.54, 26
2026/02/12 19:21:16.498, 0, 92, 32, 12979, 40960, 279.20, 49
2026/02/12 19:21:16.505, 1, 0, 0, 3, 40960, 54.63, 27
2026/02/12 19:21:16.514, 2, 0, 0, 3, 40960, 48.94, 27
2026/02/12 19:21:16.522, 3, 0, 0, 3, 40960, 51.02, 27
2026/02/12 19:21:16.530, 4, 0, 0, 3, 40960, 50.34, 28
2026/02/12 19:21:16.539, 5, 0, 0, 3, 40960, 51.01, 26
2026/02/12 19:21:16.547, 6, 0, 0, 3, 40960, 51.32, 28
2026/02/12 19:21:16.552, 7, 0, 0, 3, 40960, 50.54, 26
2026/02/12 19:21:17.559, 0, 91, 26, 12979, 40960, 78.36, 43
2026/02/12 19:21:17.564, 1, 0, 0, 3, 40960, 54.75, 27
2026/02/12 19:21:17.571, 2, 0, 0, 3, 40960, 48.80, 27
2026/02/12 19:21:17.579, 3, 0, 0, 3, 40960, 51.44, 27
2026/02/12 19:21:17.588, 4, 0, 0, 3, 40960, 50.34, 28
2026/02/12 19:21:17.593, 5, 0, 0, 3, 40960, 50.71, 26
2026/02/12 19:21:17.601, 6, 0, 0, 3, 40960, 51.57, 28
2026/02/12 19:21:17.606, 7, 0, 0, 3, 40960, 50.54, 26
2026/02/12 19:21:18.614, 0, 92, 32, 12979, 40960, 274.43, 49
2026/02/12 19:21:18.628, 1, 0, 0, 3, 40960, 54.63, 27
2026/02/12 19:21:18.635, 2, 0, 0, 3, 40960, 48.94, 27
2026/02/12 19:21:18.643, 3, 0, 0, 3, 40960, 51.08, 27
2026/02/12 19:21:18.650, 4, 0, 0, 3, 40960, 50.34, 28
2026/02/12 19:21:18.658, 5, 0, 0, 3, 40960, 50.71, 26
2026/02/12 19:21:18.666, 6, 0, 0, 3, 40960, 51.32, 28
2026/02/12 19:21:18.671, 7, 0, 0, 3, 40960, 50.54, 26
2026/02/12 19:21:19.679, 0, 94, 97, 12979, 40960, 272.55, 47
2026/02/12 19:21:19.689, 1, 0, 0, 3, 40960, 54.63, 27
2026/02/12 19:21:19.698, 2, 0, 0, 3, 40960, 48.94, 27
2026/02/12 19:21:19.705, 3, 0, 0, 3, 40960, 50.97, 27
2026/02/12 19:21:19.712, 4, 0, 0, 3, 40960, 50.34, 28
2026/02/12 19:21:19.720, 5, 0, 0, 3, 40960, 51.01, 26
2026/02/12 19:21:19.729, 6, 0, 0, 3, 40960, 51.32, 28
2026/02/12 19:21:19.734, 7, 0, 0, 3, 40960, 50.54, 26
2026/02/12 19:21:20.742, 0, 84, 33, 12979, 40960, 82.15, 45
2026/02/12 19:21:20.746, 1, 0, 0, 3, 40960, 54.75, 27
2026/02/12 19:21:20.754, 2, 0, 0, 3, 40960, 48.80, 27
2026/02/12 19:21:20.761, 3, 0, 0, 3, 40960, 51.14, 27
2026/02/12 19:21:20.769, 4, 0, 0, 3, 40960, 50.34, 28
2026/02/12 19:21:20.776, 5, 0, 0, 3, 40960, 51.01, 26
2026/02/12 19:21:20.784, 6, 0, 0, 3, 40960, 51.32, 28
2026/02/12 19:21:20.790, 7, 0, 0, 3, 40960, 50.54, 26
2026/02/12 19:21:21.798, 0, 99, 98, 12979, 40960, 412.18, 54
2026/02/12 19:21:21.802, 1, 0, 0, 3, 40960, 54.57, 27
2026/02/12 19:21:21.811, 2, 0, 0, 3, 40960, 48.94, 27
2026/02/12 19:21:21.818, 3, 0, 0, 3, 40960, 51.08, 27
2026/02/12 19:21:21.827, 4, 0, 0, 3, 40960, 50.34, 28
2026/02/12 19:21:21.836, 5, 0, 0, 3, 40960, 51.01, 26
2026/02/12 19:21:21.844, 6, 0, 0, 3, 40960, 51.38, 28
2026/02/12 19:21:21.849, 7, 0, 0, 3, 40960, 50.54, 26
2026/02/12 19:21:22.857, 0, 98, 100, 12979, 40960, 338.06, 51
2026/02/12 19:21:22.862, 1, 0, 0, 3, 40960, 54.75, 27
2026/02/12 19:21:22.869, 2, 0, 0, 3, 40960, 48.75, 27
2026/02/12 19:21:22.877, 3, 0, 0, 3, 40960, 51.02, 27
2026/02/12 19:21:22.884, 4, 0, 0, 3, 40960, 50.34, 28
2026/02/12 19:21:22.892, 5, 0, 0, 3, 40960, 50.71, 26
2026/02/12 19:21:22.900, 6, 0, 0, 3, 40960, 51.38, 28
2026/02/12 19:21:22.905, 7, 0, 0, 3, 40960, 50.54, 26
2026/02/12 19:21:23.913, 0, 50, 36, 12979, 40960, 76.22, 44
2026/02/12 19:21:23.917, 1, 0, 0, 3, 40960, 54.75, 27
2026/02/12 19:21:23.926, 2, 0, 0, 3, 40960, 48.80, 27
2026/02/12 19:21:23.933, 3, 0, 0, 3, 40960, 51.14, 27
2026/02/12 19:21:23.942, 4, 0, 0, 3, 40960, 50.34, 28
2026/02/12 19:21:23.950, 5, 0, 0, 3, 40960, 51.01, 26
2026/02/12 19:21:23.958, 6, 0, 0, 3, 40960, 51.32, 28
2026/02/12 19:21:23.963, 7, 0, 0, 3, 40960, 50.54, 26
2026/02/12 19:21:24.970, 0, 99, 43, 12979, 40960, 391.69, 53
2026/02/12 19:21:24.976, 1, 0, 0, 3, 40960, 54.57, 27
2026/02/12 19:21:24.983, 2, 0, 0, 3, 40960, 48.75, 27
2026/02/12 19:21:24.990, 3, 0, 0, 3, 40960, 51.14, 27
2026/02/12 19:21:24.998, 4, 0, 0, 3, 40960, 50.34, 28
2026/02/12 19:21:25.005, 5, 0, 0, 3, 40960, 51.01, 26
2026/02/12 19:21:25.014, 6, 0, 0, 3, 40960, 51.32, 28
2026/02/12 19:21:25.021, 7, 0, 0, 3, 40960, 50.54, 26
2026/02/12 19:21:26.029, 0, 61, 47, 12979, 40960, 89.07, 43
2026/02/12 19:21:26.033, 1, 0, 0, 3, 40960, 54.75, 27
2026/02/12 19:21:26.041, 2, 0, 0, 3, 40960, 48.80, 27
2026/02/12 19:21:26.049, 3, 0, 0, 3, 40960, 51.14, 27
2026/02/12 19:21:26.057, 4, 0, 0, 3, 40960, 50.34, 28
2026/02/12 19:21:26.066, 5, 0, 0, 3, 40960, 51.01, 26
2026/02/12 19:21:26.075, 6, 0, 0, 3, 40960, 51.63, 28
2026/02/12 19:21:26.080, 7, 0, 0, 3, 40960, 50.54, 26
2026/02/12 19:21:27.087, 0, 98, 61, 12979, 40960, 313.64, 52
2026/02/12 19:21:27.095, 1, 0, 0, 3, 40960, 54.63, 27
2026/02/12 19:21:27.102, 2, 0, 0, 3, 40960, 48.83, 27
2026/02/12 19:21:27.107, 3, 0, 0, 3, 40960, 50.97, 27
2026/02/12 19:21:27.113, 4, 0, 0, 3, 40960, 50.34, 28
2026/02/12 19:21:27.118, 5, 0, 0, 3, 40960, 51.01, 26
2026/02/12 19:21:27.125, 6, 0, 0, 3, 40960, 51.32, 28
2026/02/12 19:21:27.130, 7, 0, 0, 3, 40960, 50.54, 26
2026/02/12 19:21:28.135, 0, 92, 37, 12979, 40960, 330.08, 51
2026/02/12 19:21:28.165, 1, 0, 0, 3, 40960, 54.75, 27
2026/02/12 19:21:28.172, 2, 0, 0, 3, 40960, 48.94, 27
2026/02/12 19:21:28.182, 3, 0, 0, 3, 40960, 51.02, 27
2026/02/12 19:21:28.189, 4, 0, 0, 3, 40960, 50.34, 28
2026/02/12 19:21:28.197, 5, 0, 0, 3, 40960, 50.71, 26
2026/02/12 19:21:28.204, 6, 0, 0, 3, 40960, 51.57, 28
2026/02/12 19:21:28.209, 7, 0, 0, 3, 40960, 50.54, 26
2026/02/12 19:21:29.217, 0, 83, 36, 12979, 40960, 205.05, 46
2026/02/12 19:21:29.222, 1, 0, 0, 3, 40960, 54.69, 27
2026/02/12 19:21:29.229, 2, 0, 0, 3, 40960, 48.99, 27
2026/02/12 19:21:29.237, 3, 0, 0, 3, 40960, 51.08, 27
2026/02/12 19:21:29.245, 4, 0, 0, 3, 40960, 50.34, 28
2026/02/12 19:21:29.253, 5, 0, 0, 3, 40960, 51.01, 26
2026/02/12 19:21:29.260, 6, 0, 0, 3, 40960, 51.38, 28
2026/02/12 19:21:29.267, 7, 0, 0, 3, 40960, 50.54, 26
2026/02/12 19:21:30.274, 0, 99, 96, 12979, 40960, 443.07, 55
2026/02/12 19:21:30.282, 1, 0, 0, 3, 40960, 54.57, 27
2026/02/12 19:21:30.289, 2, 0, 0, 3, 40960, 48.94, 27
2026/02/12 19:21:30.297, 3, 0, 0, 3, 40960, 51.26, 27
2026/02/12 19:21:30.305, 4, 0, 0, 3, 40960, 50.34, 28
2026/02/12 19:21:30.312, 5, 0, 0, 3, 40960, 51.01, 26
2026/02/12 19:21:30.320, 6, 0, 0, 3, 40960, 51.63, 28
2026/02/12 19:21:30.325, 7, 0, 0, 3, 40960, 50.54, 26
2026/02/12 19:21:31.333, 0, 83, 80, 12979, 40960, 278.16, 51
2026/02/12 19:21:31.338, 1, 0, 0, 3, 40960, 54.75, 27
2026/02/12 19:21:31.346, 2, 0, 0, 3, 40960, 48.83, 27
2026/02/12 19:21:31.353, 3, 0, 0, 3, 40960, 51.20, 27
2026/02/12 19:21:31.361, 4, 0, 0, 3, 40960, 50.34, 28
2026/02/12 19:21:31.369, 5, 0, 0, 3, 40960, 51.01, 26
2026/02/12 19:21:31.376, 6, 0, 0, 3, 40960, 51.32, 28
2026/02/12 19:21:31.387, 7, 0, 0, 3, 40960, 50.54, 26
2026/02/12 19:21:32.394, 0, 47, 31, 12979, 40960, 83.99, 45
2026/02/12 19:21:32.408, 1, 0, 0, 3, 40960, 54.75, 27
2026/02/12 19:21:32.416, 2, 0, 0, 3, 40960, 49.05, 27
2026/02/12 19:21:32.423, 3, 0, 0, 3, 40960, 51.20, 27
2026/02/12 19:21:32.430, 4, 0, 0, 3, 40960, 50.34, 28
2026/02/12 19:21:32.436, 5, 0, 0, 3, 40960, 51.01, 26
2026/02/12 19:21:32.443, 6, 0, 0, 3, 40960, 51.57, 28
2026/02/12 19:21:32.450, 7, 0, 0, 3, 40960, 50.54, 26
2026/02/12 19:21:33.455, 0, 99, 33, 12979, 40960, 214.64, 54
2026/02/12 19:21:33.463, 1, 0, 0, 3, 40960, 54.57, 27
2026/02/12 19:21:33.470, 2, 0, 0, 3, 40960, 49.05, 27
2026/02/12 19:21:33.478, 3, 0, 0, 3, 40960, 51.14, 27
2026/02/12 19:21:33.485, 4, 0, 0, 3, 40960, 50.34, 28
2026/02/12 19:21:33.493, 5, 0, 0, 3, 40960, 51.01, 26
2026/02/12 19:21:33.503, 6, 0, 0, 3, 40960, 51.57, 28
2026/02/12 19:21:33.509, 7, 0, 0, 3, 40960, 50.54, 26
2026/02/12 19:21:34.517, 0, 37, 17, 12979, 40960, 225.07, 46
2026/02/12 19:21:34.524, 1, 0, 0, 3, 40960, 54.69, 27
2026/02/12 19:21:34.532, 2, 0, 0, 3, 40960, 48.94, 27
2026/02/12 19:21:34.539, 3, 0, 0, 3, 40960, 51.38, 27
2026/02/12 19:21:34.547, 4, 0, 0, 3, 40960, 50.34, 28
2026/02/12 19:21:34.554, 5, 0, 0, 3, 40960, 51.01, 26
2026/02/12 19:21:34.562, 6, 0, 0, 3, 40960, 51.57, 28
2026/02/12 19:21:34.567, 7, 0, 0, 3, 40960, 50.54, 26
2026/02/12 19:21:35.575, 0, 99, 23, 12979, 40960, 203.95, 48
2026/02/12 19:21:35.580, 1, 0, 0, 3, 40960, 54.75, 27
2026/02/12 19:21:35.588, 2, 0, 0, 3, 40960, 48.80, 27
2026/02/12 19:21:35.596, 3, 0, 0, 3, 40960, 51.14, 27
2026/02/12 19:21:35.603, 4, 0, 0, 3, 40960, 50.34, 28
2026/02/12 19:21:35.611, 5, 0, 0, 3, 40960, 51.01, 26
2026/02/12 19:21:35.620, 6, 0, 0, 3, 40960, 51.38, 28
2026/02/12 19:21:35.630, 7, 0, 0, 3, 40960, 50.54, 26
2026/02/12 19:21:36.639, 0, 93, 75, 12979, 40960, 275.78, 50
2026/02/12 19:21:36.649, 1, 0, 0, 3, 40960, 54.88, 27
2026/02/12 19:21:36.657, 2, 0, 0, 3, 40960, 48.94, 27
2026/02/12 19:21:36.665, 3, 0, 0, 3, 40960, 51.08, 27
2026/02/12 19:21:36.672, 4, 0, 0, 3, 40960, 50.34, 28
2026/02/12 19:21:36.680, 5, 0, 0, 3, 40960, 51.01, 26
2026/02/12 19:21:36.688, 6, 0, 0, 3, 40960, 51.57, 28
2026/02/12 19:21:36.694, 7, 0, 0, 3, 40960, 50.54, 26
2026/02/12 19:21:37.703, 0, 70, 63, 12979, 40960, 276.09, 48
2026/02/12 19:21:37.714, 1, 0, 0, 3, 40960, 54.63, 27
2026/02/12 19:21:37.721, 2, 0, 0, 3, 40960, 48.94, 27
2026/02/12 19:21:37.729, 3, 0, 0, 3, 40960, 51.32, 27
2026/02/12 19:21:37.736, 4, 0, 0, 3, 40960, 50.34, 28
2026/02/12 19:21:37.744, 5, 0, 0, 3, 40960, 51.01, 26
2026/02/12 19:21:37.751, 6, 0, 0, 3, 40960, 51.57, 28
2026/02/12 19:21:37.757, 7, 0, 0, 3, 40960, 50.54, 26
2026/02/12 19:21:38.764, 0, 92, 30, 12979, 40960, 142.89, 47
2026/02/12 19:21:38.768, 1, 0, 0, 3, 40960, 54.69, 27
2026/02/12 19:21:38.776, 2, 0, 0, 3, 40960, 49.05, 27
2026/02/12 19:21:38.784, 3, 0, 0, 3, 40960, 51.14, 27
2026/02/12 19:21:38.791, 4, 0, 0, 3, 40960, 50.34, 28
2026/02/12 19:21:38.800, 5, 0, 0, 3, 40960, 51.01, 26
2026/02/12 19:21:38.808, 6, 0, 0, 3, 40960, 51.57, 28
2026/02/12 19:21:38.814, 7, 0, 0, 3, 40960, 50.54, 26
2026/02/12 19:21:39.822, 0, 6, 1, 12979, 40960, 74.47, 42
2026/02/12 19:21:39.826, 1, 0, 0, 3, 40960, 54.75, 27
2026/02/12 19:21:39.833, 2, 0, 0, 3, 40960, 48.80, 27
2026/02/12 19:21:39.841, 3, 0, 0, 3, 40960, 51.49, 27
2026/02/12 19:21:39.850, 4, 0, 0, 3, 40960, 50.34, 28
2026/02/12 19:21:39.858, 5, 0, 0, 3, 40960, 51.01, 26
2026/02/12 19:21:39.865, 6, 0, 0, 3, 40960, 51.38, 28
2026/02/12 19:21:39.870, 7, 0, 0, 3, 40960, 50.54, 26
2026/02/12 19:21:40.878, 0, 0, 0, 12963, 40960, 74.17, 41
2026/02/12 19:21:40.903, 1, 0, 0, 0, 40960, 55.30, 27
2026/02/12 19:21:40.909, 2, 0, 0, 3, 40960, 48.80, 27
2026/02/12 19:21:40.917, 3, 0, 0, 3, 40960, 51.20, 27
2026/02/12 19:21:40.925, 4, 0, 0, 3, 40960, 50.34, 28
2026/02/12 19:21:40.935, 5, 0, 0, 3, 40960, 51.01, 26
2026/02/12 19:21:40.943, 6, 0, 0, 3, 40960, 51.57, 28
2026/02/12 19:21:40.950, 7, 0, 0, 3, 40960, 50.54, 26
2026/02/12 19:21:41.958, 0, 7, 0, 0, 40960, 73.37, 41
2026/02/12 19:21:41.962, 1, 0, 0, 0, 40960, 54.75, 27
2026/02/12 19:21:41.970, 2, 0, 0, 0, 40960, 48.80, 27
2026/02/12 19:21:41.975, 3, 0, 0, 0, 40960, 51.20, 27
2026/02/12 19:21:41.980, 4, 0, 0, 0, 40960, 50.34, 28
2026/02/12 19:21:41.985, 5, 0, 0, 0, 40960, 51.01, 26
2026/02/12 19:21:41.993, 6, 0, 0, 0, 40960, 51.63, 28
2026/02/12 19:21:41.999, 7, 0, 0, 0, 40960, 50.54, 26
2026/02/12 19:21:43.004, 0, 0, 0, 0, 40960, 73.12, 40
2026/02/12 19:21:43.010, 1, 0, 0, 0, 40960, 54.75, 27
2026/02/12 19:21:43.018, 2, 0, 0, 0, 40960, 48.80, 27
2026/02/12 19:21:43.025, 3, 0, 0, 0, 40960, 51.20, 27
2026/02/12 19:21:43.033, 4, 0, 0, 0, 40960, 50.34, 28
2026/02/12 19:21:43.040, 5, 0, 0, 0, 40960, 51.01, 26
2026/02/12 19:21:43.048, 6, 0, 0, 0, 40960, 51.57, 28
2026/02/12 19:21:43.056, 7, 0, 0, 0, 40960, 50.54, 26
2026/02/12 19:21:44.063, 0, 0, 0, 0, 40960, 52.24, 39
2026/02/12 19:21:44.069, 1, 0, 0, 0, 40960, 54.75, 27
2026/02/12 19:21:44.076, 2, 0, 0, 0, 40960, 49.10, 27
2026/02/12 19:21:44.086, 3, 0, 0, 0, 40960, 51.20, 27
2026/02/12 19:21:44.095, 4, 0, 0, 0, 40960, 50.34, 28
2026/02/12 19:21:44.103, 5, 0, 0, 0, 40960, 51.01, 26
2026/02/12 19:21:44.112, 6, 0, 0, 0, 40960, 51.38, 28
2026/02/12 19:21:44.118, 7, 0, 0, 0, 40960, 50.54, 26
2026/02/12 19:21:45.126, 0, 0, 0, 0, 40960, 51.94, 38
2026/02/12 19:21:45.132, 1, 0, 0, 0, 40960, 54.81, 27
2026/02/12 19:21:45.139, 2, 0, 0, 0, 40960, 49.10, 27
2026/02/12 19:21:45.147, 3, 0, 0, 0, 40960, 51.20, 27
2026/02/12 19:21:45.155, 4, 0, 0, 0, 40960, 50.34, 28
2026/02/12 19:21:45.162, 5, 0, 0, 0, 40960, 51.01, 26
2026/02/12 19:21:45.170, 6, 0, 0, 0, 40960, 51.63, 28
2026/02/12 19:21:45.175, 7, 0, 0, 0, 40960, 50.54, 26
2026/02/12 19:21:46.183, 0, 0, 0, 0, 40960, 51.94, 38
2026/02/12 19:21:46.188, 1, 0, 0, 0, 40960, 54.75, 27
2026/02/12 19:21:46.196, 2, 0, 0, 0, 40960, 49.05, 27
2026/02/12 19:21:46.203, 3, 0, 0, 0, 40960, 51.20, 27
2026/02/12 19:21:46.212, 4, 0, 0, 0, 40960, 50.34, 28
2026/02/12 19:21:46.219, 5, 0, 0, 0, 40960, 51.01, 26
2026/02/12 19:21:46.227, 6, 0, 0, 0, 40960, 51.38, 28
2026/02/12 19:21:46.232, 7, 0, 0, 0, 40960, 50.54, 26
2026/02/12 19:21:47.241, 0, 0, 0, 0, 40960, 51.69, 38
2026/02/12 19:21:47.246, 1, 0, 0, 0, 40960, 54.81, 27
2026/02/12 19:21:47.254, 2, 0, 0, 0, 40960, 49.10, 28
2026/02/12 19:21:47.264, 3, 0, 0, 0, 40960, 51.20, 27
2026/02/12 19:21:47.269, 4, 0, 0, 0, 40960, 50.34, 28
2026/02/12 19:21:47.274, 5, 0, 0, 0, 40960, 51.01, 26
2026/02/12 19:21:47.282, 6, 0, 0, 0, 40960, 51.63, 28
2026/02/12 19:21:47.287, 7, 0, 0, 0, 40960, 50.54, 26
2026/02/12 19:21:48.293, 0, 0, 0, 0, 40960, 51.69, 37
2026/02/12 19:21:48.298, 1, 0, 0, 0, 40960, 54.81, 27
2026/02/12 19:21:48.305, 2, 0, 0, 0, 40960, 49.05, 28
2026/02/12 19:21:48.315, 3, 0, 0, 0, 40960, 51.20, 27
2026/02/12 19:21:48.322, 4, 0, 0, 0, 40960, 50.34, 28
2026/02/12 19:21:48.330, 5, 0, 0, 0, 40960, 51.01, 26
2026/02/12 19:21:48.337, 6, 0, 0, 0, 40960, 51.63, 28
2026/02/12 19:21:48.343, 7, 0, 0, 0, 40960, 50.54, 26
2026/02/12 19:21:49.350, 0, 0, 0, 0, 40960, 51.69, 37
2026/02/12 19:21:49.356, 1, 0, 0, 0, 40960, 54.75, 27
2026/02/12 19:21:49.363, 2, 0, 0, 0, 40960, 48.86, 28
2026/02/12 19:21:49.371, 3, 0, 0, 0, 40960, 51.20, 27
2026/02/12 19:21:49.377, 4, 0, 0, 0, 40960, 50.34, 28
2026/02/12 19:21:49.384, 5, 0, 0, 0, 40960, 51.01, 26
2026/02/12 19:21:49.393, 6, 0, 0, 0, 40960, 51.63, 28
2026/02/12 19:21:49.398, 7, 0, 0, 0, 40960, 50.54, 26
2026/02/12 19:21:50.407, 0, 0, 0, 0, 40960, 51.69, 37
2026/02/12 19:21:50.413, 1, 0, 0, 0, 40960, 54.81, 27
2026/02/12 19:21:50.421, 2, 0, 0, 0, 40960, 49.10, 28
2026/02/12 19:21:50.430, 3, 0, 0, 0, 40960, 51.20, 27
2026/02/12 19:21:50.438, 4, 0, 0, 0, 40960, 50.34, 28
2026/02/12 19:21:50.446, 5, 0, 0, 0, 40960, 51.01, 26
2026/02/12 19:21:50.453, 6, 0, 0, 0, 40960, 51.63, 28
2026/02/12 19:21:50.458, 7, 0, 0, 0, 40960, 50.54, 26
2026/02/12 19:21:51.466, 0, 0, 0, 0, 40960, 51.44, 37
2026/02/12 19:21:51.471, 1, 0, 0, 0, 40960, 54.75, 27
2026/02/12 19:21:51.479, 2, 0, 0, 0, 40960, 49.10, 28
2026/02/12 19:21:51.487, 3, 0, 0, 0, 40960, 51.20, 27
2026/02/12 19:21:51.495, 4, 0, 0, 0, 40960, 50.34, 28
2026/02/12 19:21:51.502, 5, 0, 0, 0, 40960, 51.01, 26
2026/02/12 19:21:51.510, 6, 0, 0, 0, 40960, 51.63, 28
2026/02/12 19:21:51.515, 7, 0, 0, 0, 40960, 50.83, 26
2026/02/12 19:21:52.525, 0, 0, 0, 0, 40960, 51.44, 36
2026/02/12 19:21:52.531, 1, 0, 0, 0, 40960, 54.75, 27
2026/02/12 19:21:52.538, 2, 0, 0, 0, 40960, 49.10, 28
2026/02/12 19:21:52.546, 3, 0, 0, 0, 40960, 51.20, 27
2026/02/12 19:21:52.554, 4, 0, 0, 0, 40960, 50.34, 28
2026/02/12 19:21:52.560, 5, 0, 0, 0, 40960, 51.01, 26
2026/02/12 19:21:52.568, 6, 0, 0, 0, 40960, 51.63, 28
2026/02/12 19:21:52.573, 7, 0, 0, 0, 40960, 50.54, 26
2026/02/12 19:21:53.581, 0, 0, 0, 0, 40960, 51.44, 36
2026/02/12 19:21:53.586, 1, 0, 0, 0, 40960, 54.81, 27
2026/02/12 19:21:53.593, 2, 0, 0, 0, 40960, 49.10, 28
2026/02/12 19:21:53.601, 3, 0, 0, 0, 40960, 51.20, 27
2026/02/12 19:21:53.609, 4, 0, 0, 0, 40960, 50.34, 28
2026/02/12 19:21:53.617, 5, 0, 0, 0, 40960, 51.01, 26
2026/02/12 19:21:53.624, 6, 0, 0, 0, 40960, 51.57, 28
2026/02/12 19:21:53.629, 7, 0, 0, 0, 40960, 50.54, 26
2026/02/12 19:21:54.637, 0, 0, 0, 0, 40960, 51.44, 36
2026/02/12 19:21:54.645, 1, 0, 0, 0, 40960, 54.81, 27
2026/02/12 19:21:54.653, 2, 0, 0, 0, 40960, 49.05, 28
2026/02/12 19:21:54.662, 3, 0, 0, 0, 40960, 51.20, 27
2026/02/12 19:21:54.669, 4, 0, 0, 0, 40960, 50.34, 28
2026/02/12 19:21:54.677, 5, 0, 0, 0, 40960, 51.01, 26
2026/02/12 19:21:54.685, 6, 0, 0, 0, 40960, 51.63, 28
2026/02/12 19:21:54.690, 7, 0, 0, 0, 40960, 50.83, 26
2026/02/12 19:21:55.697, 0, 0, 0, 0, 40960, 51.44, 36
2026/02/12 19:21:55.703, 1, 0, 0, 0, 40960, 54.81, 27
2026/02/12 19:21:55.712, 2, 0, 0, 0, 40960, 49.10, 28
2026/02/12 19:21:55.719, 3, 0, 0, 0, 40960, 51.20, 27
2026/02/12 19:21:55.727, 4, 0, 0, 0, 40960, 50.34, 28
2026/02/12 19:21:55.735, 5, 0, 0, 0, 40960, 51.01, 26
2026/02/12 19:21:55.745, 6, 0, 0, 0, 40960, 51.63, 28
2026/02/12 19:21:55.750, 7, 0, 0, 0, 40960, 50.83, 26
2026/02/12 19:21:56.760, 0, 0, 0, 0, 40960, 51.14, 36
2026/02/12 19:21:56.765, 1, 0, 0, 0, 40960, 54.75, 27
2026/02/12 19:21:56.773, 2, 0, 0, 0, 40960, 49.10, 28
2026/02/12 19:21:56.780, 3, 0, 0, 0, 40960, 51.20, 27
2026/02/12 19:21:56.788, 4, 0, 0, 0, 40960, 50.34, 28
2026/02/12 19:21:56.795, 5, 0, 0, 0, 40960, 51.01, 26
2026/02/12 19:21:56.803, 6, 0, 0, 0, 40960, 51.63, 28
2026/02/12 19:21:56.808, 7, 0, 0, 0, 40960, 50.83, 26
2026/02/12 19:21:57.816, 0, 0, 0, 0, 40960, 51.44, 35
2026/02/12 19:21:57.827, 1, 0, 0, 0, 40960, 54.75, 27
2026/02/12 19:21:57.834, 2, 0, 0, 0, 40960, 49.10, 28
2026/02/12 19:21:57.842, 3, 0, 0, 0, 40960, 51.20, 27
2026/02/12 19:21:57.850, 4, 0, 0, 0, 40960, 50.34, 28
2026/02/12 19:21:57.858, 5, 0, 0, 0, 40960, 51.01, 26
2026/02/12 19:21:57.866, 6, 0, 0, 0, 40960, 51.63, 28
2026/02/12 19:21:57.871, 7, 0, 0, 0, 40960, 50.83, 26
