nohup: ignoring input
2026/02/12 19:22:28.924, 0, 0, 0, 0, 40960, 50.89, 33
2026/02/12 19:22:28.932, 1, 0, 0, 0, 40960, 55.36, 28
2026/02/12 19:22:28.940, 2, 0, 0, 0, 40960, 49.10, 28
2026/02/12 19:22:28.947, 3, 0, 0, 0, 40960, 51.49, 28
2026/02/12 19:22:28.954, 4, 0, 0, 0, 40960, 50.59, 29
2026/02/12 19:22:28.961, 5, 0, 0, 0, 40960, 51.01, 27
2026/02/12 19:22:28.970, 6, 0, 0, 0, 40960, 51.88, 29
2026/02/12 19:22:28.978, 7, 0, 0, 0, 40960, 50.83, 27
2026/02/12 19:22:29.986, 0, 0, 0, 0, 40960, 50.89, 33
2026/02/12 19:22:29.992, 1, 0, 0, 0, 40960, 55.06, 28
2026/02/12 19:22:30.000, 2, 0, 0, 0, 40960, 49.10, 28
2026/02/12 19:22:30.007, 3, 0, 0, 0, 40960, 51.75, 28
2026/02/12 19:22:30.015, 4, 0, 0, 0, 40960, 50.59, 29
2026/02/12 19:22:30.024, 5, 0, 0, 0, 40960, 51.01, 27
2026/02/12 19:22:30.032, 6, 0, 0, 0, 40960, 51.63, 29
2026/02/12 19:22:30.039, 7, 0, 0, 0, 40960, 50.83, 27
2026/02/12 19:22:31.047, 0, 0, 0, 0, 40960, 50.89, 33
2026/02/12 19:22:31.052, 1, 0, 0, 0, 40960, 55.30, 28
2026/02/12 19:22:31.060, 2, 0, 0, 0, 40960, 49.10, 28
2026/02/12 19:22:31.067, 3, 0, 0, 0, 40960, 51.49, 28
2026/02/12 19:22:31.075, 4, 0, 0, 0, 40960, 50.89, 29
2026/02/12 19:22:31.084, 5, 0, 0, 0, 40960, 51.01, 27
2026/02/12 19:22:31.091, 6, 0, 0, 0, 40960, 51.63, 29
2026/02/12 19:22:31.096, 7, 0, 0, 0, 40960, 50.83, 27
2026/02/12 19:22:32.104, 0, 0, 0, 0, 40960, 50.89, 33
2026/02/12 19:22:32.109, 1, 0, 0, 0, 40960, 55.36, 29
2026/02/12 19:22:32.117, 2, 0, 0, 0, 40960, 49.10, 28
2026/02/12 19:22:32.122, 3, 0, 0, 0, 40960, 51.49, 28
2026/02/12 19:22:32.127, 4, 0, 0, 0, 40960, 50.59, 29
2026/02/12 19:22:32.132, 5, 0, 0, 0, 40960, 51.01, 27
2026/02/12 19:22:32.140, 6, 0, 0, 0, 40960, 51.88, 29
2026/02/12 19:22:32.145, 7, 0, 0, 0, 40960, 50.83, 27
2026/02/12 19:22:33.150, 0, 0, 0, 0, 40960, 50.89, 33
2026/02/12 19:22:33.156, 1, 0, 0, 0, 40960, 55.30, 29
2026/02/12 19:22:33.163, 2, 0, 0, 0, 40960, 49.05, 28
2026/02/12 19:22:33.169, 3, 0, 0, 0, 40960, 51.49, 28
2026/02/12 19:22:33.176, 4, 0, 0, 0, 40960, 50.59, 29
2026/02/12 19:22:33.184, 5, 0, 0, 0, 40960, 51.25, 27
2026/02/12 19:22:33.192, 6, 0, 0, 0, 40960, 51.63, 29
2026/02/12 19:22:33.197, 7, 0, 0, 0, 40960, 51.08, 27
2026/02/12 19:22:34.205, 0, 0, 0, 0, 40960, 50.89, 33
2026/02/12 19:22:34.210, 1, 0, 0, 0, 40960, 55.30, 29
2026/02/12 19:22:34.218, 2, 0, 0, 0, 40960, 49.10, 29
2026/02/12 19:22:34.226, 3, 0, 0, 0, 40960, 51.49, 28
2026/02/12 19:22:34.235, 4, 0, 0, 0, 40960, 50.59, 29
2026/02/12 19:22:34.242, 5, 0, 0, 0, 40960, 51.01, 27
2026/02/12 19:22:34.251, 6, 0, 0, 0, 40960, 51.63, 29
2026/02/12 19:22:34.256, 7, 0, 0, 0, 40960, 51.08, 27
2026/02/12 19:22:35.265, 0, 0, 0, 0, 40960, 50.89, 33
2026/02/12 19:22:35.270, 1, 0, 0, 0, 40960, 55.36, 29
2026/02/12 19:22:35.278, 2, 0, 0, 0, 40960, 49.10, 29
2026/02/12 19:22:35.286, 3, 0, 0, 0, 40960, 51.49, 28
2026/02/12 19:22:35.293, 4, 0, 0, 0, 40960, 50.59, 29
2026/02/12 19:22:35.302, 5, 0, 0, 0, 40960, 51.25, 27
2026/02/12 19:22:35.309, 6, 0, 0, 0, 40960, 51.88, 29
2026/02/12 19:22:35.315, 7, 0, 0, 0, 40960, 51.08, 28
2026/02/12 19:22:36.323, 0, 0, 0, 0, 40960, 50.89, 33
2026/02/12 19:22:36.328, 1, 0, 0, 0, 40960, 55.36, 29
2026/02/12 19:22:36.336, 2, 0, 0, 0, 40960, 49.10, 29
2026/02/12 19:22:36.343, 3, 0, 0, 0, 40960, 51.49, 28
2026/02/12 19:22:36.351, 4, 0, 0, 0, 40960, 50.59, 29
2026/02/12 19:22:36.359, 5, 0, 0, 0, 40960, 51.25, 27
2026/02/12 19:22:36.367, 6, 0, 0, 0, 40960, 51.88, 29
2026/02/12 19:22:36.372, 7, 0, 0, 0, 40960, 51.08, 28
2026/02/12 19:22:37.381, 0, 0, 0, 0, 40960, 50.59, 33
2026/02/12 19:22:37.387, 1, 0, 0, 0, 40960, 55.36, 29
2026/02/12 19:22:37.395, 2, 0, 0, 0, 40960, 49.10, 29
2026/02/12 19:22:37.402, 3, 0, 0, 0, 40960, 51.49, 28
2026/02/12 19:22:37.408, 4, 0, 0, 0, 40960, 50.59, 29
2026/02/12 19:22:37.413, 5, 0, 0, 0, 40960, 51.25, 28
2026/02/12 19:22:37.420, 6, 0, 0, 0, 40960, 51.82, 29
2026/02/12 19:22:37.425, 7, 0, 0, 0, 40960, 51.08, 28
2026/02/12 19:22:38.431, 0, 0, 0, 0, 40960, 50.89, 33
2026/02/12 19:22:38.437, 1, 0, 0, 0, 40960, 55.36, 29
2026/02/12 19:22:38.444, 2, 0, 0, 0, 40960, 49.10, 29
2026/02/12 19:22:38.452, 3, 0, 0, 0, 40960, 51.49, 28
2026/02/12 19:22:38.460, 4, 0, 0, 0, 40960, 50.59, 29
2026/02/12 19:22:38.468, 5, 0, 0, 0, 40960, 51.25, 28
2026/02/12 19:22:38.475, 6, 0, 0, 0, 40960, 51.88, 29
2026/02/12 19:22:38.481, 7, 0, 0, 0, 40960, 51.08, 28
2026/02/12 19:22:39.488, 0, 0, 0, 0, 40960, 50.89, 33
2026/02/12 19:22:39.494, 1, 0, 0, 0, 40960, 55.36, 29
2026/02/12 19:22:39.502, 2, 0, 0, 0, 40960, 49.41, 29
2026/02/12 19:22:39.509, 3, 0, 0, 0, 40960, 51.49, 28
2026/02/12 19:22:39.516, 4, 0, 0, 0, 40960, 50.59, 29
2026/02/12 19:22:39.524, 5, 0, 0, 0, 40960, 51.25, 28
2026/02/12 19:22:39.532, 6, 0, 0, 0, 40960, 51.88, 29
2026/02/12 19:22:39.538, 7, 0, 0, 0, 40960, 51.08, 28
2026/02/12 19:22:40.547, 0, 0, 0, 0, 40960, 50.89, 33
2026/02/12 19:22:40.552, 1, 0, 0, 0, 40960, 55.36, 29
2026/02/12 19:22:40.560, 2, 0, 0, 0, 40960, 49.10, 29
2026/02/12 19:22:40.568, 3, 0, 0, 0, 40960, 51.49, 28
2026/02/12 19:22:40.575, 4, 0, 0, 0, 40960, 50.59, 29
2026/02/12 19:22:40.583, 5, 0, 0, 0, 40960, 51.25, 28
2026/02/12 19:22:40.591, 6, 0, 0, 0, 40960, 51.88, 29
2026/02/12 19:22:40.596, 7, 0, 0, 0, 40960, 51.08, 28
2026/02/12 19:22:41.601, 0, 0, 0, 0, 40960, 50.89, 33
2026/02/12 19:22:41.609, 1, 0, 0, 0, 40960, 55.30, 29
2026/02/12 19:22:41.617, 2, 0, 0, 0, 40960, 49.41, 29
2026/02/12 19:22:41.625, 3, 0, 0, 0, 40960, 51.49, 28
2026/02/12 19:22:41.632, 4, 0, 0, 0, 40960, 50.59, 29
2026/02/12 19:22:41.640, 5, 0, 0, 0, 40960, 51.25, 28
2026/02/12 19:22:41.648, 6, 0, 0, 0, 40960, 51.88, 29
2026/02/12 19:22:41.658, 7, 0, 0, 0, 40960, 51.08, 28
2026/02/12 19:22:42.666, 0, 0, 0, 0, 40960, 50.89, 33
2026/02/12 19:22:42.684, 1, 0, 0, 0, 40960, 55.36, 29
2026/02/12 19:22:42.690, 2, 0, 0, 0, 40960, 49.41, 29
2026/02/12 19:22:42.760, 3, 0, 0, 0, 40960, 51.75, 28
2026/02/12 19:22:42.773, 4, 0, 0, 0, 40960, 50.89, 29
2026/02/12 19:22:42.781, 5, 0, 0, 0, 40960, 51.25, 28
2026/02/12 19:22:42.794, 6, 0, 0, 0, 40960, 51.88, 29
2026/02/12 19:22:42.811, 7, 0, 0, 0, 40960, 51.08, 28
2026/02/12 19:22:43.823, 0, 0, 0, 3, 40960, 50.89, 33
2026/02/12 19:22:43.829, 1, 0, 0, 3, 40960, 55.56, 29
2026/02/12 19:22:43.836, 2, 0, 0, 3, 40960, 49.41, 29
2026/02/12 19:22:43.842, 3, 0, 0, 3, 40960, 51.75, 28
2026/02/12 19:22:43.848, 4, 0, 0, 3, 40960, 50.59, 29
2026/02/12 19:22:43.854, 5, 0, 0, 3, 40960, 51.55, 28
2026/02/12 19:22:43.859, 6, 0, 0, 0, 40960, 51.88, 29
2026/02/12 19:22:43.865, 7, 0, 0, 0, 40960, 51.08, 28
2026/02/12 19:22:44.875, 0, 0, 0, 3, 40960, 51.44, 33
2026/02/12 19:22:44.880, 1, 0, 0, 3, 40960, 55.56, 29
2026/02/12 19:22:44.885, 2, 0, 0, 3, 40960, 49.41, 29
2026/02/12 19:22:44.891, 3, 0, 0, 3, 40960, 51.75, 28
2026/02/12 19:22:44.896, 4, 0, 0, 3, 40960, 50.59, 29
2026/02/12 19:22:44.901, 5, 0, 0, 3, 40960, 51.25, 28
2026/02/12 19:22:44.906, 6, 0, 0, 3, 40960, 51.82, 29
2026/02/12 19:22:44.911, 7, 0, 0, 3, 40960, 51.38, 28
2026/02/12 19:22:45.919, 0, 0, 0, 3, 40960, 50.89, 33
2026/02/12 19:22:45.925, 1, 0, 0, 3, 40960, 55.62, 29
2026/02/12 19:22:45.932, 2, 0, 0, 3, 40960, 49.41, 29
2026/02/12 19:22:45.940, 3, 0, 0, 3, 40960, 51.75, 28
2026/02/12 19:22:45.947, 4, 0, 0, 3, 40960, 50.89, 30
2026/02/12 19:22:45.956, 5, 0, 0, 3, 40960, 51.25, 28
2026/02/12 19:22:45.964, 6, 0, 0, 3, 40960, 51.88, 29
2026/02/12 19:22:45.969, 7, 0, 0, 3, 40960, 51.08, 28
2026/02/12 19:22:46.977, 0, 0, 0, 19, 40960, 55.73, 34
2026/02/12 19:22:47.020, 1, 0, 0, 19, 40960, 61.44, 29
2026/02/12 19:22:47.048, 2, 0, 0, 19, 40960, 54.44, 29
2026/02/12 19:22:47.080, 3, 0, 0, 20, 40960, 57.38, 29
2026/02/12 19:22:47.110, 4, 0, 0, 20, 40960, 56.22, 30
2026/02/12 19:22:47.135, 5, 0, 0, 20, 40960, 56.35, 28
2026/02/12 19:22:47.158, 6, 0, 0, 20, 40960, 57.44, 30
2026/02/12 19:22:47.196, 7, 0, 0, 20, 40960, 56.46, 28
2026/02/12 19:22:48.275, 0, 0, 0, 465, 40960, 55.43, 34
2026/02/12 19:22:48.279, 1, 0, 0, 465, 40960, 61.74, 30
2026/02/12 19:22:48.285, 2, 0, 0, 465, 40960, 54.44, 29
2026/02/12 19:22:48.292, 3, 0, 0, 465, 40960, 57.38, 29
2026/02/12 19:22:48.296, 4, 0, 0, 465, 40960, 55.97, 30
2026/02/12 19:22:48.300, 5, 0, 0, 465, 40960, 56.35, 28
2026/02/12 19:22:48.306, 6, 0, 0, 465, 40960, 57.44, 30
2026/02/12 19:22:48.312, 7, 0, 0, 465, 40960, 56.46, 28
2026/02/12 19:22:49.316, 0, 0, 0, 1607, 40960, 55.73, 34
2026/02/12 19:22:49.320, 1, 0, 0, 1611, 40960, 62.00, 30
2026/02/12 19:22:49.334, 2, 1, 0, 1611, 40960, 55.24, 29
2026/02/12 19:22:49.368, 3, 1, 0, 1611, 40960, 57.87, 29
2026/02/12 19:22:49.388, 4, 0, 0, 1611, 40960, 56.22, 30
2026/02/12 19:22:49.401, 5, 1, 0, 1611, 40960, 59.85, 29
2026/02/12 19:22:49.435, 6, 1, 0, 1611, 40960, 57.99, 30
2026/02/12 19:22:49.440, 7, 1, 0, 1611, 40960, 62.01, 29
2026/02/12 19:22:50.446, 0, 63, 14, 2943, 40960, 131.98, 36
2026/02/12 19:22:50.451, 1, 52, 11, 2855, 40960, 133.63, 33
2026/02/12 19:22:50.456, 2, 43, 10, 2853, 40960, 144.38, 32
2026/02/12 19:22:50.461, 3, 48, 10, 2853, 40960, 223.54, 32
2026/02/12 19:22:50.465, 4, 58, 13, 2853, 40960, 128.12, 34
2026/02/12 19:22:50.469, 5, 61, 13, 2853, 40960, 126.38, 33
2026/02/12 19:22:50.474, 6, 46, 10, 2853, 40960, 149.00, 33
2026/02/12 19:22:50.478, 7, 48, 10, 2853, 40960, 201.01, 34
2026/02/12 19:22:51.483, 0, 76, 14, 3007, 40960, 157.52, 41
2026/02/12 19:22:51.487, 1, 44, 12, 2855, 40960, 203.35, 36
2026/02/12 19:22:51.491, 2, 54, 14, 2853, 40960, 159.90, 36
2026/02/12 19:22:51.496, 3, 53, 14, 2853, 40960, 174.36, 35
2026/02/12 19:22:51.501, 4, 45, 12, 2853, 40960, 142.79, 36
2026/02/12 19:22:51.505, 5, 47, 12, 2853, 40960, 120.79, 35
2026/02/12 19:22:51.509, 6, 54, 14, 2853, 40960, 172.87, 37
2026/02/12 19:22:51.513, 7, 53, 14, 2853, 40960, 165.12, 35
2026/02/12 19:22:52.518, 0, 74, 19, 3035, 40960, 269.23, 41
2026/02/12 19:22:52.522, 1, 54, 14, 2885, 40960, 88.92, 35
2026/02/12 19:22:52.526, 2, 44, 11, 2883, 40960, 213.72, 35
2026/02/12 19:22:52.530, 3, 46, 11, 2881, 40960, 128.51, 34
2026/02/12 19:22:52.536, 4, 63, 18, 2881, 40960, 116.14, 35
2026/02/12 19:22:52.542, 5, 65, 19, 2881, 40960, 152.45, 34
2026/02/12 19:22:52.549, 6, 45, 11, 2881, 40960, 152.30, 35
2026/02/12 19:22:52.554, 7, 46, 11, 2881, 40960, 136.74, 34
2026/02/12 19:22:53.558, 0, 56, 11, 3035, 40960, 265.92, 42
2026/02/12 19:22:53.562, 1, 51, 9, 2885, 40960, 182.48, 36
2026/02/12 19:22:53.568, 2, 60, 17, 2883, 40960, 100.51, 35
2026/02/12 19:22:53.573, 3, 54, 15, 2881, 40960, 201.70, 34
2026/02/12 19:22:53.602, 4, 48, 11, 2881, 40960, 295.76, 35
2026/02/12 19:22:53.608, 5, 47, 11, 2881, 40960, 251.12, 33
2026/02/12 19:22:53.612, 6, 56, 15, 2881, 40960, 234.12, 36
2026/02/12 19:22:53.623, 7, 54, 15, 2881, 40960, 199.10, 34
2026/02/12 19:22:54.634, 0, 70, 2, 3035, 40960, 93.44, 39
2026/02/12 19:22:54.640, 1, 40, 1, 2885, 40960, 92.16, 34
2026/02/12 19:22:54.646, 2, 41, 1, 2883, 40960, 86.13, 33
2026/02/12 19:22:54.653, 3, 41, 1, 2881, 40960, 82.95, 34
2026/02/12 19:22:54.657, 4, 41, 4, 2881, 40960, 159.97, 34
2026/02/12 19:22:54.663, 5, 43, 5, 2881, 40960, 166.73, 33
2026/02/12 19:22:54.668, 6, 41, 1, 2881, 40960, 79.03, 34
2026/02/12 19:22:54.672, 7, 41, 1, 2881, 40960, 77.39, 34
2026/02/12 19:22:55.678, 0, 43, 1, 3035, 40960, 83.10, 38
2026/02/12 19:22:55.684, 1, 57, 1, 2885, 40960, 111.57, 33
2026/02/12 19:22:55.690, 2, 47, 1, 2883, 40960, 71.78, 33
2026/02/12 19:22:55.696, 3, 53, 1, 2881, 40960, 92.75, 32
2026/02/12 19:22:55.702, 4, 47, 1, 2881, 40960, 90.86, 33
2026/02/12 19:22:55.708, 5, 43, 1, 2881, 40960, 83.59, 32
2026/02/12 19:22:55.712, 6, 52, 1, 2881, 40960, 92.54, 33
2026/02/12 19:22:55.717, 7, 52, 1, 2881, 40960, 91.45, 32
2026/02/12 19:22:56.724, 0, 48, 6, 3035, 40960, 170.60, 42
2026/02/12 19:22:56.730, 1, 41, 1, 2885, 40960, 142.73, 35
2026/02/12 19:22:56.736, 2, 43, 1, 2883, 40960, 284.01, 35
2026/02/12 19:22:56.742, 3, 43, 1, 2881, 40960, 273.59, 34
2026/02/12 19:22:56.748, 4, 47, 5, 2881, 40960, 172.23, 36
2026/02/12 19:22:56.755, 5, 49, 6, 2881, 40960, 169.16, 35
2026/02/12 19:22:56.759, 6, 43, 1, 2881, 40960, 294.08, 36
2026/02/12 19:22:56.764, 7, 43, 1, 2881, 40960, 272.73, 34
2026/02/12 19:22:57.771, 0, 46, 7, 3035, 40960, 173.57, 41
2026/02/12 19:22:57.778, 1, 38, 1, 2885, 40960, 119.34, 36
2026/02/12 19:22:57.784, 2, 61, 17, 2883, 40960, 168.17, 35
2026/02/12 19:22:57.790, 3, 38, 1, 2881, 40960, 183.56, 35
2026/02/12 19:22:57.796, 4, 44, 6, 2881, 40960, 169.12, 36
2026/02/12 19:22:57.802, 5, 47, 8, 2881, 40960, 170.99, 35
2026/02/12 19:22:57.807, 6, 63, 19, 2881, 40960, 275.25, 37
2026/02/12 19:22:57.811, 7, 63, 18, 2881, 40960, 249.48, 35
2026/02/12 19:22:58.817, 0, 51, 9, 3035, 40960, 174.85, 44
2026/02/12 19:22:58.823, 1, 64, 17, 2885, 40960, 126.96, 38
2026/02/12 19:22:58.829, 2, 65, 19, 2883, 40960, 239.99, 38
2026/02/12 19:22:58.834, 3, 70, 19, 2881, 40960, 110.28, 36
2026/02/12 19:22:58.841, 4, 50, 9, 2881, 40960, 171.93, 36
2026/02/12 19:22:58.846, 5, 53, 10, 2881, 40960, 172.32, 35
2026/02/12 19:22:58.851, 6, 69, 20, 2881, 40960, 127.08, 35
2026/02/12 19:22:58.858, 7, 69, 20, 2881, 40960, 120.93, 34
2026/02/12 19:22:59.863, 0, 57, 11, 3035, 40960, 241.61, 42
2026/02/12 19:22:59.868, 1, 50, 13, 2885, 40960, 176.59, 36
2026/02/12 19:22:59.874, 2, 59, 16, 2883, 40960, 91.10, 35
2026/02/12 19:22:59.879, 3, 50, 13, 2881, 40960, 136.58, 35
2026/02/12 19:22:59.884, 4, 46, 13, 2881, 40960, 98.25, 36
2026/02/12 19:22:59.890, 5, 44, 13, 2881, 40960, 80.90, 34
2026/02/12 19:22:59.897, 6, 52, 14, 2881, 40960, 78.73, 35
2026/02/12 19:22:59.901, 7, 51, 14, 2881, 40960, 77.78, 34
2026/02/12 19:23:00.908, 0, 38, 2, 3035, 40960, 146.34, 40
2026/02/12 19:23:00.914, 1, 41, 1, 2885, 40960, 89.82, 36
2026/02/12 19:23:00.920, 2, 48, 1, 2883, 40960, 159.90, 35
2026/02/12 19:23:00.926, 3, 42, 1, 2881, 40960, 171.93, 35
2026/02/12 19:23:00.932, 4, 39, 1, 2881, 40960, 95.03, 36
2026/02/12 19:23:00.938, 5, 40, 3, 2881, 40960, 151.19, 36
2026/02/12 19:23:00.943, 6, 42, 1, 2881, 40960, 167.25, 35
2026/02/12 19:23:00.947, 7, 43, 1, 2881, 40960, 164.03, 36
2026/02/12 19:23:01.954, 0, 86, 14, 3035, 40960, 116.68, 41
2026/02/12 19:23:01.958, 1, 45, 13, 2885, 40960, 88.12, 35
2026/02/12 19:23:01.964, 2, 53, 14, 2883, 40960, 79.71, 35
2026/02/12 19:23:01.967, 3, 48, 13, 2881, 40960, 94.59, 34
2026/02/12 19:23:01.971, 4, 44, 13, 2881, 40960, 83.10, 35
2026/02/12 19:23:01.976, 5, 40, 11, 2881, 40960, 98.98, 34
2026/02/12 19:23:01.980, 6, 49, 13, 2881, 40960, 96.01, 35
2026/02/12 19:23:01.984, 7, 48, 13, 2881, 40960, 95.71, 33
2026/02/12 19:23:02.988, 0, 82, 15, 3035, 40960, 136.70, 41
2026/02/12 19:23:02.995, 1, 58, 15, 2885, 40960, 94.11, 36
2026/02/12 19:23:03.001, 2, 42, 3, 2883, 40960, 99.96, 35
2026/02/12 19:23:03.006, 3, 63, 17, 2881, 40960, 80.51, 35
2026/02/12 19:23:03.012, 4, 48, 13, 2881, 40960, 105.04, 36
2026/02/12 19:23:03.017, 5, 45, 13, 2881, 40960, 107.42, 35
2026/02/12 19:23:03.022, 6, 45, 3, 2881, 40960, 107.05, 35
2026/02/12 19:23:03.029, 7, 46, 3, 2881, 40960, 105.47, 34
2026/02/12 19:23:04.035, 0, 43, 1, 3035, 40960, 220.59, 42
2026/02/12 19:23:04.042, 1, 55, 13, 2885, 40960, 180.85, 37
2026/02/12 19:23:04.048, 2, 51, 11, 2883, 40960, 109.31, 36
2026/02/12 19:23:04.056, 3, 49, 11, 2881, 40960, 177.73, 36
2026/02/12 19:23:04.062, 4, 43, 1, 2881, 40960, 285.30, 37
2026/02/12 19:23:04.069, 5, 42, 1, 2881, 40960, 151.90, 36
2026/02/12 19:23:04.075, 6, 49, 11, 2881, 40960, 175.29, 37
2026/02/12 19:23:04.081, 7, 50, 11, 2881, 40960, 166.46, 35
2026/02/12 19:23:05.087, 0, 84, 14, 3035, 40960, 108.52, 41
2026/02/12 19:23:05.093, 1, 50, 1, 2885, 40960, 117.20, 36
2026/02/12 19:23:05.100, 2, 48, 3, 2883, 40960, 103.87, 35
2026/02/12 19:23:05.106, 3, 47, 1, 2881, 40960, 108.39, 35
2026/02/12 19:23:05.112, 4, 56, 1, 2881, 40960, 88.17, 36
2026/02/12 19:23:05.117, 5, 50, 1, 2881, 40960, 91.21, 34
2026/02/12 19:23:05.123, 6, 46, 1, 2881, 40960, 107.05, 35
2026/02/12 19:23:05.128, 7, 46, 1, 2881, 40960, 105.76, 34
2026/02/12 19:23:06.134, 0, 77, 7, 3035, 40960, 108.81, 42
2026/02/12 19:23:06.140, 1, 61, 11, 2885, 40960, 111.02, 37
2026/02/12 19:23:06.146, 2, 51, 11, 2883, 40960, 104.24, 36
2026/02/12 19:23:06.152, 3, 60, 12, 2881, 40960, 108.39, 36
2026/02/12 19:23:06.158, 4, 55, 7, 2881, 40960, 106.68, 37
2026/02/12 19:23:06.163, 5, 52, 5, 2881, 40960, 105.83, 35
2026/02/12 19:23:06.169, 6, 59, 12, 2881, 40960, 107.35, 36
2026/02/12 19:23:06.174, 7, 60, 12, 2881, 40960, 106.01, 35
2026/02/12 19:23:07.178, 0, 81, 17, 3035, 40960, 176.69, 44
2026/02/12 19:23:07.183, 1, 68, 19, 2885, 40960, 109.98, 37
2026/02/12 19:23:07.188, 2, 57, 15, 2883, 40960, 87.48, 37
2026/02/12 19:23:07.194, 3, 63, 17, 2881, 40960, 159.90, 36
2026/02/12 19:23:07.198, 4, 63, 17, 2881, 40960, 84.99, 37
2026/02/12 19:23:07.202, 5, 56, 15, 2881, 40960, 230.71, 35
2026/02/12 19:23:07.206, 6, 62, 17, 2881, 40960, 179.44, 37
2026/02/12 19:23:07.212, 7, 63, 17, 2881, 40960, 163.79, 35
2026/02/12 19:23:08.216, 0, 87, 7, 3035, 40960, 137.66, 43
2026/02/12 19:23:08.221, 1, 33, 9, 2885, 40960, 83.59, 36
2026/02/12 19:23:08.226, 2, 34, 9, 2883, 40960, 104.48, 35
2026/02/12 19:23:08.231, 3, 37, 10, 2881, 40960, 88.17, 35
2026/02/12 19:23:08.238, 4, 23, 6, 2881, 40960, 82.06, 36
2026/02/12 19:23:08.244, 5, 16, 5, 2881, 40960, 74.00, 34
2026/02/12 19:23:08.250, 6, 9, 3, 2881, 40960, 92.13, 36
2026/02/12 19:23:08.256, 7, 9, 3, 2881, 40960, 87.03, 34
2026/02/12 19:23:09.261, 0, 85, 16, 3035, 40960, 128.96, 43
2026/02/12 19:23:09.265, 1, 50, 14, 2885, 40960, 116.27, 37
2026/02/12 19:23:09.270, 2, 17, 5, 2883, 40960, 93.65, 36
2026/02/12 19:23:09.276, 3, 19, 6, 2881, 40960, 84.99, 35
2026/02/12 19:23:09.283, 4, 48, 14, 2881, 40960, 102.78, 36
2026/02/12 19:23:09.288, 5, 45, 13, 2881, 40960, 80.90, 34
2026/02/12 19:23:09.294, 6, 19, 6, 2881, 40960, 89.31, 36
2026/02/12 19:23:09.300, 7, 19, 6, 2881, 40960, 84.35, 34
2026/02/12 19:23:10.305, 0, 81, 5, 3035, 40960, 108.81, 42
2026/02/12 19:23:10.309, 1, 50, 1, 2885, 40960, 117.62, 37
2026/02/12 19:23:10.315, 2, 42, 2, 2883, 40960, 104.48, 36
2026/02/12 19:23:10.321, 3, 46, 2, 2881, 40960, 108.64, 36
2026/02/12 19:23:10.329, 4, 55, 1, 2881, 40960, 104.12, 37
2026/02/12 19:23:10.334, 5, 54, 1, 2881, 40960, 83.83, 35
2026/02/12 19:23:10.342, 6, 46, 2, 2881, 40960, 106.93, 36
2026/02/12 19:23:10.348, 7, 46, 2, 2881, 40960, 106.01, 34
2026/02/12 19:23:11.353, 0, 49, 9, 3035, 40960, 225.65, 44
2026/02/12 19:23:11.357, 1, 42, 3, 2885, 40960, 173.96, 39
2026/02/12 19:23:11.361, 2, 41, 1, 2883, 40960, 205.96, 39
2026/02/12 19:23:11.366, 3, 39, 1, 2881, 40960, 112.29, 38
2026/02/12 19:23:11.372, 4, 48, 8, 2881, 40960, 241.26, 39
2026/02/12 19:23:11.377, 5, 50, 9, 2881, 40960, 273.29, 37
2026/02/12 19:23:11.382, 6, 41, 1, 2881, 40960, 135.70, 39
2026/02/12 19:23:11.389, 7, 39, 1, 2881, 40960, 118.26, 36
2026/02/12 19:23:12.395, 0, 49, 1, 3035, 40960, 93.00, 41
2026/02/12 19:23:12.400, 1, 54, 1, 2885, 40960, 117.86, 37
2026/02/12 19:23:12.404, 2, 45, 2, 2883, 40960, 80.81, 36
2026/02/12 19:23:12.410, 3, 48, 1, 2881, 40960, 76.77, 36
2026/02/12 19:23:12.417, 4, 52, 1, 2881, 40960, 90.75, 37
2026/02/12 19:23:12.421, 5, 46, 1, 2881, 40960, 90.27, 35
2026/02/12 19:23:12.426, 6, 46, 1, 2881, 40960, 82.46, 36
2026/02/12 19:23:12.434, 7, 47, 1, 2881, 40960, 75.56, 36
2026/02/12 19:23:13.439, 0, 77, 7, 3035, 40960, 109.60, 43
2026/02/12 19:23:13.443, 1, 60, 10, 2885, 40960, 118.11, 38
2026/02/12 19:23:13.449, 2, 51, 11, 2883, 40960, 104.92, 37
2026/02/12 19:23:13.455, 3, 59, 12, 2881, 40960, 109.18, 37
2026/02/12 19:23:13.460, 4, 53, 6, 2881, 40960, 93.25, 37
2026/02/12 19:23:13.465, 5, 50, 4, 2881, 40960, 88.67, 36
2026/02/12 19:23:13.471, 6, 45, 1, 2881, 40960, 108.14, 37
2026/02/12 19:23:13.476, 7, 44, 1, 2881, 40960, 106.80, 35
2026/02/12 19:23:14.482, 0, 81, 17, 3037, 40960, 145.08, 45
2026/02/12 19:23:14.486, 1, 68, 19, 2885, 40960, 171.18, 38
2026/02/12 19:23:14.491, 2, 39, 11, 2883, 40960, 100.10, 38
2026/02/12 19:23:14.498, 3, 35, 9, 2883, 40960, 100.39, 38
2026/02/12 19:23:14.503, 4, 63, 17, 2883, 40960, 123.20, 38
2026/02/12 19:23:14.510, 5, 54, 15, 2883, 40960, 83.04, 36
2026/02/12 19:23:14.515, 6, 35, 10, 2883, 40960, 110.94, 38
2026/02/12 19:23:14.521, 7, 34, 9, 2883, 40960, 98.14, 36
2026/02/12 19:23:15.526, 0, 76, 19, 3037, 40960, 161.97, 45
2026/02/12 19:23:15.530, 1, 39, 11, 2885, 40960, 114.94, 38
2026/02/12 19:23:15.534, 2, 47, 13, 2883, 40960, 109.31, 38
2026/02/12 19:23:15.539, 3, 48, 14, 2883, 40960, 98.07, 37
2026/02/12 19:23:15.545, 4, 28, 7, 2883, 40960, 165.93, 38
2026/02/12 19:23:15.549, 5, 69, 19, 2883, 40960, 115.47, 36
2026/02/12 19:23:15.553, 6, 48, 14, 2883, 40960, 106.68, 38
2026/02/12 19:23:15.558, 7, 47, 14, 2883, 40960, 96.80, 36
2026/02/12 19:23:16.564, 0, 59, 1, 3037, 40960, 109.06, 43
2026/02/12 19:23:16.568, 1, 47, 1, 2885, 40960, 118.24, 38
2026/02/12 19:23:16.573, 2, 41, 3, 2883, 40960, 104.36, 37
2026/02/12 19:23:16.579, 3, 43, 2, 2883, 40960, 108.94, 37
2026/02/12 19:23:16.584, 4, 53, 1, 2883, 40960, 107.47, 38
2026/02/12 19:23:16.588, 5, 55, 1, 2883, 40960, 83.29, 36
2026/02/12 19:23:16.593, 6, 42, 2, 2883, 40960, 94.13, 37
2026/02/12 19:23:16.600, 7, 44, 2, 2883, 40960, 92.34, 35
2026/02/12 19:23:17.606, 0, 43, 1, 3037, 40960, 83.64, 42
2026/02/12 19:23:17.613, 1, 57, 1, 2885, 40960, 105.02, 38
2026/02/12 19:23:17.619, 2, 49, 1, 2883, 40960, 81.85, 37
2026/02/12 19:23:17.624, 3, 52, 1, 2883, 40960, 86.68, 36
2026/02/12 19:23:17.630, 4, 46, 1, 2883, 40960, 91.10, 37
2026/02/12 19:23:17.635, 5, 44, 1, 2883, 40960, 82.24, 36
2026/02/12 19:23:17.641, 6, 52, 1, 2883, 40960, 85.69, 38
2026/02/12 19:23:17.645, 7, 52, 1, 2883, 40960, 92.64, 36
2026/02/12 19:23:18.652, 0, 47, 5, 3037, 40960, 172.82, 45
2026/02/12 19:23:18.657, 1, 42, 1, 2885, 40960, 162.83, 40
2026/02/12 19:23:18.664, 2, 44, 1, 2883, 40960, 264.82, 39
2026/02/12 19:23:18.669, 3, 43, 1, 2883, 40960, 228.03, 38
2026/02/12 19:23:18.675, 4, 46, 4, 2883, 40960, 173.27, 39
2026/02/12 19:23:18.681, 5, 51, 7, 2883, 40960, 168.61, 38
2026/02/12 19:23:18.687, 6, 44, 1, 2883, 40960, 247.07, 39
2026/02/12 19:23:18.692, 7, 43, 1, 2883, 40960, 245.25, 38
2026/02/12 19:23:19.699, 0, 51, 1, 3037, 40960, 165.56, 43
2026/02/12 19:23:19.705, 1, 50, 1, 2885, 40960, 87.98, 39
2026/02/12 19:23:19.712, 2, 43, 6, 2883, 40960, 164.95, 38
2026/02/12 19:23:19.716, 3, 44, 6, 2883, 40960, 174.36, 38
2026/02/12 19:23:19.723, 4, 56, 1, 2883, 40960, 145.96, 39
2026/02/12 19:23:19.728, 5, 48, 1, 2883, 40960, 164.16, 37
2026/02/12 19:23:19.733, 6, 45, 6, 2883, 40960, 168.93, 40
2026/02/12 19:23:19.737, 7, 46, 7, 2883, 40960, 166.99, 37
2026/02/12 19:23:20.743, 0, 79, 8, 3037, 40960, 101.44, 43
2026/02/12 19:23:20.748, 1, 42, 1, 2885, 40960, 89.82, 39
2026/02/12 19:23:20.756, 2, 51, 1, 2883, 40960, 85.64, 38
2026/02/12 19:23:20.762, 3, 50, 1, 2883, 40960, 93.25, 37
2026/02/12 19:23:20.768, 4, 56, 8, 2883, 40960, 108.26, 38
2026/02/12 19:23:20.783, 5, 51, 4, 2883, 40960, 82.74, 36
2026/02/12 19:23:20.787, 6, 50, 1, 2883, 40960, 91.99, 38
2026/02/12 19:23:20.791, 7, 49, 1, 2883, 40960, 92.10, 36
2026/02/12 19:23:21.798, 0, 58, 1, 3037, 40960, 100.10, 44
2026/02/12 19:23:21.804, 1, 48, 2, 2885, 40960, 118.66, 39
2026/02/12 19:23:21.809, 2, 42, 2, 2883, 40960, 104.36, 37
2026/02/12 19:23:21.814, 3, 42, 2, 2883, 40960, 108.94, 37
2026/02/12 19:23:21.820, 4, 54, 1, 2883, 40960, 108.02, 38
2026/02/12 19:23:21.825, 5, 52, 1, 2883, 40960, 91.21, 36
2026/02/12 19:23:21.830, 6, 42, 2, 2883, 40960, 91.74, 38
2026/02/12 19:23:21.834, 7, 42, 2, 2883, 40960, 93.58, 36
2026/02/12 19:23:22.840, 0, 59, 11, 3037, 40960, 182.11, 46
2026/02/12 19:23:22.844, 1, 55, 10, 2885, 40960, 265.73, 41
2026/02/12 19:23:22.851, 2, 49, 7, 2883, 40960, 170.00, 40
2026/02/12 19:23:22.856, 3, 50, 7, 2883, 40960, 174.85, 40
2026/02/12 19:23:22.861, 4, 49, 11, 2883, 40960, 171.44, 41
2026/02/12 19:23:22.868, 5, 55, 14, 2883, 40960, 169.70, 40
2026/02/12 19:23:22.872, 6, 50, 7, 2883, 40960, 175.99, 40
2026/02/12 19:23:22.876, 7, 50, 8, 2883, 40960, 169.12, 40
2026/02/12 19:23:23.882, 0, 84, 4, 3037, 40960, 100.39, 44
2026/02/12 19:23:23.888, 1, 18, 5, 2885, 40960, 118.96, 39
2026/02/12 19:23:23.894, 2, 18, 5, 2883, 40960, 103.57, 38
2026/02/12 19:23:23.898, 3, 18, 6, 2883, 40960, 108.14, 38
2026/02/12 19:23:23.902, 4, 31, 4, 2883, 40960, 108.52, 39
2026/02/12 19:23:23.910, 5, 35, 3, 2883, 40960, 105.04, 37
2026/02/12 19:23:23.916, 6, 18, 5, 2883, 40960, 107.05, 38
2026/02/12 19:23:23.921, 7, 18, 6, 2883, 40960, 105.76, 37
2026/02/12 19:23:24.927, 0, 74, 18, 3037, 40960, 100.21, 47
2026/02/12 19:23:24.931, 1, 53, 12, 2885, 40960, 102.76, 40
2026/02/12 19:23:24.939, 2, 59, 12, 2883, 40960, 84.88, 39
2026/02/12 19:23:24.945, 3, 60, 12, 2883, 40960, 89.51, 39
2026/02/12 19:23:24.952, 4, 63, 17, 2883, 40960, 99.84, 40
2026/02/12 19:23:24.958, 5, 69, 20, 2883, 40960, 84.09, 38
2026/02/12 19:23:24.964, 6, 59, 11, 2883, 40960, 87.73, 39
2026/02/12 19:23:24.968, 7, 60, 12, 2883, 40960, 87.73, 38
2026/02/12 19:23:25.974, 0, 48, 9, 3037, 40960, 179.20, 48
2026/02/12 19:23:25.978, 1, 68, 18, 2885, 40960, 156.98, 43
2026/02/12 19:23:25.985, 2, 64, 19, 2883, 40960, 269.83, 41
2026/02/12 19:23:25.990, 3, 65, 19, 2883, 40960, 309.00, 42
2026/02/12 19:23:25.995, 4, 47, 8, 2883, 40960, 171.74, 41
2026/02/12 19:23:26.002, 5, 52, 11, 2883, 40960, 225.66, 40
2026/02/12 19:23:26.009, 6, 63, 18, 2883, 40960, 248.37, 40
2026/02/12 19:23:26.014, 7, 65, 19, 2883, 40960, 281.25, 39
2026/02/12 19:23:27.021, 0, 69, 16, 3037, 40960, 243.41, 47
2026/02/12 19:23:27.025, 1, 49, 11, 2885, 40960, 197.68, 42
2026/02/12 19:23:27.032, 2, 54, 11, 2883, 40960, 151.19, 41
2026/02/12 19:23:27.036, 3, 53, 11, 2883, 40960, 134.12, 41
2026/02/12 19:23:27.041, 4, 58, 15, 2883, 40960, 171.69, 41
2026/02/12 19:23:27.045, 5, 65, 18, 2883, 40960, 191.80, 40
2026/02/12 19:23:27.050, 6, 55, 11, 2883, 40960, 242.32, 43
2026/02/12 19:23:27.058, 7, 54, 11, 2883, 40960, 273.14, 40
2026/02/12 19:23:28.062, 0, 51, 10, 3037, 40960, 220.59, 46
2026/02/12 19:23:28.067, 1, 43, 5, 2885, 40960, 184.86, 41
2026/02/12 19:23:28.073, 2, 39, 2, 2883, 40960, 104.48, 40
2026/02/12 19:23:28.077, 3, 39, 2, 2883, 40960, 175.35, 40
2026/02/12 19:23:28.083, 4, 50, 10, 2883, 40960, 286.12, 41
2026/02/12 19:23:28.090, 5, 47, 11, 2883, 40960, 102.21, 39
2026/02/12 19:23:28.096, 6, 39, 2, 2883, 40960, 103.75, 41
2026/02/12 19:23:28.103, 7, 39, 2, 2883, 40960, 100.53, 39
2026/02/12 19:23:29.110, 0, 87, 14, 3037, 40960, 134.57, 46
2026/02/12 19:23:29.114, 1, 46, 13, 2885, 40960, 103.56, 40
2026/02/12 19:23:29.121, 2, 48, 13, 2883, 40960, 102.34, 39
2026/02/12 19:23:29.127, 3, 48, 13, 2883, 40960, 106.92, 39
2026/02/12 19:23:29.133, 4, 43, 12, 2883, 40960, 97.16, 40
2026/02/12 19:23:29.140, 5, 32, 9, 2883, 40960, 100.44, 38
2026/02/12 19:23:29.143, 6, 49, 13, 2883, 40960, 98.39, 39
2026/02/12 19:23:29.149, 7, 48, 13, 2883, 40960, 98.76, 37
2026/02/12 19:23:30.155, 0, 82, 5, 3037, 40960, 165.88, 46
2026/02/12 19:23:30.160, 1, 14, 4, 2885, 40960, 95.60, 40
2026/02/12 19:23:30.167, 2, 21, 4, 2883, 40960, 80.81, 38
2026/02/12 19:23:30.174, 3, 23, 4, 2883, 40960, 81.05, 38
2026/02/12 19:23:30.180, 4, 14, 4, 2883, 40960, 81.26, 39
2026/02/12 19:23:30.186, 5, 14, 4, 2883, 40960, 81.94, 37
2026/02/12 19:23:30.190, 6, 20, 4, 2883, 40960, 86.24, 39
2026/02/12 19:23:30.196, 7, 21, 4, 2883, 40960, 82.76, 37
2026/02/12 19:23:31.202, 0, 80, 5, 3037, 40960, 120.00, 46
2026/02/12 19:23:31.207, 1, 18, 4, 2885, 40960, 107.66, 40
2026/02/12 19:23:31.213, 2, 17, 4, 2883, 40960, 84.79, 38
2026/02/12 19:23:31.219, 3, 16, 4, 2883, 40960, 83.74, 38
2026/02/12 19:23:31.225, 4, 17, 4, 2883, 40960, 86.58, 39
2026/02/12 19:23:31.231, 5, 17, 4, 2883, 40960, 83.29, 37
2026/02/12 19:23:31.236, 6, 18, 4, 2883, 40960, 91.45, 39
2026/02/12 19:23:31.242, 7, 17, 4, 2883, 40960, 87.03, 37
2026/02/12 19:23:32.248, 0, 80, 19, 3037, 40960, 187.40, 48
2026/02/12 19:23:32.252, 1, 63, 16, 2885, 40960, 189.67, 43
2026/02/12 19:23:32.259, 2, 51, 13, 2883, 40960, 169.51, 43
2026/02/12 19:23:32.264, 3, 53, 14, 2883, 40960, 178.02, 44
2026/02/12 19:23:32.268, 4, 70, 19, 2883, 40960, 125.88, 43
2026/02/12 19:23:32.274, 5, 46, 7, 2883, 40960, 172.13, 42
2026/02/12 19:23:32.278, 6, 51, 13, 2883, 40960, 90.21, 42
2026/02/12 19:23:32.285, 7, 52, 13, 2883, 40960, 84.89, 40
2026/02/12 19:23:33.289, 0, 56, 11, 3037, 40960, 119.61, 48
2026/02/12 19:23:33.294, 1, 48, 8, 2885, 40960, 296.87, 42
2026/02/12 19:23:33.300, 2, 42, 4, 2883, 40960, 170.00, 42
2026/02/12 19:23:33.306, 3, 44, 5, 2883, 40960, 178.61, 41
2026/02/12 19:23:33.312, 4, 51, 11, 2883, 40960, 124.79, 42
2026/02/12 19:23:33.319, 5, 51, 12, 2883, 40960, 170.79, 40
2026/02/12 19:23:33.323, 6, 42, 4, 2883, 40960, 177.62, 42
2026/02/12 19:23:33.330, 7, 43, 4, 2883, 40960, 171.49, 40
2026/02/12 19:23:34.336, 0, 82, 5, 3037, 40960, 126.92, 47
2026/02/12 19:23:34.340, 1, 16, 5, 2885, 40960, 100.73, 40
2026/02/12 19:23:34.346, 2, 18, 5, 2883, 40960, 81.35, 39
2026/02/12 19:23:34.351, 3, 16, 5, 2883, 40960, 81.35, 39
2026/02/12 19:23:34.355, 4, 16, 5, 2883, 40960, 85.24, 40
2026/02/12 19:23:34.360, 5, 14, 4, 2883, 40960, 79.30, 38
2026/02/12 19:23:34.368, 6, 18, 5, 2883, 40960, 87.18, 40
2026/02/12 19:23:34.373, 7, 17, 5, 2883, 40960, 83.55, 38
2026/02/12 19:23:35.378, 0, 81, 5, 3037, 40960, 141.61, 46
2026/02/12 19:23:35.383, 1, 14, 4, 2885, 40960, 109.68, 40
2026/02/12 19:23:35.389, 2, 19, 4, 2883, 40960, 87.38, 39
2026/02/12 19:23:35.396, 3, 21, 3, 2883, 40960, 84.29, 39
2026/02/12 19:23:35.401, 4, 15, 4, 2883, 40960, 88.72, 40
2026/02/12 19:23:35.407, 5, 16, 4, 2883, 40960, 81.44, 38
2026/02/12 19:23:35.411, 6, 19, 4, 2883, 40960, 92.54, 40
2026/02/12 19:23:35.417, 7, 20, 4, 2883, 40960, 88.07, 37
2026/02/12 19:23:36.423, 0, 82, 5, 3037, 40960, 124.82, 46
2026/02/12 19:23:36.427, 1, 29, 3, 2885, 40960, 107.84, 40
2026/02/12 19:23:36.433, 2, 17, 4, 2883, 40960, 89.07, 39
2026/02/12 19:23:36.439, 3, 19, 3, 2883, 40960, 87.23, 39
2026/02/12 19:23:36.445, 4, 16, 4, 2883, 40960, 91.95, 40
2026/02/12 19:23:36.451, 5, 15, 4, 2883, 40960, 83.04, 38
2026/02/12 19:23:36.455, 6, 16, 4, 2883, 40960, 98.14, 39
2026/02/12 19:23:36.460, 7, 17, 4, 2883, 40960, 91.99, 38
2026/02/12 19:23:37.466, 0, 80, 5, 3037, 40960, 97.82, 46
2026/02/12 19:23:37.470, 1, 34, 3, 2885, 40960, 113.96, 41
2026/02/12 19:23:37.476, 2, 28, 3, 2883, 40960, 81.14, 39
2026/02/12 19:23:37.484, 3, 31, 4, 2883, 40960, 86.13, 39
2026/02/12 19:23:37.489, 4, 40, 3, 2883, 40960, 108.81, 40
2026/02/12 19:23:37.493, 5, 16, 4, 2883, 40960, 84.88, 38
2026/02/12 19:23:37.497, 6, 27, 3, 2883, 40960, 79.53, 40
2026/02/12 19:23:37.503, 7, 28, 4, 2883, 40960, 82.12, 38
2026/02/12 19:23:38.507, 0, 83, 14, 3037, 40960, 117.98, 49
2026/02/12 19:23:38.512, 1, 68, 18, 2885, 40960, 148.97, 42
2026/02/12 19:23:38.519, 2, 66, 19, 2883, 40960, 77.96, 42
2026/02/12 19:23:38.525, 3, 67, 19, 2883, 40960, 86.43, 41
2026/02/12 19:23:38.532, 4, 51, 14, 2883, 40960, 163.61, 41
2026/02/12 19:23:38.538, 5, 57, 11, 2883, 40960, 85.73, 39
2026/02/12 19:23:38.542, 6, 66, 19, 2883, 40960, 83.80, 41
2026/02/12 19:23:38.546, 7, 66, 19, 2883, 40960, 81.96, 39
2026/02/12 19:23:39.552, 0, 61, 12, 3037, 40960, 182.90, 49
2026/02/12 19:23:39.558, 1, 54, 10, 2885, 40960, 287.43, 44
2026/02/12 19:23:39.564, 2, 50, 8, 2883, 40960, 170.55, 43
2026/02/12 19:23:39.570, 3, 51, 8, 2883, 40960, 176.98, 45
2026/02/12 19:23:39.575, 4, 49, 11, 2883, 40960, 173.22, 45
2026/02/12 19:23:39.580, 5, 59, 16, 2883, 40960, 169.75, 44
2026/02/12 19:23:39.585, 6, 51, 7, 2883, 40960, 176.57, 45
2026/02/12 19:23:39.591, 7, 51, 8, 2883, 40960, 171.54, 42
2026/02/12 19:23:40.597, 0, 57, 11, 3037, 40960, 181.53, 51
2026/02/12 19:23:40.601, 1, 50, 9, 2885, 40960, 189.70, 45
2026/02/12 19:23:40.608, 2, 44, 6, 2883, 40960, 172.43, 44
2026/02/12 19:23:40.613, 3, 46, 7, 2883, 40960, 178.07, 42
2026/02/12 19:23:40.619, 4, 48, 11, 2883, 40960, 216.39, 44
2026/02/12 19:23:40.624, 5, 56, 14, 2883, 40960, 171.34, 41
2026/02/12 19:23:40.630, 6, 55, 15, 2883, 40960, 228.34, 43
2026/02/12 19:23:40.650, 7, 55, 15, 2883, 40960, 83.01, 40
2026/02/12 19:23:41.656, 0, 82, 4, 3037, 40960, 119.87, 47
2026/02/12 19:23:41.661, 1, 18, 4, 2885, 40960, 99.09, 41
2026/02/12 19:23:41.666, 2, 16, 4, 2883, 40960, 79.46, 40
2026/02/12 19:23:41.672, 3, 16, 4, 2883, 40960, 90.61, 40
2026/02/12 19:23:41.678, 4, 18, 4, 2883, 40960, 86.83, 41
2026/02/12 19:23:41.684, 5, 15, 4, 2883, 40960, 91.21, 39
2026/02/12 19:23:41.689, 6, 16, 4, 2883, 40960, 98.64, 40
2026/02/12 19:23:41.694, 7, 16, 4, 2883, 40960, 81.96, 38
2026/02/12 19:23:42.700, 0, 81, 5, 3037, 40960, 104.48, 47
2026/02/12 19:23:42.705, 1, 32, 3, 2885, 40960, 108.89, 41
2026/02/12 19:23:42.711, 2, 25, 3, 2883, 40960, 76.86, 40
2026/02/12 19:23:42.716, 3, 29, 3, 2883, 40960, 85.64, 40
2026/02/12 19:23:42.722, 4, 38, 3, 2883, 40960, 108.52, 41
2026/02/12 19:23:42.728, 5, 15, 4, 2883, 40960, 86.23, 39
2026/02/12 19:23:42.732, 6, 27, 3, 2883, 40960, 79.82, 41
2026/02/12 19:23:42.736, 7, 26, 3, 2883, 40960, 79.28, 39
2026/02/12 19:23:43.742, 0, 83, 15, 3037, 40960, 196.41, 50
2026/02/12 19:23:43.748, 1, 71, 19, 2885, 40960, 203.27, 43
2026/02/12 19:23:43.754, 2, 65, 18, 2883, 40960, 98.37, 42
2026/02/12 19:23:43.761, 3, 67, 19, 2883, 40960, 132.78, 42
2026/02/12 19:23:43.768, 4, 54, 15, 2883, 40960, 81.26, 43
2026/02/12 19:23:43.773, 5, 46, 13, 2883, 40960, 104.35, 40
2026/02/12 19:23:43.778, 6, 66, 19, 2883, 40960, 112.28, 43
2026/02/12 19:23:43.782, 7, 65, 19, 2883, 40960, 101.07, 40
2026/02/12 19:23:44.788, 0, 57, 12, 3037, 40960, 181.53, 49
2026/02/12 19:23:44.792, 1, 49, 9, 2885, 40960, 217.42, 45
2026/02/12 19:23:44.798, 2, 45, 6, 2883, 40960, 170.79, 45
2026/02/12 19:23:44.805, 3, 47, 8, 2883, 40960, 177.52, 44
2026/02/12 19:23:44.810, 4, 48, 11, 2883, 40960, 149.88, 45
2026/02/12 19:23:44.816, 5, 60, 16, 2883, 40960, 171.88, 44
2026/02/12 19:23:44.821, 6, 45, 7, 2883, 40960, 177.90, 46
2026/02/12 19:23:44.827, 7, 45, 7, 2883, 40960, 171.25, 44
2026/02/12 19:23:45.833, 0, 82, 4, 3037, 40960, 118.39, 48
2026/02/12 19:23:45.838, 1, 16, 4, 2885, 40960, 100.98, 42
2026/02/12 19:23:45.844, 2, 16, 4, 2883, 40960, 81.05, 40
2026/02/12 19:23:45.851, 3, 16, 4, 2883, 40960, 93.99, 40
2026/02/12 19:23:45.855, 4, 18, 4, 2883, 40960, 82.85, 41
2026/02/12 19:23:45.861, 5, 15, 4, 2883, 40960, 98.18, 39
2026/02/12 19:23:45.865, 6, 16, 4, 2883, 40960, 93.88, 41
2026/02/12 19:23:45.868, 7, 16, 4, 2883, 40960, 80.33, 39
2026/02/12 19:23:46.874, 0, 38, 1, 3037, 40960, 138.13, 49
2026/02/12 19:23:46.878, 1, 53, 13, 2885, 40960, 189.13, 44
2026/02/12 19:23:46.884, 2, 47, 11, 2883, 40960, 170.19, 43
2026/02/12 19:23:46.888, 3, 48, 11, 2883, 40960, 178.61, 43
2026/02/12 19:23:46.892, 4, 39, 1, 2883, 40960, 215.06, 44
2026/02/12 19:23:46.897, 5, 44, 5, 2883, 40960, 172.32, 42
2026/02/12 19:23:46.902, 6, 47, 11, 2883, 40960, 181.65, 44
2026/02/12 19:23:46.906, 7, 47, 11, 2883, 40960, 170.70, 41
2026/02/12 19:23:47.911, 0, 67, 2, 3037, 40960, 88.97, 48
2026/02/12 19:23:47.915, 1, 44, 3, 2885, 40960, 179.02, 43
2026/02/12 19:23:47.921, 2, 41, 1, 2883, 40960, 93.25, 42
2026/02/12 19:23:47.927, 3, 41, 1, 2883, 40960, 137.98, 42
2026/02/12 19:23:47.933, 4, 51, 8, 2883, 40960, 267.12, 43
2026/02/12 19:23:47.939, 5, 56, 1, 2883, 40960, 159.04, 42
2026/02/12 19:23:47.945, 6, 43, 1, 2883, 40960, 122.24, 45
2026/02/12 19:23:47.949, 7, 43, 1, 2883, 40960, 106.56, 41
2026/02/12 19:23:48.954, 0, 70, 16, 3037, 40960, 311.40, 49
2026/02/12 19:23:48.959, 1, 47, 11, 2885, 40960, 119.07, 44
2026/02/12 19:23:48.965, 2, 51, 10, 2883, 40960, 212.94, 44
2026/02/12 19:23:48.971, 3, 51, 11, 2883, 40960, 131.99, 43
2026/02/12 19:23:48.975, 4, 52, 13, 2883, 40960, 174.16, 45
2026/02/12 19:23:48.981, 5, 69, 19, 2883, 40960, 105.70, 42
2026/02/12 19:23:48.989, 6, 52, 11, 2883, 40960, 253.37, 46
2026/02/12 19:23:48.993, 7, 52, 10, 2883, 40960, 228.06, 43
2026/02/12 19:23:49.998, 0, 78, 8, 3037, 40960, 113.32, 49
2026/02/12 19:23:50.004, 1, 60, 11, 2885, 40960, 122.69, 43
2026/02/12 19:23:50.011, 2, 48, 12, 2883, 40960, 106.80, 42
2026/02/12 19:23:50.017, 3, 51, 11, 2883, 40960, 111.32, 42
2026/02/12 19:23:50.024, 4, 57, 9, 2883, 40960, 109.31, 43
2026/02/12 19:23:50.030, 5, 46, 2, 2883, 40960, 109.31, 41
2026/02/12 19:23:50.034, 6, 49, 11, 2883, 40960, 110.70, 43
2026/02/12 19:23:50.040, 7, 48, 12, 2883, 40960, 108.69, 40
2026/02/12 19:23:51.045, 0, 82, 16, 3037, 40960, 169.54, 49
2026/02/12 19:23:51.049, 1, 67, 18, 2885, 40960, 95.60, 43
2026/02/12 19:23:51.055, 2, 55, 15, 2883, 40960, 153.15, 43
2026/02/12 19:23:51.061, 3, 61, 17, 2883, 40960, 106.12, 42
2026/02/12 19:23:51.067, 4, 65, 18, 2883, 40960, 104.80, 43
2026/02/12 19:23:51.071, 5, 49, 11, 2883, 40960, 85.18, 41
2026/02/12 19:23:51.077, 6, 53, 6, 2883, 40960, 127.72, 43
2026/02/12 19:23:51.083, 7, 54, 7, 2883, 40960, 109.18, 41
2026/02/12 19:23:52.090, 0, 88, 5, 3053, 40960, 134.82, 50
2026/02/12 19:23:52.094, 1, 10, 4, 2901, 40960, 88.12, 42
2026/02/12 19:23:52.099, 2, 10, 3, 2899, 40960, 93.54, 41
2026/02/12 19:23:52.104, 3, 11, 4, 2899, 40960, 82.40, 41
2026/02/12 19:23:52.120, 4, 11, 4, 2899, 40960, 80.42, 42
2026/02/12 19:23:52.124, 5, 9, 3, 2899, 40960, 76.39, 39
2026/02/12 19:23:52.132, 6, 12, 4, 2899, 40960, 80.62, 42
2026/02/12 19:23:52.141, 7, 11, 4, 2899, 40960, 91.00, 39
2026/02/12 19:23:53.146, 0, 83, 5, 3053, 40960, 111.99, 49
2026/02/12 19:23:53.152, 1, 42, 2, 2903, 40960, 121.89, 43
2026/02/12 19:23:53.157, 2, 35, 3, 2901, 40960, 105.71, 42
2026/02/12 19:23:53.161, 3, 38, 3, 2899, 40960, 111.32, 42
2026/02/12 19:23:53.166, 4, 48, 2, 2899, 40960, 110.40, 43
2026/02/12 19:23:53.171, 5, 16, 4, 2899, 40960, 108.26, 41
2026/02/12 19:23:53.178, 6, 38, 3, 2899, 40960, 110.39, 42
2026/02/12 19:23:53.183, 7, 36, 3, 2899, 40960, 108.39, 40
2026/02/12 19:23:54.191, 0, 68, 15, 3053, 40960, 248.19, 50
2026/02/12 19:23:54.196, 1, 53, 11, 2903, 40960, 129.25, 45
2026/02/12 19:23:54.202, 2, 51, 9, 2901, 40960, 172.13, 44
2026/02/12 19:23:54.208, 3, 55, 11, 2899, 40960, 157.70, 44
2026/02/12 19:23:54.212, 4, 52, 12, 2899, 40960, 174.66, 45
2026/02/12 19:23:54.218, 5, 67, 19, 2899, 40960, 122.14, 44
2026/02/12 19:23:54.224, 6, 54, 10, 2899, 40960, 297.42, 45
2026/02/12 19:23:54.230, 7, 53, 9, 2899, 40960, 172.87, 44
2026/02/12 19:23:55.237, 0, 82, 6, 3053, 40960, 121.75, 49
2026/02/12 19:23:55.241, 1, 21, 6, 2903, 40960, 104.72, 43
2026/02/12 19:23:55.246, 2, 34, 10, 2901, 40960, 94.59, 42
2026/02/12 19:23:55.252, 3, 26, 7, 2899, 40960, 95.14, 42
2026/02/12 19:23:55.257, 4, 15, 5, 2899, 40960, 93.54, 43
2026/02/12 19:23:55.261, 5, 13, 4, 2899, 40960, 97.93, 40
2026/02/12 19:23:55.265, 6, 30, 8, 2899, 40960, 84.79, 42
2026/02/12 19:23:55.272, 7, 31, 9, 2899, 40960, 90.90, 40
2026/02/12 19:23:56.277, 0, 48, 1, 3053, 40960, 95.82, 48
2026/02/12 19:23:56.281, 1, 49, 1, 2903, 40960, 93.56, 44
2026/02/12 19:23:56.288, 2, 48, 3, 2901, 40960, 90.71, 43
2026/02/12 19:23:56.294, 3, 46, 1, 2899, 40960, 79.46, 42
2026/02/12 19:23:56.300, 4, 56, 1, 2899, 40960, 155.22, 44
2026/02/12 19:23:56.307, 5, 41, 1, 2899, 40960, 78.45, 41
2026/02/12 19:23:56.313, 6, 46, 7, 2899, 40960, 83.30, 44
2026/02/12 19:23:56.320, 7, 45, 6, 2899, 40960, 170.95, 41
2026/02/12 19:23:57.326, 0, 80, 9, 3053, 40960, 109.31, 49
2026/02/12 19:23:57.331, 1, 53, 11, 2903, 40960, 122.69, 44
2026/02/12 19:23:57.338, 2, 55, 1, 2901, 40960, 96.73, 43
2026/02/12 19:23:57.343, 3, 52, 1, 2899, 40960, 95.93, 42
2026/02/12 19:23:57.347, 4, 59, 11, 2899, 40960, 111.20, 44
2026/02/12 19:23:57.351, 5, 48, 3, 2899, 40960, 95.25, 41
2026/02/12 19:23:57.357, 6, 55, 1, 2899, 40960, 88.52, 43
2026/02/12 19:23:57.364, 7, 57, 1, 2899, 40960, 94.92, 41
2026/02/12 19:23:58.368, 0, 81, 18, 3055, 40960, 150.77, 51
2026/02/12 19:23:58.372, 1, 37, 10, 2903, 40960, 115.61, 45
2026/02/12 19:23:58.377, 2, 48, 14, 2901, 40960, 126.52, 44
2026/02/12 19:23:58.383, 3, 43, 12, 2901, 40960, 89.81, 43
2026/02/12 19:23:58.388, 4, 24, 7, 2901, 40960, 144.12, 44
2026/02/12 19:23:58.393, 5, 48, 13, 2901, 40960, 88.37, 42
2026/02/12 19:23:58.398, 6, 45, 13, 2901, 40960, 106.80, 44
2026/02/12 19:23:58.404, 7, 47, 13, 2901, 40960, 125.19, 41
2026/02/12 19:23:59.409, 0, 83, 7, 3055, 40960, 138.13, 51
2026/02/12 19:23:59.413, 1, 26, 7, 2903, 40960, 126.81, 44
2026/02/12 19:23:59.418, 2, 38, 11, 2901, 40960, 111.08, 43
2026/02/12 19:23:59.426, 3, 32, 9, 2901, 40960, 84.44, 43
2026/02/12 19:23:59.431, 4, 20, 6, 2901, 40960, 101.19, 44
2026/02/12 19:23:59.435, 5, 48, 14, 2901, 40960, 106.12, 41
2026/02/12 19:23:59.441, 6, 36, 10, 2901, 40960, 98.94, 43
2026/02/12 19:23:59.446, 7, 37, 11, 2901, 40960, 102.43, 41
2026/02/12 19:24:00.451, 0, 50, 10, 3055, 40960, 227.24, 51
2026/02/12 19:24:00.455, 1, 40, 3, 2903, 40960, 180.85, 45
2026/02/12 19:24:00.462, 2, 38, 1, 2901, 40960, 173.22, 45
2026/02/12 19:24:00.468, 3, 38, 1, 2901, 40960, 104.78, 44
2026/02/12 19:24:00.475, 4, 47, 9, 2901, 40960, 252.42, 45
2026/02/12 19:24:00.479, 5, 47, 10, 2901, 40960, 172.27, 43
2026/02/12 19:24:00.485, 6, 41, 1, 2901, 40960, 125.05, 46
2026/02/12 19:24:00.491, 7, 42, 1, 2901, 40960, 150.18, 43
2026/02/12 19:24:01.497, 0, 85, 9, 3071, 40960, 142.32, 52
2026/02/12 19:24:01.501, 1, 31, 9, 2919, 40960, 98.48, 44
2026/02/12 19:24:01.506, 2, 38, 10, 2917, 40960, 79.71, 43
2026/02/12 19:24:01.512, 3, 30, 8, 2917, 40960, 107.72, 43
2026/02/12 19:24:01.518, 4, 30, 9, 2917, 40960, 89.27, 44
2026/02/12 19:24:01.523, 5, 15, 5, 2917, 40960, 87.03, 41
2026/02/12 19:24:01.530, 6, 33, 9, 2917, 40960, 106.38, 43
2026/02/12 19:24:01.535, 7, 10, 4, 2917, 40960, 80.62, 41
2026/02/12 19:24:02.540, 0, 85, 16, 3071, 40960, 148.80, 51
2026/02/12 19:24:02.544, 1, 53, 14, 2919, 40960, 104.35, 44
2026/02/12 19:24:02.550, 2, 17, 5, 2917, 40960, 89.07, 44
2026/02/12 19:24:02.555, 3, 18, 6, 2917, 40960, 112.29, 43
2026/02/12 19:24:02.562, 4, 48, 13, 2917, 40960, 89.71, 44
2026/02/12 19:24:02.566, 5, 38, 10, 2917, 40960, 89.72, 41
2026/02/12 19:24:02.571, 6, 18, 6, 2917, 40960, 86.93, 44
2026/02/12 19:24:02.575, 7, 18, 6, 2917, 40960, 88.37, 41
2026/02/12 19:24:03.583, 0, 88, 4, 3071, 40960, 113.88, 50
2026/02/12 19:24:03.589, 1, 52, 1, 2919, 40960, 123.48, 45
2026/02/12 19:24:03.594, 2, 45, 1, 2917, 40960, 108.64, 43
2026/02/12 19:24:03.600, 3, 51, 1, 2917, 40960, 112.11, 43
2026/02/12 19:24:03.605, 4, 22, 4, 2917, 40960, 111.44, 44
2026/02/12 19:24:03.611, 5, 35, 3, 2917, 40960, 109.31, 41
2026/02/12 19:24:03.616, 6, 49, 1, 2917, 40960, 111.49, 44
2026/02/12 19:24:03.622, 7, 47, 1, 2917, 40960, 109.73, 41
2026/02/12 19:24:04.629, 0, 74, 18, 3071, 40960, 174.06, 51
2026/02/12 19:24:04.636, 1, 55, 13, 2919, 40960, 94.41, 45
2026/02/12 19:24:04.641, 2, 45, 13, 2917, 40960, 120.68, 44
2026/02/12 19:24:04.647, 3, 48, 13, 2917, 40960, 92.75, 44
2026/02/12 19:24:04.651, 4, 50, 7, 2917, 40960, 109.31, 45
2026/02/12 19:24:04.657, 5, 66, 18, 2917, 40960, 81.14, 43
2026/02/12 19:24:04.662, 6, 45, 13, 2917, 40960, 107.89, 45
2026/02/12 19:24:04.668, 7, 45, 13, 2917, 40960, 109.73, 42
2026/02/12 19:24:05.675, 0, 81, 18, 3071, 40960, 175.75, 53
2026/02/12 19:24:05.682, 1, 61, 16, 2919, 40960, 193.41, 46
2026/02/12 19:24:05.688, 2, 51, 12, 2917, 40960, 90.86, 45
2026/02/12 19:24:05.694, 3, 57, 15, 2917, 40960, 240.51, 46
2026/02/12 19:24:05.701, 4, 70, 19, 2917, 40960, 114.80, 46
2026/02/12 19:24:05.706, 5, 48, 13, 2917, 40960, 178.82, 44
2026/02/12 19:24:05.710, 6, 55, 14, 2917, 40960, 84.59, 47
2026/02/12 19:24:05.714, 7, 52, 12, 2917, 40960, 91.00, 43
2026/02/12 19:24:06.721, 0, 1, 0, 3071, 40960, 77.57, 48
2026/02/12 19:24:06.724, 1, 0, 0, 2915, 40960, 86.32, 43
2026/02/12 19:24:06.730, 2, 0, 0, 2913, 40960, 73.92, 42
2026/02/12 19:24:06.735, 3, 0, 0, 2913, 40960, 76.31, 42
2026/02/12 19:24:06.740, 4, 0, 0, 2913, 40960, 77.07, 43
2026/02/12 19:24:06.744, 5, 0, 0, 2913, 40960, 74.00, 40
2026/02/12 19:24:06.748, 6, 0, 0, 2913, 40960, 76.60, 43
2026/02/12 19:24:06.752, 7, 0, 0, 2913, 40960, 75.80, 40
2026/02/12 19:24:07.757, 0, 0, 0, 0, 40960, 77.57, 47
2026/02/12 19:24:07.903, 1, 0, 0, 0, 40960, 66.84, 42
2026/02/12 19:24:07.909, 2, 0, 0, 0, 40960, 57.93, 41
2026/02/12 19:24:07.914, 3, 0, 0, 0, 40960, 60.26, 41
2026/02/12 19:24:07.919, 4, 4, 0, 0, 40960, 76.22, 42
2026/02/12 19:24:07.922, 5, 5, 0, 0, 40960, 74.00, 40
2026/02/12 19:24:07.926, 6, 0, 0, 0, 40960, 60.67, 42
2026/02/12 19:24:07.931, 7, 1, 0, 0, 40960, 59.58, 39
2026/02/12 19:24:08.935, 0, 0, 0, 0, 40960, 60.01, 46
2026/02/12 19:24:08.943, 1, 0, 0, 0, 40960, 82.68, 43
2026/02/12 19:24:08.950, 2, 0, 0, 0, 40960, 57.09, 41
2026/02/12 19:24:08.955, 3, 0, 0, 0, 40960, 55.43, 40
2026/02/12 19:24:08.962, 4, 0, 0, 0, 40960, 55.97, 41
2026/02/12 19:24:08.967, 5, 0, 0, 0, 40960, 58.80, 39
2026/02/12 19:24:08.972, 6, 0, 0, 0, 40960, 56.10, 41
2026/02/12 19:24:08.979, 7, 0, 0, 0, 40960, 55.37, 39
2026/02/12 19:24:09.984, 0, 0, 0, 0, 40960, 54.63, 46
2026/02/12 19:24:09.991, 1, 0, 0, 0, 40960, 60.39, 42
2026/02/12 19:24:10.000, 2, 0, 0, 0, 40960, 52.29, 40
2026/02/12 19:24:10.006, 3, 0, 0, 0, 40960, 54.94, 40
2026/02/12 19:24:10.011, 4, 0, 0, 0, 40960, 54.38, 41
2026/02/12 19:24:10.017, 5, 0, 0, 0, 40960, 54.50, 38
2026/02/12 19:24:10.024, 6, 0, 0, 0, 40960, 55.05, 41
2026/02/12 19:24:10.032, 7, 0, 0, 0, 40960, 54.57, 39
2026/02/12 19:24:11.037, 0, 0, 0, 0, 40960, 54.38, 46
2026/02/12 19:24:11.042, 1, 0, 0, 0, 40960, 60.15, 41
2026/02/12 19:24:11.051, 2, 0, 0, 0, 40960, 52.00, 40
2026/02/12 19:24:11.057, 3, 0, 0, 0, 40960, 54.69, 40
2026/02/12 19:24:11.062, 4, 0, 0, 0, 40960, 54.08, 41
2026/02/12 19:24:11.069, 5, 0, 0, 0, 40960, 53.95, 38
2026/02/12 19:24:11.077, 6, 0, 0, 0, 40960, 54.75, 41
2026/02/12 19:24:11.086, 7, 0, 0, 0, 40960, 54.32, 38
2026/02/12 19:24:12.091, 0, 0, 0, 0, 40960, 54.08, 46
2026/02/12 19:24:12.096, 1, 0, 0, 0, 40960, 59.85, 41
2026/02/12 19:24:12.104, 2, 0, 0, 0, 40960, 51.75, 40
2026/02/12 19:24:12.109, 3, 0, 0, 0, 40960, 54.44, 40
2026/02/12 19:24:12.114, 4, 0, 0, 0, 40960, 53.83, 41
2026/02/12 19:24:12.119, 5, 0, 0, 0, 40960, 53.70, 38
2026/02/12 19:24:12.126, 6, 0, 0, 0, 40960, 54.51, 41
2026/02/12 19:24:12.132, 7, 0, 0, 0, 40960, 54.02, 38
2026/02/12 19:24:13.137, 0, 0, 0, 0, 40960, 54.08, 45
2026/02/12 19:24:13.142, 1, 0, 0, 0, 40960, 59.85, 41
2026/02/12 19:24:13.149, 2, 0, 0, 0, 40960, 51.75, 40
2026/02/12 19:24:13.157, 3, 0, 0, 0, 40960, 54.44, 39
2026/02/12 19:24:13.165, 4, 0, 0, 0, 40960, 53.83, 41
2026/02/12 19:24:13.172, 5, 0, 0, 0, 40960, 53.70, 38
2026/02/12 19:24:13.180, 6, 0, 0, 0, 40960, 54.51, 41
2026/02/12 19:24:13.186, 7, 0, 0, 0, 40960, 54.02, 38
2026/02/12 19:24:14.194, 0, 0, 0, 0, 40960, 54.08, 45
2026/02/12 19:24:14.199, 1, 0, 0, 0, 40960, 59.85, 41
2026/02/12 19:24:14.207, 2, 0, 0, 0, 40960, 51.75, 40
2026/02/12 19:24:14.214, 3, 0, 0, 0, 40960, 54.44, 39
2026/02/12 19:24:14.222, 4, 0, 0, 0, 40960, 53.83, 41
2026/02/12 19:24:14.230, 5, 0, 0, 0, 40960, 53.70, 38
2026/02/12 19:24:14.238, 6, 0, 0, 0, 40960, 54.51, 41
2026/02/12 19:24:14.243, 7, 0, 0, 0, 40960, 54.02, 38
2026/02/12 19:24:15.250, 0, 0, 0, 0, 40960, 53.83, 45
2026/02/12 19:24:15.256, 1, 0, 0, 0, 40960, 59.85, 41
2026/02/12 19:24:15.264, 2, 0, 0, 0, 40960, 51.75, 40
2026/02/12 19:24:15.272, 3, 0, 0, 0, 40960, 54.44, 39
2026/02/12 19:24:15.279, 4, 0, 0, 0, 40960, 53.83, 41
2026/02/12 19:24:15.287, 5, 0, 0, 0, 40960, 53.70, 38
2026/02/12 19:24:15.294, 6, 0, 0, 0, 40960, 54.51, 41
2026/02/12 19:24:15.301, 7, 0, 0, 0, 40960, 54.02, 38
2026/02/12 19:24:16.309, 0, 0, 0, 0, 40960, 53.83, 45
2026/02/12 19:24:16.315, 1, 0, 0, 0, 40960, 59.85, 41
2026/02/12 19:24:16.323, 2, 0, 0, 0, 40960, 51.75, 40
2026/02/12 19:24:16.330, 3, 0, 0, 0, 40960, 54.44, 39
2026/02/12 19:24:16.338, 4, 0, 0, 0, 40960, 53.83, 41
2026/02/12 19:24:16.346, 5, 0, 0, 0, 40960, 53.70, 38
2026/02/12 19:24:16.354, 6, 0, 0, 0, 40960, 54.51, 41
2026/02/12 19:24:16.359, 7, 0, 0, 0, 40960, 54.02, 38
2026/02/12 19:24:17.367, 0, 0, 0, 0, 40960, 53.83, 45
2026/02/12 19:24:17.373, 1, 0, 0, 0, 40960, 59.85, 41
2026/02/12 19:24:17.381, 2, 0, 0, 0, 40960, 51.75, 40
2026/02/12 19:24:17.388, 3, 0, 0, 0, 40960, 54.44, 39
2026/02/12 19:24:17.393, 4, 0, 0, 0, 40960, 53.83, 40
2026/02/12 19:24:17.398, 5, 0, 0, 0, 40960, 53.70, 38
2026/02/12 19:24:17.406, 6, 0, 0, 0, 40960, 54.51, 40
2026/02/12 19:24:17.411, 7, 0, 0, 0, 40960, 54.02, 38
2026/02/12 19:24:18.416, 0, 0, 0, 0, 40960, 53.83, 45
2026/02/12 19:24:18.422, 1, 0, 0, 0, 40960, 59.60, 41
2026/02/12 19:24:18.429, 2, 0, 0, 0, 40960, 51.75, 40
2026/02/12 19:24:18.437, 3, 0, 0, 0, 40960, 54.44, 39
2026/02/12 19:24:18.444, 4, 0, 0, 0, 40960, 53.83, 40
2026/02/12 19:24:18.452, 5, 0, 0, 0, 40960, 53.70, 38
2026/02/12 19:24:18.460, 6, 0, 0, 0, 40960, 54.51, 40
2026/02/12 19:24:18.466, 7, 0, 0, 0, 40960, 54.02, 38
2026/02/12 19:24:19.473, 0, 0, 0, 0, 40960, 53.83, 45
2026/02/12 19:24:19.479, 1, 0, 0, 0, 40960, 59.85, 41
2026/02/12 19:24:19.488, 2, 0, 0, 0, 40960, 51.75, 40
2026/02/12 19:24:19.496, 3, 0, 0, 0, 40960, 54.44, 39
2026/02/12 19:24:19.504, 4, 0, 0, 0, 40960, 53.83, 40
2026/02/12 19:24:19.511, 5, 0, 0, 0, 40960, 53.70, 38
2026/02/12 19:24:19.519, 6, 0, 0, 0, 40960, 54.51, 40
2026/02/12 19:24:19.524, 7, 0, 0, 0, 40960, 54.02, 38
