nohup: ignoring input
2026/02/19 04:05:04.617, 0, 0, 0, 0, 40960, 52.92, 36
2026/02/19 04:05:04.629, 1, 0, 0, 0, 40960, 54.38, 33
2026/02/19 04:05:04.637, 2, 0, 0, 0, 40960, 49.49, 33
2026/02/19 04:05:04.644, 3, 0, 0, 0, 40960, 50.66, 33
2026/02/19 04:05:04.655, 4, 0, 0, 0, 40960, 51.52, 33
2026/02/19 04:05:04.663, 5, 0, 0, 0, 40960, 49.08, 32
2026/02/19 04:05:04.670, 6, 0, 0, 0, 40960, 53.52, 35
2026/02/19 04:05:04.677, 7, 0, 0, 0, 40960, 50.48, 34
2026/02/19 04:05:05.689, 0, 0, 0, 0, 40960, 52.92, 36
2026/02/19 04:05:05.695, 1, 0, 0, 0, 40960, 54.38, 34
2026/02/19 04:05:05.702, 2, 0, 0, 0, 40960, 49.55, 33
2026/02/19 04:05:05.710, 3, 0, 0, 0, 40960, 50.37, 33
2026/02/19 04:05:05.717, 4, 0, 0, 0, 40960, 51.52, 33
2026/02/19 04:05:05.725, 5, 0, 0, 0, 40960, 49.08, 32
2026/02/19 04:05:05.731, 6, 0, 0, 0, 40960, 53.22, 35
2026/02/19 04:05:05.736, 7, 0, 0, 0, 40960, 50.48, 34
2026/02/19 04:05:06.743, 0, 0, 0, 0, 40960, 52.98, 36
2026/02/19 04:05:06.750, 1, 0, 0, 0, 40960, 54.38, 34
2026/02/19 04:05:06.758, 2, 0, 0, 0, 40960, 49.55, 33
2026/02/19 04:05:06.765, 3, 0, 0, 0, 40960, 50.66, 33
2026/02/19 04:05:06.773, 4, 0, 0, 0, 40960, 51.52, 33
2026/02/19 04:05:06.783, 5, 0, 0, 0, 40960, 49.08, 32
2026/02/19 04:05:06.788, 6, 0, 0, 0, 40960, 53.52, 35
2026/02/19 04:05:06.793, 7, 0, 0, 0, 40960, 50.48, 34
2026/02/19 04:05:07.803, 0, 0, 0, 0, 40960, 52.98, 36
2026/02/19 04:05:07.808, 1, 0, 0, 0, 40960, 54.38, 34
2026/02/19 04:05:07.813, 2, 0, 0, 0, 40960, 49.55, 33
2026/02/19 04:05:07.819, 3, 0, 0, 0, 40960, 50.37, 33
2026/02/19 04:05:07.824, 4, 0, 0, 0, 40960, 51.52, 33
2026/02/19 04:05:07.831, 5, 0, 0, 0, 40960, 49.08, 32
2026/02/19 04:05:07.836, 6, 0, 0, 0, 40960, 53.46, 35
2026/02/19 04:05:07.841, 7, 0, 0, 0, 40960, 50.78, 34
2026/02/19 04:05:08.847, 0, 0, 0, 0, 40960, 52.92, 36
2026/02/19 04:05:08.852, 1, 0, 0, 0, 40960, 54.38, 34
2026/02/19 04:05:08.859, 2, 0, 0, 0, 40960, 49.55, 33
2026/02/19 04:05:08.867, 3, 0, 0, 0, 40960, 50.37, 33
2026/02/19 04:05:08.874, 4, 0, 0, 0, 40960, 51.52, 33
2026/02/19 04:05:08.882, 5, 0, 0, 0, 40960, 49.08, 32
2026/02/19 04:05:08.888, 6, 0, 0, 0, 40960, 53.46, 35
2026/02/19 04:05:08.893, 7, 0, 0, 0, 40960, 50.48, 34
2026/02/19 04:05:09.899, 0, 0, 0, 0, 40960, 52.92, 36
2026/02/19 04:05:09.904, 1, 0, 0, 0, 40960, 54.38, 34
2026/02/19 04:05:09.911, 2, 0, 0, 0, 40960, 49.49, 33
2026/02/19 04:05:09.919, 3, 0, 0, 0, 40960, 50.66, 33
2026/02/19 04:05:09.926, 4, 0, 0, 0, 40960, 51.76, 33
2026/02/19 04:05:09.932, 5, 0, 0, 0, 40960, 49.08, 32
2026/02/19 04:05:09.938, 6, 0, 0, 0, 40960, 53.46, 35
2026/02/19 04:05:09.944, 7, 0, 0, 0, 40960, 50.48, 34
2026/02/19 04:05:10.949, 0, 0, 0, 0, 40960, 52.98, 36
2026/02/19 04:05:10.957, 1, 0, 0, 0, 40960, 54.38, 34
2026/02/19 04:05:10.962, 2, 0, 0, 0, 40960, 49.55, 33
2026/02/19 04:05:10.969, 3, 0, 0, 0, 40960, 50.66, 33
2026/02/19 04:05:10.977, 4, 0, 0, 0, 40960, 51.52, 33
2026/02/19 04:05:10.984, 5, 0, 0, 0, 40960, 49.08, 32
2026/02/19 04:05:10.990, 6, 0, 0, 0, 40960, 53.46, 35
2026/02/19 04:05:10.995, 7, 0, 0, 0, 40960, 50.78, 34
2026/02/19 04:05:12.001, 0, 0, 0, 0, 40960, 52.92, 36
2026/02/19 04:05:12.006, 1, 0, 0, 0, 40960, 54.63, 34
2026/02/19 04:05:12.012, 2, 0, 0, 0, 40960, 49.55, 33
2026/02/19 04:05:12.019, 3, 0, 0, 0, 40960, 50.66, 33
2026/02/19 04:05:12.027, 4, 0, 0, 0, 40960, 51.52, 33
2026/02/19 04:05:12.034, 5, 0, 0, 0, 40960, 49.08, 32
2026/02/19 04:05:12.039, 6, 0, 0, 0, 40960, 53.52, 35
2026/02/19 04:05:12.045, 7, 0, 0, 0, 40960, 50.78, 34
2026/02/19 04:05:13.050, 0, 0, 0, 0, 40960, 52.92, 36
2026/02/19 04:05:13.055, 1, 0, 0, 0, 40960, 54.38, 34
2026/02/19 04:05:13.064, 2, 0, 0, 0, 40960, 49.49, 33
2026/02/19 04:05:13.069, 3, 0, 0, 0, 40960, 50.66, 33
2026/02/19 04:05:13.074, 4, 0, 0, 0, 40960, 51.52, 33
2026/02/19 04:05:13.082, 5, 0, 0, 0, 40960, 49.08, 32
2026/02/19 04:05:13.092, 6, 0, 0, 0, 40960, 53.52, 35
2026/02/19 04:05:13.098, 7, 0, 0, 0, 40960, 50.78, 34
2026/02/19 04:05:14.104, 0, 0, 0, 0, 40960, 52.92, 36
2026/02/19 04:05:14.109, 1, 0, 0, 0, 40960, 54.63, 34
2026/02/19 04:05:14.117, 2, 0, 0, 0, 40960, 49.55, 34
2026/02/19 04:05:14.125, 3, 0, 0, 0, 40960, 50.66, 33
2026/02/19 04:05:14.133, 4, 0, 0, 0, 40960, 51.52, 33
2026/02/19 04:05:14.140, 5, 0, 0, 0, 40960, 49.08, 32
2026/02/19 04:05:14.145, 6, 0, 0, 0, 40960, 53.46, 35
2026/02/19 04:05:14.151, 7, 0, 0, 0, 40960, 50.48, 34
2026/02/19 04:05:15.159, 0, 0, 0, 0, 40960, 52.92, 36
2026/02/19 04:05:15.164, 1, 0, 0, 0, 40960, 54.38, 34
2026/02/19 04:05:15.172, 2, 0, 0, 0, 40960, 49.55, 34
2026/02/19 04:05:15.180, 3, 0, 0, 0, 40960, 50.66, 33
2026/02/19 04:05:15.187, 4, 0, 0, 0, 40960, 51.52, 33
2026/02/19 04:05:15.195, 5, 0, 0, 0, 40960, 49.08, 32
2026/02/19 04:05:15.200, 6, 0, 0, 0, 40960, 53.46, 35
2026/02/19 04:05:15.205, 7, 0, 0, 0, 40960, 50.78, 34
2026/02/19 04:05:16.210, 0, 0, 0, 0, 40960, 52.92, 36
2026/02/19 04:05:16.216, 1, 0, 0, 0, 40960, 54.63, 34
2026/02/19 04:05:16.223, 2, 0, 0, 0, 40960, 49.55, 34
2026/02/19 04:05:16.231, 3, 0, 0, 0, 40960, 50.66, 33
2026/02/19 04:05:16.238, 4, 0, 0, 0, 40960, 51.52, 33
2026/02/19 04:05:16.246, 5, 0, 0, 0, 40960, 49.08, 32
2026/02/19 04:05:16.252, 6, 0, 0, 0, 40960, 53.46, 35
2026/02/19 04:05:16.257, 7, 0, 0, 0, 40960, 50.48, 34
2026/02/19 04:05:17.262, 0, 0, 0, 0, 40960, 52.92, 36
2026/02/19 04:05:17.268, 1, 0, 0, 0, 40960, 54.63, 34
2026/02/19 04:05:17.275, 2, 0, 0, 0, 40960, 49.55, 34
2026/02/19 04:05:17.282, 3, 0, 0, 0, 40960, 50.66, 33
2026/02/19 04:05:17.290, 4, 0, 0, 0, 40960, 51.76, 34
2026/02/19 04:05:17.298, 5, 0, 0, 0, 40960, 49.08, 32
2026/02/19 04:05:17.303, 6, 0, 0, 0, 40960, 53.46, 35
2026/02/19 04:05:17.308, 7, 0, 0, 0, 40960, 50.78, 34
2026/02/19 04:05:18.314, 0, 0, 0, 0, 40960, 52.92, 36
2026/02/19 04:05:18.320, 1, 0, 0, 0, 40960, 54.63, 34
2026/02/19 04:05:18.328, 2, 0, 0, 0, 40960, 49.49, 34
2026/02/19 04:05:18.333, 3, 0, 0, 0, 40960, 50.66, 33
2026/02/19 04:05:18.339, 4, 0, 0, 0, 40960, 51.76, 34
2026/02/19 04:05:18.347, 5, 0, 0, 0, 40960, 49.08, 32
2026/02/19 04:05:18.352, 6, 0, 0, 0, 40960, 53.46, 35
2026/02/19 04:05:18.357, 7, 0, 0, 0, 40960, 50.48, 34
2026/02/19 04:05:19.363, 0, 0, 0, 0, 40960, 52.98, 36
2026/02/19 04:05:19.375, 1, 0, 0, 0, 40960, 54.63, 34
2026/02/19 04:05:19.383, 2, 0, 0, 0, 40960, 49.55, 34
2026/02/19 04:05:19.391, 3, 0, 0, 0, 40960, 50.66, 33
2026/02/19 04:05:19.399, 4, 0, 0, 0, 40960, 51.52, 34
2026/02/19 04:05:19.406, 5, 0, 0, 0, 40960, 49.08, 32
2026/02/19 04:05:19.411, 6, 0, 0, 0, 40960, 53.46, 35
2026/02/19 04:05:19.416, 7, 0, 0, 0, 40960, 50.48, 34
2026/02/19 04:05:20.422, 0, 0, 0, 0, 40960, 53.16, 36
2026/02/19 04:05:20.455, 1, 0, 0, 0, 40960, 54.63, 34
2026/02/19 04:05:20.494, 2, 0, 0, 0, 40960, 49.74, 34
2026/02/19 04:05:20.528, 3, 0, 0, 0, 40960, 50.66, 33
2026/02/19 04:05:20.568, 4, 0, 0, 0, 40960, 51.76, 34
2026/02/19 04:05:20.622, 5, 0, 0, 0, 40960, 49.08, 32
2026/02/19 04:05:20.650, 6, 0, 0, 0, 40960, 53.46, 35
2026/02/19 04:05:20.665, 7, 0, 0, 0, 40960, 50.78, 34
2026/02/19 04:05:21.712, 0, 0, 0, 3, 40960, 52.92, 36
2026/02/19 04:05:21.728, 1, 0, 0, 3, 40960, 54.63, 34
2026/02/19 04:05:21.735, 2, 0, 0, 3, 40960, 50.03, 34
2026/02/19 04:05:21.742, 3, 0, 0, 3, 40960, 50.66, 33
2026/02/19 04:05:21.770, 4, 0, 0, 3, 40960, 51.76, 34
2026/02/19 04:05:21.777, 5, 0, 0, 3, 40960, 49.57, 32
2026/02/19 04:05:21.782, 6, 0, 0, 0, 40960, 53.46, 35
2026/02/19 04:05:21.787, 7, 0, 0, 0, 40960, 50.78, 34
2026/02/19 04:05:22.795, 0, 0, 0, 3, 40960, 53.46, 36
2026/02/19 04:05:22.803, 1, 0, 0, 3, 40960, 54.88, 34
2026/02/19 04:05:22.808, 2, 0, 0, 3, 40960, 49.49, 34
2026/02/19 04:05:22.813, 3, 0, 0, 3, 40960, 50.66, 33
2026/02/19 04:05:22.821, 4, 0, 0, 3, 40960, 51.76, 34
2026/02/19 04:05:22.827, 5, 0, 0, 3, 40960, 49.27, 32
2026/02/19 04:05:22.832, 6, 0, 0, 3, 40960, 53.46, 35
2026/02/19 04:05:22.838, 7, 0, 0, 3, 40960, 50.48, 35
2026/02/19 04:05:23.843, 0, 0, 0, 423, 40960, 57.99, 37
2026/02/19 04:05:23.851, 1, 0, 0, 85, 40960, 60.44, 34
2026/02/19 04:05:23.856, 2, 1, 0, 83, 40960, 55.91, 34
2026/02/19 04:05:23.861, 3, 1, 0, 85, 40960, 55.90, 33
2026/02/19 04:05:23.867, 4, 3, 0, 423, 40960, 57.12, 34
2026/02/19 04:05:23.872, 5, 3, 0, 423, 40960, 54.07, 33
2026/02/19 04:05:23.879, 6, 0, 0, 423, 40960, 58.78, 36
2026/02/19 04:05:23.884, 7, 3, 0, 423, 40960, 55.78, 35
2026/02/19 04:05:24.888, 0, 7, 0, 1593, 40960, 57.73, 37
2026/02/19 04:05:24.896, 1, 0, 0, 1593, 40960, 60.44, 34
2026/02/19 04:05:24.902, 2, 1, 0, 1591, 40960, 54.57, 34
2026/02/19 04:05:24.908, 3, 1, 0, 1591, 40960, 55.41, 33
2026/02/19 04:05:24.914, 4, 7, 0, 1591, 40960, 57.37, 34
2026/02/19 04:05:24.919, 5, 7, 0, 1591, 40960, 53.77, 33
2026/02/19 04:05:24.924, 6, 1, 0, 1591, 40960, 58.24, 36
2026/02/19 04:05:24.928, 7, 7, 0, 1591, 40960, 55.60, 35
2026/02/19 04:05:25.934, 0, 0, 0, 1615, 40960, 57.44, 37
2026/02/19 04:05:25.942, 1, 0, 0, 1615, 40960, 59.94, 34
2026/02/19 04:05:25.946, 2, 0, 0, 1613, 40960, 54.57, 34
2026/02/19 04:05:25.953, 3, 0, 0, 1613, 40960, 55.41, 33
2026/02/19 04:05:25.958, 4, 0, 0, 1613, 40960, 56.58, 34
2026/02/19 04:05:25.963, 5, 0, 0, 1613, 40960, 53.77, 33
2026/02/19 04:05:25.967, 6, 0, 0, 1613, 40960, 58.24, 36
2026/02/19 04:05:25.971, 7, 0, 0, 1613, 40960, 55.54, 35
2026/02/19 04:05:26.977, 0, 0, 0, 1615, 40960, 57.44, 37
2026/02/19 04:05:26.982, 1, 0, 0, 1615, 40960, 60.19, 34
2026/02/19 04:05:26.986, 2, 0, 0, 1613, 40960, 54.57, 34
2026/02/19 04:05:26.992, 3, 0, 0, 1613, 40960, 55.41, 33
2026/02/19 04:05:26.998, 4, 0, 0, 1613, 40960, 56.83, 34
2026/02/19 04:05:27.004, 5, 0, 0, 1613, 40960, 53.77, 33
2026/02/19 04:05:27.008, 6, 0, 0, 1613, 40960, 58.24, 36
2026/02/19 04:05:27.012, 7, 0, 0, 1613, 40960, 55.54, 35
2026/02/19 04:05:28.019, 0, 0, 0, 1683, 40960, 66.39, 37
2026/02/19 04:05:28.040, 1, 0, 0, 1683, 40960, 79.82, 35
2026/02/19 04:05:28.046, 2, 4, 0, 1681, 40960, 70.41, 35
2026/02/19 04:05:28.051, 3, 4, 0, 1681, 40960, 71.46, 34
2026/02/19 04:05:28.056, 4, 4, 0, 1681, 40960, 73.41, 35
2026/02/19 04:05:28.080, 5, 4, 0, 1681, 40960, 73.08, 33
2026/02/19 04:05:28.092, 6, 2, 0, 1681, 40960, 71.45, 36
2026/02/19 04:05:28.096, 7, 5, 0, 1681, 40960, 72.71, 36
2026/02/19 04:05:29.101, 0, 37, 3, 2389, 40960, 57.73, 37
2026/02/19 04:05:29.105, 1, 45, 10, 2301, 40960, 65.27, 35
2026/02/19 04:05:29.109, 2, 43, 8, 2299, 40960, 54.81, 35
2026/02/19 04:05:29.114, 3, 45, 8, 2299, 40960, 55.90, 34
2026/02/19 04:05:29.118, 4, 33, 5, 2299, 40960, 57.06, 35
2026/02/19 04:05:29.123, 5, 36, 6, 2299, 40960, 54.07, 33
2026/02/19 04:05:29.129, 6, 52, 10, 2299, 40960, 85.44, 37
2026/02/19 04:05:29.134, 7, 18, 2, 2299, 40960, 66.93, 36
2026/02/19 04:05:30.138, 0, 83, 14, 3009, 40960, 206.26, 44
2026/02/19 04:05:30.142, 1, 49, 13, 2857, 40960, 121.34, 40
2026/02/19 04:05:30.147, 2, 55, 15, 2855, 40960, 128.62, 39
2026/02/19 04:05:30.151, 3, 55, 15, 2855, 40960, 138.46, 38
2026/02/19 04:05:30.156, 4, 49, 13, 2855, 40960, 165.70, 39
2026/02/19 04:05:30.164, 5, 52, 13, 2855, 40960, 153.20, 38
2026/02/19 04:05:30.170, 6, 55, 15, 2855, 40960, 91.99, 41
2026/02/19 04:05:30.175, 7, 46, 13, 2855, 40960, 85.25, 40
2026/02/19 04:05:31.181, 0, 70, 19, 3023, 40960, 256.36, 44
2026/02/19 04:05:31.188, 1, 67, 18, 2873, 40960, 158.57, 39
2026/02/19 04:05:31.192, 2, 58, 13, 2873, 40960, 180.20, 38
2026/02/19 04:05:31.196, 3, 58, 12, 2871, 40960, 188.90, 38
2026/02/19 04:05:31.202, 4, 65, 16, 2871, 40960, 85.25, 39
2026/02/19 04:05:31.206, 5, 66, 15, 2873, 40960, 96.86, 37
2026/02/19 04:05:31.210, 6, 51, 10, 2873, 40960, 234.14, 40
2026/02/19 04:05:31.215, 7, 74, 20, 2871, 40960, 214.37, 40
2026/02/19 04:05:32.220, 0, 82, 18, 3037, 40960, 174.60, 45
2026/02/19 04:05:32.225, 1, 43, 11, 2887, 40960, 131.29, 42
2026/02/19 04:05:32.229, 2, 48, 13, 2887, 40960, 142.93, 40
2026/02/19 04:05:32.233, 3, 48, 13, 2885, 40960, 149.40, 39
2026/02/19 04:05:32.238, 4, 54, 15, 2885, 40960, 80.89, 41
2026/02/19 04:05:32.243, 5, 52, 14, 2887, 40960, 87.18, 39
2026/02/19 04:05:32.249, 6, 54, 14, 2887, 40960, 176.27, 42
2026/02/19 04:05:32.254, 7, 58, 15, 2885, 40960, 169.38, 40
2026/02/19 04:05:33.258, 0, 29, 1, 3061, 40960, 166.83, 43
2026/02/19 04:05:33.262, 1, 24, 1, 2909, 40960, 258.56, 41
2026/02/19 04:05:33.267, 2, 52, 10, 2909, 40960, 267.68, 39
2026/02/19 04:05:33.271, 3, 52, 10, 2907, 40960, 276.58, 38
2026/02/19 04:05:33.275, 4, 27, 1, 2907, 40960, 112.81, 39
2026/02/19 04:05:33.282, 5, 51, 10, 2909, 40960, 144.01, 38
2026/02/19 04:05:33.291, 6, 46, 9, 2909, 40960, 175.93, 41
2026/02/19 04:05:33.295, 7, 27, 1, 2907, 40960, 169.38, 40
2026/02/19 04:05:34.301, 0, 85, 13, 3061, 40960, 143.83, 43
2026/02/19 04:05:34.305, 1, 37, 10, 2909, 40960, 86.93, 39
2026/02/19 04:05:34.309, 2, 11, 3, 2909, 40960, 81.48, 38
2026/02/19 04:05:34.313, 3, 11, 3, 2907, 40960, 81.89, 37
2026/02/19 04:05:34.319, 4, 7, 3, 2907, 40960, 73.50, 38
2026/02/19 04:05:34.324, 5, 6, 2, 2909, 40960, 71.29, 36
2026/02/19 04:05:34.330, 6, 24, 7, 2909, 40960, 80.23, 40
2026/02/19 04:05:34.334, 7, 9, 3, 2907, 40960, 74.92, 38
2026/02/19 04:05:35.339, 0, 84, 19, 3061, 40960, 176.60, 45
2026/02/19 04:05:35.345, 1, 69, 19, 2909, 40960, 145.08, 42
2026/02/19 04:05:35.349, 2, 47, 13, 2909, 40960, 192.42, 41
2026/02/19 04:05:35.354, 3, 47, 13, 2907, 40960, 294.54, 40
2026/02/19 04:05:35.358, 4, 57, 16, 2907, 40960, 175.77, 41
2026/02/19 04:05:35.363, 5, 53, 15, 2909, 40960, 176.85, 41
2026/02/19 04:05:35.368, 6, 52, 14, 2909, 40960, 179.17, 44
2026/02/19 04:05:35.372, 7, 59, 16, 2907, 40960, 171.05, 41
2026/02/19 04:05:36.376, 0, 86, 16, 3061, 40960, 215.06, 46
2026/02/19 04:05:36.381, 1, 53, 14, 2909, 40960, 140.83, 42
2026/02/19 04:05:36.386, 2, 59, 17, 2909, 40960, 199.29, 40
2026/02/19 04:05:36.394, 3, 59, 17, 2907, 40960, 198.38, 39
2026/02/19 04:05:36.398, 4, 57, 15, 2907, 40960, 172.38, 40
2026/02/19 04:05:36.403, 5, 59, 16, 2909, 40960, 161.53, 39
2026/02/19 04:05:36.407, 6, 57, 17, 2909, 40960, 108.02, 43
2026/02/19 04:05:36.413, 7, 42, 12, 2907, 40960, 93.77, 41
2026/02/19 04:05:37.418, 0, 39, 4, 3061, 40960, 100.05, 45
2026/02/19 04:05:37.422, 1, 51, 9, 2909, 40960, 181.49, 42
2026/02/19 04:05:37.427, 2, 42, 1, 2909, 40960, 168.84, 41
2026/02/19 04:05:37.433, 3, 41, 1, 2907, 40960, 163.80, 40
2026/02/19 04:05:37.437, 4, 38, 1, 2907, 40960, 221.26, 40
2026/02/19 04:05:37.443, 5, 39, 1, 2909, 40960, 273.81, 38
2026/02/19 04:05:37.448, 6, 56, 12, 2909, 40960, 113.62, 42
2026/02/19 04:05:37.454, 7, 41, 5, 2907, 40960, 99.76, 40
2026/02/19 04:05:38.460, 0, 84, 15, 3061, 40960, 228.87, 45
2026/02/19 04:05:38.465, 1, 56, 15, 2909, 40960, 171.35, 41
2026/02/19 04:05:38.469, 2, 69, 20, 2909, 40960, 132.47, 40
2026/02/19 04:05:38.476, 3, 69, 19, 2907, 40960, 128.82, 39
2026/02/19 04:05:38.480, 4, 65, 18, 2907, 40960, 172.87, 40
2026/02/19 04:05:38.484, 5, 68, 19, 2909, 40960, 165.66, 39
2026/02/19 04:05:38.489, 6, 47, 12, 2909, 40960, 181.28, 43
2026/02/19 04:05:38.494, 7, 50, 13, 2907, 40960, 136.81, 41
2026/02/19 04:05:39.498, 0, 49, 1, 3061, 40960, 94.82, 41
2026/02/19 04:05:39.503, 1, 51, 1, 2909, 40960, 80.71, 39
2026/02/19 04:05:39.508, 2, 41, 1, 2909, 40960, 71.28, 38
2026/02/19 04:05:39.514, 3, 42, 1, 2907, 40960, 72.87, 37
2026/02/19 04:05:39.518, 4, 37, 1, 2907, 40960, 73.50, 38
2026/02/19 04:05:39.523, 5, 37, 1, 2909, 40960, 68.91, 36
2026/02/19 04:05:39.529, 6, 40, 1, 2909, 40960, 95.36, 40
2026/02/19 04:05:39.536, 7, 49, 1, 2907, 40960, 87.08, 39
2026/02/19 04:05:40.542, 0, 59, 10, 3061, 40960, 223.86, 46
2026/02/19 04:05:40.547, 1, 58, 15, 2909, 40960, 108.27, 42
2026/02/19 04:05:40.554, 2, 56, 15, 2909, 40960, 123.68, 41
2026/02/19 04:05:40.560, 3, 57, 15, 2907, 40960, 130.79, 40
2026/02/19 04:05:40.565, 4, 49, 13, 2907, 40960, 80.44, 41
2026/02/19 04:05:40.571, 5, 50, 13, 2909, 40960, 79.46, 39
2026/02/19 04:05:40.579, 6, 71, 20, 2909, 40960, 165.59, 43
2026/02/19 04:05:40.584, 7, 57, 17, 2907, 40960, 163.82, 41
2026/02/19 04:05:41.590, 0, 38, 1, 3061, 40960, 83.21, 42
2026/02/19 04:05:41.594, 1, 49, 1, 2909, 40960, 88.62, 39
2026/02/19 04:05:41.599, 2, 51, 1, 2909, 40960, 70.74, 38
2026/02/19 04:05:41.606, 3, 52, 1, 2907, 40960, 72.63, 37
2026/02/19 04:05:41.612, 4, 46, 1, 2907, 40960, 74.59, 38
2026/02/19 04:05:41.618, 5, 46, 0, 2909, 40960, 68.61, 37
2026/02/19 04:05:41.624, 6, 49, 1, 2909, 40960, 84.79, 40
2026/02/19 04:05:41.630, 7, 42, 1, 2907, 40960, 75.17, 39
2026/02/19 04:05:42.636, 0, 82, 18, 3061, 40960, 241.56, 46
2026/02/19 04:05:42.640, 1, 47, 12, 2909, 40960, 219.62, 43
2026/02/19 04:05:42.645, 2, 64, 17, 2909, 40960, 75.72, 41
2026/02/19 04:05:42.652, 3, 63, 17, 2907, 40960, 78.04, 40
2026/02/19 04:05:42.658, 4, 69, 19, 2907, 40960, 127.54, 41
2026/02/19 04:05:42.663, 5, 68, 19, 2909, 40960, 146.91, 40
2026/02/19 04:05:42.669, 6, 58, 13, 2909, 40960, 178.38, 44
2026/02/19 04:05:42.676, 7, 55, 15, 2907, 40960, 211.72, 42
2026/02/19 04:05:43.682, 0, 35, 1, 3061, 40960, 238.06, 45
2026/02/19 04:05:43.686, 1, 46, 7, 2909, 40960, 175.19, 42
2026/02/19 04:05:43.692, 2, 40, 1, 2909, 40960, 157.42, 41
2026/02/19 04:05:43.698, 3, 40, 1, 2907, 40960, 170.37, 40
2026/02/19 04:05:43.704, 4, 40, 1, 2907, 40960, 172.63, 41
2026/02/19 04:05:43.710, 5, 42, 1, 2909, 40960, 164.34, 39
2026/02/19 04:05:43.715, 6, 51, 10, 2909, 40960, 258.80, 43
2026/02/19 04:05:43.719, 7, 38, 3, 2907, 40960, 152.28, 42
2026/02/19 04:05:44.726, 0, 83, 17, 3061, 40960, 175.72, 48
2026/02/19 04:05:44.732, 1, 46, 12, 2909, 40960, 215.10, 43
2026/02/19 04:05:44.736, 2, 50, 13, 2909, 40960, 295.56, 42
2026/02/19 04:05:44.752, 3, 51, 13, 2907, 40960, 272.84, 41
2026/02/19 04:05:44.758, 4, 40, 11, 2907, 40960, 113.36, 42
2026/02/19 04:05:44.762, 5, 44, 12, 2909, 40960, 141.11, 40
2026/02/19 04:05:44.769, 6, 57, 16, 2909, 40960, 162.09, 43
2026/02/19 04:05:44.775, 7, 53, 14, 2907, 40960, 170.95, 42
2026/02/19 04:05:45.782, 0, 50, 1, 3061, 40960, 171.50, 44
2026/02/19 04:05:45.787, 1, 46, 0, 2909, 40960, 81.17, 41
2026/02/19 04:05:45.792, 2, 38, 1, 2909, 40960, 70.19, 40
2026/02/19 04:05:45.798, 3, 39, 1, 2907, 40960, 71.83, 39
2026/02/19 04:05:45.802, 4, 38, 2, 2907, 40960, 83.36, 40
2026/02/19 04:05:45.808, 5, 37, 2, 2909, 40960, 76.79, 39
2026/02/19 04:05:45.812, 6, 42, 1, 2909, 40960, 168.84, 43
2026/02/19 04:05:45.818, 7, 50, 9, 2907, 40960, 169.14, 42
2026/02/19 04:05:46.824, 0, 84, 14, 3061, 40960, 216.19, 48
2026/02/19 04:05:46.828, 1, 67, 18, 2909, 40960, 180.70, 44
2026/02/19 04:05:46.833, 2, 56, 16, 2909, 40960, 201.73, 42
2026/02/19 04:05:46.837, 3, 54, 16, 2907, 40960, 81.65, 41
2026/02/19 04:05:46.843, 4, 58, 16, 2907, 40960, 172.38, 42
2026/02/19 04:05:46.848, 5, 58, 16, 2909, 40960, 166.83, 41
2026/02/19 04:05:46.854, 6, 49, 13, 2909, 40960, 237.51, 45
2026/02/19 04:05:46.860, 7, 42, 11, 2907, 40960, 119.86, 43
2026/02/19 04:05:47.866, 0, 41, 5, 3061, 40960, 147.79, 46
2026/02/19 04:05:47.872, 1, 51, 10, 2909, 40960, 202.26, 43
2026/02/19 04:05:47.876, 2, 41, 1, 2909, 40960, 171.25, 41
2026/02/19 04:05:47.880, 3, 42, 1, 2907, 40960, 167.04, 40
2026/02/19 04:05:47.884, 4, 40, 1, 2907, 40960, 216.76, 41
2026/02/19 04:05:47.888, 5, 40, 1, 2909, 40960, 252.70, 41
2026/02/19 04:05:47.892, 6, 41, 1, 2909, 40960, 119.32, 44
2026/02/19 04:05:47.896, 7, 44, 6, 2907, 40960, 156.09, 42
2026/02/19 04:05:48.903, 0, 81, 17, 3061, 40960, 220.19, 48
2026/02/19 04:05:48.907, 1, 41, 11, 2909, 40960, 116.53, 44
2026/02/19 04:05:48.911, 2, 48, 13, 2909, 40960, 130.20, 43
2026/02/19 04:05:48.917, 3, 46, 12, 2907, 40960, 158.70, 41
2026/02/19 04:05:48.922, 4, 55, 16, 2907, 40960, 86.98, 43
2026/02/19 04:05:48.927, 5, 54, 15, 2909, 40960, 86.63, 42
2026/02/19 04:05:48.931, 6, 54, 15, 2909, 40960, 178.92, 45
2026/02/19 04:05:48.935, 7, 53, 14, 2907, 40960, 230.96, 43
2026/02/19 04:05:49.939, 0, 47, 0, 3061, 40960, 76.51, 43
2026/02/19 04:05:49.946, 1, 41, 1, 2909, 40960, 141.51, 40
2026/02/19 04:05:49.951, 2, 49, 1, 2909, 40960, 102.18, 40
2026/02/19 04:05:49.956, 3, 38, 3, 2907, 40960, 82.63, 39
2026/02/19 04:05:49.960, 4, 50, 1, 2907, 40960, 159.60, 40
2026/02/19 04:05:49.967, 5, 50, 1, 2909, 40960, 153.37, 39
2026/02/19 04:05:49.971, 6, 39, 1, 2909, 40960, 77.85, 43
2026/02/19 04:05:49.976, 7, 47, 0, 2907, 40960, 72.54, 41
2026/02/19 04:05:50.983, 0, 66, 13, 3061, 40960, 239.15, 48
2026/02/19 04:05:50.987, 1, 67, 18, 2909, 40960, 215.69, 44
2026/02/19 04:05:50.992, 2, 49, 13, 2909, 40960, 95.39, 42
2026/02/19 04:05:50.997, 3, 50, 13, 2907, 40960, 81.74, 41
2026/02/19 04:05:51.003, 4, 47, 13, 2907, 40960, 150.16, 43
2026/02/19 04:05:51.007, 5, 48, 13, 2909, 40960, 146.66, 41
2026/02/19 04:05:51.012, 6, 62, 17, 2909, 40960, 176.27, 45
2026/02/19 04:05:51.016, 7, 57, 14, 2907, 40960, 107.65, 43
2026/02/19 04:05:52.022, 0, 47, 1, 3061, 40960, 103.65, 45
2026/02/19 04:05:52.028, 1, 49, 1, 2909, 40960, 116.78, 42
2026/02/19 04:05:52.032, 2, 48, 1, 2909, 40960, 105.77, 41
2026/02/19 04:05:52.037, 3, 49, 1, 2907, 40960, 105.29, 39
2026/02/19 04:05:52.043, 4, 49, 1, 2907, 40960, 110.14, 41
2026/02/19 04:05:52.049, 5, 49, 1, 2909, 40960, 105.16, 39
2026/02/19 04:05:52.053, 6, 49, 1, 2909, 40960, 112.94, 42
2026/02/19 04:05:52.057, 7, 52, 1, 2907, 40960, 89.76, 41
2026/02/19 04:05:53.064, 0, 66, 14, 3061, 40960, 185.30, 47
2026/02/19 04:05:53.068, 1, 28, 2, 2909, 40960, 187.38, 44
2026/02/19 04:05:53.074, 2, 49, 10, 2909, 40960, 173.86, 43
2026/02/19 04:05:53.078, 3, 46, 9, 2907, 40960, 171.45, 41
2026/02/19 04:05:53.082, 4, 52, 10, 2907, 40960, 276.90, 44
2026/02/19 04:05:53.088, 5, 52, 10, 2909, 40960, 276.58, 42
2026/02/19 04:05:53.094, 6, 44, 6, 2909, 40960, 182.85, 47
2026/02/19 04:05:53.099, 7, 57, 15, 2907, 40960, 172.04, 45
2026/02/19 04:05:54.104, 0, 49, 1, 3061, 40960, 111.48, 45
2026/02/19 04:05:54.110, 1, 50, 1, 2909, 40960, 117.08, 42
2026/02/19 04:05:54.115, 2, 49, 1, 2909, 40960, 106.02, 41
2026/02/19 04:05:54.121, 3, 51, 1, 2907, 40960, 106.20, 39
2026/02/19 04:05:54.127, 4, 49, 1, 2907, 40960, 110.14, 41
2026/02/19 04:05:54.132, 5, 49, 1, 2909, 40960, 105.16, 39
2026/02/19 04:05:54.139, 6, 50, 1, 2909, 40960, 109.23, 43
2026/02/19 04:05:54.143, 7, 49, 1, 2907, 40960, 101.76, 42
2026/02/19 04:05:55.148, 0, 0, 0, 3061, 40960, 76.05, 43
2026/02/19 04:05:55.155, 1, 0, 0, 2909, 40960, 80.42, 40
2026/02/19 04:05:55.160, 2, 0, 0, 2909, 40960, 70.19, 39
2026/02/19 04:05:55.166, 3, 0, 0, 2907, 40960, 71.75, 38
2026/02/19 04:05:55.169, 4, 0, 0, 2907, 40960, 73.75, 39
2026/02/19 04:05:55.174, 5, 0, 0, 2909, 40960, 69.16, 38
2026/02/19 04:05:55.180, 6, 0, 0, 2909, 40960, 77.14, 42
2026/02/19 04:05:55.184, 7, 0, 0, 2907, 40960, 71.70, 40
2026/02/19 04:05:56.189, 0, 0, 0, 3061, 40960, 59.87, 42
2026/02/19 04:05:56.194, 1, 0, 0, 2909, 40960, 62.58, 39
2026/02/19 04:05:56.200, 2, 0, 0, 2909, 40960, 55.91, 39
2026/02/19 04:05:56.204, 3, 0, 0, 2907, 40960, 57.00, 38
2026/02/19 04:05:56.208, 4, 0, 0, 2907, 40960, 58.47, 39
2026/02/19 04:05:56.212, 5, 0, 0, 2909, 40960, 54.86, 37
2026/02/19 04:05:56.218, 6, 0, 0, 2909, 40960, 60.38, 41
2026/02/19 04:05:56.222, 7, 0, 0, 2907, 40960, 57.12, 39
2026/02/19 04:05:57.226, 0, 0, 0, 3061, 40960, 59.58, 42
2026/02/19 04:05:57.232, 1, 0, 0, 2909, 40960, 62.58, 39
2026/02/19 04:05:57.237, 2, 0, 0, 2909, 40960, 55.66, 38
2026/02/19 04:05:57.243, 3, 0, 0, 2907, 40960, 57.00, 38
2026/02/19 04:05:57.248, 4, 0, 0, 2907, 40960, 58.40, 39
2026/02/19 04:05:57.255, 5, 0, 0, 2909, 40960, 54.86, 37
2026/02/19 04:05:57.261, 6, 0, 0, 2909, 40960, 60.12, 41
2026/02/19 04:05:57.265, 7, 0, 0, 2907, 40960, 56.83, 39
2026/02/19 04:05:58.272, 0, 0, 0, 3061, 40960, 59.58, 42
2026/02/19 04:05:58.278, 1, 0, 0, 2909, 40960, 62.33, 39
2026/02/19 04:05:58.284, 2, 0, 0, 2909, 40960, 55.66, 38
2026/02/19 04:05:58.288, 3, 0, 0, 2907, 40960, 57.00, 37
2026/02/19 04:05:58.291, 4, 0, 0, 2907, 40960, 58.40, 38
2026/02/19 04:05:58.297, 5, 0, 0, 2909, 40960, 55.66, 37
2026/02/19 04:05:58.304, 6, 0, 0, 2909, 40960, 60.12, 40
2026/02/19 04:05:58.308, 7, 0, 0, 2907, 40960, 56.83, 39
2026/02/19 04:05:59.314, 0, 0, 0, 3061, 40960, 59.58, 42
2026/02/19 04:05:59.320, 1, 0, 0, 2909, 40960, 62.33, 39
2026/02/19 04:05:59.325, 2, 0, 0, 2909, 40960, 55.66, 38
2026/02/19 04:05:59.330, 3, 0, 0, 2907, 40960, 57.00, 37
2026/02/19 04:05:59.336, 4, 0, 0, 2907, 40960, 58.10, 38
2026/02/19 04:05:59.341, 5, 0, 0, 2909, 40960, 54.86, 37
2026/02/19 04:05:59.347, 6, 0, 0, 2909, 40960, 60.12, 40
2026/02/19 04:05:59.351, 7, 0, 0, 2907, 40960, 56.83, 39
2026/02/19 04:06:00.357, 0, 0, 0, 3061, 40960, 59.58, 42
2026/02/19 04:06:00.362, 1, 0, 0, 2909, 40960, 62.58, 39
2026/02/19 04:06:00.368, 2, 0, 0, 2909, 40960, 55.66, 38
2026/02/19 04:06:00.374, 3, 0, 0, 2907, 40960, 57.00, 37
2026/02/19 04:06:00.379, 4, 0, 0, 2907, 40960, 58.10, 38
2026/02/19 04:06:00.385, 5, 0, 0, 2909, 40960, 54.86, 37
2026/02/19 04:06:00.391, 6, 0, 0, 2909, 40960, 60.12, 40
2026/02/19 04:06:00.397, 7, 0, 0, 2907, 40960, 56.83, 39
2026/02/19 04:06:01.402, 0, 0, 0, 3061, 40960, 59.58, 42
2026/02/19 04:06:01.408, 1, 0, 0, 2909, 40960, 62.33, 39
2026/02/19 04:06:01.413, 2, 0, 0, 2909, 40960, 55.85, 38
2026/02/19 04:06:01.420, 3, 0, 0, 2907, 40960, 57.00, 37
2026/02/19 04:06:01.425, 4, 0, 0, 2907, 40960, 58.10, 38
2026/02/19 04:06:01.431, 5, 0, 0, 2909, 40960, 54.86, 37
2026/02/19 04:06:01.437, 6, 0, 0, 2909, 40960, 60.12, 40
2026/02/19 04:06:01.443, 7, 0, 0, 2907, 40960, 56.83, 39
2026/02/19 04:06:02.448, 0, 0, 0, 3061, 40960, 59.58, 42
2026/02/19 04:06:02.454, 1, 0, 0, 2909, 40960, 62.33, 39
2026/02/19 04:06:02.459, 2, 0, 0, 2909, 40960, 55.66, 38
2026/02/19 04:06:02.466, 3, 0, 0, 2907, 40960, 57.00, 37
2026/02/19 04:06:02.471, 4, 0, 0, 2907, 40960, 58.10, 38
2026/02/19 04:06:02.476, 5, 0, 0, 2909, 40960, 54.86, 37
2026/02/19 04:06:02.482, 6, 0, 0, 2909, 40960, 60.12, 40
2026/02/19 04:06:02.488, 7, 0, 0, 2907, 40960, 56.83, 39
2026/02/19 04:06:03.493, 0, 0, 0, 3061, 40960, 59.58, 42
2026/02/19 04:06:03.499, 1, 0, 0, 2909, 40960, 62.33, 39
2026/02/19 04:06:03.504, 2, 0, 0, 2909, 40960, 55.66, 38
2026/02/19 04:06:03.511, 3, 0, 0, 2907, 40960, 57.00, 37
2026/02/19 04:06:03.515, 4, 0, 0, 2907, 40960, 58.10, 38
2026/02/19 04:06:03.520, 5, 0, 0, 2909, 40960, 54.86, 37
2026/02/19 04:06:03.524, 6, 0, 0, 2909, 40960, 60.12, 40
2026/02/19 04:06:03.530, 7, 0, 0, 2907, 40960, 56.83, 39
2026/02/19 04:06:04.535, 0, 0, 0, 3061, 40960, 59.58, 42
2026/02/19 04:06:04.541, 1, 0, 0, 2909, 40960, 62.33, 39
2026/02/19 04:06:04.547, 2, 0, 0, 2909, 40960, 55.66, 38
2026/02/19 04:06:04.553, 3, 0, 0, 2907, 40960, 57.00, 37
2026/02/19 04:06:04.558, 4, 0, 0, 2907, 40960, 58.17, 38
2026/02/19 04:06:04.563, 5, 0, 0, 2909, 40960, 54.86, 37
2026/02/19 04:06:04.569, 6, 0, 0, 2909, 40960, 60.12, 40
2026/02/19 04:06:04.575, 7, 0, 0, 2907, 40960, 56.83, 39
2026/02/19 04:06:05.579, 0, 0, 0, 3061, 40960, 59.58, 42
2026/02/19 04:06:05.584, 1, 0, 0, 2909, 40960, 62.33, 39
2026/02/19 04:06:05.591, 2, 0, 0, 2909, 40960, 55.66, 38
2026/02/19 04:06:05.596, 3, 0, 0, 2907, 40960, 57.00, 37
2026/02/19 04:06:05.602, 4, 0, 0, 2907, 40960, 58.17, 38
2026/02/19 04:06:05.607, 5, 0, 0, 2909, 40960, 54.86, 37
2026/02/19 04:06:05.612, 6, 0, 0, 2909, 40960, 60.12, 40
2026/02/19 04:06:05.618, 7, 0, 0, 2907, 40960, 56.83, 39
2026/02/19 04:06:06.622, 0, 0, 0, 3061, 40960, 59.58, 42
2026/02/19 04:06:06.628, 1, 0, 0, 2909, 40960, 62.33, 39
2026/02/19 04:06:06.633, 2, 0, 0, 2909, 40960, 55.66, 38
2026/02/19 04:06:06.639, 3, 0, 0, 2907, 40960, 57.00, 37
2026/02/19 04:06:06.645, 4, 0, 0, 2907, 40960, 58.10, 38
2026/02/19 04:06:06.650, 5, 0, 0, 2909, 40960, 54.86, 37
2026/02/19 04:06:06.656, 6, 0, 0, 2909, 40960, 60.12, 40
2026/02/19 04:06:06.662, 7, 0, 0, 2907, 40960, 56.83, 39
2026/02/19 04:06:07.666, 0, 0, 0, 3061, 40960, 59.33, 42
2026/02/19 04:06:07.670, 1, 0, 0, 2909, 40960, 62.33, 39
2026/02/19 04:06:07.674, 2, 0, 0, 2909, 40960, 55.66, 38
2026/02/19 04:06:07.678, 3, 0, 0, 2907, 40960, 57.00, 37
2026/02/19 04:06:07.682, 4, 0, 0, 2907, 40960, 58.47, 38
2026/02/19 04:06:07.688, 5, 0, 0, 2909, 40960, 54.86, 37
2026/02/19 04:06:07.692, 6, 0, 0, 2909, 40960, 60.38, 40
2026/02/19 04:06:07.696, 7, 0, 0, 2907, 40960, 56.83, 39
2026/02/19 04:06:08.702, 0, 0, 0, 3061, 40960, 59.33, 42
2026/02/19 04:06:08.708, 1, 0, 0, 2909, 40960, 62.33, 39
2026/02/19 04:06:08.714, 2, 0, 0, 2909, 40960, 55.66, 38
2026/02/19 04:06:08.721, 3, 0, 0, 2907, 40960, 56.70, 37
2026/02/19 04:06:08.726, 4, 0, 0, 2907, 40960, 58.10, 38
2026/02/19 04:06:08.733, 5, 0, 0, 2909, 40960, 54.86, 37
2026/02/19 04:06:08.737, 6, 0, 0, 2909, 40960, 60.12, 40
2026/02/19 04:06:08.743, 7, 0, 0, 2907, 40960, 56.83, 39
2026/02/19 04:06:09.749, 0, 0, 0, 3061, 40960, 59.33, 42
2026/02/19 04:06:09.754, 1, 0, 0, 2909, 40960, 62.33, 39
2026/02/19 04:06:09.760, 2, 0, 0, 2909, 40960, 55.66, 38
2026/02/19 04:06:09.765, 3, 0, 0, 2907, 40960, 56.70, 37
2026/02/19 04:06:09.770, 4, 0, 0, 2907, 40960, 58.17, 38
2026/02/19 04:06:09.776, 5, 0, 0, 2909, 40960, 54.86, 37
2026/02/19 04:06:09.781, 6, 0, 0, 2909, 40960, 60.12, 40
2026/02/19 04:06:09.786, 7, 0, 0, 2907, 40960, 56.83, 39
2026/02/19 04:06:10.793, 0, 0, 0, 3061, 40960, 59.33, 42
2026/02/19 04:06:10.799, 1, 0, 0, 2909, 40960, 62.33, 39
2026/02/19 04:06:10.802, 2, 0, 0, 2909, 40960, 55.37, 38
2026/02/19 04:06:10.808, 3, 0, 0, 2907, 40960, 56.70, 37
2026/02/19 04:06:10.813, 4, 0, 0, 2907, 40960, 58.17, 38
2026/02/19 04:06:10.819, 5, 0, 0, 2909, 40960, 54.86, 37
2026/02/19 04:06:10.823, 6, 0, 0, 2909, 40960, 60.12, 40
2026/02/19 04:06:10.828, 7, 0, 0, 2907, 40960, 56.83, 39
2026/02/19 04:06:11.834, 0, 0, 0, 3061, 40960, 59.33, 42
2026/02/19 04:06:11.839, 1, 0, 0, 2909, 40960, 62.33, 39
2026/02/19 04:06:11.846, 2, 0, 0, 2909, 40960, 55.37, 38
2026/02/19 04:06:11.851, 3, 0, 0, 2907, 40960, 56.70, 37
2026/02/19 04:06:11.857, 4, 0, 0, 2907, 40960, 58.10, 38
2026/02/19 04:06:11.863, 5, 0, 0, 2909, 40960, 54.86, 37
2026/02/19 04:06:11.867, 6, 0, 0, 2909, 40960, 60.12, 40
2026/02/19 04:06:11.872, 7, 0, 0, 2907, 40960, 56.83, 39
2026/02/19 04:06:12.878, 0, 0, 0, 3061, 40960, 59.33, 42
2026/02/19 04:06:12.882, 1, 0, 0, 2909, 40960, 62.08, 39
2026/02/19 04:06:12.886, 2, 0, 0, 2909, 40960, 55.66, 38
2026/02/19 04:06:12.890, 3, 0, 0, 2907, 40960, 56.70, 37
2026/02/19 04:06:12.896, 4, 0, 0, 2907, 40960, 58.10, 38
2026/02/19 04:06:12.900, 5, 0, 0, 2909, 40960, 54.86, 37
2026/02/19 04:06:12.904, 6, 0, 0, 2909, 40960, 60.12, 40
2026/02/19 04:06:12.908, 7, 0, 0, 2907, 40960, 56.83, 39
2026/02/19 04:06:13.913, 0, 0, 0, 3061, 40960, 59.33, 42
2026/02/19 04:06:13.917, 1, 0, 0, 2909, 40960, 62.08, 39
2026/02/19 04:06:13.923, 2, 0, 0, 2909, 40960, 55.37, 38
2026/02/19 04:06:13.928, 3, 0, 0, 2907, 40960, 56.70, 37
2026/02/19 04:06:13.933, 4, 0, 0, 2907, 40960, 58.17, 38
2026/02/19 04:06:13.940, 5, 0, 0, 2909, 40960, 54.86, 37
2026/02/19 04:06:13.944, 6, 0, 0, 2909, 40960, 60.12, 40
2026/02/19 04:06:13.948, 7, 0, 0, 2907, 40960, 56.83, 39
2026/02/19 04:06:14.955, 0, 1, 0, 3055, 40960, 59.87, 42
2026/02/19 04:06:14.991, 1, 1, 0, 2903, 40960, 62.33, 39
2026/02/19 04:06:15.016, 2, 1, 0, 2903, 40960, 57.26, 38
2026/02/19 04:06:15.209, 3, 0, 0, 2901, 40960, 57.24, 37
2026/02/19 04:06:15.474, 4, 0, 0, 437, 40960, 59.99, 38
2026/02/19 04:06:15.478, 5, 0, 0, 437, 40960, 56.45, 37
2026/02/19 04:06:15.656, 6, 2, 0, 303, 40960, 63.06, 40
2026/02/19 04:06:15.661, 7, 43, 1, 437, 40960, 59.51, 39
2026/02/19 04:06:16.666, 0, 0, 0, 0, 40960, 60.67, 42
2026/02/19 04:06:16.671, 1, 0, 0, 0, 40960, 67.41, 39
2026/02/19 04:06:16.676, 2, 0, 0, 0, 40960, 57.44, 38
2026/02/19 04:06:16.680, 3, 0, 0, 0, 40960, 68.99, 38
2026/02/19 04:06:16.685, 4, 0, 0, 0, 40960, 60.53, 38
2026/02/19 04:06:16.689, 5, 0, 0, 0, 40960, 58.58, 37
2026/02/19 04:06:16.693, 6, 0, 0, 0, 40960, 62.51, 40
2026/02/19 04:06:16.699, 7, 0, 0, 0, 40960, 58.97, 39
2026/02/19 04:06:17.703, 0, 0, 0, 0, 40960, 54.75, 41
2026/02/19 04:06:17.710, 1, 0, 0, 0, 40960, 56.71, 39
2026/02/19 04:06:17.715, 2, 0, 0, 0, 40960, 50.28, 38
2026/02/19 04:06:17.720, 3, 0, 0, 0, 40960, 68.99, 38
2026/02/19 04:06:17.725, 4, 0, 0, 0, 40960, 53.10, 38
2026/02/19 04:06:17.731, 5, 0, 0, 0, 40960, 50.11, 37
2026/02/19 04:06:17.736, 6, 0, 0, 0, 40960, 55.05, 40
2026/02/19 04:06:17.743, 7, 0, 0, 0, 40960, 51.82, 39
2026/02/19 04:06:18.751, 0, 0, 0, 0, 40960, 54.51, 41
2026/02/19 04:06:18.756, 1, 0, 0, 0, 40960, 56.52, 38
2026/02/19 04:06:18.761, 2, 0, 0, 0, 40960, 50.28, 38
2026/02/19 04:06:18.769, 3, 0, 0, 0, 40960, 51.65, 37
2026/02/19 04:06:18.776, 4, 0, 0, 0, 40960, 53.10, 38
2026/02/19 04:06:18.781, 5, 0, 0, 0, 40960, 50.05, 37
2026/02/19 04:06:18.786, 6, 0, 0, 0, 40960, 54.75, 40
2026/02/19 04:06:18.792, 7, 0, 0, 0, 40960, 51.57, 39
2026/02/19 04:06:19.799, 0, 0, 0, 0, 40960, 54.51, 41
2026/02/19 04:06:19.805, 1, 0, 0, 0, 40960, 56.78, 38
2026/02/19 04:06:19.812, 2, 0, 0, 0, 40960, 50.28, 38
2026/02/19 04:06:19.819, 3, 0, 0, 0, 40960, 51.65, 37
2026/02/19 04:06:19.827, 4, 0, 0, 0, 40960, 53.10, 38
2026/02/19 04:06:19.834, 5, 0, 0, 0, 40960, 50.11, 36
2026/02/19 04:06:19.839, 6, 0, 0, 0, 40960, 54.75, 40
2026/02/19 04:06:19.845, 7, 0, 0, 0, 40960, 51.57, 39
2026/02/19 04:06:20.853, 0, 0, 0, 0, 40960, 54.51, 41
2026/02/19 04:06:20.862, 1, 0, 0, 0, 40960, 56.52, 38
2026/02/19 04:06:20.870, 2, 0, 0, 0, 40960, 50.28, 38
2026/02/19 04:06:20.877, 3, 0, 0, 0, 40960, 51.65, 37
2026/02/19 04:06:20.885, 4, 0, 0, 0, 40960, 53.10, 38
2026/02/19 04:06:20.892, 5, 0, 0, 0, 40960, 49.87, 36
2026/02/19 04:06:20.899, 6, 0, 0, 0, 40960, 54.75, 40
2026/02/19 04:06:20.906, 7, 0, 0, 0, 40960, 51.57, 39
2026/02/19 04:06:21.914, 0, 0, 0, 0, 40960, 54.51, 41
2026/02/19 04:06:21.920, 1, 0, 0, 0, 40960, 56.52, 38
2026/02/19 04:06:21.927, 2, 0, 0, 0, 40960, 50.28, 38
2026/02/19 04:06:21.935, 3, 0, 0, 0, 40960, 51.65, 37
2026/02/19 04:06:21.942, 4, 0, 0, 0, 40960, 53.10, 38
2026/02/19 04:06:21.949, 5, 0, 0, 0, 40960, 50.11, 36
2026/02/19 04:06:21.954, 6, 0, 0, 0, 40960, 54.75, 40
2026/02/19 04:06:21.960, 7, 0, 0, 0, 40960, 51.57, 39
2026/02/19 04:06:22.968, 0, 0, 0, 0, 40960, 54.51, 41
2026/02/19 04:06:22.981, 1, 0, 0, 0, 40960, 56.46, 38
2026/02/19 04:06:22.987, 2, 0, 0, 0, 40960, 50.28, 38
2026/02/19 04:06:22.992, 3, 0, 0, 0, 40960, 51.65, 37
2026/02/19 04:06:22.997, 4, 0, 0, 0, 40960, 53.10, 38
2026/02/19 04:06:23.004, 5, 0, 0, 0, 40960, 50.11, 36
2026/02/19 04:06:23.011, 6, 0, 0, 0, 40960, 54.75, 40
2026/02/19 04:06:23.016, 7, 0, 0, 0, 40960, 51.57, 39
2026/02/19 04:06:24.024, 0, 0, 0, 0, 40960, 54.51, 41
2026/02/19 04:06:24.029, 1, 0, 0, 0, 40960, 56.52, 38
2026/02/19 04:06:24.034, 2, 0, 0, 0, 40960, 50.28, 38
2026/02/19 04:06:24.042, 3, 0, 0, 0, 40960, 51.65, 37
2026/02/19 04:06:24.050, 4, 0, 0, 0, 40960, 53.10, 38
2026/02/19 04:06:24.057, 5, 0, 0, 0, 40960, 50.11, 36
2026/02/19 04:06:24.062, 6, 0, 0, 0, 40960, 54.75, 40
2026/02/19 04:06:24.068, 7, 0, 0, 0, 40960, 51.57, 39
2026/02/19 04:06:25.075, 0, 0, 0, 0, 40960, 54.51, 41
2026/02/19 04:06:25.080, 1, 0, 0, 0, 40960, 56.52, 38
2026/02/19 04:06:25.088, 2, 0, 0, 0, 40960, 50.28, 38
2026/02/19 04:06:25.095, 3, 0, 0, 0, 40960, 51.65, 37
2026/02/19 04:06:25.104, 4, 0, 0, 0, 40960, 53.10, 38
2026/02/19 04:06:25.111, 5, 0, 0, 0, 40960, 49.87, 36
2026/02/19 04:06:25.119, 6, 0, 0, 0, 40960, 54.75, 40
2026/02/19 04:06:25.124, 7, 0, 0, 0, 40960, 51.57, 39
2026/02/19 04:06:26.132, 0, 0, 0, 0, 40960, 54.51, 41
2026/02/19 04:06:26.138, 1, 0, 0, 0, 40960, 56.52, 38
2026/02/19 04:06:26.146, 2, 0, 0, 0, 40960, 50.54, 38
2026/02/19 04:06:26.153, 3, 0, 0, 0, 40960, 51.65, 37
2026/02/19 04:06:26.161, 4, 0, 0, 0, 40960, 53.10, 38
2026/02/19 04:06:26.168, 5, 0, 0, 0, 40960, 50.11, 36
2026/02/19 04:06:26.174, 6, 0, 0, 0, 40960, 54.75, 40
2026/02/19 04:06:26.180, 7, 0, 0, 0, 40960, 51.57, 39
2026/02/19 04:06:27.187, 0, 0, 0, 0, 40960, 54.51, 41
2026/02/19 04:06:27.192, 1, 0, 0, 0, 40960, 56.52, 38
2026/02/19 04:06:27.200, 2, 0, 0, 0, 40960, 50.28, 38
2026/02/19 04:06:27.208, 3, 0, 0, 0, 40960, 51.65, 37
2026/02/19 04:06:27.217, 4, 0, 0, 0, 40960, 53.10, 38
2026/02/19 04:06:27.224, 5, 0, 0, 0, 40960, 50.11, 36
2026/02/19 04:06:27.229, 6, 0, 0, 0, 40960, 54.75, 40
2026/02/19 04:06:27.234, 7, 0, 0, 0, 40960, 51.57, 39
2026/02/19 04:06:28.242, 0, 0, 0, 0, 40960, 54.51, 41
2026/02/19 04:06:28.247, 1, 0, 0, 0, 40960, 56.46, 38
2026/02/19 04:06:28.255, 2, 0, 0, 0, 40960, 50.28, 38
2026/02/19 04:06:28.260, 3, 0, 0, 0, 40960, 51.65, 37
2026/02/19 04:06:28.265, 4, 0, 0, 0, 40960, 53.10, 38
2026/02/19 04:06:28.273, 5, 0, 0, 0, 40960, 50.11, 36
2026/02/19 04:06:28.278, 6, 0, 0, 0, 40960, 54.75, 40
2026/02/19 04:06:28.285, 7, 0, 0, 0, 40960, 51.57, 39
2026/02/19 04:06:29.293, 0, 0, 0, 0, 40960, 54.51, 41
2026/02/19 04:06:29.298, 1, 0, 0, 0, 40960, 56.46, 38
2026/02/19 04:06:29.307, 2, 0, 0, 0, 40960, 50.28, 38
2026/02/19 04:06:29.315, 3, 0, 0, 0, 40960, 51.65, 37
2026/02/19 04:06:29.322, 4, 0, 0, 0, 40960, 53.10, 38
2026/02/19 04:06:29.330, 5, 0, 0, 0, 40960, 50.11, 36
2026/02/19 04:06:29.335, 6, 0, 0, 0, 40960, 54.75, 40
2026/02/19 04:06:29.340, 7, 0, 0, 0, 40960, 51.57, 39
2026/02/19 04:06:30.347, 0, 0, 0, 0, 40960, 54.51, 41
2026/02/19 04:06:30.357, 1, 0, 0, 0, 40960, 56.52, 38
2026/02/19 04:06:30.364, 2, 0, 0, 0, 40960, 50.28, 38
2026/02/19 04:06:30.372, 3, 0, 0, 0, 40960, 51.65, 37
2026/02/19 04:06:30.381, 4, 0, 0, 0, 40960, 53.10, 38
2026/02/19 04:06:30.391, 5, 0, 0, 0, 40960, 50.11, 36
2026/02/19 04:06:30.397, 6, 0, 0, 0, 40960, 54.75, 40
2026/02/19 04:06:30.405, 7, 0, 0, 0, 40960, 51.57, 39
